<?xml version="1.0" encoding="UTF-8"?>
<testsuite name="Sanity limpieza y aprovisionamiento de recursos" tests="14" skipped="0" failures="8" errors="0" timestamp="2022-04-27T18:22:31" hostname="22LAP5CD1195RQX" time="953.799">
  <properties/>
  <testcase name="se quiere ingresar a la plataforma epos" classname="Sanity limpieza y aprovisionamiento de recursos" time="65.883"/>
  <testcase name="realizar el cargue de inventario" classname="Sanity limpieza y aprovisionamiento de recursos" time="51.264">
    <failure message="org.openqa.selenium.ElementNotVisibleException: Timed out after 25 seconds. Element not available&#10;Build info: version: '3.141.59', revision: 'e82be7d358', time: '2018-11-14T08:17:03'&#10;System info: host: '22LAP5CD1195RQX', ip: '192.168.10.29', os.name: 'Windows 10', os.arch: 'amd64', os.version: '10.0', java.version: '1.8.0_291'&#10;Driver info: driver.version: unknown" type="org.openqa.selenium.ElementNotVisibleException">org.openqa.selenium.ElementNotVisibleException: Timed out after 25 seconds. Element not available
Build info: version: '3.141.59', revision: 'e82be7d358', time: '2018-11-14T08:17:03'
System info: host: '22LAP5CD1195RQX', ip: '192.168.10.29', os.name: 'Windows 10', os.arch: 'amd64', os.version: '10.0', java.version: '1.8.0_291'
Driver info: driver.version: unknown
	at net.thucydides.core.annotations.locators.SmartAjaxElementLocator.ajaxFindElement(SmartAjaxElementLocator.java:163)
	at net.thucydides.core.annotations.locators.SmartAjaxElementLocator.findElement(SmartAjaxElementLocator.java:118)
	at net.serenitybdd.core.pages.WebElementResolverByElementLocator.resolveForDriver(WebElementResolverByElementLocator.java:30)
	at net.serenitybdd.core.pages.WebElementFacadeImpl.getElement(WebElementFacadeImpl.java:221)
	at net.serenitybdd.core.pages.WebElementFacadeImpl.click(WebElementFacadeImpl.java:1231)
	at sun.reflect.GeneratedMethodAccessor69.invoke(Unknown Source)
	at sun.reflect.DelegatingMethodAccessorImpl.invoke(DelegatingMethodAccessorImpl.java:43)
	at java.lang.reflect.Method.invoke(Method.java:498)
	at net.thucydides.core.annotations.locators.AbstractSingleItemHandler.invoke(AbstractSingleItemHandler.java:45)
	at com.sun.proxy.$Proxy27.click(Unknown Source)
	at com.indra.actions.InventoryAllocationActions.bulkLoad(InventoryAllocationActions.java:78)
	at com.indra.actions.InventoryAllocationActions.loadInventory(InventoryAllocationActions.java:37)
	at com.indra.steps_definitions.SanitySteps.seIngresaACargueDeInventario(SanitySteps.java:76)
	at ✽.Se ingresa a cargue de inventario(src/test/resources/features/execute.feature:17)
</failure>
  </testcase>
  <testcase name="realizar la confirmacion de inventario" classname="Sanity limpieza y aprovisionamiento de recursos" time="21.267"/>
  <testcase name="se requiere realizar una activacion de una linea en prepago" classname="Sanity limpieza y aprovisionamiento de recursos" time="68.984"/>
  <testcase name="se requiere realizar una activacion de una linea en control nintendo" classname="Sanity limpieza y aprovisionamiento de recursos" time="92.147"/>
  <testcase name="se requiere realizar cambio de linea de Pre a Pos" classname="Sanity limpieza y aprovisionamiento de recursos" time="59.478"/>
  <testcase name="se requiere realizar cambio de linea de Pos a Pre" classname="Sanity limpieza y aprovisionamiento de recursos" time="112.17">
    <failure message="net.thucydides.core.webdriver.exceptions.ElementShouldBePresentException: Expected condition failed: waiting for CesionPortalCRMPage.mensajes to be present (tried for 22 second(s) with 100 milliseconds interval)&#10;Build info: version: '3.141.59', revision: 'e82be7d358', time: '2018-11-14T08:17:03'&#10;System info: host: '22LAP5CD1195RQX', ip: '192.168.10.29', os.name: 'Windows 10', os.arch: 'amd64', os.version: '10.0', java.version: '1.8.0_291'&#10;Driver info: driver.version: unknown" type="net.thucydides.core.webdriver.exceptions.ElementShouldBePresentException">net.thucydides.core.webdriver.exceptions.ElementShouldBePresentException: Expected condition failed: waiting for CesionPortalCRMPage.mensajes to be present (tried for 22 second(s) with 100 milliseconds interval)
Build info: version: '3.141.59', revision: 'e82be7d358', time: '2018-11-14T08:17:03'
System info: host: '22LAP5CD1195RQX', ip: '192.168.10.29', os.name: 'Windows 10', os.arch: 'amd64', os.version: '10.0', java.version: '1.8.0_291'
Driver info: driver.version: unknown
	at net.serenitybdd.core.pages.WebElementFacadeImpl.throwShouldBePresentErrorWithCauseIfPresent(WebElementFacadeImpl.java:1061)
	at net.serenitybdd.core.pages.WebElementFacadeImpl.waitUntilPresent(WebElementFacadeImpl.java:1034)
	at sun.reflect.NativeMethodAccessorImpl.invoke0(Native Method)
	at sun.reflect.NativeMethodAccessorImpl.invoke(NativeMethodAccessorImpl.java:62)
	at sun.reflect.DelegatingMethodAccessorImpl.invoke(DelegatingMethodAccessorImpl.java:43)
	at java.lang.reflect.Method.invoke(Method.java:498)
	at net.thucydides.core.annotations.locators.AbstractSingleItemHandler.invoke(AbstractSingleItemHandler.java:45)
	at com.sun.proxy.$Proxy27.waitUntilPresent(Unknown Source)
	at com.indra.actions.CesionPortalPosCRMActions.executeContractAssignment(CesionPortalPosCRMActions.java:61)
	at com.indra.steps_definitions.SanitySteps.seHaceLaCesionDeContratoDeUnaLineaPosAPre(SanitySteps.java:153)
	at ✽.Se hace la cesion de contrato de una linea pos a pre(src/test/resources/features/execute.feature:46)
Caused by: org.openqa.selenium.TimeoutException: Expected condition failed: waiting for CesionPortalCRMPage.mensajes to be present (tried for 22 second(s) with 100 milliseconds interval)
Build info: version: '3.141.59', revision: 'e82be7d358', time: '2018-11-14T08:17:03'
System info: host: '22LAP5CD1195RQX', ip: '192.168.10.29', os.name: 'Windows 10', os.arch: 'amd64', os.version: '10.0', java.version: '1.8.0_291'
Driver info: driver.version: unknown
	at org.openqa.selenium.support.ui.FluentWait.timeoutException(FluentWait.java:304)
	at org.openqa.selenium.support.ui.FluentWait.until(FluentWait.java:272)
	at net.serenitybdd.core.pages.WebElementFacadeImpl.waitUntilPresent(WebElementFacadeImpl.java:1031)
	at sun.reflect.NativeMethodAccessorImpl.invoke0(Native Method)
	at sun.reflect.NativeMethodAccessorImpl.invoke(NativeMethodAccessorImpl.java:62)
	at sun.reflect.DelegatingMethodAccessorImpl.invoke(DelegatingMethodAccessorImpl.java:43)
	at java.lang.reflect.Method.invoke(Method.java:498)
	at net.thucydides.core.annotations.locators.AbstractSingleItemHandler.invoke(AbstractSingleItemHandler.java:45)
	at com.sun.proxy.$Proxy27.waitUntilPresent(Unknown Source)
	at com.indra.actions.CesionPortalPosCRMActions.executeContractAssignment(CesionPortalPosCRMActions.java:61)
	at com.indra.steps_definitions.SanitySteps.seHaceLaCesionDeContratoDeUnaLineaPosAPre(SanitySteps.java:153)
	at sun.reflect.NativeMethodAccessorImpl.invoke0(Native Method)
	at sun.reflect.NativeMethodAccessorImpl.invoke(NativeMethodAccessorImpl.java:62)
	at sun.reflect.DelegatingMethodAccessorImpl.invoke(DelegatingMethodAccessorImpl.java:43)
	at java.lang.reflect.Method.invoke(Method.java:498)
	at cucumber.runtime.Utils$1.call(Utils.java:31)
	at cucumber.runtime.Timeout.timeout(Timeout.java:16)
	at cucumber.runtime.Utils.invoke(Utils.java:25)
	at cucumber.runtime.java.JavaStepDefinition.execute(JavaStepDefinition.java:37)
	at cucumber.runtime.StepDefinitionMatch.runStep(StepDefinitionMatch.java:40)
	at cucumber.api.TestStep.executeStep(TestStep.java:102)
	at cucumber.api.TestStep.run(TestStep.java:83)
	at cucumber.api.TestCase.run(TestCase.java:58)
	at cucumber.runner.Runner.runPickle(Runner.java:80)
	at cucumber.runtime.junit.PickleRunners$NoStepDescriptions.run(PickleRunners.java:140)
	at cucumber.runtime.junit.FeatureRunner.runChild(FeatureRunner.java:68)
	at cucumber.runtime.junit.FeatureRunner.runChild(FeatureRunner.java:23)
	at org.junit.runners.ParentRunner$4.run(ParentRunner.java:331)
	at org.junit.runners.ParentRunner$1.schedule(ParentRunner.java:79)
	at org.junit.runners.ParentRunner.runChildren(ParentRunner.java:329)
	at org.junit.runners.ParentRunner.access$100(ParentRunner.java:66)
	at org.junit.runners.ParentRunner$2.evaluate(ParentRunner.java:293)
	at org.junit.runners.ParentRunner$3.evaluate(ParentRunner.java:306)
	at org.junit.runners.ParentRunner.run(ParentRunner.java:413)
	at cucumber.runtime.junit.FeatureRunner.run(FeatureRunner.java:73)
	at cucumber.api.junit.Cucumber.runChild(Cucumber.java:118)
	at cucumber.api.junit.Cucumber.runChild(Cucumber.java:56)
	at org.junit.runners.ParentRunner$4.run(ParentRunner.java:331)
	at org.junit.runners.ParentRunner$1.schedule(ParentRunner.java:79)
	at org.junit.runners.ParentRunner.runChildren(ParentRunner.java:329)
	at org.junit.runners.ParentRunner.access$100(ParentRunner.java:66)
	at org.junit.runners.ParentRunner$2.evaluate(ParentRunner.java:293)
	at cucumber.api.junit.Cucumber$1.evaluate(Cucumber.java:127)
	at org.junit.runners.ParentRunner$3.evaluate(ParentRunner.java:306)
	at org.junit.runners.ParentRunner.run(ParentRunner.java:413)
	at org.gradle.api.internal.tasks.testing.junit.JUnitTestClassExecutor.runTestClass(JUnitTestClassExecutor.java:110)
	at org.gradle.api.internal.tasks.testing.junit.JUnitTestClassExecutor.execute(JUnitTestClassExecutor.java:58)
	at org.gradle.api.internal.tasks.testing.junit.JUnitTestClassExecutor.execute(JUnitTestClassExecutor.java:38)
	at org.gradle.api.internal.tasks.testing.junit.AbstractJUnitTestClassProcessor.processTestClass(AbstractJUnitTestClassProcessor.java:62)
	at org.gradle.api.internal.tasks.testing.SuiteTestClassProcessor.processTestClass(SuiteTestClassProcessor.java:51)
	at sun.reflect.NativeMethodAccessorImpl.invoke0(Native Method)
	at sun.reflect.NativeMethodAccessorImpl.invoke(NativeMethodAccessorImpl.java:62)
	at sun.reflect.DelegatingMethodAccessorImpl.invoke(DelegatingMethodAccessorImpl.java:43)
	at java.lang.reflect.Method.invoke(Method.java:498)
	at org.gradle.internal.dispatch.ReflectionDispatch.dispatch(ReflectionDispatch.java:36)
	at org.gradle.internal.dispatch.ReflectionDispatch.dispatch(ReflectionDispatch.java:24)
	at org.gradle.internal.dispatch.ContextClassLoaderDispatch.dispatch(ContextClassLoaderDispatch.java:33)
	at org.gradle.internal.dispatch.ProxyDispatchAdapter$DispatchingInvocationHandler.invoke(ProxyDispatchAdapter.java:94)
	at com.sun.proxy.$Proxy2.processTestClass(Unknown Source)
	at org.gradle.api.internal.tasks.testing.worker.TestWorker.processTestClass(TestWorker.java:121)
	at sun.reflect.NativeMethodAccessorImpl.invoke0(Native Method)
	at sun.reflect.NativeMethodAccessorImpl.invoke(NativeMethodAccessorImpl.java:62)
	at sun.reflect.DelegatingMethodAccessorImpl.invoke(DelegatingMethodAccessorImpl.java:43)
	at java.lang.reflect.Method.invoke(Method.java:498)
	at org.gradle.internal.dispatch.ReflectionDispatch.dispatch(ReflectionDispatch.java:36)
	at org.gradle.internal.dispatch.ReflectionDispatch.dispatch(ReflectionDispatch.java:24)
	at org.gradle.internal.remote.internal.hub.MessageHubBackedObjectConnection$DispatchWrapper.dispatch(MessageHubBackedObjectConnection.java:182)
	at org.gradle.internal.remote.internal.hub.MessageHubBackedObjectConnection$DispatchWrapper.dispatch(MessageHubBackedObjectConnection.java:164)
	at org.gradle.internal.remote.internal.hub.MessageHub$Handler.run(MessageHub.java:414)
	at org.gradle.internal.concurrent.ExecutorPolicy$CatchAndRecordFailures.onExecute(ExecutorPolicy.java:64)
	at org.gradle.internal.concurrent.ManagedExecutorImpl$1.run(ManagedExecutorImpl.java:48)
	at java.util.concurrent.ThreadPoolExecutor.runWorker(ThreadPoolExecutor.java:1149)
	at java.util.concurrent.ThreadPoolExecutor$Worker.run(ThreadPoolExecutor.java:624)
	at org.gradle.internal.concurrent.ThreadFactoryImpl$ManagedThreadRunnable.run(ThreadFactoryImpl.java:56)
	at java.lang.Thread.run(Thread.java:748)
</failure>
  </testcase>
  <testcase name="se requiere realizar una activacion de una linea en control avenger" classname="Sanity limpieza y aprovisionamiento de recursos" time="86.852">
    <failure message="java.lang.AssertionError: La activacion fue exitosa&#10;Expected: &quot;ACTIVACION EXITOSA&quot;&#10;     but: was &quot;Ha ocurrido un error&quot;" type="java.lang.AssertionError">java.lang.AssertionError: La activacion fue exitosa
Expected: &quot;ACTIVACION EXITOSA&quot;
     but: was &quot;Ha ocurrido un error&quot;
	at org.hamcrest.MatcherAssert.assertThat(MatcherAssert.java:20)
	at com.indra.actions.AvangerActivationActions.demographicInformation(AvangerActivationActions.java:88)
	at com.indra.steps_definitions.SanitySteps.seHaceActivacionDeUnaLineaAvanger(SanitySteps.java:169)
	at ✽.Se hace activacion de una linea avanger(src/test/resources/features/execute.feature:52)
</failure>
  </testcase>
  <testcase name="se requiere realizar un cambio de plan pos a pre" classname="Sanity limpieza y aprovisionamiento de recursos" time="48.58">
    <failure message="java.lang.AssertionError: el plan es prepago&#10;Expected: a string containing &quot;Plan Tigo Prepago&quot;&#10;     but: was &quot;Pospago 5.1 Empresarial&quot;" type="java.lang.AssertionError">java.lang.AssertionError: el plan es prepago
Expected: a string containing &quot;Plan Tigo Prepago&quot;
     but: was &quot;Pospago 5.1 Empresarial&quot;
	at org.hamcrest.MatcherAssert.assertThat(MatcherAssert.java:20)
	at com.indra.actions.PrepaidActivationActions.consultSingleScreen(PrepaidActivationActions.java:90)
	at com.indra.steps_definitions.SanitySteps.seDeberiaVerEnPantallaUnicaLaLineaEnPlanPos(SanitySteps.java:187)
	at ✽.Se deberia ver en pantalla unica la linea en plan pos(src/test/resources/features/execute.feature:59)
</failure>
  </testcase>
  <testcase name="se requiere realizar un cambio de plan pre a pos" classname="Sanity limpieza y aprovisionamiento de recursos" time="80.984">
    <failure message="org.openqa.selenium.ElementClickInterceptedException: Element &lt;input name=&quot;PlanschangeForm:j_id230&quot; type=&quot;submit&quot;&gt; is not clickable at point (722,185) because another element &lt;div id=&quot;ajaxLoadingModalBoxDiv&quot; class=&quot;rich-mpnl-mask-div-opaque rich-mpnl-mask-div&quot;&gt; obscures it&#10;Build info: version: '3.141.59', revision: 'e82be7d358', time: '2018-11-14T08:17:03'&#10;System info: host: '22LAP5CD1195RQX', ip: '192.168.10.29', os.name: 'Windows 10', os.arch: 'amd64', os.version: '10.0', java.version: '1.8.0_291'&#10;Driver info: org.openqa.selenium.firefox.FirefoxDriver&#10;Capabilities {acceptInsecureCerts: true, browserName: firefox, browserVersion: 72.0.2, javascriptEnabled: true, moz:accessibilityChecks: false, moz:buildID: 20200117190643, moz:geckodriverVersion: 0.29.0, moz:headless: false, moz:processID: 24792, moz:profile: C:\Users\nriosa\AppData\Loc..., moz:shutdownTimeout: 60000, moz:useNonSpecCompliantPointerOrigin: false, moz:webdriverClick: true, pageLoadStrategy: normal, platform: WINDOWS, platformName: WINDOWS, platformVersion: 10.0, rotatable: false, setWindowRect: true, strictFileInteractability: false, timeouts: {implicit: 0, pageLoad: 300000, script: 30000}, unhandledPromptBehavior: dismiss and notify}&#10;Session ID: 00c517b7-3b89-4f0f-af73-53a6ebb50f8e" type="org.openqa.selenium.ElementClickInterceptedException">org.openqa.selenium.ElementClickInterceptedException: Element &lt;input name=&quot;PlanschangeForm:j_id230&quot; type=&quot;submit&quot;&gt; is not clickable at point (722,185) because another element &lt;div id=&quot;ajaxLoadingModalBoxDiv&quot; class=&quot;rich-mpnl-mask-div-opaque rich-mpnl-mask-div&quot;&gt; obscures it
Build info: version: '3.141.59', revision: 'e82be7d358', time: '2018-11-14T08:17:03'
System info: host: '22LAP5CD1195RQX', ip: '192.168.10.29', os.name: 'Windows 10', os.arch: 'amd64', os.version: '10.0', java.version: '1.8.0_291'
Driver info: org.openqa.selenium.firefox.FirefoxDriver
Capabilities {acceptInsecureCerts: true, browserName: firefox, browserVersion: 72.0.2, javascriptEnabled: true, moz:accessibilityChecks: false, moz:buildID: 20200117190643, moz:geckodriverVersion: 0.29.0, moz:headless: false, moz:processID: 24792, moz:profile: C:\Users\nriosa\AppData\Loc..., moz:shutdownTimeout: 60000, moz:useNonSpecCompliantPointerOrigin: false, moz:webdriverClick: true, pageLoadStrategy: normal, platform: WINDOWS, platformName: WINDOWS, platformVersion: 10.0, rotatable: false, setWindowRect: true, strictFileInteractability: false, timeouts: {implicit: 0, pageLoad: 300000, script: 30000}, unhandledPromptBehavior: dismiss and notify}
Session ID: 00c517b7-3b89-4f0f-af73-53a6ebb50f8e
	at sun.reflect.NativeConstructorAccessorImpl.newInstance0(Native Method)
	at sun.reflect.NativeConstructorAccessorImpl.newInstance(NativeConstructorAccessorImpl.java:62)
	at sun.reflect.DelegatingConstructorAccessorImpl.newInstance(DelegatingConstructorAccessorImpl.java:45)
	at java.lang.reflect.Constructor.newInstance(Constructor.java:423)
	at org.openqa.selenium.remote.http.W3CHttpResponseCodec.createException(W3CHttpResponseCodec.java:187)
	at org.openqa.selenium.remote.http.W3CHttpResponseCodec.decode(W3CHttpResponseCodec.java:122)
	at org.openqa.selenium.remote.http.W3CHttpResponseCodec.decode(W3CHttpResponseCodec.java:49)
	at org.openqa.selenium.remote.HttpCommandExecutor.execute(HttpCommandExecutor.java:158)
	at org.openqa.selenium.remote.service.DriverCommandExecutor.execute(DriverCommandExecutor.java:83)
	at org.openqa.selenium.remote.RemoteWebDriver.execute(RemoteWebDriver.java:552)
	at org.openqa.selenium.remote.RemoteWebElement.execute(RemoteWebElement.java:285)
	at org.openqa.selenium.remote.RemoteWebElement.click(RemoteWebElement.java:84)
	at net.serenitybdd.core.pages.WebElementFacadeImpl.click(WebElementFacadeImpl.java:1231)
	at sun.reflect.GeneratedMethodAccessor69.invoke(Unknown Source)
	at sun.reflect.DelegatingMethodAccessorImpl.invoke(DelegatingMethodAccessorImpl.java:43)
	at java.lang.reflect.Method.invoke(Method.java:498)
	at net.thucydides.core.annotations.locators.AbstractSingleItemHandler.invoke(AbstractSingleItemHandler.java:45)
	at com.sun.proxy.$Proxy27.click(Unknown Source)
	at com.indra.actions.CambioPrePosActions.executeContractAssignment(CambioPrePosActions.java:32)
	at com.indra.steps_definitions.SanitySteps.seHaceElCambioPlanDePreAPos(SanitySteps.java:195)
	at ✽.Se hace el cambio plan de pre a pos(src/test/resources/features/execute.feature:64)
</failure>
  </testcase>
  <testcase name="se requiere realizar la suspension de una linea" classname="Sanity limpieza y aprovisionamiento de recursos" time="79.547">
    <failure message="net.thucydides.core.webdriver.exceptions.ElementShouldBePresentException: Expected condition failed: waiting for SuspentionPage.messageOfResults to be present (tried for 22 second(s) with 100 milliseconds interval)&#10;Build info: version: '3.141.59', revision: 'e82be7d358', time: '2018-11-14T08:17:03'&#10;System info: host: '22LAP5CD1195RQX', ip: '192.168.10.29', os.name: 'Windows 10', os.arch: 'amd64', os.version: '10.0', java.version: '1.8.0_291'&#10;Driver info: driver.version: unknown" type="net.thucydides.core.webdriver.exceptions.ElementShouldBePresentException">net.thucydides.core.webdriver.exceptions.ElementShouldBePresentException: Expected condition failed: waiting for SuspentionPage.messageOfResults to be present (tried for 22 second(s) with 100 milliseconds interval)
Build info: version: '3.141.59', revision: 'e82be7d358', time: '2018-11-14T08:17:03'
System info: host: '22LAP5CD1195RQX', ip: '192.168.10.29', os.name: 'Windows 10', os.arch: 'amd64', os.version: '10.0', java.version: '1.8.0_291'
Driver info: driver.version: unknown
	at net.serenitybdd.core.pages.WebElementFacadeImpl.throwShouldBePresentErrorWithCauseIfPresent(WebElementFacadeImpl.java:1061)
	at net.serenitybdd.core.pages.WebElementFacadeImpl.waitUntilPresent(WebElementFacadeImpl.java:1034)
	at sun.reflect.GeneratedMethodAccessor71.invoke(Unknown Source)
	at sun.reflect.DelegatingMethodAccessorImpl.invoke(DelegatingMethodAccessorImpl.java:43)
	at java.lang.reflect.Method.invoke(Method.java:498)
	at net.thucydides.core.annotations.locators.AbstractSingleItemHandler.invoke(AbstractSingleItemHandler.java:45)
	at com.sun.proxy.$Proxy27.waitUntilPresent(Unknown Source)
	at com.indra.actions.SuspentionActions.executeSuspentionOfLine(SuspentionActions.java:38)
	at com.indra.steps_definitions.SanitySteps.seEjecutaLaSuspensionDeLaLinea(SanitySteps.java:210)
	at ✽.Se ejecuta la suspension de la linea(src/test/resources/features/execute.feature:70)
Caused by: org.openqa.selenium.TimeoutException: Expected condition failed: waiting for SuspentionPage.messageOfResults to be present (tried for 22 second(s) with 100 milliseconds interval)
Build info: version: '3.141.59', revision: 'e82be7d358', time: '2018-11-14T08:17:03'
System info: host: '22LAP5CD1195RQX', ip: '192.168.10.29', os.name: 'Windows 10', os.arch: 'amd64', os.version: '10.0', java.version: '1.8.0_291'
Driver info: driver.version: unknown
	at org.openqa.selenium.support.ui.FluentWait.timeoutException(FluentWait.java:304)
	at org.openqa.selenium.support.ui.FluentWait.until(FluentWait.java:272)
	at net.serenitybdd.core.pages.WebElementFacadeImpl.waitUntilPresent(WebElementFacadeImpl.java:1031)
	at sun.reflect.GeneratedMethodAccessor71.invoke(Unknown Source)
	at sun.reflect.DelegatingMethodAccessorImpl.invoke(DelegatingMethodAccessorImpl.java:43)
	at java.lang.reflect.Method.invoke(Method.java:498)
	at net.thucydides.core.annotations.locators.AbstractSingleItemHandler.invoke(AbstractSingleItemHandler.java:45)
	at com.sun.proxy.$Proxy27.waitUntilPresent(Unknown Source)
	at com.indra.actions.SuspentionActions.executeSuspentionOfLine(SuspentionActions.java:38)
	at com.indra.steps_definitions.SanitySteps.seEjecutaLaSuspensionDeLaLinea(SanitySteps.java:210)
	at sun.reflect.NativeMethodAccessorImpl.invoke0(Native Method)
	at sun.reflect.NativeMethodAccessorImpl.invoke(NativeMethodAccessorImpl.java:62)
	at sun.reflect.DelegatingMethodAccessorImpl.invoke(DelegatingMethodAccessorImpl.java:43)
	at java.lang.reflect.Method.invoke(Method.java:498)
	at cucumber.runtime.Utils$1.call(Utils.java:31)
	at cucumber.runtime.Timeout.timeout(Timeout.java:16)
	at cucumber.runtime.Utils.invoke(Utils.java:25)
	at cucumber.runtime.java.JavaStepDefinition.execute(JavaStepDefinition.java:37)
	at cucumber.runtime.StepDefinitionMatch.runStep(StepDefinitionMatch.java:40)
	at cucumber.api.TestStep.executeStep(TestStep.java:102)
	at cucumber.api.TestStep.run(TestStep.java:83)
	at cucumber.api.TestCase.run(TestCase.java:58)
	at cucumber.runner.Runner.runPickle(Runner.java:80)
	at cucumber.runtime.junit.PickleRunners$NoStepDescriptions.run(PickleRunners.java:140)
	at cucumber.runtime.junit.FeatureRunner.runChild(FeatureRunner.java:68)
	at cucumber.runtime.junit.FeatureRunner.runChild(FeatureRunner.java:23)
	at org.junit.runners.ParentRunner$4.run(ParentRunner.java:331)
	at org.junit.runners.ParentRunner$1.schedule(ParentRunner.java:79)
	at org.junit.runners.ParentRunner.runChildren(ParentRunner.java:329)
	at org.junit.runners.ParentRunner.access$100(ParentRunner.java:66)
	at org.junit.runners.ParentRunner$2.evaluate(ParentRunner.java:293)
	at org.junit.runners.ParentRunner$3.evaluate(ParentRunner.java:306)
	at org.junit.runners.ParentRunner.run(ParentRunner.java:413)
	at cucumber.runtime.junit.FeatureRunner.run(FeatureRunner.java:73)
	at cucumber.api.junit.Cucumber.runChild(Cucumber.java:118)
	at cucumber.api.junit.Cucumber.runChild(Cucumber.java:56)
	at org.junit.runners.ParentRunner$4.run(ParentRunner.java:331)
	at org.junit.runners.ParentRunner$1.schedule(ParentRunner.java:79)
	at org.junit.runners.ParentRunner.runChildren(ParentRunner.java:329)
	at org.junit.runners.ParentRunner.access$100(ParentRunner.java:66)
	at org.junit.runners.ParentRunner$2.evaluate(ParentRunner.java:293)
	at cucumber.api.junit.Cucumber$1.evaluate(Cucumber.java:127)
	at org.junit.runners.ParentRunner$3.evaluate(ParentRunner.java:306)
	at org.junit.runners.ParentRunner.run(ParentRunner.java:413)
	at org.gradle.api.internal.tasks.testing.junit.JUnitTestClassExecutor.runTestClass(JUnitTestClassExecutor.java:110)
	at org.gradle.api.internal.tasks.testing.junit.JUnitTestClassExecutor.execute(JUnitTestClassExecutor.java:58)
	at org.gradle.api.internal.tasks.testing.junit.JUnitTestClassExecutor.execute(JUnitTestClassExecutor.java:38)
	at org.gradle.api.internal.tasks.testing.junit.AbstractJUnitTestClassProcessor.processTestClass(AbstractJUnitTestClassProcessor.java:62)
	at org.gradle.api.internal.tasks.testing.SuiteTestClassProcessor.processTestClass(SuiteTestClassProcessor.java:51)
	at sun.reflect.NativeMethodAccessorImpl.invoke0(Native Method)
	at sun.reflect.NativeMethodAccessorImpl.invoke(NativeMethodAccessorImpl.java:62)
	at sun.reflect.DelegatingMethodAccessorImpl.invoke(DelegatingMethodAccessorImpl.java:43)
	at java.lang.reflect.Method.invoke(Method.java:498)
	at org.gradle.internal.dispatch.ReflectionDispatch.dispatch(ReflectionDispatch.java:36)
	at org.gradle.internal.dispatch.ReflectionDispatch.dispatch(ReflectionDispatch.java:24)
	at org.gradle.internal.dispatch.ContextClassLoaderDispatch.dispatch(ContextClassLoaderDispatch.java:33)
	at org.gradle.internal.dispatch.ProxyDispatchAdapter$DispatchingInvocationHandler.invoke(ProxyDispatchAdapter.java:94)
	at com.sun.proxy.$Proxy2.processTestClass(Unknown Source)
	at org.gradle.api.internal.tasks.testing.worker.TestWorker.processTestClass(TestWorker.java:121)
	at sun.reflect.NativeMethodAccessorImpl.invoke0(Native Method)
	at sun.reflect.NativeMethodAccessorImpl.invoke(NativeMethodAccessorImpl.java:62)
	at sun.reflect.DelegatingMethodAccessorImpl.invoke(DelegatingMethodAccessorImpl.java:43)
	at java.lang.reflect.Method.invoke(Method.java:498)
	at org.gradle.internal.dispatch.ReflectionDispatch.dispatch(ReflectionDispatch.java:36)
	at org.gradle.internal.dispatch.ReflectionDispatch.dispatch(ReflectionDispatch.java:24)
	at org.gradle.internal.remote.internal.hub.MessageHubBackedObjectConnection$DispatchWrapper.dispatch(MessageHubBackedObjectConnection.java:182)
	at org.gradle.internal.remote.internal.hub.MessageHubBackedObjectConnection$DispatchWrapper.dispatch(MessageHubBackedObjectConnection.java:164)
	at org.gradle.internal.remote.internal.hub.MessageHub$Handler.run(MessageHub.java:414)
	at org.gradle.internal.concurrent.ExecutorPolicy$CatchAndRecordFailures.onExecute(ExecutorPolicy.java:64)
	at org.gradle.internal.concurrent.ManagedExecutorImpl$1.run(ManagedExecutorImpl.java:48)
	at java.util.concurrent.ThreadPoolExecutor.runWorker(ThreadPoolExecutor.java:1149)
	at java.util.concurrent.ThreadPoolExecutor$Worker.run(ThreadPoolExecutor.java:624)
	at org.gradle.internal.concurrent.ThreadFactoryImpl$ManagedThreadRunnable.run(ThreadFactoryImpl.java:56)
	at java.lang.Thread.run(Thread.java:748)
</failure>
  </testcase>
  <testcase name="se requiere realizar la reconexion de una linea" classname="Sanity limpieza y aprovisionamiento de recursos" time="47.663"/>
  <testcase name="se requiere realizar una portabilidad pospago" classname="Sanity limpieza y aprovisionamiento de recursos" time="70.753">
    <failure message="net.thucydides.core.webdriver.exceptions.ElementShouldBeEnabledException: Expected enabled element was not enabled" type="net.thucydides.core.webdriver.exceptions.ElementShouldBeEnabledException">net.thucydides.core.webdriver.exceptions.ElementShouldBeEnabledException: Expected enabled element was not enabled
	at net.serenitybdd.core.pages.WebElementFacadeImpl.waitUntilEnabled(WebElementFacadeImpl.java:1149)
	at net.serenitybdd.core.pages.WebElementFacadeImpl.waitUntilElementAvailable(WebElementFacadeImpl.java:954)
	at net.serenitybdd.core.pages.WebElementFacadeImpl.click(WebElementFacadeImpl.java:1229)
	at sun.reflect.GeneratedMethodAccessor69.invoke(Unknown Source)
	at sun.reflect.DelegatingMethodAccessorImpl.invoke(DelegatingMethodAccessorImpl.java:43)
	at java.lang.reflect.Method.invoke(Method.java:498)
	at net.thucydides.core.annotations.locators.AbstractSingleItemHandler.invoke(AbstractSingleItemHandler.java:45)
	at com.sun.proxy.$Proxy27.click(Unknown Source)
	at com.indra.actions.PortabilityPostActivationActions.solicitudNip(PortabilityPostActivationActions.java:68)
	at com.indra.actions.PortabilityPostActivationActions.initialRute(PortabilityPostActivationActions.java:111)
	at com.indra.steps_definitions.SanitySteps.seHaceLaSolicitudDePortabilidad(SanitySteps.java:237)
	at ✽.se hace la solicitud de portabilidad(src/test/resources/features/execute.feature:82)
Caused by: org.openqa.selenium.TimeoutException: Expected condition failed: waiting for PortabilityPostActivationPage.portabilidadNumerica to be enabled (tried for 22 second(s) with 100 milliseconds interval)
	at org.openqa.selenium.support.ui.FluentWait.timeoutException(FluentWait.java:304)
	at org.openqa.selenium.support.ui.FluentWait.until(FluentWait.java:272)
	at net.serenitybdd.core.pages.WebElementFacadeImpl.waitUntilEnabled(WebElementFacadeImpl.java:1146)
	at net.serenitybdd.core.pages.WebElementFacadeImpl.waitUntilElementAvailable(WebElementFacadeImpl.java:954)
	at net.serenitybdd.core.pages.WebElementFacadeImpl.click(WebElementFacadeImpl.java:1229)
	at sun.reflect.GeneratedMethodAccessor69.invoke(Unknown Source)
	at sun.reflect.DelegatingMethodAccessorImpl.invoke(DelegatingMethodAccessorImpl.java:43)
	at java.lang.reflect.Method.invoke(Method.java:498)
	at net.thucydides.core.annotations.locators.AbstractSingleItemHandler.invoke(AbstractSingleItemHandler.java:45)
	at com.sun.proxy.$Proxy27.click(Unknown Source)
	at com.indra.actions.PortabilityPostActivationActions.solicitudNip(PortabilityPostActivationActions.java:68)
	at com.indra.actions.PortabilityPostActivationActions.initialRute(PortabilityPostActivationActions.java:111)
	at com.indra.steps_definitions.SanitySteps.seHaceLaSolicitudDePortabilidad(SanitySteps.java:237)
	at sun.reflect.NativeMethodAccessorImpl.invoke0(Native Method)
	at sun.reflect.NativeMethodAccessorImpl.invoke(NativeMethodAccessorImpl.java:62)
	at sun.reflect.DelegatingMethodAccessorImpl.invoke(DelegatingMethodAccessorImpl.java:43)
	at java.lang.reflect.Method.invoke(Method.java:498)
	at cucumber.runtime.Utils$1.call(Utils.java:31)
	at cucumber.runtime.Timeout.timeout(Timeout.java:16)
	at cucumber.runtime.Utils.invoke(Utils.java:25)
	at cucumber.runtime.java.JavaStepDefinition.execute(JavaStepDefinition.java:37)
	at cucumber.runtime.StepDefinitionMatch.runStep(StepDefinitionMatch.java:40)
	at cucumber.api.TestStep.executeStep(TestStep.java:102)
	at cucumber.api.TestStep.run(TestStep.java:83)
	at cucumber.api.TestCase.run(TestCase.java:58)
	at cucumber.runner.Runner.runPickle(Runner.java:80)
	at cucumber.runtime.junit.PickleRunners$NoStepDescriptions.run(PickleRunners.java:140)
	at cucumber.runtime.junit.FeatureRunner.runChild(FeatureRunner.java:68)
	at cucumber.runtime.junit.FeatureRunner.runChild(FeatureRunner.java:23)
	at org.junit.runners.ParentRunner$4.run(ParentRunner.java:331)
	at org.junit.runners.ParentRunner$1.schedule(ParentRunner.java:79)
	at org.junit.runners.ParentRunner.runChildren(ParentRunner.java:329)
	at org.junit.runners.ParentRunner.access$100(ParentRunner.java:66)
	at org.junit.runners.ParentRunner$2.evaluate(ParentRunner.java:293)
	at org.junit.runners.ParentRunner$3.evaluate(ParentRunner.java:306)
	at org.junit.runners.ParentRunner.run(ParentRunner.java:413)
	at cucumber.runtime.junit.FeatureRunner.run(FeatureRunner.java:73)
	at cucumber.api.junit.Cucumber.runChild(Cucumber.java:118)
	at cucumber.api.junit.Cucumber.runChild(Cucumber.java:56)
	at org.junit.runners.ParentRunner$4.run(ParentRunner.java:331)
	at org.junit.runners.ParentRunner$1.schedule(ParentRunner.java:79)
	at org.junit.runners.ParentRunner.runChildren(ParentRunner.java:329)
	at org.junit.runners.ParentRunner.access$100(ParentRunner.java:66)
	at org.junit.runners.ParentRunner$2.evaluate(ParentRunner.java:293)
	at cucumber.api.junit.Cucumber$1.evaluate(Cucumber.java:127)
	at org.junit.runners.ParentRunner$3.evaluate(ParentRunner.java:306)
	at org.junit.runners.ParentRunner.run(ParentRunner.java:413)
	at org.gradle.api.internal.tasks.testing.junit.JUnitTestClassExecutor.runTestClass(JUnitTestClassExecutor.java:110)
	at org.gradle.api.internal.tasks.testing.junit.JUnitTestClassExecutor.execute(JUnitTestClassExecutor.java:58)
	at org.gradle.api.internal.tasks.testing.junit.JUnitTestClassExecutor.execute(JUnitTestClassExecutor.java:38)
	at org.gradle.api.internal.tasks.testing.junit.AbstractJUnitTestClassProcessor.processTestClass(AbstractJUnitTestClassProcessor.java:62)
	at org.gradle.api.internal.tasks.testing.SuiteTestClassProcessor.processTestClass(SuiteTestClassProcessor.java:51)
	at sun.reflect.NativeMethodAccessorImpl.invoke0(Native Method)
	at sun.reflect.NativeMethodAccessorImpl.invoke(NativeMethodAccessorImpl.java:62)
	at sun.reflect.DelegatingMethodAccessorImpl.invoke(DelegatingMethodAccessorImpl.java:43)
	at java.lang.reflect.Method.invoke(Method.java:498)
	at org.gradle.internal.dispatch.ReflectionDispatch.dispatch(ReflectionDispatch.java:36)
	at org.gradle.internal.dispatch.ReflectionDispatch.dispatch(ReflectionDispatch.java:24)
	at org.gradle.internal.dispatch.ContextClassLoaderDispatch.dispatch(ContextClassLoaderDispatch.java:33)
	at org.gradle.internal.dispatch.ProxyDispatchAdapter$DispatchingInvocationHandler.invoke(ProxyDispatchAdapter.java:94)
	at com.sun.proxy.$Proxy2.processTestClass(Unknown Source)
	at org.gradle.api.internal.tasks.testing.worker.TestWorker.processTestClass(TestWorker.java:121)
	at sun.reflect.NativeMethodAccessorImpl.invoke0(Native Method)
	at sun.reflect.NativeMethodAccessorImpl.invoke(NativeMethodAccessorImpl.java:62)
	at sun.reflect.DelegatingMethodAccessorImpl.invoke(DelegatingMethodAccessorImpl.java:43)
	at java.lang.reflect.Method.invoke(Method.java:498)
	at org.gradle.internal.dispatch.ReflectionDispatch.dispatch(ReflectionDispatch.java:36)
	at org.gradle.internal.dispatch.ReflectionDispatch.dispatch(ReflectionDispatch.java:24)
	at org.gradle.internal.remote.internal.hub.MessageHubBackedObjectConnection$DispatchWrapper.dispatch(MessageHubBackedObjectConnection.java:182)
	at org.gradle.internal.remote.internal.hub.MessageHubBackedObjectConnection$DispatchWrapper.dispatch(MessageHubBackedObjectConnection.java:164)
	at org.gradle.internal.remote.internal.hub.MessageHub$Handler.run(MessageHub.java:414)
	at org.gradle.internal.concurrent.ExecutorPolicy$CatchAndRecordFailures.onExecute(ExecutorPolicy.java:64)
	at org.gradle.internal.concurrent.ManagedExecutorImpl$1.run(ManagedExecutorImpl.java:48)
	at java.util.concurrent.ThreadPoolExecutor.runWorker(ThreadPoolExecutor.java:1149)
	at java.util.concurrent.ThreadPoolExecutor$Worker.run(ThreadPoolExecutor.java:624)
	at org.gradle.internal.concurrent.ThreadFactoryImpl$ManagedThreadRunnable.run(ThreadFactoryImpl.java:56)
	at java.lang.Thread.run(Thread.java:748)
Caused by: org.openqa.selenium.NoSuchElementException: Timed out after 25 seconds. Element not found
For documentation on this error, please visit: https://www.seleniumhq.org/exceptions/no_such_element.html
Build info: version: '3.141.59', revision: 'e82be7d358', time: '2018-11-14T08:17:03'
System info: host: '22LAP5CD1195RQX', ip: '192.168.10.29', os.name: 'Windows 10', os.arch: 'amd64', os.version: '10.0', java.version: '1.8.0_291'
Driver info: driver.version: unknown
	at net.thucydides.core.annotations.locators.SmartAjaxElementLocator.ajaxFindElement(SmartAjaxElementLocator.java:166)
	at net.thucydides.core.annotations.locators.SmartAjaxElementLocator.findElement(SmartAjaxElementLocator.java:118)
	at net.serenitybdd.core.pages.WebElementResolverByElementLocator.resolveForDriver(WebElementResolverByElementLocator.java:30)
	at net.serenitybdd.core.pages.WebElementFacadeImpl.getElement(WebElementFacadeImpl.java:221)
	at net.serenitybdd.core.pages.WebElementExpectations$3.apply(WebElementExpectations.java:63)
	at net.serenitybdd.core.pages.WebElementExpectations$3.apply(WebElementExpectations.java:55)
	at org.openqa.selenium.support.ui.FluentWait.until(FluentWait.java:249)
	... 75 more
</failure>
  </testcase>
  <testcase name="se requiere realizar la reconexion de una linea" classname="Sanity limpieza y aprovisionamiento de recursos" time="68.146">
    <failure message="net.thucydides.core.webdriver.exceptions.ElementShouldBeEnabledException: Expected enabled element was not enabled" type="net.thucydides.core.webdriver.exceptions.ElementShouldBeEnabledException">net.thucydides.core.webdriver.exceptions.ElementShouldBeEnabledException: Expected enabled element was not enabled
	at net.serenitybdd.core.pages.WebElementFacadeImpl.waitUntilEnabled(WebElementFacadeImpl.java:1149)
	at net.serenitybdd.core.pages.WebElementFacadeImpl.waitUntilElementAvailable(WebElementFacadeImpl.java:954)
	at net.serenitybdd.core.pages.WebElementFacadeImpl.click(WebElementFacadeImpl.java:1229)
	at sun.reflect.GeneratedMethodAccessor69.invoke(Unknown Source)
	at sun.reflect.DelegatingMethodAccessorImpl.invoke(DelegatingMethodAccessorImpl.java:43)
	at java.lang.reflect.Method.invoke(Method.java:498)
	at net.thucydides.core.annotations.locators.AbstractSingleItemHandler.invoke(AbstractSingleItemHandler.java:45)
	at com.sun.proxy.$Proxy27.click(Unknown Source)
	at com.indra.actions.PortabilityPrepaidActions.cLickNumberPortability(PortabilityPrepaidActions.java:329)
	at com.indra.actions.PortabilityPrepaidActions.initialRuteRequestPortability(PortabilityPrepaidActions.java:309)
	at com.indra.actions.PortabilityPrepaidActions.makePortabilityRequestAndDB(PortabilityPrepaidActions.java:30)
	at com.indra.steps_definitions.SanitySteps.seHaceLaSolicitudDePortabilidadPrepago(SanitySteps.java:278)
	at ✽.se hace la solicitud de portabilidad prepago(src/test/resources/features/execute.feature:93)
Caused by: org.openqa.selenium.TimeoutException: Expected condition failed: waiting for PortabilityPrepaidPage.portabilidadNumerica to be enabled (tried for 22 second(s) with 100 milliseconds interval)
	at org.openqa.selenium.support.ui.FluentWait.timeoutException(FluentWait.java:304)
	at org.openqa.selenium.support.ui.FluentWait.until(FluentWait.java:272)
	at net.serenitybdd.core.pages.WebElementFacadeImpl.waitUntilEnabled(WebElementFacadeImpl.java:1146)
	at net.serenitybdd.core.pages.WebElementFacadeImpl.waitUntilElementAvailable(WebElementFacadeImpl.java:954)
	at net.serenitybdd.core.pages.WebElementFacadeImpl.click(WebElementFacadeImpl.java:1229)
	at sun.reflect.GeneratedMethodAccessor69.invoke(Unknown Source)
	at sun.reflect.DelegatingMethodAccessorImpl.invoke(DelegatingMethodAccessorImpl.java:43)
	at java.lang.reflect.Method.invoke(Method.java:498)
	at net.thucydides.core.annotations.locators.AbstractSingleItemHandler.invoke(AbstractSingleItemHandler.java:45)
	at com.sun.proxy.$Proxy27.click(Unknown Source)
	at com.indra.actions.PortabilityPrepaidActions.cLickNumberPortability(PortabilityPrepaidActions.java:329)
	at com.indra.actions.PortabilityPrepaidActions.initialRuteRequestPortability(PortabilityPrepaidActions.java:309)
	at com.indra.actions.PortabilityPrepaidActions.makePortabilityRequestAndDB(PortabilityPrepaidActions.java:30)
	at com.indra.steps_definitions.SanitySteps.seHaceLaSolicitudDePortabilidadPrepago(SanitySteps.java:278)
	at sun.reflect.NativeMethodAccessorImpl.invoke0(Native Method)
	at sun.reflect.NativeMethodAccessorImpl.invoke(NativeMethodAccessorImpl.java:62)
	at sun.reflect.DelegatingMethodAccessorImpl.invoke(DelegatingMethodAccessorImpl.java:43)
	at java.lang.reflect.Method.invoke(Method.java:498)
	at cucumber.runtime.Utils$1.call(Utils.java:31)
	at cucumber.runtime.Timeout.timeout(Timeout.java:16)
	at cucumber.runtime.Utils.invoke(Utils.java:25)
	at cucumber.runtime.java.JavaStepDefinition.execute(JavaStepDefinition.java:37)
	at cucumber.runtime.StepDefinitionMatch.runStep(StepDefinitionMatch.java:40)
	at cucumber.api.TestStep.executeStep(TestStep.java:102)
	at cucumber.api.TestStep.run(TestStep.java:83)
	at cucumber.api.TestCase.run(TestCase.java:58)
	at cucumber.runner.Runner.runPickle(Runner.java:80)
	at cucumber.runtime.junit.PickleRunners$NoStepDescriptions.run(PickleRunners.java:140)
	at cucumber.runtime.junit.FeatureRunner.runChild(FeatureRunner.java:68)
	at cucumber.runtime.junit.FeatureRunner.runChild(FeatureRunner.java:23)
	at org.junit.runners.ParentRunner$4.run(ParentRunner.java:331)
	at org.junit.runners.ParentRunner$1.schedule(ParentRunner.java:79)
	at org.junit.runners.ParentRunner.runChildren(ParentRunner.java:329)
	at org.junit.runners.ParentRunner.access$100(ParentRunner.java:66)
	at org.junit.runners.ParentRunner$2.evaluate(ParentRunner.java:293)
	at org.junit.runners.ParentRunner$3.evaluate(ParentRunner.java:306)
	at org.junit.runners.ParentRunner.run(ParentRunner.java:413)
	at cucumber.runtime.junit.FeatureRunner.run(FeatureRunner.java:73)
	at cucumber.api.junit.Cucumber.runChild(Cucumber.java:118)
	at cucumber.api.junit.Cucumber.runChild(Cucumber.java:56)
	at org.junit.runners.ParentRunner$4.run(ParentRunner.java:331)
	at org.junit.runners.ParentRunner$1.schedule(ParentRunner.java:79)
	at org.junit.runners.ParentRunner.runChildren(ParentRunner.java:329)
	at org.junit.runners.ParentRunner.access$100(ParentRunner.java:66)
	at org.junit.runners.ParentRunner$2.evaluate(ParentRunner.java:293)
	at cucumber.api.junit.Cucumber$1.evaluate(Cucumber.java:127)
	at org.junit.runners.ParentRunner$3.evaluate(ParentRunner.java:306)
	at org.junit.runners.ParentRunner.run(ParentRunner.java:413)
	at org.gradle.api.internal.tasks.testing.junit.JUnitTestClassExecutor.runTestClass(JUnitTestClassExecutor.java:110)
	at org.gradle.api.internal.tasks.testing.junit.JUnitTestClassExecutor.execute(JUnitTestClassExecutor.java:58)
	at org.gradle.api.internal.tasks.testing.junit.JUnitTestClassExecutor.execute(JUnitTestClassExecutor.java:38)
	at org.gradle.api.internal.tasks.testing.junit.AbstractJUnitTestClassProcessor.processTestClass(AbstractJUnitTestClassProcessor.java:62)
	at org.gradle.api.internal.tasks.testing.SuiteTestClassProcessor.processTestClass(SuiteTestClassProcessor.java:51)
	at sun.reflect.NativeMethodAccessorImpl.invoke0(Native Method)
	at sun.reflect.NativeMethodAccessorImpl.invoke(NativeMethodAccessorImpl.java:62)
	at sun.reflect.DelegatingMethodAccessorImpl.invoke(DelegatingMethodAccessorImpl.java:43)
	at java.lang.reflect.Method.invoke(Method.java:498)
	at org.gradle.internal.dispatch.ReflectionDispatch.dispatch(ReflectionDispatch.java:36)
	at org.gradle.internal.dispatch.ReflectionDispatch.dispatch(ReflectionDispatch.java:24)
	at org.gradle.internal.dispatch.ContextClassLoaderDispatch.dispatch(ContextClassLoaderDispatch.java:33)
	at org.gradle.internal.dispatch.ProxyDispatchAdapter$DispatchingInvocationHandler.invoke(ProxyDispatchAdapter.java:94)
	at com.sun.proxy.$Proxy2.processTestClass(Unknown Source)
	at org.gradle.api.internal.tasks.testing.worker.TestWorker.processTestClass(TestWorker.java:121)
	at sun.reflect.NativeMethodAccessorImpl.invoke0(Native Method)
	at sun.reflect.NativeMethodAccessorImpl.invoke(NativeMethodAccessorImpl.java:62)
	at sun.reflect.DelegatingMethodAccessorImpl.invoke(DelegatingMethodAccessorImpl.java:43)
	at java.lang.reflect.Method.invoke(Method.java:498)
	at org.gradle.internal.dispatch.ReflectionDispatch.dispatch(ReflectionDispatch.java:36)
	at org.gradle.internal.dispatch.ReflectionDispatch.dispatch(ReflectionDispatch.java:24)
	at org.gradle.internal.remote.internal.hub.MessageHubBackedObjectConnection$DispatchWrapper.dispatch(MessageHubBackedObjectConnection.java:182)
	at org.gradle.internal.remote.internal.hub.MessageHubBackedObjectConnection$DispatchWrapper.dispatch(MessageHubBackedObjectConnection.java:164)
	at org.gradle.internal.remote.internal.hub.MessageHub$Handler.run(MessageHub.java:414)
	at org.gradle.internal.concurrent.ExecutorPolicy$CatchAndRecordFailures.onExecute(ExecutorPolicy.java:64)
	at org.gradle.internal.concurrent.ManagedExecutorImpl$1.run(ManagedExecutorImpl.java:48)
	at java.util.concurrent.ThreadPoolExecutor.runWorker(ThreadPoolExecutor.java:1149)
	at java.util.concurrent.ThreadPoolExecutor$Worker.run(ThreadPoolExecutor.java:624)
	at org.gradle.internal.concurrent.ThreadFactoryImpl$ManagedThreadRunnable.run(ThreadFactoryImpl.java:56)
	at java.lang.Thread.run(Thread.java:748)
Caused by: org.openqa.selenium.NoSuchElementException: Timed out after 25 seconds. Element not found
For documentation on this error, please visit: https://www.seleniumhq.org/exceptions/no_such_element.html
Build info: version: '3.141.59', revision: 'e82be7d358', time: '2018-11-14T08:17:03'
System info: host: '22LAP5CD1195RQX', ip: '192.168.10.29', os.name: 'Windows 10', os.arch: 'amd64', os.version: '10.0', java.version: '1.8.0_291'
Driver info: driver.version: unknown
	at net.thucydides.core.annotations.locators.SmartAjaxElementLocator.ajaxFindElement(SmartAjaxElementLocator.java:166)
	at net.thucydides.core.annotations.locators.SmartAjaxElementLocator.findElement(SmartAjaxElementLocator.java:118)
	at net.serenitybdd.core.pages.WebElementResolverByElementLocator.resolveForDriver(WebElementResolverByElementLocator.java:30)
	at net.serenitybdd.core.pages.WebElementFacadeImpl.getElement(WebElementFacadeImpl.java:221)
	at net.serenitybdd.core.pages.WebElementExpectations$3.apply(WebElementExpectations.java:63)
	at net.serenitybdd.core.pages.WebElementExpectations$3.apply(WebElementExpectations.java:55)
	at org.openqa.selenium.support.ui.FluentWait.until(FluentWait.java:249)
	... 76 more
</failure>
  </testcase>
  <system-out><![CDATA[13:22:33.638 [Test worker] DEBUG org.apache.http.impl.conn.BasicClientConnectionManager - Get connection for route {}->http://10.65.45.12:9001
13:22:33.644 [Test worker] DEBUG org.apache.http.impl.conn.DefaultClientConnectionOperator - Connecting to 10.65.45.12:9001
13:22:33.714 [Test worker] DEBUG org.apache.http.client.protocol.RequestAddCookies - CookieSpec selected: ignoreCookies
13:22:33.715 [Test worker] DEBUG org.apache.http.client.protocol.RequestAuthCache - Auth cache not set in the context
13:22:33.715 [Test worker] DEBUG org.apache.http.client.protocol.RequestTargetAuthentication - Target auth state: UNCHALLENGED
13:22:33.716 [Test worker] DEBUG org.apache.http.client.protocol.RequestProxyAuthentication - Proxy auth state: UNCHALLENGED
13:22:33.716 [Test worker] DEBUG org.apache.http.impl.client.DefaultHttpClient - Attempt 1 to execute request
13:22:33.716 [Test worker] DEBUG org.apache.http.impl.conn.DefaultClientConnection - Sending request: POST /gatewaycbs/BcServicesInt HTTP/1.1
13:22:33.716 [Test worker] DEBUG org.apache.http.wire -  >> "POST /gatewaycbs/BcServicesInt HTTP/1.1[\r][\n]"
13:22:33.717 [Test worker] DEBUG org.apache.http.wire -  >> "Accept: */*[\r][\n]"
13:22:33.717 [Test worker] DEBUG org.apache.http.wire -  >> "Content-Type: text/xml;charset=UTF-8[\r][\n]"
13:22:33.717 [Test worker] DEBUG org.apache.http.wire -  >> "Content-Length: 748[\r][\n]"
13:22:33.717 [Test worker] DEBUG org.apache.http.wire -  >> "Host: 10.65.45.12:9001[\r][\n]"
13:22:33.717 [Test worker] DEBUG org.apache.http.wire -  >> "Connection: Keep-Alive[\r][\n]"
13:22:33.717 [Test worker] DEBUG org.apache.http.wire -  >> "User-Agent: Apache-HttpClient/4.5.9 (Java/1.8.0_291)[\r][\n]"
13:22:33.717 [Test worker] DEBUG org.apache.http.wire -  >> "Accept-Encoding: gzip,deflate[\r][\n]"
13:22:33.717 [Test worker] DEBUG org.apache.http.wire -  >> "[\r][\n]"
13:22:33.717 [Test worker] DEBUG org.apache.http.headers - >> POST /gatewaycbs/BcServicesInt HTTP/1.1
13:22:33.718 [Test worker] DEBUG org.apache.http.headers - >> Accept: */*
13:22:33.718 [Test worker] DEBUG org.apache.http.headers - >> Content-Type: text/xml;charset=UTF-8
13:22:33.718 [Test worker] DEBUG org.apache.http.headers - >> Content-Length: 748
13:22:33.718 [Test worker] DEBUG org.apache.http.headers - >> Host: 10.65.45.12:9001
13:22:33.718 [Test worker] DEBUG org.apache.http.headers - >> Connection: Keep-Alive
13:22:33.718 [Test worker] DEBUG org.apache.http.headers - >> User-Agent: Apache-HttpClient/4.5.9 (Java/1.8.0_291)
13:22:33.718 [Test worker] DEBUG org.apache.http.headers - >> Accept-Encoding: gzip,deflate
13:22:33.718 [Test worker] DEBUG org.apache.http.wire -  >> "<soapenv:Envelope xmlns:bcc="http://www.huawei.com/bme/cbsinterface/bccommon" xmlns:bcs="http://www.huawei.com/bme/cbsinterface/bcservices" xmlns:ws="http://ws.web.gatewaycbs.tigo.com.co/" xmlns:soapenv="http://schemas.xmlsoap.org/soap/envelope/">[\n]"
13:22:33.718 [Test worker] DEBUG org.apache.http.wire -  >> "   <soapenv:Header/>[\n]"
13:22:33.718 [Test worker] DEBUG org.apache.http.wire -  >> "   <soapenv:Body>[\n]"
13:22:33.718 [Test worker] DEBUG org.apache.http.wire -  >> "      <ws:queryCustomerInfo>[\n]"
13:22:33.719 [Test worker] DEBUG org.apache.http.wire -  >> "         <!--Optional:-->[\n]"
13:22:33.719 [Test worker] DEBUG org.apache.http.wire -  >> "         <QueryCustomerInfoRequest>[\n]"
13:22:33.719 [Test worker] DEBUG org.apache.http.wire -  >> "            <bcs:QueryObj>[\n]"
13:22:33.719 [Test worker] DEBUG org.apache.http.wire -  >> "               <!--Optional:-->[\n]"
13:22:33.719 [Test worker] DEBUG org.apache.http.wire -  >> "               <bcs:SubAccessCode>[\n]"
13:22:33.719 [Test worker] DEBUG org.apache.http.wire -  >> "                  <!--Optional:-->[\n]"
13:22:33.719 [Test worker] DEBUG org.apache.http.wire -  >> "                  <bcc:PrimaryIdentity>3043208091</bcc:PrimaryIdentity>[\n]"
13:22:33.719 [Test worker] DEBUG org.apache.http.wire -  >> "               </bcs:SubAccessCode>[\n]"
13:22:33.719 [Test worker] DEBUG org.apache.http.wire -  >> "            </bcs:QueryObj>[\n]"
13:22:33.719 [Test worker] DEBUG org.apache.http.wire -  >> "         </QueryCustomerInfoRequest>[\n]"
13:22:33.719 [Test worker] DEBUG org.apache.http.wire -  >> "      </ws:queryCustomerInfo>[\n]"
13:22:33.719 [Test worker] DEBUG org.apache.http.wire -  >> "   </soapenv:Body>[\n]"
13:22:33.719 [Test worker] DEBUG org.apache.http.wire -  >> "</soapenv:Envelope>"
13:22:33.874 [Test worker] DEBUG org.apache.http.wire -  << "HTTP/1.1 200 OK[\r][\n]"
13:22:33.877 [Test worker] DEBUG org.apache.http.wire -  << "Date: Wed, 27 Apr 2022 18:22:33 GMT[\r][\n]"
13:22:33.877 [Test worker] DEBUG org.apache.http.wire -  << "Transfer-Encoding: chunked[\r][\n]"
13:22:33.877 [Test worker] DEBUG org.apache.http.wire -  << "Content-Type: text/xml; charset=utf-8[\r][\n]"
13:22:33.877 [Test worker] DEBUG org.apache.http.wire -  << "[\r][\n]"
13:22:33.878 [Test worker] DEBUG org.apache.http.impl.conn.DefaultClientConnection - Receiving response: HTTP/1.1 200 OK
13:22:33.878 [Test worker] DEBUG org.apache.http.headers - << HTTP/1.1 200 OK
13:22:33.878 [Test worker] DEBUG org.apache.http.headers - << Date: Wed, 27 Apr 2022 18:22:33 GMT
13:22:33.878 [Test worker] DEBUG org.apache.http.headers - << Transfer-Encoding: chunked
13:22:33.878 [Test worker] DEBUG org.apache.http.headers - << Content-Type: text/xml; charset=utf-8
13:22:33.883 [Test worker] DEBUG org.apache.http.impl.client.DefaultHttpClient - Connection can be kept alive indefinitely
13:22:33.902 [Test worker] DEBUG io.restassured.internal.RequestSpecificationImpl$RestAssuredHttpBuilder - Parsing response as: text/xml; charset=utf-8
13:22:33.902 [Test worker] DEBUG io.restassured.internal.RequestSpecificationImpl$RestAssuredHttpBuilder - Parsed data to instance of: class org.apache.http.conn.EofSensorInputStream
13:22:33.940 [Test worker] DEBUG org.apache.http.wire -  << "006e[\r][\n]"
13:22:33.940 [Test worker] DEBUG org.apache.http.wire -  << "<?xml version='1.0' encoding='UTF-8'?><S:Envelope xmlns:S="http://schemas.xmlsoap.org/soap/envelope/"><S:Body>"
13:22:33.940 [Test worker] DEBUG org.apache.http.wire -  << "[\r][\n]"
13:22:33.940 [Test worker] DEBUG org.apache.http.wire -  << "0fe8[\r][\n]"
13:22:33.941 [Test worker] DEBUG org.apache.http.wire -  << "<ns4:queryCustomerInfoResponse xmlns:ns2="http://www.huawei.com/bme/cbsinterface/bccommon" xmlns:ns3="http://www.huawei.com/bme/cbsinterface/bcservices" xmlns:ns4="http://ws.web.gatewaycbs.tigo.com.co/" xmlns:ns5="http://www.huawei.com/bme/cbsinterface/cbscommon"><return><ResultHeader><ns5:Version>1</ns5:Version><ns5:ResultCode>0</ns5:ResultCode><ns5:ResultDesc>Operation successfully.</ns5:ResultDesc></ResultHeader><QueryCustomerInfoResult><ns3:Customer><ns3:CustKey>CTA00000269118</ns3:CustKey><ns3:CustInfo><ns2:CustType>1</ns2:CustType><ns2:CustNodeType>1</ns2:CustNodeType><ns2:CustClass>1</ns2:CustClass><ns2:CustCode>CBS100050000000347316</ns2:CustCode><ns2:CustBasicInfo><ns2:DFTWrittenLang>2002</ns2:DFTWrittenLang><ns2:DFTIVRLang>2002</ns2:DFTIVRLang><ns2:DunningFlag>1</ns2:DunningFlag><ns2:CustProperty><ns2:Code>C_Extend_Cust_Int_Attr8</ns2:Code><ns2:Value></ns2:Value></ns2:CustProperty><ns2:CustProperty><ns2:Code>C_CUSTOMER_TAX_RATE</ns2:Code><ns2:Value></ns2:Value></ns2:CustProperty><ns2:CustProperty><ns2:Code>C_Extend_Cust_Int_Attr9</ns2:Code><ns2:Value></ns2:Value></ns2:CustProperty><ns2:CustProperty><ns2:Code>C_CUST_BANKRUPTCY</ns2:Code><ns2:Value>N</ns2:Value></ns2:CustProperty><ns2:CustProperty><ns2:Code>C_Extend_Cust_Int_Attr10</ns2:Code><ns2:Value></ns2:Value></ns2:CustProperty><ns2:CustProperty><ns2:Code>C_Extend_Cust_Int_Attr4</ns2:Code><ns2:Value></ns2:Value></ns2:CustProperty><ns2:CustProperty><ns2:Code>C_Extend_Cust_Int_Attr5</ns2:Code><ns2:Value></ns2:Value></ns2:CustProperty><ns2:CustProperty><ns2:Code>C_Extend_Cust_Int_Attr6</ns2:Code><ns2:Value></ns2:Value></ns2:CustProperty><ns2:CustProperty><ns2:Code>C_Extend_Cust_Int_Attr7</ns2:Code><ns2:Value></ns2:Value></ns2:CustProperty><ns2:CustProperty><ns2:Code>C_LEGAL_CATEGORY</ns2:Code><ns2:Value></ns2:Value></ns2:CustProperty><ns2:CustProperty><ns2:Code>C_CONTRACT_ID</ns2:Code><ns2:Value></ns2:Value></ns2:CustProperty><ns2:CustProperty><ns2:Code>C_Extend_Cust_Int_Attr1</ns2:Code><ns2:Value></ns2:Value></ns2:CustProperty><ns2:CustProperty><ns2:Code>C_Extend_Cust_Int_Attr2</ns2:Code><ns2:Value></ns2:Value></ns2:CustProperty><ns2:CustProperty><ns2:Code>C_NEW_IC</ns2:Code><ns2:Value></ns2:Value></ns2:CustProperty><ns2:CustProperty><ns2:Code>C_Extend_Cust_Int_Attr3</ns2:Code><ns2:Value></ns2:Value></ns2:CustProperty><ns2:CustProperty><ns2:Code>C_REG_FLAG</ns2:Code><ns2:Value>N</ns2:Value></ns2:CustProperty><ns2:CustProperty><ns2:Code>C_NRC</ns2:Code><ns2:Value></ns2:Value></ns2:CustProperty><ns2:CustProperty><ns2:Code>C_CUST_CATEGORY</ns2:Code><ns2:Value></ns2:Value></ns2:CustProperty><ns2:CustProperty><ns2:Code>C_CUST_SALT</ns2:Code><ns2:Value>E495DB6440ED5A0F</ns2:Value></ns2:CustProperty><ns2:CustProperty><ns2:Code>C_EXTERNAL_CUST_ID</ns2:Code><ns2:Value></ns2:Value></ns2:CustProperty><ns2:CustProperty><ns2:Code>C_FRAUD_FLAG</ns2:Code><ns2:Value>N</ns2:Value></ns2:CustProperty><ns2:CustProperty><ns2:Code>C_CUST_MEDIA_FLAG</ns2:Code><ns2:Value>N</ns2:Value></ns2:CustProperty><ns2:CustProperty><ns2:Code>C_TAX_PAYER_IDENTIFICATION_NO</ns2:Code><ns2:Value></ns2:Value></ns2:CustProperty><ns2:CustProperty><ns2:Code>C_CUST_DECEASED</ns2:Code><ns2:Value>N</ns2:Value></ns2:CustProperty><ns2:CustProperty><ns2:Code>C_EVENING_PHONE</ns2:Code><ns2:Value></ns2:Value></ns2:CustProperty><ns2:CustProperty><ns2:Code>C_Extend_Cust_Str_Attr5</ns2:Code><ns2:Value></ns2:Value></ns2:CustProperty><ns2:CustProperty><ns2:Code>C_Extend_Cust_Str_Attr4</ns2:Code><ns2:Value></ns2:Value></ns2:CustProperty><ns2:CustProperty><ns2:Code>C_Extend_Cust_Str_Attr3</ns2:Code><ns2:Value></ns2:Value></ns2:CustProperty><ns2:CustProperty><ns2:Code>C_Extend_Cust_Str_Attr2</ns2:Code><ns2:Value></ns2:Value></ns2:CustProperty><ns2:CustProperty><ns2:Code>C_DAYTIME_PHONE</ns2:Code><ns2:Value></ns2:Value></ns2:CustProperty><ns2:CustProperty><ns2:Code>C_Extend_Cust_Str_Attr9</ns2:Code><ns2:Value></ns2:Value></ns2:CustProperty><ns2:CustProperty><ns2:Code>C_Extend_Cust_Str_Attr8</ns2:Code><ns2:Value></ns2:Value></ns2:CustProperty><ns2:CustProperty><ns2:Code>C_CUST_MARKETING_CONSENT</n"
13:22:33.941 [Test worker] DEBUG org.apache.http.wire -  << "[\r][\n]"
13:22:33.942 [Test worker] DEBUG org.apache.http.wire -  << "0fe8[\r][\n]"
13:22:33.942 [Test worker] DEBUG org.apache.http.wire -  << "s2:Code><ns2:Value>N</ns2:Value></ns2:CustProperty><ns2:CustProperty><ns2:Code>C_Extend_Cust_Str_Attr7</ns2:Code><ns2:Value></ns2:Value></ns2:CustProperty><ns2:CustProperty><ns2:Code>C_Extend_Cust_Str_Attr6</ns2:Code><ns2:Value></ns2:Value></ns2:CustProperty><ns2:CustProperty><ns2:Code>C_OLD_IC</ns2:Code><ns2:Value></ns2:Value></ns2:CustProperty><ns2:CustProperty><ns2:Code>C_Extend_Cust_Str_Attr1</ns2:Code><ns2:Value></ns2:Value></ns2:CustProperty><ns2:CustProperty><ns2:Code>C_Extend_Cust_Str_Attr10</ns2:Code><ns2:Value></ns2:Value></ns2:CustProperty><ns2:CustProperty><ns2:Code>C_CUST_BILLSUM</ns2:Code><ns2:Value>0</ns2:Value></ns2:CustProperty><ns2:CustProperty><ns2:Code>C_CORP_CUST_SEGMENT</ns2:Code><ns2:Value></ns2:Value></ns2:CustProperty><ns2:CustProperty><ns2:Code>C_ACCESSIBILITY_FLAG</ns2:Code><ns2:Value></ns2:Value></ns2:CustProperty><ns2:CustProperty><ns2:Code>C_CUST_BelToAreaID</ns2:Code><ns2:Value>101</ns2:Value></ns2:CustProperty><ns2:CustProperty><ns2:Code>C_CUST_ID</ns2:Code><ns2:Value>100050000000347316</ns2:Value></ns2:CustProperty></ns2:CustBasicInfo></ns3:CustInfo><ns3:IndividualInfo><ns2:IDType>6</ns2:IDType><ns2:IDNumber>459399130</ns2:IDNumber><ns2:FirstName>Juan Kaf</ns2:FirstName><ns2:LastName>Bastian Arri</ns2:LastName><ns2:HomePhone>3303000</ns2:HomePhone><ns2:Email>pruebaAutomatizadaQA@gmail.com</ns2:Email><ns2:IndividualProperty><ns2:Code>C_MKT_P_STATUS</ns2:Code><ns2:Value>1</ns2:Value></ns2:IndividualProperty></ns3:IndividualInfo></ns3:Customer><ns3:Subscriber><ns3:SubscriberKey>ACT00001800439</ns3:SubscriberKey><ns3:SubscriberInfo><ns2:SubBasicInfo><ns2:WrittenLang>2021</ns2:WrittenLang><ns2:IVRLang>2021</ns2:IVRLang><ns2:DunningFlag>1</ns2:DunningFlag><ns2:SubProperty><ns2:Code>C_WORK_ADDRESS</ns2:Code><ns2:Value></ns2:Value></ns2:SubProperty><ns2:SubProperty><ns2:Code>C_SUB_SMS_ROMING_RIGHT</ns2:Code><ns2:Value>0</ns2:Value></ns2:SubProperty><ns2:SubProperty><ns2:Code>C_LAST_TRANS_EVENT</ns2:Code><ns2:Value>0</ns2:Value></ns2:SubProperty><ns2:SubProperty><ns2:Code>C_SALES_CHANNEL_ID</ns2:Code><ns2:Value></ns2:Value></ns2:SubProperty><ns2:SubProperty><ns2:Code>C_HANDSET_TYPE</ns2:Code><ns2:Value>-1</ns2:Value></ns2:SubProperty><ns2:SubProperty><ns2:Code>C_SUB_MAX_BALANCE</ns2:Code><ns2:Value>-1</ns2:Value></ns2:SubProperty><ns2:SubProperty><ns2:Code>C_ACCOUNTING_SCENARIO</ns2:Code><ns2:Value></ns2:Value></ns2:SubProperty><ns2:SubProperty><ns2:Code>C_RESUME_DATE</ns2:Code><ns2:Value>19991231190000</ns2:Value></ns2:SubProperty><ns2:SubProperty><ns2:Code>C_SUBID_BEFORE_SUPPLE_PROFILE</ns2:Code><ns2:Value>100050000000347360</ns2:Value></ns2:SubProperty><ns2:SubProperty><ns2:Code>C_BAK_ORG_CHILD_ACCTID</ns2:Code><ns2:Value>0</ns2:Value></ns2:SubProperty><ns2:SubProperty><ns2:Code>C_HANDSET_NETWORK</ns2:Code><ns2:Value></ns2:Value></ns2:SubProperty><ns2:SubProperty><ns2:Code>C_SUB_UNBLOCK</ns2:Code><ns2:Value>0</ns2:Value></ns2:SubProperty><ns2:SubProperty><ns2:Code>C_SUB_LOW_SPENDING_GATE</ns2:Code><ns2:Value>-1</ns2:Value></ns2:SubProperty><ns2:SubProperty><ns2:Code>C_SUB_LOAN_FLAG</ns2:Code><ns2:Value>0</ns2:Value></ns2:SubProperty><ns2:SubProperty><ns2:Code>C_SUB_LASTRECHARGETIME</ns2:Code><ns2:Value>0</ns2:Value></ns2:SubProperty><ns2:SubProperty><ns2:Code>C_SUB_LASTRGADATE</ns2:Code><ns2:Value>19700101000000</ns2:Value></ns2:SubProperty><ns2:SubProperty><ns2:Code>C_SUB_PORT_IN_FLAG</ns2:Code><ns2:Value>0</ns2:Value></ns2:SubProperty><ns2:SubProperty><ns2:Code>C_SUB_NOTIFICATION_TIMES</ns2:Code><ns2:Value></ns2:Value></ns2:SubProperty><ns2:SubProperty><ns2:Code>C_BLACK_FLAG</ns2:Code><ns2:Value>0</ns2:Value></ns2:SubProperty><ns2:SubProperty><ns2:Code>C_SUB_VOICE_ROAM_RIGHT</ns2:Code><ns2:Value></ns2:Value></ns2:SubProperty><ns2:SubProperty><ns2:Code>C_HYBRID_PAY_TYPE</ns2:Code><ns2:Value>-1</ns2:Value></ns2:SubProperty><ns2:SubProperty><ns2:Code>C_SUB_MAX_VALIDITY</ns2:Code><ns2:Value>365</ns2:Value></ns2:SubProperty><ns2:SubProperty><ns2:Code>C_TEST_EXTEND_DAYS</ns2:Code><ns2:Value>0"
13:22:33.942 [Test worker] DEBUG org.apache.http.wire -  << "</ns2:Value></ns2:SubProperty><ns2:SubProperty><ns2:Code>C_SUBDISCOUNT</ns2:Code><ns"
13:22:33.942 [Test worker] DEBUG org.apache.http.wire -  << "[\r][\n]"
13:22:33.942 [Test worker] DEBUG org.apache.http.wire -  << "0fe8[\r][\n]"
13:22:33.943 [Test worker] DEBUG org.apache.http.wire -  << "2:Value>O</ns2:Value></ns2:SubProperty><ns2:SubProperty><ns2:Code>C_SUB_LASTZONETYPE</ns2:Code><ns2:Value>00</ns2:Value></ns2:SubProperty><ns2:SubProperty><ns2:Code>C_Extend_Sub_Str_Attr4</ns2:Code><ns2:Value></ns2:Value></ns2:SubProperty><ns2:SubProperty><ns2:Code>C_Extend_Sub_Str_Attr3</ns2:Code><ns2:Value></ns2:Value></ns2:SubProperty><ns2:SubProperty><ns2:Code>C_Extend_Sub_Str_Attr6</ns2:Code><ns2:Value></ns2:Value></ns2:SubProperty><ns2:SubProperty><ns2:Code>C_Extend_Sub_Str_Attr5</ns2:Code><ns2:Value></ns2:Value></ns2:SubProperty><ns2:SubProperty><ns2:Code>C_DAILYRENTNOTIFLAG</ns2:Code><ns2:Value>0</ns2:Value></ns2:SubProperty><ns2:SubProperty><ns2:Code>C_TIGO_ZONE</ns2:Code><ns2:Value></ns2:Value></ns2:SubProperty><ns2:SubProperty><ns2:Code>C_Extend_Sub_Str_Attr2</ns2:Code><ns2:Value></ns2:Value></ns2:SubProperty><ns2:SubProperty><ns2:Code>C_Extend_Sub_Str_Attr1</ns2:Code><ns2:Value></ns2:Value></ns2:SubProperty><ns2:SubProperty><ns2:Code>C_PLACA_INFO</ns2:Code><ns2:Value></ns2:Value></ns2:SubProperty><ns2:SubProperty><ns2:Code>C_Extend_Sub_Int_Attr10</ns2:Code><ns2:Value></ns2:Value></ns2:SubProperty><ns2:SubProperty><ns2:Code>C_HANDSET_OS_TYPE</ns2:Code><ns2:Value></ns2:Value></ns2:SubProperty><ns2:SubProperty><ns2:Code>C_SUB_USER_NAME</ns2:Code><ns2:Value>0</ns2:Value></ns2:SubProperty><ns2:SubProperty><ns2:Code>C_TEST_EXPIRE_TIME</ns2:Code><ns2:Value></ns2:Value></ns2:SubProperty><ns2:SubProperty><ns2:Code>C_TEST_EXHAUST_RULE</ns2:Code><ns2:Value>0</ns2:Value></ns2:SubProperty><ns2:SubProperty><ns2:Code>C_Extend_Sub_Str_Attr8</ns2:Code><ns2:Value></ns2:Value></ns2:SubProperty><ns2:SubProperty><ns2:Code>C_Extend_Sub_Str_Attr7</ns2:Code><ns2:Value></ns2:Value></ns2:SubProperty><ns2:SubProperty><ns2:Code>C_SUB_REGISTERED</ns2:Code><ns2:Value>0</ns2:Value></ns2:SubProperty><ns2:SubProperty><ns2:Code>C_Extend_Sub_Str_Attr9</ns2:Code><ns2:Value></ns2:Value></ns2:SubProperty><ns2:SubProperty><ns2:Code>C_LIFECYCLE</ns2:Code><ns2:Value></ns2:Value></ns2:SubProperty><ns2:SubProperty><ns2:Code>C_VOD_VIDEO_RIGHT</ns2:Code><ns2:Value>0</ns2:Value></ns2:SubProperty><ns2:SubProperty><ns2:Code>C_SUPPLE_PROFILE_TIME</ns2:Code><ns2:Value>20220427123935</ns2:Value></ns2:SubProperty><ns2:SubProperty><ns2:Code>C_LAST_CHARGE_BEGIN_TIME</ns2:Code><ns2:Value></ns2:Value></ns2:SubProperty><ns2:SubProperty><ns2:Code>C_SUB_LOW_BAL_NOTIFY_DATE</ns2:Code><ns2:Value>19991231190000</ns2:Value></ns2:SubProperty><ns2:SubProperty><ns2:Code>C_GPRS_FORBIDDEN_MAIN_BAL</ns2:Code><ns2:Value>1</ns2:Value></ns2:SubProperty><ns2:SubProperty><ns2:Code>C_LAST_DATA_SESINI</ns2:Code><ns2:Value>19700101030000</ns2:Value></ns2:SubProperty><ns2:SubProperty><ns2:Code>C_CONSUMENOTIFYGATE</ns2:Code><ns2:Value></ns2:Value></ns2:SubProperty><ns2:SubProperty><ns2:Code>C_SUB_LOW_BAL_NOTIFY_TIMES</ns2:Code><ns2:Value>0</ns2:Value></ns2:SubProperty><ns2:SubProperty><ns2:Code>C_FIRST_RECHARGE_FLAG</ns2:Code><ns2:Value>0</ns2:Value></ns2:SubProperty><ns2:SubProperty><ns2:Code>C_SUB_PROB</ns2:Code><ns2:Value></ns2:Value></ns2:SubProperty><ns2:SubProperty><ns2:Code>C_SUB_SALT</ns2:Code><ns2:Value>29270A599E05C307</ns2:Value></ns2:SubProperty><ns2:SubProperty><ns2:Code>C_SUB_SERVICEPROVIDER</ns2:Code><ns2:Value></ns2:Value></ns2:SubProperty><ns2:SubProperty><ns2:Code>C_CALL_COST</ns2:Code><ns2:Value>0000</ns2:Value></ns2:SubProperty><ns2:SubProperty><ns2:Code>C_RNW_PRODUCTSET</ns2:Code><ns2:Value>0</ns2:Value></ns2:SubProperty><ns2:SubProperty><ns2:Code>C_Extend_Sub_Str_Attr10</ns2:Code><ns2:Value></ns2:Value></ns2:SubProperty><ns2:SubProperty><ns2:Code>C_SUB_DOMESIC_ROAM_CALL_RIGHT</ns2:Code><ns2:Value>0</ns2:Value></ns2:SubProperty><ns2:SubProperty><ns2:Code>C_LAST_TRANS_DATE_TIME</ns2:Code><ns2:Value>20000101000000</ns2:Value></ns2:SubProperty><ns2:SubProperty><ns2:Code>C_SUBSCRIBER_INFO_3</ns2:Code><ns2:Value></ns2:Value></ns2:SubProperty><ns2:SubProperty><ns2:Code>C_SUBSCRIBER_INFO_2</ns2:Code><ns2:Value></ns2:Value></ns2:SubProperty><ns2:SubProperty><ns2:Code>C_GPRS_ROAM_DATE</ns2:Code><ns2:Value>19700101000000</ns2:Value></ns2:SubProperty><n"
13:22:33.943 [Test worker] DEBUG org.apache.http.wire -  << "[\r][\n]"
13:22:33.943 [Test worker] DEBUG org.apache.http.wire -  << "007b[\r][\n]"
13:22:33.943 [Test worker] DEBUG org.apache.http.wire -  << "s2:SubProperty><ns2:Code>C_SUBSCRIBER_INFO_4</ns2:Code><ns2:Value></ns2:Value></ns2:SubProperty><ns2:SubProperty><ns2:Code>"
13:22:33.943 [Test worker] DEBUG org.apache.http.wire -  << "[\r][\n]"
13:22:33.943 [Test worker] DEBUG org.apache.http.wire -  << "0fe8[\r][\n]"
13:22:33.943 [Test worker] DEBUG org.apache.http.wire -  << "C_STARTTIME_OF_SWITCH_COS</ns2:Code><ns2:Value>-1</ns2:Value></ns2:SubProperty><ns2:SubProperty><ns2:Code>C_SUB_PREBARRING</ns2:Code><ns2:Value>0</ns2:Value></ns2:SubProperty><ns2:SubProperty><ns2:Code>C_DETAIL</ns2:Code><ns2:Value>0</ns2:Value></ns2:SubProperty><ns2:SubProperty><ns2:Code>C_SUBSCRIBER_INFO_1</ns2:Code><ns2:Value></ns2:Value></ns2:SubProperty><ns2:SubProperty><ns2:Code>C_SUB_BARRED_DAYS</ns2:Code><ns2:Value>0</ns2:Value></ns2:SubProperty><ns2:SubProperty><ns2:Code>C_TIGO_CITY</ns2:Code><ns2:Value>*</ns2:Value></ns2:SubProperty><ns2:SubProperty><ns2:Code>C_TECHNOLOGY</ns2:Code><ns2:Value></ns2:Value></ns2:SubProperty><ns2:SubProperty><ns2:Code>C_Extend_Sub_Int_Attr7</ns2:Code><ns2:Value></ns2:Value></ns2:SubProperty><ns2:SubProperty><ns2:Code>C_Extend_Sub_Int_Attr8</ns2:Code><ns2:Value></ns2:Value></ns2:SubProperty><ns2:SubProperty><ns2:Code>C_Extend_Sub_Int_Attr5</ns2:Code><ns2:Value></ns2:Value></ns2:SubProperty><ns2:SubProperty><ns2:Code>C_Extend_Sub_Int_Attr6</ns2:Code><ns2:Value></ns2:Value></ns2:SubProperty><ns2:SubProperty><ns2:Code>C_Extend_Sub_Int_Attr3</ns2:Code><ns2:Value></ns2:Value></ns2:SubProperty><ns2:SubProperty><ns2:Code>C_Extend_Sub_Int_Attr4</ns2:Code><ns2:Value></ns2:Value></ns2:SubProperty><ns2:SubProperty><ns2:Code>C_HANDSET_BRAND</ns2:Code><ns2:Value></ns2:Value></ns2:SubProperty><ns2:SubProperty><ns2:Code>C_Extend_Sub_Int_Attr1</ns2:Code><ns2:Value></ns2:Value></ns2:SubProperty><ns2:SubProperty><ns2:Code>C_SUB_LASTRECHARGEAMT</ns2:Code><ns2:Value>0</ns2:Value></ns2:SubProperty><ns2:SubProperty><ns2:Code>C_Extend_Sub_Int_Attr2</ns2:Code><ns2:Value></ns2:Value></ns2:SubProperty><ns2:SubProperty><ns2:Code>C_SUBCOS_FOR_EIPIN</ns2:Code><ns2:Value>0</ns2:Value></ns2:SubProperty><ns2:SubProperty><ns2:Code>C_Extend_Sub_Int_Attr9</ns2:Code><ns2:Value></ns2:Value></ns2:SubProperty><ns2:SubProperty><ns2:Code>C_SUB_BLACKLIST_CALL_RIGHT</ns2:Code><ns2:Value>0</ns2:Value></ns2:SubProperty><ns2:SubProperty><ns2:Code>C_SUB_MSCC_FEE_AMOUNT</ns2:Code><ns2:Value>0</ns2:Value></ns2:SubProperty><ns2:SubProperty><ns2:Code>C_BACKUP_DAYS</ns2:Code><ns2:Value>0</ns2:Value></ns2:SubProperty><ns2:SubProperty><ns2:Code>C_IS_PRIMARY_SUBSCRIBER</ns2:Code><ns2:Value>1</ns2:Value></ns2:SubProperty><ns2:SubProperty><ns2:Code>C_NODO_INFO</ns2:Code><ns2:Value></ns2:Value></ns2:SubProperty><ns2:SubProperty><ns2:Code>C_SUB_AUTOTOPUP_LOWBALANCE</ns2:Code><ns2:Value>1</ns2:Value></ns2:SubProperty><ns2:SubProperty><ns2:Code>C_SUB_REGISTERED_RETAILER</ns2:Code><ns2:Value>0</ns2:Value></ns2:SubProperty><ns2:SubProperty><ns2:Code>C_IS_GROUP_MEMBER</ns2:Code><ns2:Value>0</ns2:Value></ns2:SubProperty><ns2:SubProperty><ns2:Code>C_SUB_TSMSUBTYPE</ns2:Code><ns2:Value>-1</ns2:Value></ns2:SubProperty><ns2:SubProperty><ns2:Code>C_DTNotification</ns2:Code><ns2:Value>0</ns2:Value></ns2:SubProperty><ns2:SubProperty><ns2:Code>C_SUB_GPRS_ROAM_RIGHT</ns2:Code><ns2:Value>3</ns2:Value></ns2:SubProperty><ns2:SubProperty><ns2:Code>C_SUB_ZONEINFOS</ns2:Code><ns2:Value>0</ns2:Value></ns2:SubProperty><ns2:SubProperty><ns2:Code>C_ETU_STAGE_PERCENT</ns2:Code><ns2:Value>100</ns2:Value></ns2:SubProperty><ns2:SubProperty><ns2:Code>C_SPEC_NUM_RENT_END_TIME</ns2:Code><ns2:Value>20000101030000</ns2:Value></ns2:SubProperty><ns2:SubProperty><ns2:Code>C_ALLOW_OTHCARRIER_CALLS</ns2:Code><ns2:Value>Y</ns2:Value></ns2:SubProperty><ns2:SubProperty><ns2:Code>C_SUB_LOW_BAL_GATE_1</ns2:Code><ns2:Value>-1</ns2:Value></ns2:SubProperty><ns2:SubProperty><ns2:Code>C_SUB_LOW_BAL_GATE_2</ns2:Code><ns2:Value>-1</ns2:Value></ns2:SubProperty><ns2:SubProperty><ns2:Code>C_SUB_LOW_BAL_GATE_3</ns2:Code><ns2:Value>-1</ns2:Value></ns2:SubProperty><ns2:SubProperty><ns2:Code>C_SUB_LOW_BAL_GATE_4</ns2:Code><ns2:Value>-1</ns2:Value></ns2:SubProperty><ns2:SubProperty><ns2:Code>C_SUB_NOROAM_CALL_RIGHT</ns2:Code><ns2:Value>0</ns2:Value></ns2:SubProperty><ns2:SubProperty><ns2:Code>C"
13:22:33.944 [Test worker] DEBUG org.apache.http.wire -  << "_SUB_LOW_BAL_GATE_5</ns2:Code><ns2:Value>-1</ns2:Value></ns2:SubProperty><ns2:SubProperty><ns2:Code>C_SUB_LOAN_STATUS</ns2:Code><ns2:Value>0</ns2:Value></ns2:SubProperty><ns2:SubPrope"
13:22:33.944 [Test worker] DEBUG org.apache.http.wire -  << "[\r][\n]"
13:22:33.944 [Test worker] DEBUG org.apache.http.wire -  << "0fe8[\r][\n]"
13:22:33.944 [Test worker] DEBUG org.apache.http.wire -  << "rty><ns2:Code>C_SUB_AUTOTOPUP_RECURRING</ns2:Code><ns2:Value>1</ns2:Value></ns2:SubProperty><ns2:SubProperty><ns2:Code>C_IOD_FLAG</ns2:Code><ns2:Value>0</ns2:Value></ns2:SubProperty><ns2:SubProperty><ns2:Code>C_ETU_BLACKLIST_DATE</ns2:Code><ns2:Value>0</ns2:Value></ns2:SubProperty><ns2:SubProperty><ns2:Code>C_APP_ACTIVE_USAGE</ns2:Code><ns2:Value>0</ns2:Value></ns2:SubProperty><ns2:SubProperty><ns2:Code>C_SUB_BARRINGCODE</ns2:Code><ns2:Value>99999999999</ns2:Value></ns2:SubProperty><ns2:SubProperty><ns2:Code>C_SUB_REFEREE_IDENTIFER</ns2:Code><ns2:Value></ns2:Value></ns2:SubProperty><ns2:SubProperty><ns2:Code>C_SUB_INTERROAM_CALL_RIGHT</ns2:Code><ns2:Value>0</ns2:Value></ns2:SubProperty><ns2:SubProperty><ns2:Code>C_SUB_ID</ns2:Code><ns2:Value>100050000000347373</ns2:Value></ns2:SubProperty></ns2:SubBasicInfo><ns2:UserCustomerKey>CTA00000269118</ns2:UserCustomerKey><ns2:SubIdentity><ns2:SubIdentityType>1</ns2:SubIdentityType><ns2:SubIdentity>3043208091</ns2:SubIdentity><ns2:PrimaryFlag>1</ns2:PrimaryFlag></ns2:SubIdentity><ns2:SubIdentity><ns2:SubIdentityType>2</ns2:SubIdentityType><ns2:SubIdentity>732111324707274</ns2:SubIdentity><ns2:PrimaryFlag>2</ns2:PrimaryFlag></ns2:SubIdentity><ns2:Brand>110</ns2:Brand><ns2:SubClass>1</ns2:SubClass><ns2:NetworkType>1</ns2:NetworkType><ns2:Status>2</ns2:Status><ns2:ConsumptionLimit><ns2:LimitType>C_CL_USAGE_NOROAM</ns2:LimitType><ns2:UnitType>M</ns2:UnitType><ns2:CurrencyID>1032</ns2:CurrencyID><ns2:LimitValue>0</ns2:LimitValue></ns2:ConsumptionLimit><ns3:StatusDetail>000000000000000000000000</ns3:StatusDetail><ns3:ActivationTime>20220427122234</ns3:ActivationTime><ns3:UserCustomer><ns3:CustKey>CTA00000269118</ns3:CustKey><ns3:CustInfo><ns2:CustType>1</ns2:CustType><ns2:CustNodeType>1</ns2:CustNodeType><ns2:CustClass>1</ns2:CustClass><ns2:CustCode>CBS100050000000347316</ns2:CustCode><ns2:CustBasicInfo><ns2:DFTWrittenLang>2002</ns2:DFTWrittenLang><ns2:DFTIVRLang>2002</ns2:DFTIVRLang><ns2:DunningFlag>1</ns2:DunningFlag><ns2:CustProperty><ns2:Code>C_Extend_Cust_Int_Attr8</ns2:Code><ns2:Value></ns2:Value></ns2:CustProperty><ns2:CustProperty><ns2:Code>C_CUSTOMER_TAX_RATE</ns2:Code><ns2:Value></ns2:Value></ns2:CustProperty><ns2:CustProperty><ns2:Code>C_Extend_Cust_Int_Attr9</ns2:Code><ns2:Value></ns2:Value></ns2:CustProperty><ns2:CustProperty><ns2:Code>C_CUST_BANKRUPTCY</ns2:Code><ns2:Value>N</ns2:Value></ns2:CustProperty><ns2:CustProperty><ns2:Code>C_Extend_Cust_Int_Attr10</ns2:Code><ns2:Value></ns2:Value></ns2:CustProperty><ns2:CustProperty><ns2:Code>C_Extend_Cust_Int_Attr4</ns2:Code><ns2:Value></ns2:Value></ns2:CustProperty><ns2:CustProperty><ns2:Code>C_Extend_Cust_Int_Attr5</ns2:Code><ns2:Value></ns2:Value></ns2:CustProperty><ns2:CustProperty><ns2:Code>C_Extend_Cust_Int_Attr6</ns2:Code><ns2:Value></ns2:Value></ns2:CustProperty><ns2:CustProperty><ns2:Code>C_Extend_Cust_Int_Attr7</ns2:Code><ns2:Value></ns2:Value></ns2:CustProperty><ns2:CustProperty><ns2:Code>C_LEGAL_CATEGORY</ns2:Code><ns2:Value></ns2:Value></ns2:CustProperty><ns2:CustProperty><ns2:Code>C_CONTRACT_ID</ns2:Code><ns2:Value></ns2:Value></ns2:CustProperty><ns2:CustProperty><ns2:Code>C_Extend_Cust_Int_Attr1</ns2:Code><ns2:Value></ns2:Value></ns2:CustProperty><ns2:CustProperty><ns2:Code>C_Extend_Cust_Int_Attr2</ns2:Code><ns2:Value></ns2:Value></ns2:CustProperty><ns2:CustProperty><ns2:Code>C_NEW_IC</ns2:Code><ns2:Value></ns2:Value></ns2:CustProperty><ns2:CustProperty><ns2:Code>C_Extend_Cust_Int_Attr3</ns2:Code><ns2:Value></ns2:Value></ns2:CustProperty><ns2:CustProperty><ns2:Code>C_REG_FLAG</ns2:Code><ns2:Value>N</ns2:Value></ns2:CustProperty><ns2:CustProperty><ns2:Code>C_NRC</ns2:Code><ns2:Value></ns2:Value></ns2:CustProperty><ns2:CustProperty><ns2:Code>C_CUST_CATEGORY</ns2:Code><ns2:Value></ns2:Value></ns2:CustProperty><ns2:CustProperty><ns2:Code>C_CUST_SALT</ns2:Code><ns2:Value>E495DB6440ED5A0F</ns2:Value></ns2:CustProperty><ns2:CustProperty><ns2:Code>C_EXTERNAL_CUST_ID</ns2:Code><ns2:Value></ns2:Value></ns2:CustProperty><ns2:CustProperty><ns2:Code>C_FRAUD_FLAG</ns2:Code><ns2:Value>N</ns2:Value></ns2:C"
13:22:33.944 [Test worker] DEBUG org.apache.http.wire -  << "[\r][\n]"
13:22:33.944 [Test worker] DEBUG org.apache.http.wire -  << "0fe8[\r][\n]"
13:22:33.945 [Test worker] DEBUG org.apache.http.wire -  << "ustProperty><ns2:CustProperty><ns2:Code>C_CUST_MEDIA_FLAG</ns2:Code><ns2:Value>N</ns2:Value></ns2:CustProperty><ns2:CustProperty><ns2:Code>C_TAX_PAYER_IDENTIFICATION_NO</ns2:Code><ns2:Value></ns2:Value></ns2:CustProperty><ns2:CustProperty><ns2:Code>C_CUST_DECEASED</ns2:Code><ns2:Value>N</ns2:Value></ns2:CustProperty><ns2:CustProperty><ns2:Code>C_EVENING_PHONE</ns2:Code><ns2:Value></ns2:Value></ns2:CustProperty><ns2:CustProperty><ns2:Code>C_Extend_Cust_Str_Attr5</ns2:Code><ns2:Value></ns2:Value></ns2:CustProperty><ns2:CustProperty><ns2:Code>C_Extend_Cust_Str_Attr4</ns2:Code><ns2:Value></ns2:Value></ns2:CustProperty><ns2:CustProperty><ns2:Code>C_Extend_Cust_Str_Attr3</ns2:Code><ns2:Value></ns2:Value></ns2:CustProperty><ns2:CustProperty><ns2:Code>C_Extend_Cust_Str_Attr2</ns2:Code><ns2:Value></ns2:Value></ns2:CustProperty><ns2:CustProperty><ns2:Code>C_DAYTIME_PHONE</ns2:Code><ns2:Value></ns2:Value></ns2:CustProperty><ns2:CustProperty><ns2:Code>C_Extend_Cust_Str_Attr9</ns2:Code><ns2:Value></ns2:Value></ns2:CustProperty><ns2:CustProperty><ns2:Code>C_Extend_Cust_Str_Attr8</ns2:Code><ns2:Value></ns2:Value></ns2:CustProperty><ns2:CustProperty><ns2:Code>C_CUST_MARKETING_CONSENT</ns2:Code><ns2:Value>N</ns2:Value></ns2:CustProperty><ns2:CustProperty><ns2:Code>C_Extend_Cust_Str_Attr7</ns2:Code><ns2:Value></ns2:Value></ns2:CustProperty><ns2:CustProperty><ns2:Code>C_Extend_Cust_Str_Attr6</ns2:Code><ns2:Value></ns2:Value></ns2:CustProperty><ns2:CustProperty><ns2:Code>C_OLD_IC</ns2:Code><ns2:Value></ns2:Value></ns2:CustProperty><ns2:CustProperty><ns2:Code>C_Extend_Cust_Str_Attr1</ns2:Code><ns2:Value></ns2:Value></ns2:CustProperty><ns2:CustProperty><ns2:Code>C_Extend_Cust_Str_Attr10</ns2:Code><ns2:Value></ns2:Value></ns2:CustProperty><ns2:CustProperty><ns2:Code>C_CUST_BILLSUM</ns2:Code><ns2:Value>0</ns2:Value></ns2:CustProperty><ns2:CustProperty><ns2:Code>C_CORP_CUST_SEGMENT</ns2:Code><ns2:Value></ns2:Value></ns2:CustProperty><ns2:CustProperty><ns2:Code>C_ACCESSIBILITY_FLAG</ns2:Code><ns2:Value></ns2:Value></ns2:CustProperty><ns2:CustProperty><ns2:Code>C_CUST_BelToAreaID</ns2:Code><ns2:Value>101</ns2:Value></ns2:CustProperty><ns2:CustProperty><ns2:Code>C_CUST_ID</ns2:Code><ns2:Value>100050000000347316</ns2:Value></ns2:CustProperty></ns2:CustBasicInfo></ns3:CustInfo><ns3:IndividualInfo><ns2:IDType>6</ns2:IDType><ns2:IDNumber>459399130</ns2:IDNumber><ns2:FirstName>Juan Kaf</ns2:FirstName><ns2:LastName>Bastian Arri</ns2:LastName><ns2:HomePhone>3303000</ns2:HomePhone><ns2:Email>pruebaAutomatizadaQA@gmail.com</ns2:Email><ns2:IndividualProperty><ns2:Code>C_MKT_P_STATUS</ns2:Code><ns2:Value>1</ns2:Value></ns2:IndividualProperty></ns3:IndividualInfo></ns3:UserCustomer></ns3:SubscriberInfo><ns3:PaymentMode>0</ns3:PaymentMode><ns3:PrimaryOffering><ns2:OfferingKey><ns2:OfferingID>110110367</ns2:OfferingID><ns2:PurchaseSeq>205566</ns2:PurchaseSeq></ns2:OfferingKey><ns2:BundledFlag>S</ns2:BundledFlag><ns2:OfferingClass>I</ns2:OfferingClass><ns2:Status>2</ns2:Status><ns2:ProductInst><ns2:ProductID>1010</ns2:ProductID><ns2:PrimaryFlag>A</ns2:PrimaryFlag><ns2:PackageFlag>A</ns2:PackageFlag><ns2:NetworkType>1</ns2:NetworkType><ns2:ProductType>4</ns2:ProductType></ns2:ProductInst><ns2:ProductInst><ns2:ProductID>1014</ns2:ProductID><ns2:PrimaryFlag>A</ns2:PrimaryFlag><ns2:PackageFlag>A</ns2:PackageFlag><ns2:NetworkType>1</ns2:NetworkType><ns2:ProductType>1</ns2:ProductType></ns2:ProductInst><ns2:ProductInst><ns2:ProductID>1011</ns2:ProductID><ns2:PrimaryFlag>A</ns2:PrimaryFlag><ns2:PackageFlag>A</ns2:PackageFlag><ns2:NetworkType>1</ns2:NetworkType><ns2:ProductType>1</ns2:ProductType></ns2:ProductInst><ns2:ProductInst><ns2:ProductID>1822969218</ns2:ProductID><ns2:PrimaryFlag>A</ns2:PrimaryFlag><ns2:PackageFlag>A</ns2:PackageFlag><ns2:NetworkType>1</ns2:NetworkType><ns2:ProductType>1</ns2:ProductType></ns2:ProductInst><ns2:ProductInst><ns2:ProductID>1053</ns2:ProductID><ns2:PrimaryFlag>M"
13:22:33.945 [Test worker] DEBUG org.apache.http.wire -  << "</ns2:PrimaryFlag><ns2:PackageFlag>A</ns2:PackageFlag><ns2:NetworkType>1</ns2:NetworkType><ns2:ProductType>1</ns2:ProductType></ns2:ProductInst><ns2:Pr"
13:22:33.945 [Test worker] DEBUG org.apache.http.wire -  << "[\r][\n]"
13:22:33.945 [Test worker] DEBUG org.apache.http.wire -  << "0076[\r][\n]"
13:22:33.945 [Test worker] DEBUG org.apache.http.wire -  << "oductInst><ns2:ProductID>1042</ns2:ProductID><ns2:PrimaryFlag>A</ns2:PrimaryFlag><ns2:PackageFlag>A</ns2:PackageFlag><"
13:22:33.945 [Test worker] DEBUG org.apache.http.wire -  << "[\r][\n]"
13:22:33.945 [Test worker] DEBUG org.apache.http.wire -  << "0fe8[\r][\n]"
13:22:33.945 [Test worker] DEBUG org.apache.http.wire -  << "ns2:NetworkType>1</ns2:NetworkType><ns2:ProductType>1</ns2:ProductType></ns2:ProductInst></ns3:PrimaryOffering></ns3:Subscriber><ns3:Account><ns3:AcctKey>PRE-8700255748</ns3:AcctKey><ns3:AcctInfo><ns3:AcctCode>CBS100050000000347374</ns3:AcctCode><ns3:UserCustomerKey>CTA00000269118</ns3:UserCustomerKey><ns3:UserCustomer><ns3:CustKey>CTA00000269118</ns3:CustKey><ns3:CustInfo><ns2:CustType>1</ns2:CustType><ns2:CustNodeType>1</ns2:CustNodeType><ns2:CustClass>1</ns2:CustClass><ns2:CustCode>CBS100050000000347316</ns2:CustCode><ns2:CustBasicInfo><ns2:DFTWrittenLang>2002</ns2:DFTWrittenLang><ns2:DFTIVRLang>2002</ns2:DFTIVRLang><ns2:DunningFlag>1</ns2:DunningFlag><ns2:CustProperty><ns2:Code>C_Extend_Cust_Int_Attr8</ns2:Code><ns2:Value></ns2:Value></ns2:CustProperty><ns2:CustProperty><ns2:Code>C_CUSTOMER_TAX_RATE</ns2:Code><ns2:Value></ns2:Value></ns2:CustProperty><ns2:CustProperty><ns2:Code>C_Extend_Cust_Int_Attr9</ns2:Code><ns2:Value></ns2:Value></ns2:CustProperty><ns2:CustProperty><ns2:Code>C_CUST_BANKRUPTCY</ns2:Code><ns2:Value>N</ns2:Value></ns2:CustProperty><ns2:CustProperty><ns2:Code>C_Extend_Cust_Int_Attr10</ns2:Code><ns2:Value></ns2:Value></ns2:CustProperty><ns2:CustProperty><ns2:Code>C_Extend_Cust_Int_Attr4</ns2:Code><ns2:Value></ns2:Value></ns2:CustProperty><ns2:CustProperty><ns2:Code>C_Extend_Cust_Int_Attr5</ns2:C"
13:22:33.961 [Test worker] DEBUG org.apache.http.wire -  << "ode><ns2:Value></ns2:Value></ns2:CustProperty><ns2:CustProperty><ns2:Code>C_Extend_Cust_Int_Attr6</ns2:Code><ns2:Value></ns2:Value></ns2:CustProperty><ns2:CustProperty><ns2:Code>C_Extend_Cust_Int_Attr7</ns2:Code><ns2:Value></ns2:Value></ns2:CustProperty><ns2:CustProperty><ns2:Code>C_LEGAL_CATEGORY</ns2:Code><ns2:Value></ns2:Value></ns2:CustProperty><ns2:CustProperty><ns2:Code>C_CONTRACT_ID</ns2:Code><ns2:Value></ns2:Value></ns2:CustProperty><ns2:CustProperty><ns2:Code>C_Extend_Cust_Int_Attr1</ns2:Code><ns2:Value></ns2:Value></ns2:CustProperty><ns2:CustProperty><ns2:Code>C_Extend_Cust_Int_Attr2</ns2:Code><ns2:Value></ns2:Value></ns2:CustProperty><ns2:CustProperty><ns2:Code>C_NEW_IC</ns2:Code><ns2:Value></ns2:Value></ns2:CustProperty><ns2:CustProperty><ns2:Code>C_Extend_Cust_Int_Attr3</ns2:Code><ns2:Value></ns2:Value></ns2:CustProperty><ns2:CustProperty><ns2:Code>C_REG_FLAG</ns2:Code><ns2:Value>N</ns2:Value></ns2:CustProperty><ns2:CustProperty><ns2:Code>C_NRC</ns2:Code><ns2:Value></ns2:Value></ns2:CustProperty><ns2:CustProperty><ns2:Code>C_CUST_CATEGORY</ns2:Code><ns2:Value></ns2:Value></ns2:CustProperty><ns2:CustProperty><ns2:Code>C_CUST_SALT</ns2:Code><ns2:Value>E495DB6440ED5A0F</ns2:Value></ns2:CustProperty><ns2:CustProperty><ns2:Code>C_EXTERNAL_CUST_ID</ns2:Code><ns2:Value></ns2:Value></ns2:CustProperty><ns2:CustProperty><ns2:Code>C_FRAUD_FLAG</ns2:Code><ns2:Value>N</ns2:Value></ns2:CustProperty><ns2:CustProperty><ns2:Code>C_CUST_MEDIA_FLAG</ns2:Code><ns2:Value>N</ns2:Value></ns2:CustProperty><ns2:CustProperty><ns2:Code>C_TAX_PAYER_IDENTIFICATION_NO</ns2:Code><ns2:Value></ns2:Value></ns2:CustProperty><ns2:CustProperty><ns2:Code>C_CUST_DECEASED</ns2:Code><ns2:Value>N</ns2:Value></ns2:CustProperty><ns2:CustProperty><ns2:Code>C_EVENING_PHONE</ns2:Code><ns2:Value></ns2:Value></ns2:CustProperty><ns2:CustProperty><ns2:Code>C_Extend_Cust_Str_Attr5</ns2:Code><ns2:Value></ns2:Value></ns2:CustProperty><ns2:CustProperty><ns2:Code>C_Extend_Cust_Str_Attr4</ns2:Code><ns2:Value></ns2:Value></ns2:CustProperty><ns2:CustProperty><ns2:Code>C_Extend_Cust_Str_Attr3</ns2:Code><ns2:Value></ns2:Value></ns2:CustProperty><ns2:CustProperty><ns2:Code>C_Extend_Cust_Str_Attr2</ns2:Code><ns2:Value></ns2:Value></ns2:CustProperty><ns2:CustProperty><ns2:Code>C_DAYTIME_PHONE</ns2:Code><ns2:Value></ns2:Value></ns2:CustProperty><ns2:CustProperty><ns2:Code>C_Extend_Cust_Str_Attr9</ns2:Code><ns2:Value></ns2:Value></ns2:CustProperty><ns2:CustProperty><ns2:Code>C_Extend_Cust_Str_Attr8</ns2:Code><ns2:Value></ns2:Value></ns2:CustProperty><ns2:CustProperty><ns2:Code>C_CUST_MARKETING_CONSENT</ns2:Code><ns2:Value>N</ns2:Value></ns2:CustProperty><ns2:CustProperty><ns2:Code>C_Extend_Cust_Str_Attr7</ns2:Code><ns2:Value></ns2:Value><"
13:22:33.961 [Test worker] DEBUG org.apache.http.wire -  << "[\r][\n]"
13:22:33.962 [Test worker] DEBUG org.apache.http.wire -  << "0fe8[\r][\n]"
13:22:33.962 [Test worker] DEBUG org.apache.http.wire -  << "/ns2:CustProperty><ns2:CustProperty><ns2:Code>C_Extend_Cust_Str_Attr6</ns2:Code><ns2:Value></ns2:Value></ns2:CustProperty><ns2:CustProperty><ns2:Code>C_OLD_IC</ns2:Code><ns2:Value></ns2:Value></ns2:CustProperty><ns2:CustProperty><ns2:Code>C_Extend_Cust_Str_Attr1</ns2:Code><ns2:Value></ns2:Value></ns2:CustProperty><ns2:CustProperty><ns2:Code>C_Extend_Cust_Str_Attr10</ns2:Code><ns2:Value></ns2:Value></ns2:CustProperty><ns2:CustProperty><ns2:Code>C_CUST_BILLSUM</ns2:Code><ns2:Value>0</ns2:Value></ns2:CustProperty><ns2:CustProperty><ns2:Code>C_CORP_CUST_SEGMENT</ns2:Code><ns2:Value></ns2:Value></ns2:CustProperty><ns2:CustProperty><ns2:Code>C_ACCESSIBILITY_FLAG</ns2:Code><ns2:Value></ns2:Value></ns2:CustProperty><ns2:CustProperty><ns2:Code>C_CUST_BelToAreaID</ns2:Code><ns2:Value>101</ns2:Value></ns2:CustProperty><ns2:CustProperty><ns2:Code>C_CUST_ID</ns2:Code><ns2:Value>100050000000347316</ns2:Value></ns2:CustProperty></ns2:CustBasicInfo></ns3:CustInfo><ns3:IndividualInfo><ns2:IDType>6</ns2:IDType><ns2:IDNumber>459399130</ns2:IDNumber><ns2:FirstName>Juan Kaf</ns2:FirstName><ns2:LastName>Bastian Arri</ns2:LastName><ns2:HomePhone>3303000</ns2:HomePhone><ns2:Email>pruebaAutomatizadaQA@gmail.com</ns2:Email><ns2:IndividualProperty><ns2:Code>C_MKT_P_STATUS</ns2:Code><ns2:Value>1</ns2:Value></ns2:IndividualProperty></ns3:IndividualInfo></ns3:UserCustomer><ns3:RootAcctKey>PRE-8700255748</ns3:RootAcctKey><ns3:AcctBasicInfo><ns2:BillLang>2002</ns2:BillLang><ns2:DunningFlag>1</ns2:DunningFlag><ns2:LateFeeChargeable>N</ns2:LateFeeChargeable><ns2:RedlistFlag>0</ns2:RedlistFlag><ns2:ContactInfo><ns2:FirstName>Juan Kaf</ns2:FirstName><ns2:LastName>Bastian Arri</ns2:LastName><ns2:AddressKey>4fac60f253fe37bad802f9238479d6a9</ns2:AddressKey><ns2:HomePhone>3303000</ns2:HomePhone><ns2:MobilePhone>3043208091</ns2:MobilePhone><ns2:Email>pruebaAutomatizadaQA@gmail.com</ns2:Email></ns2:ContactInfo><ns2:AcctProperty><ns2:Code>C_ACCOUNT_INFO_5</ns2:Code><ns2:Value></ns2:Value></ns2:AcctProperty><ns2:AcctProperty><ns2:Code>C_GRP_IND_ACCT</ns2:Code><ns2:Value></ns2:Value></ns2:AcctProperty><ns2:AcctProperty><ns2:Code>C_INIT_BALANCE</ns2:Code><ns2:Value></ns2:Value></ns2:AcctProperty><ns2:AcctProperty><ns2:Code>C_ACCOUNT_INFO_3</ns2:Code><ns2:Value></ns2:Value></ns2:AcctProperty><ns2:AcctProperty><ns2:Code>C_ACCOUNT_INFO_4</ns2:Code><ns2:Value></ns2:Value></ns2:AcctPro"
13:22:33.968 [Test worker] DEBUG org.apache.http.wire -  << "perty><ns2:AcctProperty><ns2:Code>C_Extend_Acct_Int_Attr1</ns2:Code><ns2:Value></ns2:Value></ns2:AcctProperty><ns2:AcctProperty><ns2:Code>C_Extend_Acct_Int_Attr2</ns2:Code><ns2:Value></ns2:Value></ns2:AcctProperty><ns2:AcctProperty><ns2:Code>C_Extend_Acct_Int_Attr3</ns2:Code><ns2:Value></ns2:Value></ns2:AcctProperty><ns2:AcctProperty><ns2:Code>C_POINT_ACCM_FLAG</ns2:Code><ns2:Value>1</ns2:Value></ns2:AcctProperty><ns2:AcctProperty><ns2:Code>C_RTN</ns2:Code><ns2:Value></ns2:Value></ns2:AcctProperty><ns2:AcctProperty><ns2:Code>C_BILLING_GROUP_NO</ns2:Code><ns2:Value></ns2:Value></ns2:AcctProperty><ns2:AcctProperty><ns2:Code>C_GRACE_PERIOD</ns2:Code><ns2:Value></ns2:Value></ns2:AcctProperty><ns2:AcctProperty><ns2:Code>C_BILL_TYPE</ns2:Code><ns2:Value>T</ns2:Value></ns2:AcctProperty><ns2:AcctProperty><ns2:Code>C_TAX_CORRELATIVE_TYPE</ns2:Code><ns2:Value></ns2:Value></ns2:AcctProperty><ns2:AcctProperty><ns2:Code>C_ACCOUNT_CATEGORY</ns2:Code><ns2:Value>0</ns2:Value></ns2:AcctProperty><ns2:AcctProperty><ns2:Code>C_IS_VPN_ACCT_SUSPEND</ns2:Code><ns2:Value>0</ns2:Value></ns2:AcctProperty><ns2:AcctProperty><ns2:Code>C_BUSINESS_TYPE</ns2:Code><ns2:Value>0</ns2:Value></ns2:AcctProperty><ns2:AcctProperty><ns2:Code>C_Extend_Acct_Int_Attr4</ns2:Code><ns2:Value></ns2:Value></ns2:AcctProperty><ns2:AcctProperty><ns2:Code>C_Extend_Acct_Int_Attr5</ns2:Code><ns2:Value></ns2:Value></ns2:AcctProperty><ns2:AcctProperty><ns2:Code>C_FRAUD_WRITEOFF_FLAG</ns2:Code><ns2:Value>N</ns2:Value></ns2:AcctProperty><ns2:AcctProperty><ns2:Code>C_Extend_Acct_Int_Attr6</ns2:Code><ns2:Value></ns2:Value></ns2:AcctProperty><ns2:AcctProperty><ns2:Code>C_Extend_Acct_Int_Attr7</ns2:Code><ns2:Value></ns2:Value></"
13:22:33.969 [Test worker] DEBUG org.apache.http.wire -  << "[\r][\n]"
13:22:33.969 [Test worker] DEBUG org.apache.http.wire -  << "0fe8[\r][\n]"
13:22:33.969 [Test worker] DEBUG org.apache.http.wire -  << "ns2:AcctProperty><ns2:AcctProperty><ns2:Code>C_IMG_IDX</ns2:Code><ns2:Value></ns2:Value></ns2:AcctProperty><ns2:AcctProperty><ns2:Code>C_Extend_Acct_Int_Attr8</ns2:Code><ns2:Value></ns2:Value></ns2:AcctProperty><ns2:AcctProperty><ns2:Code>C_ACCOUNT_INFO_1</ns2:Code><ns2:Value></ns2:Value></ns2:AcctProperty><ns2:AcctProperty><ns2:Code>C_MCF_SELECTED</ns2:Code><ns2:Value>1</ns2:Value></ns2:AcctProperty><ns2:AcctProperty><ns2:Code>C_Extend_Acct_Int_Attr9</ns2:Code><ns2:Value></ns2:Value></ns2:AcctProperty><ns2:AcctProperty><ns2:Code>C_VERIFICATION_DIGIT</ns2:Code><ns2:Value></ns2:Value></ns2:AcctProperty><ns2:AcctProperty><ns2:Code>C_ACCOUNT_INFO_2</ns2:Code><ns2:Value></ns2:Value></ns2:AcctProperty><ns2:AcctProperty><ns2:Code>C_PRI_SUB_ID</ns2:Code><ns2:Value></ns2:Value></ns2:AcctProperty><ns2:AcctProperty><ns2:Code>C_DVD_IDX</ns2:Code><ns2:Value"
13:22:33.971 [Test worker] DEBUG org.apache.http.wire -  << ">N</ns2:Value></ns2:AcctProperty><ns2:AcctProperty><ns2:Code>C_Extend_Acct_Str_Attr1</ns2:Code><ns2:Value></ns2:Value></ns2:AcctProperty><ns2:AcctProperty><ns2:Code>C_POINT_EXCHANGE_FLAG</ns2:Code><ns2:Value>0</ns2:Value></ns2:AcctProperty><ns2:AcctProperty><ns2:Code>C_ACCT_AUTOPAY_FAILCOUNTER</ns2:Code><ns2:Value>0</ns2:Value></ns2:AcctProperty><ns2:AcctProperty><ns2:Code>C_NIT</ns2:Code><ns2:Value></ns2:Value></ns2:AcctProperty><ns2:AcctProperty><ns2:Code>C_CONTRACT_NUMBER</ns2:Code><ns2:Value></ns2:Value></ns2:AcctProperty><ns2:AcctProperty><ns2:Code>C_PAY_INTIME_DATE</ns2:Code><ns2:Value></ns2:Value></ns2:AcctProperty><ns2:AcctProperty><ns2:Code>C_OVER_DRAFT_FOR_PREPAID</ns2:Code><ns2:Value></ns2:Value></ns2:AcctProperty><ns2:AcctProperty><ns2:Code>C_ACCOUNT_TAX_EXEMPTION</ns2:Code><ns2:Value>0</ns2:Value></ns2:AcctProperty><ns2:AcctProperty><ns2:Code>C_ACCT_BILLFLAG</ns2:Code><ns2:Value>0</ns2:Value></ns2:AcctProperty><ns2:AcctProperty><ns2:Code>C_DUNNING_EXCEPTION_LIST</ns2:Code><ns2:Value>0000</ns2:Value></ns2:AcctProperty><ns2:AcctProperty><ns2:Code>C_MARKETING_CATEGORY</ns2:Code><ns2:Value></ns2:Value></ns2:AcctProperty><ns2:AcctProperty><ns2:Code>C_SOCIETY</ns2:Code><ns2:Value></ns2:Value></ns2:AcctProperty><ns2:AcctProperty><ns2:Code>C_DDI_STATUS</ns2:Code><ns2:Value></ns2:Value></ns2:AcctProperty><ns2:AcctProperty><ns2:Code>C_Extend_Acct_Str_Attr10</ns2:Code><ns2:Value></ns2:Value></ns2:AcctProperty><ns2:AcctProperty><ns2:Code>C_Extend_Acct_Str_Attr9</ns2:Code><ns2:Value></ns2:Value></ns2:AcctProperty><ns2:AcctProperty><ns2:Code>C_ECONOMIC_STRATUM</ns2:Code><ns2:Value></ns2:Value></ns2:AcctProperty><ns2:AcctProperty><ns2:Code>C_Extend_Acct_Str_Attr8</ns2:Code><ns2:Value></ns2:Value></ns2:AcctProperty><ns2:AcctProperty><ns2:Code>C_Extend_Acct_Str_Attr7</ns2:Code><ns2:Value></ns2:Value></ns2:AcctProperty><ns2:AcctProperty><ns2:Code>C_Extend_Acct_Str_Attr6</ns2:Code><ns2:Value></ns2:Value></ns2:AcctProperty><ns2:AcctProperty><ns2:Code>C_Extend_Acct_Str_Attr5</ns2:Code><ns2:Value></ns2:Value></ns2:AcctProperty><ns2:AcctProperty><ns2:Code>C_BILL_CONFIRM</ns2:Code><ns2:Value>N</ns2:Value></ns2:AcctProperty><ns2:AcctProperty><ns2:Code>C_Extend_Acct_Str_Attr4</ns2:Code><ns2:Value></ns2:Value></ns2:AcctProperty><ns2:AcctProperty><ns2:Code>C_Extend_Acct_Str_Attr3</ns2:Code><ns2:Value></ns2:Value></ns2:AcctProperty><ns2:AcctProperty><ns2:Code>C_ACCT_STATUS</ns2:Code><ns2:Value>0</ns2:Value></ns2:AcctProperty><ns2:AcctProperty><ns2:Code>C_Extend_Acct_Str_Attr2</ns2:Code><ns2:Value></ns2:Value></ns2:AcctProperty><ns2:AcctProperty><ns2:Code>C_Extend_Acct_Int_Attr10</ns2:Code><ns2:Value></ns2:Value></ns2:AcctProperty><ns2:AcctProperty><ns2:Code>C_ACCOUNT_RELIABILITY</ns2:Code><ns2:Value></ns2:Value></ns2:AcctProperty><ns2:AcctProperty><ns2:Code>C_COLLECTION_CATEGORY</ns2:Code><ns2:Value></ns2:Value></ns2:AcctProperty><ns2:AcctProperty><ns2:Code>C_CITY</ns2:Code><ns2:Value>11001</ns2:Value></ns2:AcctProperty><ns2:AcctProperty><ns2:Code>C_ACCOUNT_MANDATE_CODE</ns2:Code><ns2:Value></ns2:Value></ns2:AcctProperty><ns2:AcctProperty><ns2:Code>C_PROVINCE</ns2:Code><ns2:Value>11</ns2:Value></ns2:AcctProperty><ns2:AcctProperty><ns2:Code>C_RFC</ns2:Code><ns2:Value></ns2:"
13:22:33.971 [Test worker] DEBUG org.apache.http.wire -  << "[\r][\n]"
13:22:33.971 [Test worker] DEBUG org.apache.http.wire -  << "006a[\r][\n]"
13:22:33.971 [Test worker] DEBUG org.apache.http.wire -  << "Value></ns2:AcctProperty><ns2:AcctProperty><ns2:Code>C_CLAIM_FLAG</ns2:Code><ns2:Value>N</ns2:Value></ns2:"
13:22:33.971 [Test worker] DEBUG org.apache.http.wire -  << "[\r][\n]"
13:22:33.971 [Test worker] DEBUG org.apache.http.wire -  << "0ab0[\r][\n]"
13:22:33.971 [Test worker] DEBUG org.apache.http.wire -  << "AcctProperty><ns2:AcctProperty><ns2:Code>C_ROUTEID</ns2:Code><ns2:Value></ns2:Value></ns2:AcctProperty><ns2:AcctProperty><ns2:Code>C_SUC_AUTOPAY_DATE</ns2:Code><ns2:Value></ns2:Value></ns2:AcctProperty><ns2:AcctProperty><ns2:Code>C_POINT_DISTRIBUTE_RATE</ns2:Code><ns2:Value>0</ns2:Value></ns2:AcctProperty><ns2:AcctProperty><ns2:Code>C_ROAM_ACCT_ORDER_SEND</ns2:Code><ns2:Value>0</ns2:Value></ns2:AcctProperty><ns2:AcctProperty><ns2:Code>C_DD_REFERENCE</ns2:Code><ns2:Value></ns2:Value></ns2:AcctProperty><ns2:AcctProperty><ns2:Code>C_TERRITORY</ns2:Code><ns2:Value></ns2:Value></ns2:AcctProperty><ns2:AcctProperty><ns2:Code>C_CHG_ACCT_STATUS</ns2:Code><ns2:Value>0</ns2:Value></ns2:AcctProperty><ns2:AcctProperty><ns2:Code>C_DUE_DATE_TYPE</ns2:Code><ns2:Value></ns2:Value></ns2:AcctProperty><ns2:AcctProperty><ns2:Code>C_CREDIT_RECALCULATION_FLAG</ns2:Code><ns2:Value>N</ns2:Value></ns2:AcctProperty><ns2:AcctProperty><ns2:Code>C_BUSINESS_UNIT</ns2:Code><ns2:Value></ns2:Value></ns2:AcctProperty><ns2:AcctProperty><ns2:Code>C_OTHER_CARRIER</ns2:Code><ns2:Value>0</ns2:Value></ns2:AcctProperty><ns2:AcctProperty><ns2:Code>C_LATEFEE_FLAG</ns2:Code><ns2:Value>N</ns2:Value></ns2:AcctProperty><ns2:AcctProperty><ns2:Code>C_REF_A</ns2:Code><ns2:Value></ns2:Value></ns2:AcctProperty><ns2:AcctProperty><ns2:Code>OverDraftForPrepaid</ns2:Code><ns2:Value>0</ns2:Value></ns2:AcctProperty><ns2:AcctProperty><ns2:Code>C_BILL_DISPATCH_CODE</ns2:Code><ns2:Value></ns2:Value></ns2:AcctProperty><ns2:AcctProperty><ns2:Code>C_REF_B</ns2:Code><ns2:Value></ns2:Value></ns2:AcctProperty><ns2:AcctProperty><ns2:Code>C_ACCTCYCLELENGTH</ns2:Code><ns2:Value>1</ns2:Value></ns2:AcctProperty><ns2:AcctProperty><ns2:Code>C_PRI_SUB_IDENTIFIER</ns2:Code><ns2:Value></ns2:Value></ns2:AcctProperty><ns2:AcctProperty><ns2:Code>C_DCA_NAME</ns2:Code><ns2:Value></ns2:Value></ns2:AcctProperty><ns2:AcctProperty><ns2:Code>C_ACCT_ID</ns2:Code><ns2:Value>100050000000347374</ns2:Value></ns2:AcctProperty></ns3:AcctBasicInfo><ns3:BillCycleType>28</ns3:BillCycleType><ns3:AcctType>1</ns3:AcctType><ns3:PaymentType>0</ns3:PaymentType><ns3:AcctClass>1</ns3:AcctClass><ns3:CurrencyID>1032</ns3:CurrencyID><ns3:AcctPayMethod>1</ns3:AcctPayMethod><ns3:AddressInfo><ns2:AddressKey>4fac60f253fe37bad802f9238479d6a9</ns2:AddressKey><ns2:Address1>Avenida 45# 16- 36 </ns2:Address1><ns2:Address5>BOGOTA</ns2:Address5><ns2:Address6>BOGOTA D.E</ns2:Address6><ns2:Address7>Centro</ns2:Address7><ns2:Address8>Colombia</ns2:Address8></ns3:AddressInfo><ns3:BillCycleOpenDate>20220328000000</ns3:BillCycleOpenDate><ns3:BillCycleEndDate>20220428000000</ns3:BillCycleEndDate></ns3:AcctInfo></ns3:Account></QueryCustomerInfoResult></return></ns4:queryCustomerInfoResponse></S:Body></S:Envelope>"
13:22:33.972 [Test worker] DEBUG org.apache.http.wire -  << "[\r][\n]"
13:22:33.972 [Test worker] DEBUG org.apache.http.wire -  << "0000[\r][\n]"
13:22:33.972 [Test worker] DEBUG org.apache.http.wire -  << "[\r][\n]"
13:22:33.972 [Test worker] DEBUG org.apache.http.impl.conn.BasicClientConnectionManager - Releasing connection org.apache.http.impl.conn.ManagedClientConnectionImpl@76118180
13:22:33.972 [Test worker] DEBUG org.apache.http.impl.conn.BasicClientConnectionManager - Connection can be kept alive indefinitely
13:22:33.980 [Test worker] DEBUG org.apache.http.impl.conn.BasicClientConnectionManager - Get connection for route {}->http://10.65.45.12:9001
13:22:33.981 [Test worker] DEBUG org.apache.http.impl.conn.DefaultClientConnectionOperator - Connecting to 10.65.45.12:9001
13:22:34.031 [Test worker] DEBUG org.apache.http.client.protocol.RequestAddCookies - CookieSpec selected: ignoreCookies
13:22:34.031 [Test worker] DEBUG org.apache.http.client.protocol.RequestAuthCache - Auth cache not set in the context
13:22:34.031 [Test worker] DEBUG org.apache.http.client.protocol.RequestTargetAuthentication - Target auth state: UNCHALLENGED
13:22:34.031 [Test worker] DEBUG org.apache.http.client.protocol.RequestProxyAuthentication - Proxy auth state: UNCHALLENGED
13:22:34.031 [Test worker] DEBUG org.apache.http.impl.client.DefaultHttpClient - Attempt 1 to execute request
13:22:34.032 [Test worker] DEBUG org.apache.http.impl.conn.DefaultClientConnection - Sending request: POST /gatewaymgint/GatewayMGWSInt HTTP/1.1
13:22:34.032 [Test worker] DEBUG org.apache.http.wire -  >> "POST /gatewaymgint/GatewayMGWSInt HTTP/1.1[\r][\n]"
13:22:34.032 [Test worker] DEBUG org.apache.http.wire -  >> "Accept: */*[\r][\n]"
13:22:34.032 [Test worker] DEBUG org.apache.http.wire -  >> "Content-Type: text/xml;charset=UTF-8[\r][\n]"
13:22:34.032 [Test worker] DEBUG org.apache.http.wire -  >> "Content-Length: 479[\r][\n]"
13:22:34.032 [Test worker] DEBUG org.apache.http.wire -  >> "Host: 10.65.45.12:9001[\r][\n]"
13:22:34.032 [Test worker] DEBUG org.apache.http.wire -  >> "Connection: Keep-Alive[\r][\n]"
13:22:34.032 [Test worker] DEBUG org.apache.http.wire -  >> "User-Agent: Apache-HttpClient/4.5.9 (Java/1.8.0_291)[\r][\n]"
13:22:34.032 [Test worker] DEBUG org.apache.http.wire -  >> "Accept-Encoding: gzip,deflate[\r][\n]"
13:22:34.032 [Test worker] DEBUG org.apache.http.wire -  >> "[\r][\n]"
13:22:34.032 [Test worker] DEBUG org.apache.http.headers - >> POST /gatewaymgint/GatewayMGWSInt HTTP/1.1
13:22:34.032 [Test worker] DEBUG org.apache.http.headers - >> Accept: */*
13:22:34.032 [Test worker] DEBUG org.apache.http.headers - >> Content-Type: text/xml;charset=UTF-8
13:22:34.032 [Test worker] DEBUG org.apache.http.headers - >> Content-Length: 479
13:22:34.032 [Test worker] DEBUG org.apache.http.headers - >> Host: 10.65.45.12:9001
13:22:34.032 [Test worker] DEBUG org.apache.http.headers - >> Connection: Keep-Alive
13:22:34.032 [Test worker] DEBUG org.apache.http.headers - >> User-Agent: Apache-HttpClient/4.5.9 (Java/1.8.0_291)
13:22:34.032 [Test worker] DEBUG org.apache.http.headers - >> Accept-Encoding: gzip,deflate
13:22:34.032 [Test worker] DEBUG org.apache.http.wire -  >> "<soapenv:Envelope xmlns:soapenv="http://schemas.xmlsoap.org/soap/envelope/" xmlns:web="http://webservices.gatewaymg.tigo.com.co/">[\n]"
13:22:34.032 [Test worker] DEBUG org.apache.http.wire -  >> "   <soapenv:Header/>[\n]"
13:22:34.032 [Test worker] DEBUG org.apache.http.wire -  >> "   <soapenv:Body>[\n]"
13:22:34.032 [Test worker] DEBUG org.apache.http.wire -  >> "      <web:uninstallSubscription>[\n]"
13:22:34.032 [Test worker] DEBUG org.apache.http.wire -  >> "         <!--Optional:-->[\n]"
13:22:34.033 [Test worker] DEBUG org.apache.http.wire -  >> "         <arg0>[\n]"
13:22:34.033 [Test worker] DEBUG org.apache.http.wire -  >> "            <!--Optional:-->[\n]"
13:22:34.033 [Test worker] DEBUG org.apache.http.wire -  >> "            <msisdn>3043208091</msisdn>[\n]"
13:22:34.033 [Test worker] DEBUG org.apache.http.wire -  >> "            <!--Optional:-->[\n]"
13:22:34.033 [Test worker] DEBUG org.apache.http.wire -  >> "            <transactionId>?</transactionId>[\n]"
13:22:34.033 [Test worker] DEBUG org.apache.http.wire -  >> "         </arg0>[\n]"
13:22:34.033 [Test worker] DEBUG org.apache.http.wire -  >> "      </web:uninstallSubscription>[\n]"
13:22:34.033 [Test worker] DEBUG org.apache.http.wire -  >> "   </soapenv:Body>[\n]"
13:22:34.033 [Test worker] DEBUG org.apache.http.wire -  >> "</soapenv:Envelope>"
13:22:34.268 [Test worker] DEBUG org.apache.http.wire -  << "HTTP/1.1 200 OK[\r][\n]"
13:22:34.268 [Test worker] DEBUG org.apache.http.wire -  << "Date: Wed, 27 Apr 2022 18:22:33 GMT[\r][\n]"
13:22:34.268 [Test worker] DEBUG org.apache.http.wire -  << "Transfer-Encoding: chunked[\r][\n]"
13:22:34.268 [Test worker] DEBUG org.apache.http.wire -  << "Content-Type: text/xml; charset=utf-8[\r][\n]"
13:22:34.268 [Test worker] DEBUG org.apache.http.wire -  << "[\r][\n]"
13:22:34.268 [Test worker] DEBUG org.apache.http.impl.conn.DefaultClientConnection - Receiving response: HTTP/1.1 200 OK
13:22:34.268 [Test worker] DEBUG org.apache.http.headers - << HTTP/1.1 200 OK
13:22:34.268 [Test worker] DEBUG org.apache.http.headers - << Date: Wed, 27 Apr 2022 18:22:33 GMT
13:22:34.268 [Test worker] DEBUG org.apache.http.headers - << Transfer-Encoding: chunked
13:22:34.269 [Test worker] DEBUG org.apache.http.headers - << Content-Type: text/xml; charset=utf-8
13:22:34.269 [Test worker] DEBUG org.apache.http.impl.client.DefaultHttpClient - Connection can be kept alive indefinitely
13:22:34.269 [Test worker] DEBUG io.restassured.internal.RequestSpecificationImpl$RestAssuredHttpBuilder - Parsing response as: text/xml; charset=utf-8
13:22:34.269 [Test worker] DEBUG io.restassured.internal.RequestSpecificationImpl$RestAssuredHttpBuilder - Parsed data to instance of: class org.apache.http.conn.EofSensorInputStream
13:22:34.270 [Test worker] DEBUG org.apache.http.wire -  << "006e[\r][\n]"
13:22:34.270 [Test worker] DEBUG org.apache.http.wire -  << "<?xml version='1.0' encoding='UTF-8'?><S:Envelope xmlns:S="http://schemas.xmlsoap.org/soap/envelope/"><S:Body>"
13:22:34.270 [Test worker] DEBUG org.apache.http.wire -  << "[\r][\n]"
13:22:34.270 [Test worker] DEBUG org.apache.http.wire -  << "00df[\r][\n]"
13:22:34.270 [Test worker] DEBUG org.apache.http.wire -  << "<ns2:uninstallSubscriptionResponse xmlns:ns2="http://webservices.gatewaymg.tigo.com.co/"><return><authorizationNumber>3753866731542047</authorizationNumber></return></ns2:uninstallSubscriptionResponse></S:Body></S:Envelope>"
13:22:34.271 [Test worker] DEBUG org.apache.http.wire -  << "[\r][\n]"
13:22:34.271 [Test worker] DEBUG org.apache.http.wire -  << "0000[\r][\n]"
13:22:34.271 [Test worker] DEBUG org.apache.http.wire -  << "[\r][\n]"
13:22:34.271 [Test worker] DEBUG org.apache.http.impl.conn.BasicClientConnectionManager - Releasing connection org.apache.http.impl.conn.ManagedClientConnectionImpl@2e903f58
13:22:34.271 [Test worker] DEBUG org.apache.http.impl.conn.BasicClientConnectionManager - Connection can be kept alive indefinitely
se ejecuta correctamente DB Activator
se ejecuta correctamente  DB EPOS
se ejecuta correctamente DB Siebel
se ejecuta correctamente DB Postale
13:22:43.750 [Test worker] DEBUG org.apache.http.impl.conn.BasicClientConnectionManager - Get connection for route {}->http://10.65.45.12:9001
13:22:43.751 [Test worker] DEBUG org.apache.http.impl.conn.DefaultClientConnectionOperator - Connecting to 10.65.45.12:9001
13:22:43.805 [Test worker] DEBUG org.apache.http.client.protocol.RequestAddCookies - CookieSpec selected: ignoreCookies
13:22:43.805 [Test worker] DEBUG org.apache.http.client.protocol.RequestAuthCache - Auth cache not set in the context
13:22:43.805 [Test worker] DEBUG org.apache.http.client.protocol.RequestTargetAuthentication - Target auth state: UNCHALLENGED
13:22:43.805 [Test worker] DEBUG org.apache.http.client.protocol.RequestProxyAuthentication - Proxy auth state: UNCHALLENGED
13:22:43.805 [Test worker] DEBUG org.apache.http.impl.client.DefaultHttpClient - Attempt 1 to execute request
13:22:43.805 [Test worker] DEBUG org.apache.http.impl.conn.DefaultClientConnection - Sending request: POST /gatewaycbs/BcServicesInt HTTP/1.1
13:22:43.805 [Test worker] DEBUG org.apache.http.wire -  >> "POST /gatewaycbs/BcServicesInt HTTP/1.1[\r][\n]"
13:22:43.805 [Test worker] DEBUG org.apache.http.wire -  >> "Accept: */*[\r][\n]"
13:22:43.805 [Test worker] DEBUG org.apache.http.wire -  >> "Content-Type: text/xml;charset=UTF-8[\r][\n]"
13:22:43.806 [Test worker] DEBUG org.apache.http.wire -  >> "Content-Length: 748[\r][\n]"
13:22:43.806 [Test worker] DEBUG org.apache.http.wire -  >> "Host: 10.65.45.12:9001[\r][\n]"
13:22:43.806 [Test worker] DEBUG org.apache.http.wire -  >> "Connection: Keep-Alive[\r][\n]"
13:22:43.806 [Test worker] DEBUG org.apache.http.wire -  >> "User-Agent: Apache-HttpClient/4.5.9 (Java/1.8.0_291)[\r][\n]"
13:22:43.806 [Test worker] DEBUG org.apache.http.wire -  >> "Accept-Encoding: gzip,deflate[\r][\n]"
13:22:43.806 [Test worker] DEBUG org.apache.http.wire -  >> "[\r][\n]"
13:22:43.806 [Test worker] DEBUG org.apache.http.headers - >> POST /gatewaycbs/BcServicesInt HTTP/1.1
13:22:43.806 [Test worker] DEBUG org.apache.http.headers - >> Accept: */*
13:22:43.806 [Test worker] DEBUG org.apache.http.headers - >> Content-Type: text/xml;charset=UTF-8
13:22:43.806 [Test worker] DEBUG org.apache.http.headers - >> Content-Length: 748
13:22:43.807 [Test worker] DEBUG org.apache.http.headers - >> Host: 10.65.45.12:9001
13:22:43.807 [Test worker] DEBUG org.apache.http.headers - >> Connection: Keep-Alive
13:22:43.807 [Test worker] DEBUG org.apache.http.headers - >> User-Agent: Apache-HttpClient/4.5.9 (Java/1.8.0_291)
13:22:43.807 [Test worker] DEBUG org.apache.http.headers - >> Accept-Encoding: gzip,deflate
13:22:43.808 [Test worker] DEBUG org.apache.http.wire -  >> "<soapenv:Envelope xmlns:bcc="http://www.huawei.com/bme/cbsinterface/bccommon" xmlns:bcs="http://www.huawei.com/bme/cbsinterface/bcservices" xmlns:ws="http://ws.web.gatewaycbs.tigo.com.co/" xmlns:soapenv="http://schemas.xmlsoap.org/soap/envelope/">[\n]"
13:22:43.808 [Test worker] DEBUG org.apache.http.wire -  >> "   <soapenv:Header/>[\n]"
13:22:43.808 [Test worker] DEBUG org.apache.http.wire -  >> "   <soapenv:Body>[\n]"
13:22:43.808 [Test worker] DEBUG org.apache.http.wire -  >> "      <ws:queryCustomerInfo>[\n]"
13:22:43.808 [Test worker] DEBUG org.apache.http.wire -  >> "         <!--Optional:-->[\n]"
13:22:43.808 [Test worker] DEBUG org.apache.http.wire -  >> "         <QueryCustomerInfoRequest>[\n]"
13:22:43.808 [Test worker] DEBUG org.apache.http.wire -  >> "            <bcs:QueryObj>[\n]"
13:22:43.808 [Test worker] DEBUG org.apache.http.wire -  >> "               <!--Optional:-->[\n]"
13:22:43.808 [Test worker] DEBUG org.apache.http.wire -  >> "               <bcs:SubAccessCode>[\n]"
13:22:43.808 [Test worker] DEBUG org.apache.http.wire -  >> "                  <!--Optional:-->[\n]"
13:22:43.808 [Test worker] DEBUG org.apache.http.wire -  >> "                  <bcc:PrimaryIdentity>3043209773</bcc:PrimaryIdentity>[\n]"
13:22:43.808 [Test worker] DEBUG org.apache.http.wire -  >> "               </bcs:SubAccessCode>[\n]"
13:22:43.808 [Test worker] DEBUG org.apache.http.wire -  >> "            </bcs:QueryObj>[\n]"
13:22:43.808 [Test worker] DEBUG org.apache.http.wire -  >> "         </QueryCustomerInfoRequest>[\n]"
13:22:43.808 [Test worker] DEBUG org.apache.http.wire -  >> "      </ws:queryCustomerInfo>[\n]"
13:22:43.808 [Test worker] DEBUG org.apache.http.wire -  >> "   </soapenv:Body>[\n]"
13:22:43.808 [Test worker] DEBUG org.apache.http.wire -  >> "</soapenv:Envelope>"
13:22:43.952 [Test worker] DEBUG org.apache.http.wire -  << "HTTP/1.1 200 OK[\r][\n]"
13:22:43.952 [Test worker] DEBUG org.apache.http.wire -  << "Date: Wed, 27 Apr 2022 18:22:43 GMT[\r][\n]"
13:22:43.952 [Test worker] DEBUG org.apache.http.wire -  << "Transfer-Encoding: chunked[\r][\n]"
13:22:43.952 [Test worker] DEBUG org.apache.http.wire -  << "Content-Type: text/xml; charset=utf-8[\r][\n]"
13:22:43.952 [Test worker] DEBUG org.apache.http.wire -  << "[\r][\n]"
13:22:43.952 [Test worker] DEBUG org.apache.http.impl.conn.DefaultClientConnection - Receiving response: HTTP/1.1 200 OK
13:22:43.952 [Test worker] DEBUG org.apache.http.headers - << HTTP/1.1 200 OK
13:22:43.952 [Test worker] DEBUG org.apache.http.headers - << Date: Wed, 27 Apr 2022 18:22:43 GMT
13:22:43.953 [Test worker] DEBUG org.apache.http.headers - << Transfer-Encoding: chunked
13:22:43.953 [Test worker] DEBUG org.apache.http.headers - << Content-Type: text/xml; charset=utf-8
13:22:43.953 [Test worker] DEBUG org.apache.http.impl.client.DefaultHttpClient - Connection can be kept alive indefinitely
13:22:43.953 [Test worker] DEBUG io.restassured.internal.RequestSpecificationImpl$RestAssuredHttpBuilder - Parsing response as: text/xml; charset=utf-8
13:22:43.954 [Test worker] DEBUG io.restassured.internal.RequestSpecificationImpl$RestAssuredHttpBuilder - Parsed data to instance of: class org.apache.http.conn.EofSensorInputStream
13:22:43.955 [Test worker] DEBUG org.apache.http.wire -  << "006e[\r][\n]"
13:22:43.955 [Test worker] DEBUG org.apache.http.wire -  << "<?xml version='1.0' encoding='UTF-8'?><S:Envelope xmlns:S="http://schemas.xmlsoap.org/soap/envelope/"><S:Body>"
13:22:43.955 [Test worker] DEBUG org.apache.http.wire -  << "[\r][\n]"
13:22:43.955 [Test worker] DEBUG org.apache.http.wire -  << "0fe8[\r][\n]"
13:22:43.955 [Test worker] DEBUG org.apache.http.wire -  << "<ns4:queryCustomerInfoResponse xmlns:ns2="http://www.huawei.com/bme/cbsinterface/bccommon" xmlns:ns3="http://www.huawei.com/bme/cbsinterface/bcservices" xmlns:ns4="http://ws.web.gatewaycbs.tigo.com.co/" xmlns:ns5="http://www.huawei.com/bme/cbsinterface/cbscommon"><return><ResultHeader><ns5:Version>1</ns5:Version><ns5:ResultCode>0</ns5:ResultCode><ns5:ResultDesc>Operation successfully.</ns5:ResultDesc></ResultHeader><QueryCustomerInfoResult><ns3:Customer><ns3:CustKey>CTA00000229223</ns3:CustKey><ns3:CustInfo><ns2:CustType>1</ns2:CustType><ns2:CustNodeType>1</ns2:CustNodeType><ns2:CustClass>1</ns2:CustClass><ns2:CustCode>CBS100060000000347366</ns2:CustCode><ns2:CustBasicInfo><ns2:DFTWrittenLang>2002</ns2:DFTWrittenLang><ns2:DFTIVRLang>2002</ns2:DFTIVRLang><ns2:DunningFlag>1</ns2:DunningFlag><ns2:CustProperty><ns2:Code>C_Extend_Cust_Int_Attr8</ns2:Code><ns2:Value></ns2:Value></ns2:CustProperty><ns2:CustProperty><ns2:Code>C_CUSTOMER_TAX_RATE</ns2:Code><ns2:Value></ns2:Value></ns2:CustProperty><ns2:CustProperty><ns2:Code>C_Extend_Cust_Int_Attr9</ns2:Code><ns2:Value></ns2:Value></ns2:CustProperty><ns2:CustProperty><ns2:Code>C_CUST_BANKRUPTCY</ns2:Code><ns2:Value>N</ns2:Value></ns2:CustProperty><ns2:CustProperty><ns2:Code>C_Extend_Cust_Int_Attr10</ns2:Code><ns2:Value></ns2:Value></ns2:CustProperty><ns2:CustProperty><ns2:Code>C_Extend_Cust_Int_Attr4</ns2:Code><ns2:Value></ns2:Value></ns2:CustProperty><ns2:CustProperty><ns2:Code>C_Extend_Cust_Int_Attr5</ns2:Code><ns2:Value></ns2:Value></ns2:CustProperty><ns2:CustProperty><ns2:Code>C_Extend_Cust_Int_Attr6</ns2:Code><ns2:Value></ns2:Value></ns2:CustProperty><ns2:CustProperty><ns2:Code>C_Extend_Cust_Int_Attr7</ns2:Code><ns2:Value></ns2:Value></ns2:CustProperty><ns2:CustProperty><ns2:Code>C_LEGAL_CATEGORY</ns2:Code><ns2:Value></ns2:Value></ns2:CustProperty><ns2:CustProperty><ns2:Code>C_CONTRACT_ID</ns2:Code><ns2:Value></ns2:Value></ns2:CustProperty><ns2:CustProperty><ns2:Code>C_Extend_Cust_Int_Attr1</ns2:Code><ns2:Value></ns2:Value></ns2:CustProperty><ns2:CustProperty><ns2:Code>C_Extend_Cust_Int_Attr2</ns2:Code><ns2:Value></ns2:Value></ns2:CustProperty><ns2:CustProperty><ns2:Code>C_NEW_IC</ns2:Code><ns2:Value></ns2:Value></ns2:CustProperty><ns2:CustProperty><ns2:Code>C_Extend_Cust_Int_Attr3</ns2:Code><ns2:Value></ns2:Value></ns2:CustProperty><ns2:CustProperty><ns2:Code>C_REG_FLAG</ns2:Code><ns2:Value>N</ns2:Value></ns2:CustProperty><ns2:CustProperty><ns2:Code>C_NRC</ns2:Code><ns2:Value></ns2:Value></ns2:CustProperty><ns2:CustProperty><ns2:Code>C_CUST_CATEGORY</ns2:Code><ns2:Value></ns2:Value></ns2:CustProperty><ns2:CustProperty><ns2:Code>C_CUST_SALT</ns2:Code><ns2:Value>237ADB92B889E990</ns2:Value></ns2:CustProperty><ns2:CustProperty><ns2:Code>C_EXTERNAL_CUST_ID</ns2:Code><ns2:Value></ns2:Value></ns2:CustProperty><ns2:CustProperty><ns2:Code>C_FRAUD_FLAG</ns2:Code><ns2:Value>N</ns2:Value></ns2:CustProperty><ns2:CustProperty><ns2:Code>C_CUST_MEDIA_FLAG</ns2:Code><ns2:Value>N</ns2:Value></ns2:CustProperty><ns2:CustProperty><ns2:Code>C_TAX_PAYER_IDENTIFICATION_NO</ns2:Code><ns2:Value></ns2:Value></ns2:CustProperty><ns2:CustProperty><ns2:Code>C_CUST_DECEASED</ns2:Code><ns2:Value>N</ns2:Value></ns2:CustProperty><ns2:CustProperty><ns2:Code>C_EVENING_PHONE</ns2:Code><ns2:Value></ns2:Value></ns2:CustProperty><ns2:CustProperty><ns2:Code>C_Extend_Cust_Str_Attr5</ns2:Code><ns2:Value></ns2:Value></ns2:CustProperty><ns2:CustProperty><ns2:Code>C_Extend_Cust_Str_Attr4</ns2:Code><ns2:Value></ns2:Value></ns2:CustProperty><ns2:CustProperty><ns2:Code>C_Extend_Cust_Str_Attr3</ns2:Code><ns2:Value></ns2:Value></ns2:CustProperty><ns2:CustProperty><ns2:Code>C_Extend_Cust_Str_Attr2</ns2:Code><ns2:Value></ns2:Value></ns2:CustProperty><ns2:CustProperty><ns2:Code>C_DAYTIME_PHONE</ns2:Code><ns2:Value></ns2:Value></ns2:CustProperty><ns2:CustProperty><ns2:Code>C_Extend_Cust_Str_Attr9</ns2:Code><ns2:Value></ns2:Value></ns2:CustProperty><ns2:CustProperty><ns2:Code>C_Extend_Cust_Str_Attr8</ns2:Code><ns2:Value></ns2:Value></ns2:CustProperty><ns2:CustProperty><ns2:Code>C_CUST_MARKETING_CONSENT</n"
13:22:43.955 [Test worker] DEBUG org.apache.http.wire -  << "[\r][\n]"
13:22:43.955 [Test worker] DEBUG org.apache.http.wire -  << "0fe8[\r][\n]"
13:22:43.956 [Test worker] DEBUG org.apache.http.wire -  << "s2:Code><ns2:Value>N</ns2:Value></ns2:CustProperty><ns2:CustProperty><ns2:Code>C_Extend_Cust_Str_Attr7</ns2:Code><ns2:Value></ns2:Value></ns2:CustProperty><ns2:CustProperty><ns2:Code>C_Extend_Cust_Str_Attr6</ns2:Code><ns2:Value></ns2:Value></ns2:CustProperty><ns2:CustProperty><ns2:Code>C_OLD_IC</ns2:Code><ns2:Value></ns2:Value></ns2:CustProperty><ns2:CustProperty><ns2:Code>C_Extend_Cust_Str_Attr1</ns2:Code><ns2:Value></ns2:Value></ns2:CustProperty><ns2:CustProperty><ns2:Code>C_Extend_Cust_Str_Attr10</ns2:Code><ns2:Value></ns2:Value></ns2:CustProperty><ns2:CustProperty><ns2:Code>C_CUST_BILLSUM</ns2:Code><ns2:Value>0</ns2:Value></ns2:CustProperty><ns2:CustProperty><ns2:Code>C_CORP_CUST_SEGMENT</ns2:Code><ns2:Value></ns2:Value></ns2:CustProperty><ns2:CustProperty><ns2:Code>C_ACCESSIBILITY_FLAG</ns2:Code><ns2:Value></ns2:Value></ns2:CustProperty><ns2:CustProperty><ns2:Code>C_CUST_BelToAreaID</ns2:Code><ns2:Value>101</ns2:Value></ns2:CustProperty><ns2:CustProperty><ns2:Code>C_CUST_ID</ns2:Code><ns2:Value>100060000000347366</ns2:Value></ns2:CustProperty></ns2:CustBasicInfo></ns3:CustInfo><ns3:IndividualInfo><ns2:IDType>6</ns2:IDType><ns2:IDNumber>836898669</ns2:IDNumber><ns2:FirstName>Rosmary</ns2:FirstName><ns2:LastName>Ra Garcia</ns2:LastName><ns2:HomePhone>3303000</ns2:HomePhone><ns2:Email>pruebaAutomatizadaQA@gmail.com</ns2:Email><ns2:IndividualProperty><ns2:Code>C_MKT_P_STATUS</ns2:Code><ns2:Value>1</ns2:Value></ns2:IndividualProperty></ns3:IndividualInfo></ns3:Customer><ns3:Subscriber><ns3:SubscriberKey>ACT00001924543</ns3:SubscriberKey><ns3:SubscriberInfo><ns2:SubBasicInfo><ns2:WrittenLang>2021</ns2:WrittenLang><ns2:IVRLang>2021</ns2:IVRLang><ns2:DunningFlag>1</ns2:DunningFlag><ns2:SubProperty><ns2:Code>C_WORK_ADDRESS</ns2:Code><ns2:Value></ns2:Value></ns2:SubProperty><ns2:SubProperty><ns2:Code>C_SUB_SMS_ROMING_RIGHT</ns2:Code><ns2:Value>0</ns2:Value></ns2:SubProperty><ns2:SubProperty><ns2:Code>C_LAST_TRANS_EVENT</ns2:Code><ns2:Value>1302</ns2:Value></ns2:SubProperty><ns2:SubProperty><ns2:Code>C_SALES_CHANNEL_ID</ns2:Code><ns2:Value></ns2:Value></ns2:SubProperty><ns2:SubProperty><ns2:Code>C_HANDSET_TYPE</ns2:Code><ns2:Value>-1</ns2:Value></ns2:SubProperty><ns2:SubProperty><ns2:Code>C_SUB_MAX_BALANCE</ns2:Code><ns2:Value>-1</ns2:Value></ns2:SubProperty><ns2:SubProperty><ns2:Code>C_ACCOUNTING_SCENARIO</ns2:Code><ns2:Value></ns2:Value></ns2:SubProperty><ns2:SubProperty><ns2:Code>C_RESUME_DATE</ns2:Code><ns2:Value>19991231190000</ns2:Value></ns2:SubProperty><ns2:SubProperty><ns2:Code>C_SUBID_BEFORE_SUPPLE_PROFILE</ns2:Code><ns2:Value>100060000000347409</ns2:Value></ns2:SubProperty><ns2:SubProperty><ns2:Code>C_BAK_ORG_CHILD_ACCTID</ns2:Code><ns2:Value>0</ns2:Value></ns2:SubProperty><ns2:SubProperty><ns2:Code>C_HANDSET_NETWORK</ns2:Code><ns2:Value></ns2:Value></ns2:SubProperty><ns2:SubProperty><ns2:Code>C_SUB_UNBLOCK</ns2:Code><ns2:Value>0</ns2:Value></ns2:SubProperty><ns2:SubProperty><ns2:Code>C_SUB_LOW_SPENDING_GATE</ns2:Code><ns2:Value>-1</ns2:Value></ns2:SubProperty><ns2:SubProperty><ns2:Code>C_SUB_LOAN_FLAG</ns2:Code><ns2:Value>0</ns2:Value></ns2:SubProperty><ns2:SubProperty><ns2:Code>C_SUB_LASTRECHARGETIME</ns2:Code><ns2:Value>20220427131223</ns2:Value></ns2:SubProperty><ns2:SubProperty><ns2:Code>C_SUB_LASTRGADATE</ns2:Code><ns2:Value>19700101000000</ns2:Value></ns2:SubProperty><ns2:SubProperty><ns2:Code>C_SUB_PORT_IN_FLAG</ns2:Code><ns2:Value>0</ns2:Value></ns2:SubProperty><ns2:SubProperty><ns2:Code>C_SUB_NOTIFICATION_TIMES</ns2:Code><ns2:Value></ns2:Value></ns2:SubProperty><ns2:SubProperty><ns2:Code>C_BLACK_FLAG</ns2:Code><ns2:Value>0</ns2:Value></ns2:SubProperty><ns2:SubProperty><ns2:Code>C_SUB_VOICE_ROAM_RIGHT</ns2:Code><ns2:Value></ns2:Value></ns2:SubProperty><ns2:SubProperty><ns2:Code>C_HYBRID_PAY_TYPE</ns2:Code><ns2:Value>-1</ns2:Value></ns2:SubProperty><ns2:SubProperty><ns2:Code>C_SUB_MAX_VALIDITY</ns2:Code><ns2:Value>365</ns2:Value></ns2:SubProperty><ns2:SubProperty><ns2:Code>C_TEST_EXTEND_DAYS</ns2:Code>"
13:22:43.956 [Test worker] DEBUG org.apache.http.wire -  << "<ns2:Value>0</ns2:Value></ns2:SubProperty><ns2:SubProperty><ns2:Code>C_SUBDISCOUNT</"
13:22:43.956 [Test worker] DEBUG org.apache.http.wire -  << "[\r][\n]"
13:22:43.995 [Test worker] DEBUG org.apache.http.wire -  << "0fe8[\r][\n]"
13:22:43.996 [Test worker] DEBUG org.apache.http.wire -  << "ns2:Code><ns2:Value>O</ns2:Value></ns2:SubProperty><ns2:SubProperty><ns2:Code>C_SUB_LASTZONETYPE</ns2:Code><ns2:Value>00</ns2:Value></ns2:SubProperty><ns2:SubProperty><ns2:Code>C_Extend_Sub_Str_Attr4</ns2:Code><ns2:Value></ns2:Value></ns2:SubProperty><ns2:SubProperty><ns2:Code>C_Extend_Sub_Str_Attr3</ns2:Code><ns2:Value></ns2:Value></ns2:SubProperty><ns2:SubProperty><ns2:Code>C_Extend_Sub_Str_Attr6</ns2:Code><ns2:Value></ns2:Value></ns2:SubProperty><ns2:SubProperty><ns2:Code>C_Extend_Sub_Str_Attr5</ns2:Code><ns2:Value></ns2:Value></ns2:SubProperty><ns2:SubProperty><ns2:Code>C_DAILYRENTNOTIFLAG</ns2:Code><ns2:Value>0</ns2:Value></ns2:SubProperty><ns2:SubProperty><ns2:Code>C_TIGO_ZONE</ns2:Code><ns2:Value></ns2:Value></ns2:SubProperty><ns2:SubProperty><ns2:Code>C_Extend_Sub_Str_Attr2</ns2:Code><ns2:Value></ns2:Value></ns2:SubProperty><ns2:SubProperty><ns2:Code>C_Extend_Sub_Str_Attr1</ns2:Code><ns2:Value></ns2:Value></ns2:SubProperty><ns2:SubProperty><ns2:Code>C_PLACA_INFO</ns2:Code><ns2:Value></ns2:Value></ns2:SubProperty><ns2:SubProperty><ns2:Code>C_Extend_Sub_Int_Attr10</ns2:Code><ns2:Value></ns2:Value></ns2:SubProperty><ns2:SubProperty><ns2:Code>C_HANDSET_OS_TYPE</ns2:Code><ns2:Value></ns2:Value></ns2:SubProperty><ns2:SubProperty><ns2:Code>C_SUB_USER_NAME</ns2:Code><ns2:Value>0</ns2:Value></ns2:SubProperty><ns2:SubProperty><ns2:Code>C_TEST_EXPIRE_TIME</ns2:Code><ns2:Value></ns2:Value></ns2:SubProperty><ns2:SubProperty><ns2:Code>C_TEST_EXHAUST_RULE</ns2:Code><ns2:Value>0</ns2:Value></ns2:SubProperty><ns2:SubProperty><ns2:Code>C_Extend_Sub_Str_Attr8</ns2:Code><ns2:Value></ns2:Value></ns2:SubProperty><ns2:SubProperty><ns2:Code>C_Extend_Sub_Str_Attr7</ns2:Code><ns2:Value></ns2:Value></ns2:SubProperty><ns2:SubProperty><ns2:Code>C_SUB_REGISTERED</ns2:Code><ns2:Value>0</ns2:Value></ns2:SubProperty><ns2:SubProperty><ns2:Code>C_Extend_Sub_Str_Attr9</ns2:Code><ns2:Value></ns2:Value></ns2:SubProperty><ns2:SubProperty><ns2:Code>C_LIFECYCLE</ns2:Code><ns2:Value></ns2:Value></ns2:SubProperty><ns2:SubProperty><ns2:Code>C_VOD_VIDEO_RIGHT</ns2:Code><ns2:Value>0</ns2:Value></ns2:SubProperty><ns2:SubProperty><ns2:Code>C_SUPPLE_PROFILE_TIME</ns2:Code><ns2:Value>20220427125930</ns2:Value></ns2:SubProperty><ns2:SubProperty><ns2:Code>C_LAST_CHARGE_BEGIN_TIME</ns2:Code><ns2:Value></ns2:Value></ns2:SubProperty><ns2:SubProperty><ns2:Code>C_SUB_LOW_BAL_NOTIFY_DATE</ns2:Code><ns2:Value>19991231190000</ns2:Value></ns2:SubProperty><ns2:SubProperty><ns2:Code>C_GPRS_FORBIDDEN_MAIN_BAL</ns2:Code><ns2:Value>1</ns2:Value></ns2:SubProperty><ns2:SubProperty><ns2:Code>C_LAST_DATA_SESINI</ns2:Code><ns2:Value>19700101030000</ns2:Value></ns2:SubProperty><ns2:SubProperty><ns2:Code>C_CONSUMENOTIFYGATE</ns2:Code><ns2:Value></ns2:Value></ns2:SubProperty><ns2:SubProperty><ns2:Code>C_SUB_LOW_BAL_NOTIFY_TIMES</ns2:Code><ns2:Value>0</ns2:Value></ns2:SubProperty><ns2:SubProperty><ns2:Code>C_FIRST_RECHARGE_FLAG</ns2:Code><ns2:Value>0</ns2:Value></ns2:SubProperty><ns2:SubProperty><ns2:Code>C_SUB_PROB</ns2:Code><ns2:Value></ns2:Value></ns2:SubProperty><ns2:SubProperty><ns2:Code>C_SUB_SALT</ns2:Code><ns2:Value>A8DB77BDD31D8BF4</ns2:Value></ns2:SubProperty><ns2:SubProperty><ns2:Code>C_SUB_SERVICEPROVIDER</ns2:Code><ns2:Value></ns2:Value></ns2:SubProperty><ns2:SubProperty><ns2:Code>C_CALL_COST</ns2:Code><ns2:Value>0000</ns2:Value></ns2:SubProperty><ns2:SubProperty><ns2:Code>C_RNW_PRODUCTSET</ns2:Code><ns2:Value>0</ns2:Value></ns2:SubProperty><ns2:SubProperty><ns2:Code>C_Extend_Sub_Str_Attr10</ns2:Code><ns2:Value></ns2:Value></ns2:SubProperty><ns2:SubProperty><ns2:Code>C_SUB_DOMESIC_ROAM_CALL_RIGHT</ns2:Code><ns2:Value>0</ns2:Value></ns2:SubProperty><ns2:SubProperty><ns2:Code>C_LAST_TRANS_DATE_TIME</ns2:Code><ns2:Value>20220427181223</ns2:Value></ns2:SubProperty><ns2:SubProperty><ns2:Code>C_SUBSCRIBER_INFO_3</ns2:Code><ns2:Value></ns2:Value></ns2:SubProperty><ns2:SubProperty><ns2:Code>C_SUBSCRIBER_INFO_2</ns2:Code><ns2:Value></ns2:Value></ns2:SubProperty><ns2:SubProperty><ns2:Code>C_GPRS_ROAM_DATE</ns2:Code><ns2:Value>19700101000000</ns2:Value></ns2:Su"
13:22:43.996 [Test worker] DEBUG org.apache.http.wire -  << "[\r][\n]"
13:22:43.996 [Test worker] DEBUG org.apache.http.wire -  << "0087[\r][\n]"
13:22:43.996 [Test worker] DEBUG org.apache.http.wire -  << "bProperty><ns2:SubProperty><ns2:Code>C_SUBSCRIBER_INFO_4</ns2:Code><ns2:Value></ns2:Value></ns2:SubProperty><ns2:SubProperty><ns2:Code>"
13:22:43.996 [Test worker] DEBUG org.apache.http.wire -  << "[\r][\n]"
13:22:43.996 [Test worker] DEBUG org.apache.http.wire -  << "0fe8[\r][\n]"
13:22:43.996 [Test worker] DEBUG org.apache.http.wire -  << "C_STARTTIME_OF_SWITCH_COS</ns2:Code><ns2:Value>-1</ns2:Value></ns2:SubProperty><ns2:SubProperty><ns2:Code>C_SUB_PREBARRING</ns2:Code><ns2:Value>0</ns2:Value></ns2:SubProperty><ns2:SubProperty><ns2:Code>C_DETAIL</ns2:Code><ns2:Value>0</ns2:Value></ns2:SubProperty><ns2:SubProperty><ns2:Code>C_SUBSCRIBER_INFO_1</ns2:Code><ns2:Value></ns2:Value></ns2:SubProperty><ns2:SubProperty><ns2:Code>C_SUB_BARRED_DAYS</ns2:Code><ns2:Value>0</ns2:Value></ns2:SubProperty><ns2:SubProperty><ns2:Code>C_TIGO_CITY</ns2:Code><ns2:Value>*</ns2:Value></ns2:SubProperty><ns2:SubProperty><ns2:Code>C_TECHNOLOGY</ns2:Code><ns2:Value></ns2:Value></ns2:SubProperty><ns2:SubProperty><ns2:Code>C_Extend_Sub_Int_Attr7</ns2:Code><ns2:Value></ns2:Value></ns2:SubProperty><ns2:SubProperty><ns2:Code>C_Extend_Sub_Int_Attr8</ns2:Code><ns2:Value></ns2:Value></ns2:SubProperty><ns2:SubProperty><ns2:Code>C_Extend_Sub_Int_Attr5"
13:22:43.996 [Test worker] DEBUG org.apache.http.wire -  << "</ns2:Code><ns2:Value></ns2:Value></ns2:SubProperty><ns2:SubProperty><ns2:Code>C_Extend_Sub_Int_Attr6</ns2:Code><ns2:Value></ns2:Value></ns2:SubProperty><ns2:SubProperty><ns2:Code>C_Extend_Sub_Int_Attr3</ns2:Code><ns2:Value></ns2:Value></ns2:SubProperty><ns2:SubProperty><ns2:Code>C_Extend_Sub_Int_Attr4</ns2:Code><ns2:Value></ns2:Value></ns2:SubProperty><ns2:SubProperty><ns2:Code>C_HANDSET_BRAND</ns2:Code><ns2:Value></ns2:Value></ns2:SubProperty><ns2:SubProperty><ns2:Code>C_Extend_Sub_Int_Attr1</ns2:Code><ns2:Value></ns2:Value></ns2:SubProperty><ns2:SubProperty><ns2:Code>C_SUB_LASTRECHARGEAMT</ns2:Code><ns2:Value>0</ns2:Value></ns2:SubProperty><ns2:SubProperty><ns2:Code>C_Extend_Sub_Int_Attr2</ns2:Code><ns2:Value></ns2:Value></ns2:SubProperty><ns2:SubProperty><ns2:Code>C_SUBCOS_FOR_EIPIN</ns2:Code><ns2:Value>0</ns2:Value></ns2:SubProperty><ns2:SubProperty><ns2:Code>C_Extend_Sub_Int_Attr9</ns2:Code><ns2:Value></ns2:Value></ns2:SubProperty><ns2:SubProperty><ns2:Code>C_SUB_BLACKLIST_CALL_RIGHT</ns2:Code><ns2:Value>0</ns2:Value></ns2:SubProperty><ns2:SubProperty><ns2:Code>C_SUB_MSCC_FEE_AMOUNT</ns2:Code><ns2:Value>0</ns2:Value></ns2:SubProperty><ns2:SubProperty><ns2:Code>C_BACKUP_DAYS</ns2:Code><ns2:Value>0</ns2:Value></ns2:SubProperty><ns2:SubProperty><ns2:Code>C_IS_PRIMARY_SUBSCRIBER</ns2:Code><ns2:Value>1</ns2:Value></ns2:SubProperty><ns2:SubProperty><ns2:Code>C_NODO_INFO</ns2:Code><ns2:Value></ns2:Value></ns2:SubProperty><ns2:SubProperty><ns2:Code>C_SUB_AUTOTOPUP_LOWBALANCE</ns2:Code><ns2:Value>1</ns2:Value></ns2:SubProperty><ns2:SubProperty><ns2:Code>C_FIRST_RECHARGE_DATE</ns2:Code><ns2:Value>20220427124151</ns2:Value></ns2:SubProperty><ns2:SubProperty><ns2:Code>C_SUB_REGISTERED_RETAILER</ns2:Code><ns2:Value>0</ns2:Value></ns2:SubProperty><ns2:SubProperty><ns2:Code>C_IS_GROUP_MEMBER</ns2:Code><ns2:Value>0</ns2:Value></ns2:SubProperty><ns2:SubProperty><ns2:Code>C_SUB_TSMSUBTYPE</ns2:Code><ns2:Value>-1</ns2:Value></ns2:SubProperty><ns2:SubProperty><ns2:Code>C_DTNotification</ns2:Code><ns2:Value>0</ns2:Value></ns2:SubProperty><ns2:SubProperty><ns2:Code>C_SUB_GPRS_ROAM_RIGHT</ns2:Code><ns2:Value>3</ns2:Value></ns2:SubProperty><ns2:SubProperty><ns2:Code>C_SUB_ZONEINFOS</ns2:Code><ns2:Value>0</ns2:Value></ns2:SubProperty><ns2:SubProperty><ns2:Code>C_ETU_STAGE_PERCENT</ns2:Code><ns2:Value>100</ns2:Value></ns2:SubProperty><ns2:SubProperty><ns2:Code>C_SPEC_NUM_RENT_END_TIME</ns2:Code><ns2:Value>20000101030000</ns2:Value></ns2:SubProperty><ns2:SubProperty><ns2:Code>C_ALLOW_OTHCARRIER_CALLS</ns2:Code><ns2:Value>Y</ns2:Value></ns2:SubProperty><ns2:SubProperty><ns2:Code>C_SUB_LOW_BAL_GATE_1</ns2:Code><ns2:Value>-1</ns2:Value></ns2:SubProperty><ns2:SubProperty><ns2:Code>C_SUB_LOW_BAL_GATE_2</ns2:Code><ns2:Value>-1</ns2:Value></ns2:SubProperty><ns2:SubProperty><ns2:Code>C_SUB_LOW_BAL_GATE_3</ns2:Code><ns2:Value>-1</ns2:Value></ns2:SubProperty><ns2:SubProperty><ns2:Code>C_SUB_LOW_BAL_GATE_4</ns2:Code><ns2:Value>-1</ns2:Value></ns2:SubProperty><ns2:SubProperty><ns2:Code>C_SUB_NOROAM_CALL_RIGHT</ns2:Code><ns2:Value>0</ns2:Value></ns2:SubProperty><ns2:SubProperty><ns2:Code>C_SUB_LOW_BAL_GATE_5</ns2:Code><ns2:Value>-1</ns2:Value></ns2:SubPrope"
13:22:43.997 [Test worker] DEBUG org.apache.http.wire -  << "[\r][\n]"
13:22:43.997 [Test worker] DEBUG org.apache.http.wire -  << "0fe8[\r][\n]"
13:22:43.997 [Test worker] DEBUG org.apache.http.wire -  << "rty><ns2:SubProperty><ns2:Code>C_SUB_LOAN_STATUS</ns2:Code><ns2:Value>0</ns2:Value></ns2:SubProperty><ns2:SubProperty><ns2:Code>C_SUB_AUTOTOPUP_RECURRING</ns2:Code><ns2:Value>1</ns2:Value></ns2:SubProperty><ns2:SubProperty><ns2:Code>C_IOD_FLAG</ns2:Code><ns2:Value>0</ns2:Value></ns2:SubProperty><ns2:SubProperty><ns2:Code>C_ETU_BLACKLIST_DATE</ns2:Code><ns2:Value>0</ns2:Value></ns2:SubProperty><ns2:SubProperty><ns2:Code>C_APP_ACTIVE_USAGE</ns2:Code><ns2:Value>0</ns2:Value></ns2:SubProperty><ns2:SubProperty><ns2:Code>C_SUB_BARRINGCODE</ns2:Code><ns2:Value>99999999999</ns2:Value></ns2:SubProperty><ns2:SubProperty><ns2:Code>C_SUB_REFEREE_IDENTIFER</ns2:Code><ns2:Value></ns2:Value></ns2:SubProperty><ns2:SubProperty><ns2:Code>C_SUB_INTERROAM_CALL_RIGHT</ns2:Code><ns2:Value>0</ns2:Value></ns2:SubProperty><ns2:SubProperty><ns2:Code>C_SUB_ID</ns2:Code><ns2:Value>100060000000347415</ns2:Value></ns2:SubProperty></ns2:SubBasicInfo><ns2:UserCustomerKey>CTA00000229223</ns2:UserCustomerKey><ns2:SubIdentity><ns2:SubIdentityType>1</ns2:SubIdentityType><ns2:SubIdentity>3043209773</ns2:SubIdentity><ns2:PrimaryFlag>1</ns2:PrimaryFlag></ns2:SubIdentity><ns2:SubIdentity><ns2:SubIdentityType>2</ns2:SubIdentityType><ns2:SubIdentity>732111324707275</ns2:SubIdentity><ns2:PrimaryFlag>2</ns2:PrimaryFlag></ns2:SubIdentity><ns2:Brand>110</ns2:Brand><ns2:SubClass>1</ns2:SubClass><ns2:NetworkType>1</ns2:NetworkType><ns2:Status>2</ns2:Status><ns2:ConsumptionLimit><ns2:LimitType>C_CL_USAGE_NOROAM</ns2:LimitType><ns2:UnitType>M</ns2:UnitType><ns2:CurrencyID>1032</ns2:CurrencyID><ns2:LimitValue>0</ns2:LimitValue></ns2:ConsumptionLimit><ns3:StatusDetail>000000000000000000000000</ns3:StatusDetail><ns3:ActivationTime>20220427123804</ns3:ActivationTime><ns3:UserCustomer><ns3:CustKey>CTA00000229223</ns3:CustKey><ns3:CustInfo><ns2:CustType>1</ns2:CustType><ns2:CustNodeType>1</ns2:CustNodeType><ns2:CustClass>1</ns2:CustClass><ns2:CustCode>CBS100060000000347366</ns2:CustCode><ns2:CustBasicInfo><ns2:DFTWrittenLang>2002</ns2:DFTWrittenLang><ns2:DFTIVRLang>2002</ns2:DFTIVRLang><ns2:DunningFlag>1</ns2:DunningFlag><ns2:CustProperty><ns2:Code>C_Extend_Cust_Int_Attr8</ns2:Code><ns2:Value></ns2:Value></ns2:CustProperty><ns2:CustProperty><ns2:Code>C_CUSTOMER_TAX_RATE</ns2:Code><ns2:Value></ns2:Value></ns2:CustProperty><ns2:CustProperty><ns2:Code>C_Extend_Cust_Int_Attr9</ns2:Code><ns2:Value></ns2:Value></ns2:CustProperty><ns2:CustProperty><ns2:Code>C_CUST_BANKRUPTCY</ns2:Code><ns2:Value>N</ns2:Value></ns2:CustProperty><ns2:CustProperty><ns2:Code>C_Extend_Cust_Int_Attr10</ns2:Code><ns2:Value></ns2:Value></ns2:CustProperty><ns2:CustProperty><ns2:Code>C_Extend_Cust_Int_Attr4</ns2:Code><ns2:Value></ns2:Value></ns2:CustProperty><ns2:CustProperty><ns2:Code>C_Extend_Cust_Int_Attr5</ns2:Code><ns2:Value></ns2:Value></ns2:CustProperty><ns2:CustProperty><ns2:Code>C_Extend_Cust_Int_Attr6</ns2:Code><ns2:Value></ns2:Value></ns2:CustProperty><ns2:CustProperty><ns2:Code>C_Extend_Cust_Int_Attr7</ns2:Code><ns2:Value></ns2:Value></ns2:CustProperty><ns2:CustProperty><ns2:Code>C_LEGAL_CATEGORY</ns2:Code><ns2:Value></ns2:Value></ns2:CustProperty><ns2:CustProperty><ns2:Code>C_CONTRACT_ID</ns2:Code><ns2:Value></ns2:Value></ns2:CustProperty><ns2:CustProperty><ns2:Code>C_Extend_Cust_Int_Attr1</ns2:Code><ns2:Value></ns2:Value></ns2:CustProperty><ns2:CustProperty><ns2:Code>C_Extend_Cust_Int_Attr2</ns2:Code><ns2:Value></ns2:Value></ns2:CustProperty><ns2:CustProperty><ns2:Code>C_NEW_IC</ns2:Code><ns2:Value></ns2:Value></ns2:CustProperty><ns2:CustProperty><ns2:Code>C_Extend_Cust_Int_Attr3</ns2:Code><ns2:Value></ns2:Value></ns2:CustProperty><ns2:CustProperty><ns2:Code>C_REG_FLAG</ns2:Code><ns2:Value>N</ns2:Value></ns2:CustProperty><ns2:CustProperty><ns2:Code>C_NRC</ns2:Code><ns2:Value></ns2:Value></ns2:CustProperty><ns2:CustProperty><ns2:Code>C_CUST_CATEGORY</ns2:Code><ns2:Value></ns2:Value></ns2:CustProperty><ns2:CustProperty><ns2:Code>C_CUST_SALT</ns2:Code><ns2:Value>237ADB92B889E990</ns2:Value></ns2:CustProperty><ns2:CustProperty><ns2:Code>C_EXTERNAL_CUST_ID</ns2:Code><ns2:Value"
13:22:43.997 [Test worker] DEBUG org.apache.http.wire -  << "[\r][\n]"
13:22:43.997 [Test worker] DEBUG org.apache.http.wire -  << "0fe8[\r][\n]"
13:22:43.997 [Test worker] DEBUG org.apache.http.wire -  << "></ns2:Value></ns2:CustProperty><ns2:CustProperty><ns2:Code>C_FRAUD_FLAG</ns2:Code><ns2:Value>N</ns2:Value></ns2:CustProperty><ns2:CustProperty><ns2:Code>C_CUST_MEDIA_FLAG</ns2:Code><ns2:Value>N</ns2:Value></ns2:CustProperty><ns2:CustProperty><ns2:Code>C_TAX_PAYER_IDENTIFICATION_NO</ns2:Code><ns2:Value></ns2:Value></ns2:CustProperty><ns2:CustProperty><ns2:Code>C_CUST_DECEASED</ns2:Code><ns2:Value>N</ns2:Value></ns2:CustProperty><ns2:CustProperty><ns2:Code>C_EVENING_PHONE</ns2:Code><ns2:Value></ns2:Value></ns2:CustProperty><ns2:CustProperty><ns2:Code>C_Extend_Cust_Str_Attr5</ns2:Code><ns2:Value></ns2:Value></ns2:CustProperty><ns2:CustProperty><ns2:Code>C_Extend_Cust_Str_Attr4</ns2:Code><ns2:Value></ns2:Value></ns2:CustProperty><ns2:CustProperty><ns2:Code>C_Extend_Cust_Str_Attr3</ns2:Code><ns2:Value></ns2:Value></ns2:CustProperty><ns2:CustProperty><ns2:Code>C_Extend_Cust_Str_Attr2</ns2:Code><ns2:Value></ns2:Value></ns2:CustProperty><ns2:CustProperty><ns2:Code>C_DAYTIME_PHONE</ns2:Code><ns2:Value></ns2:Value></ns2:CustProperty><ns2:CustProperty><ns2:Code>C_Extend_Cust_Str_Attr9</ns2:Code><ns2:Value></ns2:Value></ns2:CustProperty><ns2:CustProperty><ns2:Code>C_Extend_Cust_Str_Attr8</ns2:Code><ns2:Value></ns2:Value></ns2:CustProperty><ns2:CustProperty><ns2:Code>C_CUST_MARKETING_CONSENT</ns2:Code><ns2:Value>N</ns2:Value></ns2:CustProperty><ns2:CustProperty><ns2:Code>C_Extend_Cust_Str_Attr7</ns2:Code><ns2:Value></ns2:Value></ns2:CustProperty><ns2:CustProperty><ns2:Code>C_Extend_Cust_Str_Attr6</ns2:Code><ns2:Value></ns2:Value></ns2:CustProperty><ns2:CustProperty><ns2:Code>C_OLD_IC</ns2:Code><ns2:Value></ns2:Value></ns2:CustProperty><ns2:CustProperty><ns2:Code>C_Extend_Cust_Str_Attr1</ns2:Code><ns2:Value></ns2:Value></ns2:CustProperty><ns2:CustProperty><ns2:Code>C_Extend_Cust_Str_Attr10</ns2:Code><ns2:Value></ns2:Value></ns2:CustProperty><ns2:CustProperty><ns2:Code>C_CUST_BILLSUM</ns2:Code><ns2:Value>0</ns2:Value></ns2:CustProperty><ns2:CustProperty><ns2:Code>C_CORP_CUST_SEGMENT</ns2:Code><ns2:Value></ns2:Value></ns2:CustProperty><ns2:CustProperty><ns2:Code>C_ACCESSIBILITY_FLAG</ns2:Code><ns2:Value></ns2:Value></ns2:CustProperty><ns2:CustProperty><ns2:Code>C_CUST_BelToAreaID</ns2:Code><ns2:Value>101</ns2:Value></ns2:CustProperty><ns2:CustProperty><ns2:Code>C_CUST_ID</ns2:Code><ns2:Value>100060000000347366</ns2:Value></ns2:CustProperty></ns2:CustBasicInfo></ns3:CustInfo><ns3:IndividualInfo><ns2:IDType>6</ns2:IDType><ns2:IDNumber>836898669</ns2:IDNumber><ns2:FirstName>Rosmary</ns2:FirstName><ns2:LastName>Ra Garcia</ns2:L"
13:22:44.046 [Test worker] DEBUG org.apache.http.wire -  << "astName><ns2:HomePhone>3303000</ns2:HomePhone><ns2:Email>pruebaAutomatizadaQA@gmail.com</ns2:Email><ns2:IndividualProperty><ns2:Code>C_MKT_P_STATUS</ns2:Code><ns2:Value>1</ns2:Value></ns2:IndividualProperty></ns3:IndividualInfo></ns3:UserCustomer></ns3:SubscriberInfo><ns3:PaymentMode>0</ns3:PaymentMode><ns3:PrimaryOffering><ns2:OfferingKey><ns2:OfferingID>110110367</ns2:OfferingID><ns2:PurchaseSeq>205614</ns2:PurchaseSeq></ns2:OfferingKey><ns2:BundledFlag>S</ns2:BundledFlag><ns2:OfferingClass>I</ns2:OfferingClass><ns2:Status>2</ns2:Status><ns2:ProductInst><ns2:ProductID>1010</ns2:ProductID><ns2:PrimaryFlag>A</ns2:PrimaryFlag><ns2:PackageFlag>A</ns2:PackageFlag><ns2:NetworkType>1</ns2:NetworkType><ns2:ProductType>4</ns2:ProductType></ns2:ProductInst><ns2:ProductInst><ns2:ProductID>1014</ns2:ProductID><ns2:PrimaryFlag>A</ns2:PrimaryFlag><ns2:PackageFlag>A</ns2:PackageFlag><ns2:NetworkType>1</ns2:NetworkType><ns2:ProductType>1</ns2:ProductType></ns2:ProductInst><ns2:ProductInst><ns2:ProductID>1042</ns2:ProductID><ns2:PrimaryFlag>A</ns2:PrimaryFlag><ns2:PackageFlag>A</ns2:PackageFlag><ns2:NetworkType>1</ns2:NetworkType><ns2:ProductType>1</ns2:ProductType></ns2:ProductInst><ns2:ProductInst><ns2:ProductID>1011</ns2:ProductID><ns2:PrimaryFlag>A</ns2:PrimaryFlag><ns2:PackageFlag>A</ns2:PackageFlag><ns2:NetworkType>1</ns2:NetworkType><ns2:ProductType>1</ns2:ProductType></ns2:ProductInst><ns2:ProductInst><ns2:ProductID>1822969218</ns2:ProductID><ns2:PrimaryFlag>A</ns2:PrimaryFlag><ns2:PackageFlag>A</ns2"
13:22:44.047 [Test worker] DEBUG org.apache.http.wire -  << "[\r][\n]"
13:22:44.047 [Test worker] DEBUG org.apache.http.wire -  << "0068[\r][\n]"
13:22:44.047 [Test worker] DEBUG org.apache.http.wire -  << ":PackageFlag><ns2:NetworkType>1</ns2:NetworkType><ns2:ProductType>1</ns2:ProductType></ns2:ProductInst><"
13:22:44.047 [Test worker] DEBUG org.apache.http.wire -  << "[\r][\n]"
13:22:44.047 [Test worker] DEBUG org.apache.http.wire -  << "0fe8[\r][\n]"
13:22:44.048 [Test worker] DEBUG org.apache.http.wire -  << "ns2:ProductInst><ns2:ProductID>1053</ns2:ProductID><ns2:PrimaryFlag>M</ns2:PrimaryFlag><ns2:PackageFlag>A</ns2:PackageFlag><ns2:NetworkType>1</ns2:NetworkType><ns2:ProductType>1</ns2:ProductType></ns2:ProductInst></ns3:PrimaryOffering><ns3:SupplementaryOffering><ns2:OfferingKey><ns2:OfferingID>990000683</ns2:OfferingID><ns2:PurchaseSeq>1</ns2:PurchaseSeq></ns2:OfferingKey><ns2:BundledFlag>S</ns2:BundledFlag><ns2:OfferingClass>I</ns2:OfferingClass><ns2:Status>2</ns2:Status><ns3:EffectiveTime>20220428000000</ns3:EffectiveTime><ns3:ExpirationTime>20271212000000</ns3:ExpirationTime><ns3:ActivationMode>A</ns3:ActivationMode><ns3:ActivationTime>20220428000000</ns3:ActivationTime></ns3:SupplementaryOffering><ns3:SupplementaryOffering><ns2:OfferingKey><ns2:OfferingID>990000684</ns2:OfferingID><ns2:PurchaseSeq>1</ns2:PurchaseSeq></ns2:OfferingKey><ns2:BundledFlag>S</ns2:BundledFlag><ns2:OfferingClass>I</ns2:OfferingClass><ns2:Status>2</ns2:Status><ns3:EffectiveTime>20220428000000</ns3:EffectiveTime><ns3:ExpirationTime>20271212000000</ns3:ExpirationTime><ns3:ActivationMode>A</ns3:ActivationMode><ns3:ActivationTime>20220428000000</ns3:ActivationTime></ns3:SupplementaryOffering></ns3:Subscriber><ns3:Account><ns3:AcctKey>PRE-8980021881</ns3:AcctKey><ns3:AcctInfo><ns3:AcctCode>CBS100060000000347418</ns3:AcctCode><ns3:UserCustomerKey>CTA00000229223</ns3:UserCustomerKey><ns3:UserCustomer><ns3:CustKey>CTA00000229223</ns3:CustKey><ns3:CustInfo><ns2:CustType>1</ns2:CustType><ns2:CustNodeType>1</ns2:CustNodeType><ns2:CustClass>1</ns2:CustClass><ns2:CustCode>CBS100060000000347366</ns2:CustCode><ns2:CustBasicInfo><ns2:DFTWrittenLang>2002</ns2:DFTWrittenLang><ns2:DFTIVRLang>2002</ns2:DFTIVRLang><ns2:DunningFlag>1</ns2:DunningFlag><ns2:CustProperty><ns2:Code>C_Extend_Cust_Int_Attr8</ns2:Code><ns2:Value></ns2:Value></ns2:CustProperty><ns2:CustProperty><ns2:Code>C_CUSTOMER_TAX_RATE</ns2:Code><ns2:Value></ns2:Value></ns2:CustProperty><ns2:CustProperty><ns2:Code>C_Extend_Cust_Int_Attr9</ns2:Code><ns2:Value></ns2:Value></ns2:CustProperty><ns2:CustProperty><ns2:Code>C_CUST_BANKRUPTCY</ns2:Code><ns2:Value>N</ns2:Value></ns2:CustProperty><ns2:CustProperty><ns2:Code>C_Extend_Cust_Int_Attr10</ns2:Code><ns2:Value></ns2:Value></ns2:CustProperty><ns2:CustProperty><ns2:Code>C_Extend_Cust_Int_Attr4</ns2:Code><ns2:Value></ns2:Value></ns2:CustProperty><ns2:CustProperty><ns2:Code>C_Extend_Cust_Int_Attr5</ns2:Code><ns2:Value></ns2:Value></ns2:CustProperty><ns2:CustProperty><ns2:Code>C_Extend_Cust_Int_Attr6</ns2:Code><ns2:Value></ns2:Value></ns2:CustProperty><ns2:CustProperty><ns2:Code>C_Extend_Cust_Int_Attr7</ns2:Code><ns2:Value></ns2:Value></ns2:CustProperty><ns2:CustProperty><ns2:Code>C_LEGAL_CATEGORY</ns2:Code><ns2:Value></ns2:Value></ns2:CustProperty><ns2:CustProperty><ns2:Code>C_CONTRACT_ID</ns2:Code><ns2:Value></ns2:Value></ns2:CustProperty><ns2:CustProperty><ns2:Code>C_Extend_Cust_Int_Attr1</ns2:Code><ns2:Value></ns2:Value></ns2:CustProperty><ns2:CustProperty><ns2:Code>C_Extend_Cust_Int_Attr2</ns2:Code><ns2:Value></ns2:Value></ns2:CustProperty><ns2:CustProperty><ns2:Code>C_NEW_IC</ns2:Code><ns2:Value></ns2:Value></ns2:CustProperty><ns2:CustProperty><ns2:Code>C_Extend_Cust_Int_Attr3</ns2:Code><ns2:Value></ns2:Value></ns2:CustProperty><ns2:CustProperty><ns2:Code>C_REG_FLAG</ns2:Code><ns2:Value>N</ns2:Value></ns2:CustProperty><ns2:CustProperty><ns2:Code>C_NRC</ns2:Code><ns2:Value></ns2:Value></ns2:CustProperty><ns2:CustProperty><ns2:Code>C_CUST_CATEGORY</ns"
13:22:44.048 [Test worker] DEBUG org.apache.http.wire -  << "2:Code><ns2:Value></ns2:Value></ns2:CustProperty><ns2:CustProperty><ns2:Code>C_CUST_SALT</ns2:Code><ns2:Value>237ADB92B889E990</ns2:Value></ns2:CustProperty><ns2:CustProperty><ns2:Code>C_EXTERNAL_CUST_ID</ns2:Code><ns2:Value></ns2:Value></ns2:CustProperty><ns2:CustProperty><ns2:Code>C_FRAUD_FLAG</ns2:Code><ns2:Value>N</ns2:Value></ns2:CustProperty><ns2:CustProperty><ns2:Code>C_CUST_MEDIA_FLAG</ns2:Code><ns2:Value>N</ns2:Value></ns2:CustProperty><ns2:CustProperty><ns2:Code>C_TAX_PAYER_IDENTIFICATION_NO</ns2:Code><ns2:Value></ns2:Value></ns2:CustProperty><ns2:CustProperty><ns2:Code>C_C"
13:22:44.048 [Test worker] DEBUG org.apache.http.wire -  << "[\r][\n]"
13:22:44.048 [Test worker] DEBUG org.apache.http.wire -  << "0fe8[\r][\n]"
13:22:44.049 [Test worker] DEBUG org.apache.http.wire -  << "UST_DECEASED</ns2:Code><ns2:Value>N</ns2:Value></ns2:CustProperty><ns2:CustProperty><ns2:Code>C_EVENING_PHONE</ns2:Code><ns2:Value></ns2:Value></ns2:CustProperty><ns2:CustProperty><ns2:Code>C_Extend_Cust_Str_Attr5</ns2:Code><ns2:Value></ns2:Value></ns2:CustProperty><ns2:CustProperty><ns2:Code>C_Extend_Cust_Str_Attr4</ns2:Code><ns2:Value></ns2:Value></ns2:CustProperty><ns2:CustProperty><ns2:Code>C_Extend_Cust_Str_Attr3</ns2:Code><ns2:Value></ns2:Value></ns2:CustProperty><ns2:CustProperty><ns2:Code>C_Extend_Cust_Str_Attr2</ns2:Code><ns2:Value></ns2:Value></ns2:CustProperty><ns2:CustProperty><ns2:Code>C_DAYTIME_PHONE</ns2:Code><ns2:Value></ns2:Value></ns2:CustProperty><ns2:CustProperty><ns2:Code>C_Extend_Cust_Str_Attr9</ns2:Code><ns2:Value></ns2:Value></ns2:CustProperty><ns2:CustProperty><ns2:Code>C_Extend_Cust_Str_Attr8</ns2:Code><ns2:Value></ns2:Value></ns2:CustProperty><ns2:CustProperty><ns2:Code>C_CUST_MARKETING_CONSENT</ns2:Code><ns2:Value>N</ns2:Value></ns2:CustProperty><ns2:CustProperty><ns2:Code>C_Extend_Cust_Str_Attr7</ns2:Code><ns2:Value></ns2:Value></ns2:CustProperty><ns2:CustProperty><ns2:Code>C_Extend_Cust_Str_Attr6</ns2:Code><ns2:Value></ns2:Value></ns2:CustProperty><ns2:CustProperty><ns2:Code>C_OLD_IC</ns2:Code><ns2:Value></ns2:Value></ns2:CustProperty><ns2:CustProperty><ns2:Code>C_Extend_Cust_Str_Attr1</ns2:Code><ns2:Value></ns2:Value></ns2:CustProperty><ns2:CustProperty><ns2:Code>C_Extend_Cust_Str_Attr10</ns2:Code><ns2:Value></ns2:Value></ns2:CustProperty><ns2:CustProperty><ns2:Code>C_CUST_BILLSUM</ns2:Code><ns2:Value>0</ns2:Value></ns2:CustProperty><ns2:CustProperty><ns2:Code>C_CORP_CUST_SEGMENT</ns2:Code><ns2:Value></ns2:Value></ns2:CustProperty><ns2:CustProperty><ns2:Code>C_ACCESSIBILITY_FLAG</ns2:Code><ns2:Value></ns2:Value></ns2:CustProperty><ns2:CustProperty><ns2:Code>C_CUST_BelToAreaID</ns2:Code><ns2:Value>101</ns2:Value></ns2:CustProperty><ns2:CustProperty><ns2:Code>C_CUST_ID</ns2:Code><ns2:Value>100060000000347366</ns2:Value></ns2:CustProperty></ns2:CustBasicInfo></ns3:CustInfo><ns3:IndividualInfo><ns2:IDType>6</ns2:IDType><ns2:IDNumber>836898669</ns2:IDNumber><ns2:FirstName>Rosmary</ns2:FirstName><ns2:LastName>Ra Garcia</ns2:LastName><ns2:HomePhone>3303000</ns2:HomePhone><ns2:Email>pruebaAutomatizadaQA@gmail.com</ns2:Email><ns2:IndividualProperty><ns2:Code>C_MKT_P_STATUS</ns2:Code><ns2:Value>1</ns2:Value></ns2:IndividualProperty></ns3:IndividualInfo></ns3:UserCustomer><ns3:RootAcctKey>PRE-8980021881</ns3:RootAcctKey><ns3:AcctBasicInfo><ns2:BillLang>2002</ns2:BillLang><ns2:DunningFlag>1</ns2:DunningFlag><ns2:LateFeeChargeable>N</ns2:LateFeeChargeable><ns2:RedlistFlag>0</ns2:RedlistFlag><ns2:ContactInfo><ns2:FirstName>ROSMARY</ns2:FirstName><ns2:LastName> RA GARCIA</ns2:LastName><ns2:AddressKey>b6f647191b3d3c98c0092f0f665c382e</ns2:AddressKey><ns2:HomePhone>3303000</ns2:HomePhone><ns2:MobilePhone>3043209773</ns2:MobilePhone><ns2:Email>pruebaAutomatizadaQA@gmail.com</ns2:Email></ns2:ContactInfo><ns2:AcctProperty><ns2:Code>C_ACCOUNT_INFO_5</ns2:Code><ns2:Value></ns2:Value></ns2:AcctProperty><ns2:AcctProperty><ns2:Code>C_GRP_IND_ACCT</ns2:Code><ns2:Value></ns2:Value></ns2:AcctProperty><ns2:AcctProperty><ns2:Code>C_INIT_BALANCE</ns2:Code><ns2:Value></ns2:Value></ns2:AcctProperty><ns2:AcctProperty><ns2:Code>C_ACCOUNT_INFO_3</ns2:Code><ns2:Value></ns2:Value></ns2:AcctProperty><ns2:AcctProperty><ns2:Code>C_ACCOUNT_INFO_4</ns2:Code><ns2:Value></ns2:Value></ns2:AcctProperty><ns2:AcctProperty><ns2:Code>C_Extend_Acct_Int_Attr1</ns2:Code><ns2:Value></ns2:Value></ns2:AcctProperty><ns2:AcctProperty><ns2:Code>C_Extend_Acct_Int_Attr2</ns2:Code><ns2:Value></ns2:Value></ns2:AcctProperty><ns2:AcctProperty><ns2:Code>C_Extend_Acct_Int_Attr3</ns2:Code><ns2:Value></ns2:Value></ns2:AcctProperty><ns2:AcctProperty><ns2:Code>C_POINT_ACCM_FLAG</ns2:Code><ns2:Value>1</ns2:Value></ns2:AcctProperty><ns2:AcctProperty><ns2:Code>C_RTN</ns2:Code><ns2:Value></ns2:Value></ns2:AcctProperty><ns2:AcctProperty><ns2:Code>C_BILLING_GROUP_NO</ns2:Code><ns2:Value></ns2:Value></ns2:AcctProperty><ns2:AcctProperty><ns2:Cod"
13:22:44.049 [Test worker] DEBUG org.apache.http.wire -  << "[\r][\n]"
13:22:44.049 [Test worker] DEBUG org.apache.http.wire -  << "0fe8[\r][\n]"
13:22:44.049 [Test worker] DEBUG org.apache.http.wire -  << "e>C_GRACE_PERIOD</ns2:Code><ns2:Value></ns2:Value></ns2:AcctProperty><ns2:AcctProperty><ns2:Code>C_BILL_TYPE</ns2:Code><ns2:Value>T</ns2:Value></ns2:AcctProperty><ns2:AcctProperty><ns2:Code>C_TAX_CORRELATIVE_TYPE</ns2:Code><ns2:Value></ns2:Value></ns2:AcctProperty><ns2:AcctProperty><ns2:Code>C_ACCOUNT_CATEGORY</ns2:Code><ns2:Value>0</ns2:Value></ns2:AcctProperty><ns2:AcctProperty><ns2:Code>C_IS_VPN_ACCT_SUSPEND</ns2:Code><ns2:Value>0</ns2:Value></ns2:AcctProperty><ns2:AcctProperty><ns2:Code>C_BUSINESS_TYPE</ns2:Code><ns2:Value>0</ns2:Value></ns2:AcctProperty><ns2:AcctProperty><ns2:Code>C_Extend_Acct_Int_Attr4</ns2:Code><ns2:Value></ns2:Value></ns2:AcctProperty><ns2:AcctProperty><ns2:Code>C_Extend_Acct_Int_Attr5</ns2:Code><ns2:Value></ns2:Value></ns2:AcctProperty><ns2:AcctProperty><ns2:Code>C_FRAUD_WRITEOFF_FLAG</ns2:Code><ns2:Value>N</ns2:Value></ns2:AcctProperty><ns2:AcctProperty><ns2:Code>C_Extend_Acct_Int_Attr6</ns2:Code><ns2:Value></ns2:Value></ns2:AcctProperty><ns2:AcctProperty><ns2:Code>C_Extend_Acct_Int_Attr7</ns2:Code><ns2:Value></ns2:Value></ns2:AcctProperty><ns2:AcctProperty><ns2:Code>C_IMG_IDX</ns2:Code><ns2:Value></ns2:Value></ns2:AcctProperty><ns2:AcctProperty><ns2:Code>C_Extend_Acct_Int_Attr8</ns2:Code><ns2:Value></ns2:Value></ns2:AcctProperty><ns2:AcctProperty><ns2:Code>C_ACCOUNT_INFO_1</ns2:Code><ns2:Value></ns2:Value></ns2:AcctProperty><ns2:AcctProperty><ns2:Code>C_MCF_SELECTED</ns2:Code><ns2:Value>1</ns2:Value></ns2:AcctProperty><ns2:AcctProperty><ns2:Code>C_Extend_Acct_Int_Attr9</ns2:Code><ns2:Value></ns2:Value></ns2:AcctProperty><ns2:AcctProperty><ns2:Code>C_VERIFICATION_DIGIT</ns2:Code><ns2:Value></ns2:Value></ns2:AcctProperty><ns2:AcctProperty><ns2:Code>C_ACCOUNT_INFO_2</ns2:Code><ns2:Value></ns2:Value></ns2:AcctProperty><ns2:AcctProperty><ns2:Code>C_PRI_SUB_ID</ns2:Code><ns2:Value></ns2:Value></ns2:AcctProperty><ns2:AcctProperty><ns2:Code>C_DVD_IDX</ns2:Code><ns2:Value>N</ns2:Value></ns2:AcctProperty><ns2:AcctProperty><ns2:Code>C_Extend_Acct_Str_Attr1</ns2:Code><ns2:Value></ns2:Value></ns2:AcctProperty><ns2:AcctProperty><ns2:Code>C_POINT_EXCHANGE_FLAG</ns2:Code><ns2:Value>0</ns2:Value></ns2:AcctProperty><ns2:AcctProperty><ns2:Code>C_ACCT_AUTOPAY_FAILCOUNTER</ns2:Code><ns2:Value>0</ns2:Value></ns2:AcctProperty><ns2:AcctProperty><ns2:Code>C_NIT</ns2:Code><ns2:Value></ns2:Value></ns2:AcctProperty><ns2:AcctProperty><ns2:Code>C_CONTRACT_NUMBER</ns2:Code><ns2:Value></ns2:Value></ns2:AcctProperty><ns2:AcctProperty><ns2:Code>C_PAY_INTIME_DATE</ns2:Code><ns2:Value></ns2:Value></ns2:AcctProperty><ns2:AcctProperty><ns2:Code>C_OVER_DRAFT_FOR_PREPAID</ns2:Code><ns2:Value></ns2:Value></ns2:AcctProperty><ns2:AcctProperty><ns2:Code>C_ACCOUNT_TAX_EXEMPTION</ns2:Code><ns2:Value>0</ns2:Value></ns2:AcctProperty><ns2:AcctProperty><ns2:Code>C_ACCT_BILLFLAG</ns2:Code><ns2:Value>0</ns2:Value></ns2:AcctProperty><ns2:AcctProperty><ns2:Code>C_DUNNING_EXCEPTION_LIST</ns2:Code><ns2:Value>0000</ns2:Value></ns2:AcctProperty><ns2:AcctProperty><ns2:Code>C_MARKETING_CATEGORY</ns2:Code><ns2:Value></ns2:Value></ns2:AcctProperty><ns2:AcctProperty><ns2:Code>C_SOCIETY</ns2:Code><ns2:Value></ns2:Value></ns2:AcctProperty><ns2:AcctProperty><ns2:Code>C_DDI_STATUS</ns2:Code><ns2:Value></ns2:Value></ns2:AcctProperty><ns2:AcctProperty><ns2:Code>C_Extend_Acct_Str_Attr10</ns2:Code><ns2:Value></ns2:Value></ns2:AcctProperty><ns2:AcctProperty><ns2:Code>C_Extend_Acct_Str_Attr9</ns2:Code><ns2:Value></ns2:Value></ns2:AcctProperty><ns2:AcctProperty><ns2:Code>C_ECONOMIC_STRATUM</ns2:Code><ns2:Value></ns2:Value></ns2:AcctProperty><ns2:AcctProperty><ns2:Code>C_Extend_Acct_Str_Attr8</ns2:Code><ns2:Value></ns2:Value></ns2:AcctProperty><ns2:AcctProperty><ns2:Code>C_Extend_Acct_Str_Attr7</ns2:Code><ns2:Value></ns2:Value></ns2:AcctProperty><ns2:AcctProperty><ns2:Code>C_Extend_Acct_Str_Attr6</ns2:Code><ns2:Value></ns2:Value></ns2:AcctProperty><ns2:AcctProperty><ns2:Code>C_Extend_Acct_Str_Attr5</ns2:Code><ns2:Value></ns2:Value></ns2:AcctProperty><ns2:AcctProperty><ns2:Code>C_BILL_CONFIRM</ns2:Code><ns2:Value>N</ns2:Value></ns2:AcctPropert"
13:22:44.049 [Test worker] DEBUG org.apache.http.wire -  << "[\r][\n]"
13:22:44.050 [Test worker] DEBUG org.apache.http.wire -  << "006f[\r][\n]"
13:22:44.050 [Test worker] DEBUG org.apache.http.wire -  << "y><ns2:AcctProperty><ns2"
13:22:44.050 [Test worker] DEBUG org.apache.http.wire -  << ":Code>C_Extend_Acct_Str_Attr4</ns2:Code><ns2:Value></ns2:Value></ns2:AcctProperty><ns2:"
13:22:44.050 [Test worker] DEBUG org.apache.http.wire -  << "[\r][\n]"
13:22:44.050 [Test worker] DEBUG org.apache.http.wire -  << "0ecf[\r][\n]"
13:22:44.050 [Test worker] DEBUG org.apache.http.wire -  << "AcctProperty><ns2:Code>C_Extend_Acct_Str_Attr3</ns2:Code><ns2:Value></ns2:Value></ns2:AcctProperty><ns2:AcctProperty><ns2:Code>C_ACCT_STATUS</ns2:Code><ns2:Value>0</ns2:Value></ns2:AcctProperty><ns2:AcctProperty><ns2:Code>C_Extend_Acct_Str_Attr2</ns2:Code><ns2:Value></ns2:Value></ns2:AcctProperty><ns2:AcctProperty><ns2:Code>C_Extend_Acct_Int_Attr10</ns2:Code><ns2:Value></ns2:Value></ns2:AcctProperty><ns2:AcctProperty><ns2:Code>C_ACCOUNT_RELIABILITY</ns2:Code><ns2:Value></ns2:Value></ns2:AcctProperty><ns2:AcctProperty><ns2:Code>C_COLLECTION_CATEGORY</ns2:Code><ns2:Value></ns2:Value></ns2:AcctProperty><ns2:AcctProperty><ns2:Code>C_CITY</ns2:Code><ns2:Value></ns2:Value></ns2:AcctProperty><ns2:AcctProperty><ns2:Code>C_ACCOUNT_MANDATE_CODE</ns2:Code><ns2:Value></ns2:Value></ns2:AcctProperty><ns2:AcctProperty><ns2:Code>C_PROVINCE</ns2:Code><ns2:Value></ns2:Value></ns2:AcctProperty><ns2:AcctProperty><ns2:Code>C_RFC</ns2:Code><ns2:Value></ns2:Value></ns2:AcctProperty><ns2:AcctProperty><ns2:Code>C_CLAIM_FLAG</ns2:Code><ns2:Value>N</ns2:Value></ns2:AcctProperty><ns2:AcctProperty><ns2:Code>C_ROUTEID</ns2:Code><ns2:Value></ns2:Value></ns2:AcctProperty><ns2:AcctProperty><ns2:Code>C_SUC_AUTOPAY_DATE</ns2:Code><ns2:Value></ns2:Value></ns2:AcctProperty><ns2:AcctProperty><ns2:Code>C_POINT_DISTRIBUTE_RATE</ns2:Code><ns2:Value>0</ns2:Value></ns2:AcctProperty><ns2:AcctProperty><ns2:Code>C_ROAM_ACCT_ORDER_SEND</ns2:Code><ns2:Value>0</ns2:Value></ns2:AcctProperty><ns2:AcctProperty><ns2:Code>C_DD_REFERENCE</ns2:Code><ns2:Value></ns2:Value></ns2:AcctProperty><ns2:AcctProperty><ns2:Code>C_TERRITORY</ns2:Code><ns2:Value></ns2:Value></ns2:AcctProperty><ns2:AcctProperty><ns2:Code>C_CHG_ACCT_STATUS</ns2:Code><ns2:Value>0</ns2:Value></ns2:AcctProperty><ns2:AcctProperty><ns2:Code>C_DUE_DATE_TYPE</ns2:Code><ns2:Value></ns2:Value></ns2:AcctProperty><ns2:AcctProperty><ns2:Code>C_CREDIT_RECALCULATION_FLAG</ns2:Code><ns2:Value>N</ns2:Value></ns2:AcctProperty><ns2:AcctProperty><ns2:Code>C_BUSINESS_UNIT</ns2:Code><ns2:Value></ns2:Value></ns2:AcctProperty><ns2:AcctProperty><ns2:Code>C_OTHER_CARRIER</ns2:Code><ns2:Value>0</ns2:Value></ns2:AcctProperty><ns2:AcctProperty><ns2:Code>C_LATEFEE_FLAG</ns2:Code><ns2:Value>N</ns2:Value></ns2:AcctProperty><ns2:AcctProperty><ns2:Code>C_REF_A</ns2:Code><ns2:Value></ns2:Value></ns2:AcctProperty><ns2:AcctProperty><ns2:Code>OverDraftForPrepaid</ns2:Code><ns2:Value>0</ns2:Value></ns2:AcctProperty><ns2:AcctProperty><ns2:Code>C_BILL_DISPATCH_CODE</ns2:Code><ns2:Value></ns2:Value></ns2:AcctProperty><ns2:AcctProperty><ns2:Code>C_REF_B</ns2:Code><ns2:Value></ns2:Value></ns2:AcctProperty><ns2:AcctProperty><ns2:Code>C_ACCTCYCLELENGTH</ns2:Code><ns2:Value>1</ns2:Value></ns2:AcctProperty><ns2:AcctProperty><ns2:Code>C_PRI_SUB_IDENTIFIER</ns2:Code><ns2:Value></ns2:Value></ns2:AcctProperty><ns2:AcctProperty><ns2:Code>C_DCA_NAME</ns2:Code><ns2:Value></ns2:Value></ns2:AcctProperty><ns2:AcctProperty><ns2:Code>C_ACCT_ID</ns2:Code><ns2:Value>100060000000347418</ns2:Value></ns2:AcctProperty></ns3:AcctBasicInfo><ns3:BillCycleType>28</ns3:BillCycleType><ns3:AcctType>1</ns3:AcctType><ns3:PaymentType>0</ns3:PaymentType><ns3:AcctClass>1</ns3:AcctClass><ns3:CurrencyID>1032</ns3:CurrencyID><ns3:AcctPayMethod>1</ns3:AcctPayMethod><ns3:AddressInfo><ns2:AddressKey>b6f647191b3d3c98c0092f0f665c382e</ns2:AddressKey><ns2:Address1>Avenida 45# 16- 36 </ns2:Address1><ns2:Address5>BOGOTA</ns2:Address5><ns2:Address6>BOGOTA D.E</ns2:Address6><ns2:Address7>Centro</ns2:Address7><ns2:Address8>Colombia</ns2:Address8></ns3:AddressInfo><ns3:BillCycleOpenDate>20220328000000</ns3:BillCycleOpenDate><ns3:BillCycleEndDate>20220428000000</ns3:BillCycleEndDate></ns3:AcctInfo></ns3:Account></QueryCustomerInfoResult></return></ns4:queryCustomerInfoResponse></S:Body></S:Envelope>"
13:22:44.050 [Test worker] DEBUG org.apache.http.wire -  << "[\r][\n]"
13:22:44.050 [Test worker] DEBUG org.apache.http.wire -  << "0000[\r][\n]"
13:22:44.050 [Test worker] DEBUG org.apache.http.wire -  << "[\r][\n]"
13:22:44.050 [Test worker] DEBUG org.apache.http.impl.conn.BasicClientConnectionManager - Releasing connection org.apache.http.impl.conn.ManagedClientConnectionImpl@73e8561d
13:22:44.051 [Test worker] DEBUG org.apache.http.impl.conn.BasicClientConnectionManager - Connection can be kept alive indefinitely
13:22:44.060 [Test worker] DEBUG org.apache.http.impl.conn.BasicClientConnectionManager - Get connection for route {}->http://10.65.45.12:9001
13:22:44.060 [Test worker] DEBUG org.apache.http.impl.conn.DefaultClientConnectionOperator - Connecting to 10.65.45.12:9001
13:22:44.122 [Test worker] DEBUG org.apache.http.client.protocol.RequestAddCookies - CookieSpec selected: ignoreCookies
13:22:44.122 [Test worker] DEBUG org.apache.http.client.protocol.RequestAuthCache - Auth cache not set in the context
13:22:44.123 [Test worker] DEBUG org.apache.http.client.protocol.RequestTargetAuthentication - Target auth state: UNCHALLENGED
13:22:44.123 [Test worker] DEBUG org.apache.http.client.protocol.RequestProxyAuthentication - Proxy auth state: UNCHALLENGED
13:22:44.123 [Test worker] DEBUG org.apache.http.impl.client.DefaultHttpClient - Attempt 1 to execute request
13:22:44.123 [Test worker] DEBUG org.apache.http.impl.conn.DefaultClientConnection - Sending request: POST /gatewaymgint/GatewayMGWSInt HTTP/1.1
13:22:44.123 [Test worker] DEBUG org.apache.http.wire -  >> "POST /gatewaymgint/GatewayMGWSInt HTTP/1.1[\r][\n]"
13:22:44.123 [Test worker] DEBUG org.apache.http.wire -  >> "Accept: */*[\r][\n]"
13:22:44.123 [Test worker] DEBUG org.apache.http.wire -  >> "Content-Type: text/xml;charset=UTF-8[\r][\n]"
13:22:44.123 [Test worker] DEBUG org.apache.http.wire -  >> "Content-Length: 479[\r][\n]"
13:22:44.123 [Test worker] DEBUG org.apache.http.wire -  >> "Host: 10.65.45.12:9001[\r][\n]"
13:22:44.123 [Test worker] DEBUG org.apache.http.wire -  >> "Connection: Keep-Alive[\r][\n]"
13:22:44.123 [Test worker] DEBUG org.apache.http.wire -  >> "User-Agent: Apache-HttpClient/4.5.9 (Java/1.8.0_291)[\r][\n]"
13:22:44.123 [Test worker] DEBUG org.apache.http.wire -  >> "Accept-Encoding: gzip,deflate[\r][\n]"
13:22:44.124 [Test worker] DEBUG org.apache.http.wire -  >> "[\r][\n]"
13:22:44.124 [Test worker] DEBUG org.apache.http.headers - >> POST /gatewaymgint/GatewayMGWSInt HTTP/1.1
13:22:44.124 [Test worker] DEBUG org.apache.http.headers - >> Accept: */*
13:22:44.124 [Test worker] DEBUG org.apache.http.headers - >> Content-Type: text/xml;charset=UTF-8
13:22:44.124 [Test worker] DEBUG org.apache.http.headers - >> Content-Length: 479
13:22:44.124 [Test worker] DEBUG org.apache.http.headers - >> Host: 10.65.45.12:9001
13:22:44.124 [Test worker] DEBUG org.apache.http.headers - >> Connection: Keep-Alive
13:22:44.124 [Test worker] DEBUG org.apache.http.headers - >> User-Agent: Apache-HttpClient/4.5.9 (Java/1.8.0_291)
13:22:44.124 [Test worker] DEBUG org.apache.http.headers - >> Accept-Encoding: gzip,deflate
13:22:44.124 [Test worker] DEBUG org.apache.http.wire -  >> "<soapenv:Envelope xmlns:soapenv="http://schemas.xmlsoap.org/soap/envelope/" xmlns:web="http://webservices.gatewaymg.tigo.com.co/">[\n]"
13:22:44.124 [Test worker] DEBUG org.apache.http.wire -  >> "   <soapenv:Header/>[\n]"
13:22:44.124 [Test worker] DEBUG org.apache.http.wire -  >> "   <soapenv:Body>[\n]"
13:22:44.124 [Test worker] DEBUG org.apache.http.wire -  >> "      <web:uninstallSubscription>[\n]"
13:22:44.124 [Test worker] DEBUG org.apache.http.wire -  >> "         <!--Optional:-->[\n]"
13:22:44.125 [Test worker] DEBUG org.apache.http.wire -  >> "         <arg0>[\n]"
13:22:44.125 [Test worker] DEBUG org.apache.http.wire -  >> "            <!--Optional:-->[\n]"
13:22:44.125 [Test worker] DEBUG org.apache.http.wire -  >> "            <msisdn>3043209773</msisdn>[\n]"
13:22:44.125 [Test worker] DEBUG org.apache.http.wire -  >> "            <!--Optional:-->[\n]"
13:22:44.125 [Test worker] DEBUG org.apache.http.wire -  >> "            <transactionId>?</transactionId>[\n]"
13:22:44.125 [Test worker] DEBUG org.apache.http.wire -  >> "         </arg0>[\n]"
13:22:44.125 [Test worker] DEBUG org.apache.http.wire -  >> "      </web:uninstallSubscription>[\n]"
13:22:44.125 [Test worker] DEBUG org.apache.http.wire -  >> "   </soapenv:Body>[\n]"
13:22:44.125 [Test worker] DEBUG org.apache.http.wire -  >> "</soapenv:Envelope>"
13:22:44.334 [Test worker] DEBUG org.apache.http.wire -  << "HTTP/1.1 200 OK[\r][\n]"
13:22:44.334 [Test worker] DEBUG org.apache.http.wire -  << "Date: Wed, 27 Apr 2022 18:22:43 GMT[\r][\n]"
13:22:44.334 [Test worker] DEBUG org.apache.http.wire -  << "Transfer-Encoding: chunked[\r][\n]"
13:22:44.334 [Test worker] DEBUG org.apache.http.wire -  << "Content-Type: text/xml; charset=utf-8[\r][\n]"
13:22:44.335 [Test worker] DEBUG org.apache.http.wire -  << "[\r][\n]"
13:22:44.335 [Test worker] DEBUG org.apache.http.impl.conn.DefaultClientConnection - Receiving response: HTTP/1.1 200 OK
13:22:44.335 [Test worker] DEBUG org.apache.http.headers - << HTTP/1.1 200 OK
13:22:44.335 [Test worker] DEBUG org.apache.http.headers - << Date: Wed, 27 Apr 2022 18:22:43 GMT
13:22:44.335 [Test worker] DEBUG org.apache.http.headers - << Transfer-Encoding: chunked
13:22:44.335 [Test worker] DEBUG org.apache.http.headers - << Content-Type: text/xml; charset=utf-8
13:22:44.335 [Test worker] DEBUG org.apache.http.impl.client.DefaultHttpClient - Connection can be kept alive indefinitely
13:22:44.335 [Test worker] DEBUG io.restassured.internal.RequestSpecificationImpl$RestAssuredHttpBuilder - Parsing response as: text/xml; charset=utf-8
13:22:44.335 [Test worker] DEBUG io.restassured.internal.RequestSpecificationImpl$RestAssuredHttpBuilder - Parsed data to instance of: class org.apache.http.conn.EofSensorInputStream
13:22:44.336 [Test worker] DEBUG org.apache.http.wire -  << "006e[\r][\n]"
13:22:44.337 [Test worker] DEBUG org.apache.http.wire -  << "<?xml version='1.0' encoding='UTF-8'?><S:Envelope xmlns:S="http://schemas.xmlsoap.org/soap/envelope/"><S:Body>"
13:22:44.337 [Test worker] DEBUG org.apache.http.wire -  << "[\r][\n]"
13:22:44.337 [Test worker] DEBUG org.apache.http.wire -  << "00df[\r][\n]"
13:22:44.337 [Test worker] DEBUG org.apache.http.wire -  << "<ns2:uninstallSubscriptionResponse xmlns:ns2="http://webservices.gatewaymg.tigo.com.co/"><return><authorizationNumber>3763934291485619</authorizationNumber></return></ns2:uninstallSubscriptionResponse></S:Body></S:Envelope>"
13:22:44.337 [Test worker] DEBUG org.apache.http.wire -  << "[\r][\n]"
13:22:44.337 [Test worker] DEBUG org.apache.http.wire -  << "0000[\r][\n]"
13:22:44.337 [Test worker] DEBUG org.apache.http.wire -  << "[\r][\n]"
13:22:44.337 [Test worker] DEBUG org.apache.http.impl.conn.BasicClientConnectionManager - Releasing connection org.apache.http.impl.conn.ManagedClientConnectionImpl@416b3f9
13:22:44.337 [Test worker] DEBUG org.apache.http.impl.conn.BasicClientConnectionManager - Connection can be kept alive indefinitely
13:22:44.384 [Finalizer] DEBUG org.apache.http.impl.conn.DefaultClientConnection - Connection 0.0.0.0:49240<->10.65.45.12:9001 closed
13:22:44.385 [Finalizer] DEBUG org.apache.http.impl.conn.DefaultClientConnection - Connection 0.0.0.0:49241<->10.65.45.12:9001 closed
13:22:44.388 [Finalizer] DEBUG org.apache.http.impl.conn.DefaultClientConnection - Connection 0.0.0.0:49234<->10.65.45.12:9001 closed
13:22:44.388 [Finalizer] DEBUG org.apache.http.impl.conn.DefaultClientConnection - Connection 0.0.0.0:49235<->10.65.45.12:9001 closed
se ejecuta correctamente DB Activator
se ejecuta correctamente  DB EPOS
se ejecuta correctamente DB Siebel
se ejecuta correctamente DB Postale
13:22:49.771 [Test worker] DEBUG org.apache.http.impl.conn.BasicClientConnectionManager - Get connection for route {}->http://10.65.45.12:9001
13:22:49.771 [Test worker] DEBUG org.apache.http.impl.conn.DefaultClientConnectionOperator - Connecting to 10.65.45.12:9001
13:22:49.821 [Test worker] DEBUG org.apache.http.client.protocol.RequestAddCookies - CookieSpec selected: ignoreCookies
13:22:49.821 [Test worker] DEBUG org.apache.http.client.protocol.RequestAuthCache - Auth cache not set in the context
13:22:49.821 [Test worker] DEBUG org.apache.http.client.protocol.RequestTargetAuthentication - Target auth state: UNCHALLENGED
13:22:49.821 [Test worker] DEBUG org.apache.http.client.protocol.RequestProxyAuthentication - Proxy auth state: UNCHALLENGED
13:22:49.821 [Test worker] DEBUG org.apache.http.impl.client.DefaultHttpClient - Attempt 1 to execute request
13:22:49.821 [Test worker] DEBUG org.apache.http.impl.conn.DefaultClientConnection - Sending request: POST /gatewaycbs/BcServicesInt HTTP/1.1
13:22:49.821 [Test worker] DEBUG org.apache.http.wire -  >> "POST /gatewaycbs/BcServicesInt HTTP/1.1[\r][\n]"
13:22:49.821 [Test worker] DEBUG org.apache.http.wire -  >> "Accept: */*[\r][\n]"
13:22:49.821 [Test worker] DEBUG org.apache.http.wire -  >> "Content-Type: text/xml;charset=UTF-8[\r][\n]"
13:22:49.822 [Test worker] DEBUG org.apache.http.wire -  >> "Content-Length: 748[\r][\n]"
13:22:49.822 [Test worker] DEBUG org.apache.http.wire -  >> "Host: 10.65.45.12:9001[\r][\n]"
13:22:49.822 [Test worker] DEBUG org.apache.http.wire -  >> "Connection: Keep-Alive[\r][\n]"
13:22:49.822 [Test worker] DEBUG org.apache.http.wire -  >> "User-Agent: Apache-HttpClient/4.5.9 (Java/1.8.0_291)[\r][\n]"
13:22:49.822 [Test worker] DEBUG org.apache.http.wire -  >> "Accept-Encoding: gzip,deflate[\r][\n]"
13:22:49.822 [Test worker] DEBUG org.apache.http.wire -  >> "[\r][\n]"
13:22:49.822 [Test worker] DEBUG org.apache.http.headers - >> POST /gatewaycbs/BcServicesInt HTTP/1.1
13:22:49.822 [Test worker] DEBUG org.apache.http.headers - >> Accept: */*
13:22:49.822 [Test worker] DEBUG org.apache.http.headers - >> Content-Type: text/xml;charset=UTF-8
13:22:49.822 [Test worker] DEBUG org.apache.http.headers - >> Content-Length: 748
13:22:49.822 [Test worker] DEBUG org.apache.http.headers - >> Host: 10.65.45.12:9001
13:22:49.822 [Test worker] DEBUG org.apache.http.headers - >> Connection: Keep-Alive
13:22:49.822 [Test worker] DEBUG org.apache.http.headers - >> User-Agent: Apache-HttpClient/4.5.9 (Java/1.8.0_291)
13:22:49.822 [Test worker] DEBUG org.apache.http.headers - >> Accept-Encoding: gzip,deflate
13:22:49.823 [Test worker] DEBUG org.apache.http.wire -  >> "<soapenv:Envelope xmlns:bcc="http://www.huawei.com/bme/cbsinterface/bccommon" xmlns:bcs="http://www.huawei.com/bme/cbsinterface/bcservices" xmlns:ws="http://ws.web.gatewaycbs.tigo.com.co/" xmlns:soapenv="http://schemas.xmlsoap.org/soap/envelope/">[\n]"
13:22:49.823 [Test worker] DEBUG org.apache.http.wire -  >> "   <soapenv:Header/>[\n]"
13:22:49.823 [Test worker] DEBUG org.apache.http.wire -  >> "   <soapenv:Body>[\n]"
13:22:49.824 [Test worker] DEBUG org.apache.http.wire -  >> "      <ws:queryCustomerInfo>[\n]"
13:22:49.824 [Test worker] DEBUG org.apache.http.wire -  >> "         <!--Optional:-->[\n]"
13:22:49.824 [Test worker] DEBUG org.apache.http.wire -  >> "         <QueryCustomerInfoRequest>[\n]"
13:22:49.824 [Test worker] DEBUG org.apache.http.wire -  >> "            <bcs:QueryObj>[\n]"
13:22:49.824 [Test worker] DEBUG org.apache.http.wire -  >> "               <!--Optional:-->[\n]"
13:22:49.824 [Test worker] DEBUG org.apache.http.wire -  >> "               <bcs:SubAccessCode>[\n]"
13:22:49.824 [Test worker] DEBUG org.apache.http.wire -  >> "                  <!--Optional:-->[\n]"
13:22:49.824 [Test worker] DEBUG org.apache.http.wire -  >> "                  <bcc:PrimaryIdentity>3043208091</bcc:PrimaryIdentity>[\n]"
13:22:49.824 [Test worker] DEBUG org.apache.http.wire -  >> "               </bcs:SubAccessCode>[\n]"
13:22:49.824 [Test worker] DEBUG org.apache.http.wire -  >> "            </bcs:QueryObj>[\n]"
13:22:49.824 [Test worker] DEBUG org.apache.http.wire -  >> "         </QueryCustomerInfoRequest>[\n]"
13:22:49.824 [Test worker] DEBUG org.apache.http.wire -  >> "      </ws:queryCustomerInfo>[\n]"
13:22:49.824 [Test worker] DEBUG org.apache.http.wire -  >> "   </soapenv:Body>[\n]"
13:22:49.824 [Test worker] DEBUG org.apache.http.wire -  >> "</soapenv:Envelope>"
13:22:49.936 [Test worker] DEBUG org.apache.http.wire -  << "HTTP/1.1 200 OK[\r][\n]"
13:22:49.936 [Test worker] DEBUG org.apache.http.wire -  << "Date: Wed, 27 Apr 2022 18:22:49 GMT[\r][\n]"
13:22:49.936 [Test worker] DEBUG org.apache.http.wire -  << "Transfer-Encoding: chunked[\r][\n]"
13:22:49.936 [Test worker] DEBUG org.apache.http.wire -  << "Content-Type: text/xml; charset=utf-8[\r][\n]"
13:22:49.936 [Test worker] DEBUG org.apache.http.wire -  << "[\r][\n]"
13:22:49.936 [Test worker] DEBUG org.apache.http.impl.conn.DefaultClientConnection - Receiving response: HTTP/1.1 200 OK
13:22:49.936 [Test worker] DEBUG org.apache.http.headers - << HTTP/1.1 200 OK
13:22:49.936 [Test worker] DEBUG org.apache.http.headers - << Date: Wed, 27 Apr 2022 18:22:49 GMT
13:22:49.936 [Test worker] DEBUG org.apache.http.headers - << Transfer-Encoding: chunked
13:22:49.936 [Test worker] DEBUG org.apache.http.headers - << Content-Type: text/xml; charset=utf-8
13:22:49.936 [Test worker] DEBUG org.apache.http.impl.client.DefaultHttpClient - Connection can be kept alive indefinitely
13:22:49.937 [Test worker] DEBUG io.restassured.internal.RequestSpecificationImpl$RestAssuredHttpBuilder - Parsing response as: text/xml; charset=utf-8
13:22:49.937 [Test worker] DEBUG io.restassured.internal.RequestSpecificationImpl$RestAssuredHttpBuilder - Parsed data to instance of: class org.apache.http.conn.EofSensorInputStream
13:22:49.938 [Test worker] DEBUG org.apache.http.wire -  << "006e[\r][\n]"
13:22:49.938 [Test worker] DEBUG org.apache.http.wire -  << "<?xml version='1.0' encoding='UTF-8'?><S:Envelope xmlns:S="http://schemas.xmlsoap.org/soap/envelope/"><S:Body>"
13:22:49.938 [Test worker] DEBUG org.apache.http.wire -  << "[\r][\n]"
13:22:49.938 [Test worker] DEBUG org.apache.http.wire -  << "01f8[\r][\n]"
13:22:49.938 [Test worker] DEBUG org.apache.http.wire -  << "<ns4:queryCustomerInfoResponse xmlns:ns2="http://www.huawei.com/bme/cbsinterface/bccommon" xmlns:ns3="http://www.huawei.com/bme/cbsinterface/bcservices" xmlns:ns4="http://ws.web.gatewaycbs.tigo.com.co/" xmlns:ns5="http://www.huawei.com/bme/cbsinterface/cbscommon"><return><ResultHeader><ns5:Version>1</ns5:Version><ns5:ResultCode>118030260</ns5:ResultCode><ns5:ResultDesc>Subscriber 3043208091 does not exist.</ns5:ResultDesc></ResultHeader></return></ns4:queryCustomerInfoResponse></S:Body></S:Envelope>"
13:22:49.938 [Test worker] DEBUG org.apache.http.wire -  << "[\r][\n]"
13:22:49.938 [Test worker] DEBUG org.apache.http.wire -  << "0000[\r][\n]"
13:22:49.938 [Test worker] DEBUG org.apache.http.wire -  << "[\r][\n]"
13:22:49.938 [Test worker] DEBUG org.apache.http.impl.conn.BasicClientConnectionManager - Releasing connection org.apache.http.impl.conn.ManagedClientConnectionImpl@686aa6e6
13:22:49.938 [Test worker] DEBUG org.apache.http.impl.conn.BasicClientConnectionManager - Connection can be kept alive indefinitely
La linea 3043208091 no esta activa
se ejecuta correctamente DB Activator
se ejecuta correctamente  DB EPOS
se ejecuta correctamente DB Siebel
se ejecuta correctamente DB Postale
13:22:55.330 [Test worker] DEBUG org.apache.http.impl.conn.BasicClientConnectionManager - Get connection for route {}->http://10.65.45.12:9001
13:22:55.330 [Test worker] DEBUG org.apache.http.impl.conn.DefaultClientConnectionOperator - Connecting to 10.65.45.12:9001
13:22:55.385 [Test worker] DEBUG org.apache.http.client.protocol.RequestAddCookies - CookieSpec selected: ignoreCookies
13:22:55.385 [Test worker] DEBUG org.apache.http.client.protocol.RequestAuthCache - Auth cache not set in the context
13:22:55.385 [Test worker] DEBUG org.apache.http.client.protocol.RequestTargetAuthentication - Target auth state: UNCHALLENGED
13:22:55.386 [Test worker] DEBUG org.apache.http.client.protocol.RequestProxyAuthentication - Proxy auth state: UNCHALLENGED
13:22:55.386 [Test worker] DEBUG org.apache.http.impl.client.DefaultHttpClient - Attempt 1 to execute request
13:22:55.386 [Test worker] DEBUG org.apache.http.impl.conn.DefaultClientConnection - Sending request: POST /gatewaycbs/BcServicesInt HTTP/1.1
13:22:55.386 [Test worker] DEBUG org.apache.http.wire -  >> "POST /gatewaycbs/BcServicesInt HTTP/1.1[\r][\n]"
13:22:55.386 [Test worker] DEBUG org.apache.http.wire -  >> "Accept: */*[\r][\n]"
13:22:55.386 [Test worker] DEBUG org.apache.http.wire -  >> "Content-Type: text/xml;charset=UTF-8[\r][\n]"
13:22:55.386 [Test worker] DEBUG org.apache.http.wire -  >> "Content-Length: 748[\r][\n]"
13:22:55.386 [Test worker] DEBUG org.apache.http.wire -  >> "Host: 10.65.45.12:9001[\r][\n]"
13:22:55.386 [Test worker] DEBUG org.apache.http.wire -  >> "Connection: Keep-Alive[\r][\n]"
13:22:55.386 [Test worker] DEBUG org.apache.http.wire -  >> "User-Agent: Apache-HttpClient/4.5.9 (Java/1.8.0_291)[\r][\n]"
13:22:55.386 [Test worker] DEBUG org.apache.http.wire -  >> "Accept-Encoding: gzip,deflate[\r][\n]"
13:22:55.386 [Test worker] DEBUG org.apache.http.wire -  >> "[\r][\n]"
13:22:55.387 [Test worker] DEBUG org.apache.http.headers - >> POST /gatewaycbs/BcServicesInt HTTP/1.1
13:22:55.387 [Test worker] DEBUG org.apache.http.headers - >> Accept: */*
13:22:55.387 [Test worker] DEBUG org.apache.http.headers - >> Content-Type: text/xml;charset=UTF-8
13:22:55.387 [Test worker] DEBUG org.apache.http.headers - >> Content-Length: 748
13:22:55.387 [Test worker] DEBUG org.apache.http.headers - >> Host: 10.65.45.12:9001
13:22:55.387 [Test worker] DEBUG org.apache.http.headers - >> Connection: Keep-Alive
13:22:55.387 [Test worker] DEBUG org.apache.http.headers - >> User-Agent: Apache-HttpClient/4.5.9 (Java/1.8.0_291)
13:22:55.387 [Test worker] DEBUG org.apache.http.headers - >> Accept-Encoding: gzip,deflate
13:22:55.388 [Test worker] DEBUG org.apache.http.wire -  >> "<soapenv:Envelope xmlns:bcc="http://www.huawei.com/bme/cbsinterface/bccommon" xmlns:bcs="http://www.huawei.com/bme/cbsinterface/bcservices" xmlns:ws="http://ws.web.gatewaycbs.tigo.com.co/" xmlns:soapenv="http://schemas.xmlsoap.org/soap/envelope/">[\n]"
13:22:55.388 [Test worker] DEBUG org.apache.http.wire -  >> "   <soapenv:Header/>[\n]"
13:22:55.388 [Test worker] DEBUG org.apache.http.wire -  >> "   <soapenv:Body>[\n]"
13:22:55.388 [Test worker] DEBUG org.apache.http.wire -  >> "      <ws:queryCustomerInfo>[\n]"
13:22:55.388 [Test worker] DEBUG org.apache.http.wire -  >> "         <!--Optional:-->[\n]"
13:22:55.388 [Test worker] DEBUG org.apache.http.wire -  >> "         <QueryCustomerInfoRequest>[\n]"
13:22:55.389 [Test worker] DEBUG org.apache.http.wire -  >> "            <bcs:QueryObj>[\n]"
13:22:55.389 [Test worker] DEBUG org.apache.http.wire -  >> "               <!--Optional:-->[\n]"
13:22:55.389 [Test worker] DEBUG org.apache.http.wire -  >> "               <bcs:SubAccessCode>[\n]"
13:22:55.389 [Test worker] DEBUG org.apache.http.wire -  >> "                  <!--Optional:-->[\n]"
13:22:55.389 [Test worker] DEBUG org.apache.http.wire -  >> "                  <bcc:PrimaryIdentity>3045981670</bcc:PrimaryIdentity>[\n]"
13:22:55.389 [Test worker] DEBUG org.apache.http.wire -  >> "               </bcs:SubAccessCode>[\n]"
13:22:55.389 [Test worker] DEBUG org.apache.http.wire -  >> "            </bcs:QueryObj>[\n]"
13:22:55.389 [Test worker] DEBUG org.apache.http.wire -  >> "         </QueryCustomerInfoRequest>[\n]"
13:22:55.389 [Test worker] DEBUG org.apache.http.wire -  >> "      </ws:queryCustomerInfo>[\n]"
13:22:55.389 [Test worker] DEBUG org.apache.http.wire -  >> "   </soapenv:Body>[\n]"
13:22:55.389 [Test worker] DEBUG org.apache.http.wire -  >> "</soapenv:Envelope>"
13:22:55.481 [Test worker] DEBUG org.apache.http.wire -  << "HTTP/1.1 200 OK[\r][\n]"
13:22:55.482 [Test worker] DEBUG org.apache.http.wire -  << "Date: Wed, 27 Apr 2022 18:22:55 GMT[\r][\n]"
13:22:55.482 [Test worker] DEBUG org.apache.http.wire -  << "Transfer-Encoding: chunked[\r][\n]"
13:22:55.482 [Test worker] DEBUG org.apache.http.wire -  << "Content-Type: text/xml; charset=utf-8[\r][\n]"
13:22:55.482 [Test worker] DEBUG org.apache.http.wire -  << "[\r][\n]"
13:22:55.482 [Test worker] DEBUG org.apache.http.impl.conn.DefaultClientConnection - Receiving response: HTTP/1.1 200 OK
13:22:55.482 [Test worker] DEBUG org.apache.http.headers - << HTTP/1.1 200 OK
13:22:55.482 [Test worker] DEBUG org.apache.http.headers - << Date: Wed, 27 Apr 2022 18:22:55 GMT
13:22:55.482 [Test worker] DEBUG org.apache.http.headers - << Transfer-Encoding: chunked
13:22:55.482 [Test worker] DEBUG org.apache.http.headers - << Content-Type: text/xml; charset=utf-8
13:22:55.482 [Test worker] DEBUG org.apache.http.impl.client.DefaultHttpClient - Connection can be kept alive indefinitely
13:22:55.483 [Test worker] DEBUG io.restassured.internal.RequestSpecificationImpl$RestAssuredHttpBuilder - Parsing response as: text/xml; charset=utf-8
13:22:55.483 [Test worker] DEBUG io.restassured.internal.RequestSpecificationImpl$RestAssuredHttpBuilder - Parsed data to instance of: class org.apache.http.conn.EofSensorInputStream
13:22:55.484 [Test worker] DEBUG org.apache.http.wire -  << "006e[\r][\n]"
13:22:55.484 [Test worker] DEBUG org.apache.http.wire -  << "<?xml version='1.0' encoding='UTF-8'?><S:Envelope xmlns:S="http://schemas.xmlsoap.org/soap/envelope/"><S:Body>"
13:22:55.484 [Test worker] DEBUG org.apache.http.wire -  << "[\r][\n]"
13:22:55.484 [Test worker] DEBUG org.apache.http.wire -  << "01f8[\r][\n]"
13:22:55.484 [Test worker] DEBUG org.apache.http.wire -  << "<ns4:queryCustomerInfoResponse xmlns:ns2="http://www.huawei.com/bme/cbsinterface/bccommon" xmlns:ns3="http://www.huawei.com/bme/cbsinterface/bcservices" xmlns:ns4="http://ws.web.gatewaycbs.tigo.com.co/" xmlns:ns5="http://www.huawei.com/bme/cbsinterface/cbscommon"><return><ResultHeader><ns5:Version>1</ns5:Version><ns5:ResultCode>118030260</ns5:ResultCode><ns5:ResultDesc>Subscriber 3045981670 does not exist.</ns5:ResultDesc></ResultHeader></return></ns4:queryCustomerInfoResponse></S:Body></S:Envelope>"
13:22:55.484 [Test worker] DEBUG org.apache.http.wire -  << "[\r][\n]"
13:22:55.484 [Test worker] DEBUG org.apache.http.wire -  << "0000[\r][\n]"
13:22:55.485 [Test worker] DEBUG org.apache.http.wire -  << "[\r][\n]"
13:22:55.485 [Test worker] DEBUG org.apache.http.impl.conn.BasicClientConnectionManager - Releasing connection org.apache.http.impl.conn.ManagedClientConnectionImpl@c09ddbd
13:22:55.485 [Test worker] DEBUG org.apache.http.impl.conn.BasicClientConnectionManager - Connection can be kept alive indefinitely
La linea 3045981670 no esta activa
13:22:55.514 [Finalizer] DEBUG org.apache.http.impl.conn.DefaultClientConnection - Connection 0.0.0.0:49253<->10.65.45.12:9001 closed
13:22:55.526 [Finalizer] DEBUG org.apache.http.impl.conn.DefaultClientConnection - Connection 0.0.0.0:49246<->10.65.45.12:9001 closed
se ejecuta correctamente DB Activator
se ejecuta correctamente  DB EPOS
se ejecuta correctamente DB Siebel
se ejecuta correctamente DB Postale
13:23:01.807 [Test worker] DEBUG org.apache.http.impl.conn.BasicClientConnectionManager - Get connection for route {}->http://10.65.45.12:9001
13:23:01.807 [Test worker] DEBUG org.apache.http.impl.conn.DefaultClientConnectionOperator - Connecting to 10.65.45.12:9001
13:23:01.922 [Test worker] DEBUG org.apache.http.client.protocol.RequestAddCookies - CookieSpec selected: ignoreCookies
13:23:01.922 [Test worker] DEBUG org.apache.http.client.protocol.RequestAuthCache - Auth cache not set in the context
13:23:01.922 [Test worker] DEBUG org.apache.http.client.protocol.RequestTargetAuthentication - Target auth state: UNCHALLENGED
13:23:01.922 [Test worker] DEBUG org.apache.http.client.protocol.RequestProxyAuthentication - Proxy auth state: UNCHALLENGED
13:23:01.922 [Test worker] DEBUG org.apache.http.impl.client.DefaultHttpClient - Attempt 1 to execute request
13:23:01.922 [Test worker] DEBUG org.apache.http.impl.conn.DefaultClientConnection - Sending request: POST /gatewaycbs/BcServicesInt HTTP/1.1
13:23:01.922 [Test worker] DEBUG org.apache.http.wire -  >> "POST /gatewaycbs/BcServicesInt HTTP/1.1[\r][\n]"
13:23:01.923 [Test worker] DEBUG org.apache.http.wire -  >> "Accept: */*[\r][\n]"
13:23:01.923 [Test worker] DEBUG org.apache.http.wire -  >> "Content-Type: text/xml;charset=UTF-8[\r][\n]"
13:23:01.923 [Test worker] DEBUG org.apache.http.wire -  >> "Content-Length: 748[\r][\n]"
13:23:01.923 [Test worker] DEBUG org.apache.http.wire -  >> "Host: 10.65.45.12:9001[\r][\n]"
13:23:01.923 [Test worker] DEBUG org.apache.http.wire -  >> "Connection: Keep-Alive[\r][\n]"
13:23:01.923 [Test worker] DEBUG org.apache.http.wire -  >> "User-Agent: Apache-HttpClient/4.5.9 (Java/1.8.0_291)[\r][\n]"
13:23:01.923 [Test worker] DEBUG org.apache.http.wire -  >> "Accept-Encoding: gzip,deflate[\r][\n]"
13:23:01.923 [Test worker] DEBUG org.apache.http.wire -  >> "[\r][\n]"
13:23:01.923 [Test worker] DEBUG org.apache.http.headers - >> POST /gatewaycbs/BcServicesInt HTTP/1.1
13:23:01.923 [Test worker] DEBUG org.apache.http.headers - >> Accept: */*
13:23:01.923 [Test worker] DEBUG org.apache.http.headers - >> Content-Type: text/xml;charset=UTF-8
13:23:01.923 [Test worker] DEBUG org.apache.http.headers - >> Content-Length: 748
13:23:01.923 [Test worker] DEBUG org.apache.http.headers - >> Host: 10.65.45.12:9001
13:23:01.923 [Test worker] DEBUG org.apache.http.headers - >> Connection: Keep-Alive
13:23:01.923 [Test worker] DEBUG org.apache.http.headers - >> User-Agent: Apache-HttpClient/4.5.9 (Java/1.8.0_291)
13:23:01.923 [Test worker] DEBUG org.apache.http.headers - >> Accept-Encoding: gzip,deflate
13:23:01.925 [Test worker] DEBUG org.apache.http.wire -  >> "<soapenv:Envelope xmlns:bcc="http://www.huawei.com/bme/cbsinterface/bccommon" xmlns:bcs="http://www.huawei.com/bme/cbsinterface/bcservices" xmlns:ws="http://ws.web.gatewaycbs.tigo.com.co/" xmlns:soapenv="http://schemas.xmlsoap.org/soap/envelope/">[\n]"
13:23:01.925 [Test worker] DEBUG org.apache.http.wire -  >> "   <soapenv:Header/>[\n]"
13:23:01.925 [Test worker] DEBUG org.apache.http.wire -  >> "   <soapenv:Body>[\n]"
13:23:01.926 [Test worker] DEBUG org.apache.http.wire -  >> "      <ws:queryCustomerInfo>[\n]"
13:23:01.926 [Test worker] DEBUG org.apache.http.wire -  >> "         <!--Optional:-->[\n]"
13:23:01.926 [Test worker] DEBUG org.apache.http.wire -  >> "         <QueryCustomerInfoRequest>[\n]"
13:23:01.926 [Test worker] DEBUG org.apache.http.wire -  >> "            <bcs:QueryObj>[\n]"
13:23:01.926 [Test worker] DEBUG org.apache.http.wire -  >> "               <!--Optional:-->[\n]"
13:23:01.926 [Test worker] DEBUG org.apache.http.wire -  >> "               <bcs:SubAccessCode>[\n]"
13:23:01.926 [Test worker] DEBUG org.apache.http.wire -  >> "                  <!--Optional:-->[\n]"
13:23:01.926 [Test worker] DEBUG org.apache.http.wire -  >> "                  <bcc:PrimaryIdentity>3045981684</bcc:PrimaryIdentity>[\n]"
13:23:01.926 [Test worker] DEBUG org.apache.http.wire -  >> "               </bcs:SubAccessCode>[\n]"
13:23:01.926 [Test worker] DEBUG org.apache.http.wire -  >> "            </bcs:QueryObj>[\n]"
13:23:01.926 [Test worker] DEBUG org.apache.http.wire -  >> "         </QueryCustomerInfoRequest>[\n]"
13:23:01.926 [Test worker] DEBUG org.apache.http.wire -  >> "      </ws:queryCustomerInfo>[\n]"
13:23:01.926 [Test worker] DEBUG org.apache.http.wire -  >> "   </soapenv:Body>[\n]"
13:23:01.926 [Test worker] DEBUG org.apache.http.wire -  >> "</soapenv:Envelope>"
13:23:02.023 [Test worker] DEBUG org.apache.http.wire -  << "HTTP/1.1 200 OK[\r][\n]"
13:23:02.023 [Test worker] DEBUG org.apache.http.wire -  << "Date: Wed, 27 Apr 2022 18:23:01 GMT[\r][\n]"
13:23:02.023 [Test worker] DEBUG org.apache.http.wire -  << "Transfer-Encoding: chunked[\r][\n]"
13:23:02.023 [Test worker] DEBUG org.apache.http.wire -  << "Content-Type: text/xml; charset=utf-8[\r][\n]"
13:23:02.023 [Test worker] DEBUG org.apache.http.wire -  << "[\r][\n]"
13:23:02.024 [Test worker] DEBUG org.apache.http.impl.conn.DefaultClientConnection - Receiving response: HTTP/1.1 200 OK
13:23:02.024 [Test worker] DEBUG org.apache.http.headers - << HTTP/1.1 200 OK
13:23:02.024 [Test worker] DEBUG org.apache.http.headers - << Date: Wed, 27 Apr 2022 18:23:01 GMT
13:23:02.024 [Test worker] DEBUG org.apache.http.headers - << Transfer-Encoding: chunked
13:23:02.024 [Test worker] DEBUG org.apache.http.headers - << Content-Type: text/xml; charset=utf-8
13:23:02.024 [Test worker] DEBUG org.apache.http.impl.client.DefaultHttpClient - Connection can be kept alive indefinitely
13:23:02.024 [Test worker] DEBUG io.restassured.internal.RequestSpecificationImpl$RestAssuredHttpBuilder - Parsing response as: text/xml; charset=utf-8
13:23:02.024 [Test worker] DEBUG io.restassured.internal.RequestSpecificationImpl$RestAssuredHttpBuilder - Parsed data to instance of: class org.apache.http.conn.EofSensorInputStream
13:23:02.026 [Test worker] DEBUG org.apache.http.wire -  << "006e[\r][\n]"
13:23:02.026 [Test worker] DEBUG org.apache.http.wire -  << "<?xml version='1.0' encoding='UTF-8'?><S:Envelope xmlns:S="http://schemas.xmlsoap.org/soap/envelope/"><S:Body>"
13:23:02.026 [Test worker] DEBUG org.apache.http.wire -  << "[\r][\n]"
13:23:02.026 [Test worker] DEBUG org.apache.http.wire -  << "01f8[\r][\n]"
13:23:02.026 [Test worker] DEBUG org.apache.http.wire -  << "<ns4:queryCustomerInfoResponse xmlns:ns2="http://www.huawei.com/bme/cbsinterface/bccommon" xmlns:ns3="http://www.huawei.com/bme/cbsinterface/bcservices" xmlns:ns4="http://ws.web.gatewaycbs.tigo.com.co/" xmlns:ns5="http://www.huawei.com/bme/cbsinterface/cbscommon"><return><ResultHeader><ns5:Version>1</ns5:Version><ns5:ResultCode>118030260</ns5:ResultCode><ns5:ResultDesc>Subscriber 3045981684 does not exist.</ns5:ResultDesc></ResultHeader></return></ns4:queryCustomerInfoResponse></S:Body></S:Envelope>"
13:23:02.026 [Test worker] DEBUG org.apache.http.wire -  << "[\r][\n]"
13:23:02.026 [Test worker] DEBUG org.apache.http.wire -  << "0000[\r][\n]"
13:23:02.026 [Test worker] DEBUG org.apache.http.wire -  << "[\r][\n]"
13:23:02.026 [Test worker] DEBUG org.apache.http.impl.conn.BasicClientConnectionManager - Releasing connection org.apache.http.impl.conn.ManagedClientConnectionImpl@67427771
13:23:02.026 [Test worker] DEBUG org.apache.http.impl.conn.BasicClientConnectionManager - Connection can be kept alive indefinitely
La linea 3045981684 no esta activa
se ejecuta correctamente DB Activator
se ejecuta correctamente  DB EPOS
se ejecuta correctamente DB Siebel
se ejecuta correctamente DB Postale
13:23:07.796 [Test worker] DEBUG org.apache.http.impl.conn.BasicClientConnectionManager - Get connection for route {}->http://10.65.45.12:9001
13:23:07.796 [Test worker] DEBUG org.apache.http.impl.conn.DefaultClientConnectionOperator - Connecting to 10.65.45.12:9001
13:23:07.844 [Test worker] DEBUG org.apache.http.client.protocol.RequestAddCookies - CookieSpec selected: ignoreCookies
13:23:07.844 [Test worker] DEBUG org.apache.http.client.protocol.RequestAuthCache - Auth cache not set in the context
13:23:07.844 [Test worker] DEBUG org.apache.http.client.protocol.RequestTargetAuthentication - Target auth state: UNCHALLENGED
13:23:07.844 [Test worker] DEBUG org.apache.http.client.protocol.RequestProxyAuthentication - Proxy auth state: UNCHALLENGED
13:23:07.844 [Test worker] DEBUG org.apache.http.impl.client.DefaultHttpClient - Attempt 1 to execute request
13:23:07.844 [Test worker] DEBUG org.apache.http.impl.conn.DefaultClientConnection - Sending request: POST /gatewaycbs/BcServicesInt HTTP/1.1
13:23:07.844 [Test worker] DEBUG org.apache.http.wire -  >> "POST /gatewaycbs/BcServicesInt HTTP/1.1[\r][\n]"
13:23:07.844 [Test worker] DEBUG org.apache.http.wire -  >> "Accept: */*[\r][\n]"
13:23:07.844 [Test worker] DEBUG org.apache.http.wire -  >> "Content-Type: text/xml;charset=UTF-8[\r][\n]"
13:23:07.844 [Test worker] DEBUG org.apache.http.wire -  >> "Content-Length: 748[\r][\n]"
13:23:07.844 [Test worker] DEBUG org.apache.http.wire -  >> "Host: 10.65.45.12:9001[\r][\n]"
13:23:07.844 [Test worker] DEBUG org.apache.http.wire -  >> "Connection: Keep-Alive[\r][\n]"
13:23:07.844 [Test worker] DEBUG org.apache.http.wire -  >> "User-Agent: Apache-HttpClient/4.5.9 (Java/1.8.0_291)[\r][\n]"
13:23:07.844 [Test worker] DEBUG org.apache.http.wire -  >> "Accept-Encoding: gzip,deflate[\r][\n]"
13:23:07.844 [Test worker] DEBUG org.apache.http.wire -  >> "[\r][\n]"
13:23:07.845 [Test worker] DEBUG org.apache.http.headers - >> POST /gatewaycbs/BcServicesInt HTTP/1.1
13:23:07.845 [Test worker] DEBUG org.apache.http.headers - >> Accept: */*
13:23:07.845 [Test worker] DEBUG org.apache.http.headers - >> Content-Type: text/xml;charset=UTF-8
13:23:07.845 [Test worker] DEBUG org.apache.http.headers - >> Content-Length: 748
13:23:07.845 [Test worker] DEBUG org.apache.http.headers - >> Host: 10.65.45.12:9001
13:23:07.845 [Test worker] DEBUG org.apache.http.headers - >> Connection: Keep-Alive
13:23:07.845 [Test worker] DEBUG org.apache.http.headers - >> User-Agent: Apache-HttpClient/4.5.9 (Java/1.8.0_291)
13:23:07.845 [Test worker] DEBUG org.apache.http.headers - >> Accept-Encoding: gzip,deflate
13:23:07.846 [Test worker] DEBUG org.apache.http.wire -  >> "<soapenv:Envelope xmlns:bcc="http://www.huawei.com/bme/cbsinterface/bccommon" xmlns:bcs="http://www.huawei.com/bme/cbsinterface/bcservices" xmlns:ws="http://ws.web.gatewaycbs.tigo.com.co/" xmlns:soapenv="http://schemas.xmlsoap.org/soap/envelope/">[\n]"
13:23:07.846 [Test worker] DEBUG org.apache.http.wire -  >> "   <soapenv:Header/>[\n]"
13:23:07.846 [Test worker] DEBUG org.apache.http.wire -  >> "   <soapenv:Body>[\n]"
13:23:07.846 [Test worker] DEBUG org.apache.http.wire -  >> "      <ws:queryCustomerInfo>[\n]"
13:23:07.846 [Test worker] DEBUG org.apache.http.wire -  >> "         <!--Optional:-->[\n]"
13:23:07.846 [Test worker] DEBUG org.apache.http.wire -  >> "         <QueryCustomerInfoRequest>[\n]"
13:23:07.846 [Test worker] DEBUG org.apache.http.wire -  >> "            <bcs:QueryObj>[\n]"
13:23:07.846 [Test worker] DEBUG org.apache.http.wire -  >> "               <!--Optional:-->[\n]"
13:23:07.846 [Test worker] DEBUG org.apache.http.wire -  >> "               <bcs:SubAccessCode>[\n]"
13:23:07.846 [Test worker] DEBUG org.apache.http.wire -  >> "                  <!--Optional:-->[\n]"
13:23:07.846 [Test worker] DEBUG org.apache.http.wire -  >> "                  <bcc:PrimaryIdentity>3043209863</bcc:PrimaryIdentity>[\n]"
13:23:07.846 [Test worker] DEBUG org.apache.http.wire -  >> "               </bcs:SubAccessCode>[\n]"
13:23:07.846 [Test worker] DEBUG org.apache.http.wire -  >> "            </bcs:QueryObj>[\n]"
13:23:07.846 [Test worker] DEBUG org.apache.http.wire -  >> "         </QueryCustomerInfoRequest>[\n]"
13:23:07.846 [Test worker] DEBUG org.apache.http.wire -  >> "      </ws:queryCustomerInfo>[\n]"
13:23:07.846 [Test worker] DEBUG org.apache.http.wire -  >> "   </soapenv:Body>[\n]"
13:23:07.846 [Test worker] DEBUG org.apache.http.wire -  >> "</soapenv:Envelope>"
13:23:07.944 [Test worker] DEBUG org.apache.http.wire -  << "HTTP/1.1 200 OK[\r][\n]"
13:23:07.944 [Test worker] DEBUG org.apache.http.wire -  << "Date: Wed, 27 Apr 2022 18:23:07 GMT[\r][\n]"
13:23:07.944 [Test worker] DEBUG org.apache.http.wire -  << "Transfer-Encoding: chunked[\r][\n]"
13:23:07.944 [Test worker] DEBUG org.apache.http.wire -  << "Content-Type: text/xml; charset=utf-8[\r][\n]"
13:23:07.944 [Test worker] DEBUG org.apache.http.wire -  << "[\r][\n]"
13:23:07.944 [Test worker] DEBUG org.apache.http.impl.conn.DefaultClientConnection - Receiving response: HTTP/1.1 200 OK
13:23:07.944 [Test worker] DEBUG org.apache.http.headers - << HTTP/1.1 200 OK
13:23:07.944 [Test worker] DEBUG org.apache.http.headers - << Date: Wed, 27 Apr 2022 18:23:07 GMT
13:23:07.944 [Test worker] DEBUG org.apache.http.headers - << Transfer-Encoding: chunked
13:23:07.944 [Test worker] DEBUG org.apache.http.headers - << Content-Type: text/xml; charset=utf-8
13:23:07.944 [Test worker] DEBUG org.apache.http.impl.client.DefaultHttpClient - Connection can be kept alive indefinitely
13:23:07.945 [Test worker] DEBUG io.restassured.internal.RequestSpecificationImpl$RestAssuredHttpBuilder - Parsing response as: text/xml; charset=utf-8
13:23:07.945 [Test worker] DEBUG io.restassured.internal.RequestSpecificationImpl$RestAssuredHttpBuilder - Parsed data to instance of: class org.apache.http.conn.EofSensorInputStream
13:23:07.948 [Test worker] DEBUG org.apache.http.wire -  << "006e[\r][\n]"
13:23:07.948 [Test worker] DEBUG org.apache.http.wire -  << "<?xml version='1.0' encoding='UTF-8'?><S:Envelope xmlns:S="http://schemas.xmlsoap.org/soap/envelope/"><S:Body>"
13:23:07.948 [Test worker] DEBUG org.apache.http.wire -  << "[\r][\n]"
13:23:07.948 [Test worker] DEBUG org.apache.http.wire -  << "01f8[\r][\n]"
13:23:07.948 [Test worker] DEBUG org.apache.http.wire -  << "<ns4:queryCustomerInfoResponse xmlns:ns2="http://www.huawei.com/bme/cbsinterface/bccommon" xmlns:ns3="http://www.huawei.com/bme/cbsinterface/bcservices" xmlns:ns4="http://ws.web.gatewaycbs.tigo.com.co/" xmlns:ns5="http://www.huawei.com/bme/cbsinterface/cbscommon"><return><ResultHeader><ns5:Version>1</ns5:Version><ns5:ResultCode>118030260</ns5:ResultCode><ns5:ResultDesc>Subscriber 3043209863 does not exist.</ns5:ResultDesc></ResultHeader></return></ns4:queryCustomerInfoResponse></S:Body></S:Envelope>"
13:23:07.948 [Test worker] DEBUG org.apache.http.wire -  << "[\r][\n]"
13:23:07.948 [Test worker] DEBUG org.apache.http.wire -  << "0000[\r][\n]"
13:23:07.948 [Test worker] DEBUG org.apache.http.wire -  << "[\r][\n]"
13:23:07.948 [Test worker] DEBUG org.apache.http.impl.conn.BasicClientConnectionManager - Releasing connection org.apache.http.impl.conn.ManagedClientConnectionImpl@7adecf4d
13:23:07.948 [Test worker] DEBUG org.apache.http.impl.conn.BasicClientConnectionManager - Connection can be kept alive indefinitely
La linea 3043209863 no esta activa
13:23:07.967 [Finalizer] DEBUG org.apache.http.impl.conn.DefaultClientConnection - Connection 0.0.0.0:49259<->10.65.45.12:9001 closed
13:23:07.968 [Finalizer] DEBUG org.apache.http.impl.conn.DefaultClientConnection - Connection 0.0.0.0:49264<->10.65.45.12:9001 closed
se ejecuta correctamente DB Activator
se ejecuta correctamente  DB EPOS
se ejecuta correctamente DB Siebel
se ejecuta correctamente DB Postale
13:23:13.539 [Test worker] INFO net.serenitybdd.core.webdriver.driverproviders.ProvideNewDriver - Instantiating driver
13:23:13.539 [Test worker] INFO net.serenitybdd.core.webdriver.driverproviders.ProvideNewDriver - Driver capabilities: Capabilities {acceptInsecureCerts: true, browserName: firefox, firefox_profile: org.openqa.selenium.firefox..., headless: false, loggingPrefs: org.openqa.selenium.logging..., marionette: true, moz:firefoxOptions: {}, platform: ANY, version: }
13:23:18.534 [Test worker] DEBUG net.serenitybdd.core.photography.Darkroom - Opening darkroom
13:23:18.536 [Darkroom Processing Line] DEBUG net.serenitybdd.core.photography.DarkroomProcessingLine - Darkroom processing line starting up
13:23:18.651 [Test worker] DEBUG net.serenitybdd.core.photography.Darkroom - Send negative for processing for C:\Users\nriosa\Desktop\SanitySemillas\SanitySemilla8\target\site\serenity\63694f168e36d6146328aa1c799046950a4537e9d67c87bc68807b754e4488e8.png
13:23:18.994 [Test worker] DEBUG net.serenitybdd.core.photography.Darkroom - Send negative for processing for C:\Users\nriosa\Desktop\SanitySemillas\SanitySemilla8\target\site\serenity\d7225d4beca8b4af4de9c07b3983ba90e05195eaab2618243e24e78c19d7dde1.png
13:23:21.050 [Test worker] DEBUG net.serenitybdd.core.photography.Darkroom - Send negative for processing for C:\Users\nriosa\Desktop\SanitySemillas\SanitySemilla8\target\site\serenity\ee61fa342d66308a584250e2db472782550580fc0df250c77991e1512b0f318d.png
13:23:21.052 [Darkroom Processing Line] DEBUG net.serenitybdd.core.photography.DarkroomProcessingLine - Processing screenshot image in /var/screenshots/screenshot-6133455955195330120
13:23:21.052 [Darkroom Processing Line] DEBUG net.serenitybdd.core.photography.DarkroomProcessingLine - Saving screenshot to C:\Users\nriosa\Desktop\SanitySemillas\SanitySemilla8\target\site\serenity\ee61fa342d66308a584250e2db472782550580fc0df250c77991e1512b0f318d.png
13:23:22.596 [Test worker] DEBUG net.serenitybdd.core.photography.Darkroom - Send negative for processing for C:\Users\nriosa\Desktop\SanitySemillas\SanitySemilla8\target\site\serenity\9393c7f4bf7ac2d11171e75cd29a98928f24971763a140315ead34b45b2e668b.png
13:23:22.597 [Darkroom Processing Line] DEBUG net.serenitybdd.core.photography.DarkroomProcessingLine - Processing screenshot image in /var/screenshots/screenshot-4759477167872163023
13:23:22.598 [Darkroom Processing Line] DEBUG net.serenitybdd.core.photography.DarkroomProcessingLine - Saving screenshot to C:\Users\nriosa\Desktop\SanitySemillas\SanitySemilla8\target\site\serenity\9393c7f4bf7ac2d11171e75cd29a98928f24971763a140315ead34b45b2e668b.png
13:23:23.203 [Test worker] DEBUG net.serenitybdd.core.photography.Darkroom - Send negative for processing for C:\Users\nriosa\Desktop\SanitySemillas\SanitySemilla8\target\site\serenity\fd65c5b3fd97e527d20f76742f37930d6faeb13fcb088ab3cca2523d41e411ae.png
13:23:23.205 [Darkroom Processing Line] DEBUG net.serenitybdd.core.photography.DarkroomProcessingLine - Processing screenshot image in /var/screenshots/screenshot-7679150796674848765
13:23:23.205 [Darkroom Processing Line] DEBUG net.serenitybdd.core.photography.DarkroomProcessingLine - Saving screenshot to C:\Users\nriosa\Desktop\SanitySemillas\SanitySemilla8\target\site\serenity\fd65c5b3fd97e527d20f76742f37930d6faeb13fcb088ab3cca2523d41e411ae.png
13:23:24.107 [Test worker] DEBUG net.serenitybdd.core.photography.Darkroom - Send negative for processing for C:\Users\nriosa\Desktop\SanitySemillas\SanitySemilla8\target\site\serenity\65b116d6e0b7d03d19cb1681f4167b7cd92806312adcf1e32a6c5c75f8685108.png
13:23:24.110 [Darkroom Processing Line] DEBUG net.serenitybdd.core.photography.DarkroomProcessingLine - Processing screenshot image in /var/screenshots/screenshot-9202388579954303120
13:23:24.110 [Darkroom Processing Line] DEBUG net.serenitybdd.core.photography.DarkroomProcessingLine - Saving screenshot to C:\Users\nriosa\Desktop\SanitySemillas\SanitySemilla8\target\site\serenity\65b116d6e0b7d03d19cb1681f4167b7cd92806312adcf1e32a6c5c75f8685108.png
13:23:25.099 [Test worker] DEBUG net.serenitybdd.core.photography.Darkroom - Send negative for processing for C:\Users\nriosa\Desktop\SanitySemillas\SanitySemilla8\target\site\serenity\230d9422d16ad0f15713bec82e0fcc6c6e98b7d8c653e4480a47b2ae4e0751c5.png
13:23:25.102 [Darkroom Processing Line] DEBUG net.serenitybdd.core.photography.DarkroomProcessingLine - Processing screenshot image in /var/screenshots/screenshot-2353805172333116296
13:23:25.102 [Darkroom Processing Line] DEBUG net.serenitybdd.core.photography.DarkroomProcessingLine - Saving screenshot to C:\Users\nriosa\Desktop\SanitySemillas\SanitySemilla8\target\site\serenity\230d9422d16ad0f15713bec82e0fcc6c6e98b7d8c653e4480a47b2ae4e0751c5.png
13:23:26.122 [Test worker] DEBUG net.serenitybdd.core.photography.Darkroom - Send negative for processing for C:\Users\nriosa\Desktop\SanitySemillas\SanitySemilla8\target\site\serenity\f9554e297aa84f03782192c3494b7a64baf839b7f276e18e9ffbc7dc44640498.png
13:23:26.124 [Darkroom Processing Line] DEBUG net.serenitybdd.core.photography.DarkroomProcessingLine - Processing screenshot image in /var/screenshots/screenshot-5632720608977584637
13:23:26.124 [Darkroom Processing Line] DEBUG net.serenitybdd.core.photography.DarkroomProcessingLine - Saving screenshot to C:\Users\nriosa\Desktop\SanitySemillas\SanitySemilla8\target\site\serenity\f9554e297aa84f03782192c3494b7a64baf839b7f276e18e9ffbc7dc44640498.png
13:23:29.022 [Test worker] DEBUG net.serenitybdd.core.photography.Darkroom - Send negative for processing for C:\Users\nriosa\Desktop\SanitySemillas\SanitySemilla8\target\site\serenity\364d5a76e011aaaf0943a15490dda2f937b30402ea604e15154fb8fee3b5ea00.png
13:23:29.024 [Darkroom Processing Line] DEBUG net.serenitybdd.core.photography.DarkroomProcessingLine - Processing screenshot image in /var/screenshots/screenshot-1125719854153066615
13:23:29.024 [Darkroom Processing Line] DEBUG net.serenitybdd.core.photography.DarkroomProcessingLine - Saving screenshot to C:\Users\nriosa\Desktop\SanitySemillas\SanitySemilla8\target\site\serenity\364d5a76e011aaaf0943a15490dda2f937b30402ea604e15154fb8fee3b5ea00.png
13:23:29.649 [Test worker] DEBUG net.serenitybdd.core.photography.Darkroom - Send negative for processing for C:\Users\nriosa\Desktop\SanitySemillas\SanitySemilla8\target\site\serenity\14b49138133db4076544ac0c6d8adc5a85c111d598a0c642c6fe5a398069cb73.png
13:23:29.650 [Darkroom Processing Line] DEBUG net.serenitybdd.core.photography.DarkroomProcessingLine - Processing screenshot image in /var/screenshots/screenshot-2999992824289939256
13:23:29.651 [Darkroom Processing Line] DEBUG net.serenitybdd.core.photography.DarkroomProcessingLine - Saving screenshot to C:\Users\nriosa\Desktop\SanitySemillas\SanitySemilla8\target\site\serenity\14b49138133db4076544ac0c6d8adc5a85c111d598a0c642c6fe5a398069cb73.png
13:23:32.336 [Test worker] DEBUG net.serenitybdd.core.photography.Darkroom - Send negative for processing for C:\Users\nriosa\Desktop\SanitySemillas\SanitySemilla8\target\site\serenity\f8ccf2d695c442194265c0b93bc620ad06dccb4c63d95e4c55ea00df267e5dfc.png
13:23:32.338 [Darkroom Processing Line] DEBUG net.serenitybdd.core.photography.DarkroomProcessingLine - Processing screenshot image in /var/screenshots/screenshot-1200910927539191377
13:23:32.338 [Darkroom Processing Line] DEBUG net.serenitybdd.core.photography.DarkroomProcessingLine - Saving screenshot to C:\Users\nriosa\Desktop\SanitySemillas\SanitySemilla8\target\site\serenity\f8ccf2d695c442194265c0b93bc620ad06dccb4c63d95e4c55ea00df267e5dfc.png
13:23:35.357 [Test worker] DEBUG net.serenitybdd.core.photography.Darkroom - Send negative for processing for C:\Users\nriosa\Desktop\SanitySemillas\SanitySemilla8\target\site\serenity\69ba0bd0bbcbb6d1639d7ce70f7bc596ff14ce242a5a20f19f35a7aa28c4e285.png
13:23:37.581 [Test worker] INFO net.thucydides.core.steps.ConsoleLoggingListener - ?[92m
        __    _____ _____ ____ _____   ____   _    ____  ____  _____ ____  
  _     \ \  |_   _| ____/ ___|_   _| |  _ \ / \  / ___|/ ___|| ____|  _ \ 
 (_)_____| |   | | |  _| \___ \ | |   | |_) / _ \ \___ \\___ \|  _| | | | |
  _|_____| |   | | | |___ ___) || |   |  __/ ___ \ ___) |___) | |___| |_| |
 (_)     | |   |_| |_____|____/ |_|   |_| /_/   \_\____/|____/|_____|____/ 
        /_/                                                                

TEST PASSED: se quiere ingresar a la plataforma epos
----------------------------------------------------------------------------?[0m
13:23:37.776 [Test worker] INFO net.serenitybdd.core.webdriver.driverproviders.ProvideNewDriver - Instantiating driver
13:23:37.776 [Test worker] INFO net.serenitybdd.core.webdriver.driverproviders.ProvideNewDriver - Driver capabilities: Capabilities {acceptInsecureCerts: true, browserName: firefox, firefox_profile: org.openqa.selenium.firefox..., headless: false, loggingPrefs: org.openqa.selenium.logging..., marionette: true, moz:firefoxOptions: {}, platform: ANY, version: }
13:23:42.400 [Test worker] DEBUG net.serenitybdd.core.photography.Darkroom - Send negative for processing for C:\Users\nriosa\Desktop\SanitySemillas\SanitySemilla8\target\site\serenity\63694f168e36d6146328aa1c799046950a4537e9d67c87bc68807b754e4488e8.png
13:23:42.750 [Test worker] DEBUG net.serenitybdd.core.photography.Darkroom - Send negative for processing for C:\Users\nriosa\Desktop\SanitySemillas\SanitySemilla8\target\site\serenity\d7225d4beca8b4af4de9c07b3983ba90e05195eaab2618243e24e78c19d7dde1.png
13:23:44.571 [Test worker] DEBUG net.serenitybdd.core.photography.Darkroom - Send negative for processing for C:\Users\nriosa\Desktop\SanitySemillas\SanitySemilla8\target\site\serenity\8ef3b823ce743727ad5d8fc2b57f326bb55e2e32611f3f11c3897bf9b75dedf4.png
13:23:44.573 [Darkroom Processing Line] DEBUG net.serenitybdd.core.photography.DarkroomProcessingLine - Processing screenshot image in /var/screenshots/screenshot-9215781615263634324
13:23:44.573 [Darkroom Processing Line] DEBUG net.serenitybdd.core.photography.DarkroomProcessingLine - Saving screenshot to C:\Users\nriosa\Desktop\SanitySemillas\SanitySemilla8\target\site\serenity\8ef3b823ce743727ad5d8fc2b57f326bb55e2e32611f3f11c3897bf9b75dedf4.png
13:23:47.039 [Test worker] DEBUG net.serenitybdd.core.photography.Darkroom - Send negative for processing for C:\Users\nriosa\Desktop\SanitySemillas\SanitySemilla8\target\site\serenity\ff3ce6e686205e3619af1497f0ba21a45ce17908dce475b5ff0abda1914b6ee3.png
13:23:47.041 [Darkroom Processing Line] DEBUG net.serenitybdd.core.photography.DarkroomProcessingLine - Processing screenshot image in /var/screenshots/screenshot-236442382966305308
13:23:47.041 [Darkroom Processing Line] DEBUG net.serenitybdd.core.photography.DarkroomProcessingLine - Saving screenshot to C:\Users\nriosa\Desktop\SanitySemillas\SanitySemilla8\target\site\serenity\ff3ce6e686205e3619af1497f0ba21a45ce17908dce475b5ff0abda1914b6ee3.png
13:23:49.598 [Test worker] DEBUG net.serenitybdd.core.photography.Darkroom - Send negative for processing for C:\Users\nriosa\Desktop\SanitySemillas\SanitySemilla8\target\site\serenity\45a2238972fd368ba79f2fff71914259a4c43d7d459a54b168ca125bc958c2e6.png
13:23:49.600 [Darkroom Processing Line] DEBUG net.serenitybdd.core.photography.DarkroomProcessingLine - Processing screenshot image in /var/screenshots/screenshot-2398676317316341164
13:23:49.600 [Darkroom Processing Line] DEBUG net.serenitybdd.core.photography.DarkroomProcessingLine - Saving screenshot to C:\Users\nriosa\Desktop\SanitySemillas\SanitySemilla8\target\site\serenity\45a2238972fd368ba79f2fff71914259a4c43d7d459a54b168ca125bc958c2e6.png
13:23:53.571 [Test worker] DEBUG net.serenitybdd.core.photography.Darkroom - Send negative for processing for C:\Users\nriosa\Desktop\SanitySemillas\SanitySemilla8\target\site\serenity\54d805922d8db2d86487d30d348a741340d7fd26709b60a52afe19d98b3aa169.png
13:23:53.574 [Darkroom Processing Line] DEBUG net.serenitybdd.core.photography.DarkroomProcessingLine - Processing screenshot image in /var/screenshots/screenshot-477649797957928133
13:23:53.574 [Darkroom Processing Line] DEBUG net.serenitybdd.core.photography.DarkroomProcessingLine - Saving screenshot to C:\Users\nriosa\Desktop\SanitySemillas\SanitySemilla8\target\site\serenity\54d805922d8db2d86487d30d348a741340d7fd26709b60a52afe19d98b3aa169.png
13:23:54.164 [Test worker] DEBUG net.serenitybdd.core.photography.Darkroom - Send negative for processing for C:\Users\nriosa\Desktop\SanitySemillas\SanitySemilla8\target\site\serenity\878ab6cf1aa60c8bc20796c0d8c705806699c2ac0b0c26868a2c00a4d12653e9.png
13:23:54.166 [Darkroom Processing Line] DEBUG net.serenitybdd.core.photography.DarkroomProcessingLine - Processing screenshot image in /var/screenshots/screenshot-2749140596012321737
13:23:54.166 [Darkroom Processing Line] DEBUG net.serenitybdd.core.photography.DarkroomProcessingLine - Saving screenshot to C:\Users\nriosa\Desktop\SanitySemillas\SanitySemilla8\target\site\serenity\878ab6cf1aa60c8bc20796c0d8c705806699c2ac0b0c26868a2c00a4d12653e9.png
13:23:54.834 [Test worker] DEBUG net.serenitybdd.core.photography.Darkroom - Send negative for processing for C:\Users\nriosa\Desktop\SanitySemillas\SanitySemilla8\target\site\serenity\d7b256ad958872c3cfcfedbf4bf6ad03a29748618ad6b60d741f4ff4591ddab7.png
13:23:54.837 [Darkroom Processing Line] DEBUG net.serenitybdd.core.photography.DarkroomProcessingLine - Processing screenshot image in /var/screenshots/screenshot-7608686108114611821
13:23:54.837 [Darkroom Processing Line] DEBUG net.serenitybdd.core.photography.DarkroomProcessingLine - Saving screenshot to C:\Users\nriosa\Desktop\SanitySemillas\SanitySemilla8\target\site\serenity\d7b256ad958872c3cfcfedbf4bf6ad03a29748618ad6b60d741f4ff4591ddab7.png
13:23:55.579 [Test worker] DEBUG net.serenitybdd.core.photography.Darkroom - Send negative for processing for C:\Users\nriosa\Desktop\SanitySemillas\SanitySemilla8\target\site\serenity\2a7fae53b0779442fe977c532c69940f71c8e28e245803d2ddaf0f8be02db249.png
13:23:55.580 [Darkroom Processing Line] DEBUG net.serenitybdd.core.photography.DarkroomProcessingLine - Processing screenshot image in /var/screenshots/screenshot-3459914570453030359
13:23:55.580 [Darkroom Processing Line] DEBUG net.serenitybdd.core.photography.DarkroomProcessingLine - Saving screenshot to C:\Users\nriosa\Desktop\SanitySemillas\SanitySemilla8\target\site\serenity\2a7fae53b0779442fe977c532c69940f71c8e28e245803d2ddaf0f8be02db249.png
13:23:57.140 [Test worker] DEBUG net.serenitybdd.core.photography.Darkroom - Send negative for processing for C:\Users\nriosa\Desktop\SanitySemillas\SanitySemilla8\target\site\serenity\d1bcd5105a4fc432b12eefba7600186fb2f1a5237b07806491b672600f3b4a62.png
13:23:57.141 [Darkroom Processing Line] DEBUG net.serenitybdd.core.photography.DarkroomProcessingLine - Processing screenshot image in /var/screenshots/screenshot-8130743475133269506
13:23:57.141 [Darkroom Processing Line] DEBUG net.serenitybdd.core.photography.DarkroomProcessingLine - Saving screenshot to C:\Users\nriosa\Desktop\SanitySemillas\SanitySemilla8\target\site\serenity\d1bcd5105a4fc432b12eefba7600186fb2f1a5237b07806491b672600f3b4a62.png
13:23:57.998 [Test worker] DEBUG net.serenitybdd.core.photography.Darkroom - Send negative for processing for C:\Users\nriosa\Desktop\SanitySemillas\SanitySemilla8\target\site\serenity\66416d459c402f2d0f5bf5c933289ca37fe1055bb80cc37bb61e9b7e2b2b8a53.png
13:24:26.528 [Test worker] DEBUG net.serenitybdd.core.photography.Darkroom - Send negative for processing for C:\Users\nriosa\Desktop\SanitySemillas\SanitySemilla8\target\site\serenity\69ba0bd0bbcbb6d1639d7ce70f7bc596ff14ce242a5a20f19f35a7aa28c4e285.png
13:24:28.786 [Test worker] ERROR net.thucydides.core.steps.ConsoleLoggingListener - ?[91m
           __  _____ _____ ____ _____   _____ _    ___ _     _____ ____  
  _       / / |_   _| ____/ ___|_   _| |  ___/ \  |_ _| |   | ____|  _ \ 
 (_)_____| |    | | |  _| \___ \ | |   | |_ / _ \  | || |   |  _| | | | |
  _|_____| |    | | | |___ ___) || |   |  _/ ___ \ | || |___| |___| |_| |
 (_)     | |    |_| |_____|____/ |_|   |_|/_/   \_\___|_____|_____|____/ 
          \_\                                                            

TEST FAILED WITH ERROR: realizar el cargue de inventario
---------------------------------------------------------------------?[0m
13:24:28.791 [Test worker] DEBUG net.thucydides.core.steps.ConsoleLoggingListener - RELATED ISSUES: 
13:24:28.852 [Test worker] ERROR net.thucydides.core.steps.ConsoleLoggingListener - ?[91mTEST FAILED AT STEP When Se ingresa a cargue de inventario?[0m
13:24:28.853 [Test worker] ERROR net.thucydides.core.steps.ConsoleLoggingListener - Timed out after 25 seconds. Element not available
13:24:50.128 [Test worker] INFO net.thucydides.core.steps.ConsoleLoggingListener - ?[92m
        __    _____ _____ ____ _____   ____   _    ____  ____  _____ ____  
  _     \ \  |_   _| ____/ ___|_   _| |  _ \ / \  / ___|/ ___|| ____|  _ \ 
 (_)_____| |   | | |  _| \___ \ | |   | |_) / _ \ \___ \\___ \|  _| | | | |
  _|_____| |   | | | |___ ___) || |   |  __/ ___ \ ___) |___) | |___| |_| |
 (_)     | |   |_| |_____|____/ |_|   |_| /_/   \_\____/|____/|_____|____/ 
        /_/                                                                

TEST PASSED: realizar la confirmacion de inventario
----------------------------------------------------------------------------?[0m
13:24:50.330 [Test worker] INFO net.serenitybdd.core.webdriver.driverproviders.ProvideNewDriver - Instantiating driver
13:24:50.330 [Test worker] INFO net.serenitybdd.core.webdriver.driverproviders.ProvideNewDriver - Driver capabilities: Capabilities {acceptInsecureCerts: true, browserName: firefox, firefox_profile: org.openqa.selenium.firefox..., headless: false, loggingPrefs: org.openqa.selenium.logging..., marionette: true, moz:firefoxOptions: {}, platform: ANY, version: }
13:24:54.976 [Test worker] DEBUG net.serenitybdd.core.photography.Darkroom - Send negative for processing for C:\Users\nriosa\Desktop\SanitySemillas\SanitySemilla8\target\site\serenity\a7ad07ebe6e740c114c2495d94351287780476ba462e4eef2874693fb3f3547d.png
13:24:55.321 [Test worker] DEBUG net.serenitybdd.core.photography.Darkroom - Send negative for processing for C:\Users\nriosa\Desktop\SanitySemillas\SanitySemilla8\target\site\serenity\01af2dc72253b4b5639e9cc668921cf7aa200d5c322b7e1d54685cd837c3204d.png
13:24:59.600 [Test worker] DEBUG net.serenitybdd.core.photography.Darkroom - Send negative for processing for C:\Users\nriosa\Desktop\SanitySemillas\SanitySemilla8\target\site\serenity\b02237df87d045742e1b10cf80385555bb734a46b47a3113670cd4dcaeec3c10.png
13:25:00.716 [Test worker] DEBUG net.serenitybdd.core.photography.Darkroom - Send negative for processing for C:\Users\nriosa\Desktop\SanitySemillas\SanitySemilla8\target\site\serenity\cf74ccd761c1db1fbd208a0f1e8df7c02f9f7a40156f0aca1521e6f3cd1a8c21.png
13:25:01.195 [Test worker] DEBUG net.serenitybdd.core.photography.Darkroom - Send negative for processing for C:\Users\nriosa\Desktop\SanitySemillas\SanitySemilla8\target\site\serenity\59d884b10e6b179b5369e443dd7cd77334769a22d66e3a4cc28734791e9b6706.png
13:25:01.682 [Test worker] DEBUG net.serenitybdd.core.photography.Darkroom - Send negative for processing for C:\Users\nriosa\Desktop\SanitySemillas\SanitySemilla8\target\site\serenity\ce83e5b2766837a98205701e95fcdf645fbd9393b01c550f871b5d7a56154d14.png
13:25:02.156 [Test worker] DEBUG net.serenitybdd.core.photography.Darkroom - Send negative for processing for C:\Users\nriosa\Desktop\SanitySemillas\SanitySemilla8\target\site\serenity\60cb5456dd2f09c2f6209dd52e16fad137e5eea127253b7e5ad69a6deea33cdb.png
13:25:03.751 [Test worker] DEBUG net.serenitybdd.core.photography.Darkroom - Send negative for processing for C:\Users\nriosa\Desktop\SanitySemillas\SanitySemilla8\target\site\serenity\d95bd758323e44d6765bc025c79d53c653bbd3311b03d6c4c0c7a9509fee99bf.png
13:25:03.753 [Darkroom Processing Line] DEBUG net.serenitybdd.core.photography.DarkroomProcessingLine - Processing screenshot image in /var/screenshots/screenshot-8493807926461383096
13:25:03.753 [Darkroom Processing Line] DEBUG net.serenitybdd.core.photography.DarkroomProcessingLine - Saving screenshot to C:\Users\nriosa\Desktop\SanitySemillas\SanitySemilla8\target\site\serenity\d95bd758323e44d6765bc025c79d53c653bbd3311b03d6c4c0c7a9509fee99bf.png
13:25:05.059 [Test worker] DEBUG net.serenitybdd.core.photography.Darkroom - Send negative for processing for C:\Users\nriosa\Desktop\SanitySemillas\SanitySemilla8\target\site\serenity\2c1b457c7eb0c26693505ba72374c77cf03dc8b7b39766da1126e008f0b1b947.png
13:25:05.430 [Test worker] DEBUG net.serenitybdd.core.photography.Darkroom - Send negative for processing for C:\Users\nriosa\Desktop\SanitySemillas\SanitySemilla8\target\site\serenity\8ac7c6b44b61541304d4c8774e0b7ecea32b88a0d0695c248cc0a015e733b1b9.png
13:25:05.928 [Test worker] DEBUG net.serenitybdd.core.photography.Darkroom - Send negative for processing for C:\Users\nriosa\Desktop\SanitySemillas\SanitySemilla8\target\site\serenity\19ed3e65d9cb04f41e9e735bb072f9de99d65698867522b586268f78d6239a6a.png
13:25:06.411 [Test worker] DEBUG net.serenitybdd.core.photography.Darkroom - Send negative for processing for C:\Users\nriosa\Desktop\SanitySemillas\SanitySemilla8\target\site\serenity\94f3e35dbde7964b21f91292d4b3f972d3ea3d2d6ccfaf99da675b6f23585fc3.png
13:25:06.755 [Test worker] DEBUG net.serenitybdd.core.photography.Darkroom - Send negative for processing for C:\Users\nriosa\Desktop\SanitySemillas\SanitySemilla8\target\site\serenity\1ab4ace552669ceb70981dc5f4041115391ebe9503d1c069bef8443b5edd1ccd.png
13:25:07.085 [Test worker] DEBUG net.serenitybdd.core.photography.Darkroom - Send negative for processing for C:\Users\nriosa\Desktop\SanitySemillas\SanitySemilla8\target\site\serenity\a1541e70ff4a247d5eaa35abf8b19b3bc5893f17d54beef3415251fbbd603f29.png
13:25:07.666 [Test worker] DEBUG net.serenitybdd.core.photography.Darkroom - Send negative for processing for C:\Users\nriosa\Desktop\SanitySemillas\SanitySemilla8\target\site\serenity\e2b3a3620fc4601ef29cd2d132845ff2f205cce70bd761bdaab98c3ce32722ff.png
13:25:07.668 [Darkroom Processing Line] DEBUG net.serenitybdd.core.photography.DarkroomProcessingLine - Processing screenshot image in /var/screenshots/screenshot-8023147811095469588
13:25:07.668 [Darkroom Processing Line] DEBUG net.serenitybdd.core.photography.DarkroomProcessingLine - Saving screenshot to C:\Users\nriosa\Desktop\SanitySemillas\SanitySemilla8\target\site\serenity\e2b3a3620fc4601ef29cd2d132845ff2f205cce70bd761bdaab98c3ce32722ff.png
13:25:08.398 [Test worker] DEBUG net.serenitybdd.core.photography.Darkroom - Send negative for processing for C:\Users\nriosa\Desktop\SanitySemillas\SanitySemilla8\target\site\serenity\37fe1999f7bd27af0e315656c420d88d0afa7874e5f4966de1b02f68f6c0aa97.png
13:25:08.741 [Test worker] DEBUG net.serenitybdd.core.photography.Darkroom - Send negative for processing for C:\Users\nriosa\Desktop\SanitySemillas\SanitySemilla8\target\site\serenity\3ce0cdb2b195a873bffc8e660e861265ccab32f8b7e99e03a07ee1c0d1cfd1bc.png
13:25:09.222 [Test worker] DEBUG net.serenitybdd.core.photography.Darkroom - Send negative for processing for C:\Users\nriosa\Desktop\SanitySemillas\SanitySemilla8\target\site\serenity\0a3c9011820e4bb3e063033d5de45fe28c9b1bb939ffe1659b325a5c6566ee0f.png
13:25:09.685 [Test worker] DEBUG net.serenitybdd.core.photography.Darkroom - Send negative for processing for C:\Users\nriosa\Desktop\SanitySemillas\SanitySemilla8\target\site\serenity\0a3c9011820e4bb3e063033d5de45fe28c9b1bb939ffe1659b325a5c6566ee0f.png
13:25:14.847 [Test worker] DEBUG net.serenitybdd.core.photography.Darkroom - Send negative for processing for C:\Users\nriosa\Desktop\SanitySemillas\SanitySemilla8\target\site\serenity\7e92fbd68f6210352ebc5b3698c6be3c8aae3b8ae042993d4e263623ac2709ff.png
13:25:14.849 [Darkroom Processing Line] DEBUG net.serenitybdd.core.photography.DarkroomProcessingLine - Processing screenshot image in /var/screenshots/screenshot-4060436998759785605
13:25:14.849 [Darkroom Processing Line] DEBUG net.serenitybdd.core.photography.DarkroomProcessingLine - Saving screenshot to C:\Users\nriosa\Desktop\SanitySemillas\SanitySemilla8\target\site\serenity\7e92fbd68f6210352ebc5b3698c6be3c8aae3b8ae042993d4e263623ac2709ff.png
13:25:18.372 [Test worker] DEBUG net.serenitybdd.core.photography.Darkroom - Send negative for processing for C:\Users\nriosa\Desktop\SanitySemillas\SanitySemilla8\target\site\serenity\e7b2cab1474c6c7e04cb9cdb583f179e3103a35efdd5f4e35797d3658660fdb2.png
13:25:18.864 [Test worker] DEBUG net.serenitybdd.core.photography.Darkroom - Send negative for processing for C:\Users\nriosa\Desktop\SanitySemillas\SanitySemilla8\target\site\serenity\682dd8bb5f0993590713ec1b9f47782e234e1c6b0268645d365fdf14243dab62.png
13:25:19.347 [Test worker] DEBUG net.serenitybdd.core.photography.Darkroom - Send negative for processing for C:\Users\nriosa\Desktop\SanitySemillas\SanitySemilla8\target\site\serenity\682dd8bb5f0993590713ec1b9f47782e234e1c6b0268645d365fdf14243dab62.png
13:25:19.804 [Test worker] DEBUG net.serenitybdd.core.photography.Darkroom - Send negative for processing for C:\Users\nriosa\Desktop\SanitySemillas\SanitySemilla8\target\site\serenity\682dd8bb5f0993590713ec1b9f47782e234e1c6b0268645d365fdf14243dab62.png
13:25:20.318 [Test worker] DEBUG net.serenitybdd.core.photography.Darkroom - Send negative for processing for C:\Users\nriosa\Desktop\SanitySemillas\SanitySemilla8\target\site\serenity\3e9decdb8b8776c03a72768e712f04b9efa41b950ff25ebf6ca5287bff5d04ed.png
13:25:20.652 [Test worker] DEBUG net.serenitybdd.core.photography.Darkroom - Send negative for processing for C:\Users\nriosa\Desktop\SanitySemillas\SanitySemilla8\target\site\serenity\682dd8bb5f0993590713ec1b9f47782e234e1c6b0268645d365fdf14243dab62.png
13:25:26.223 [Test worker] DEBUG net.serenitybdd.core.photography.Darkroom - Send negative for processing for C:\Users\nriosa\Desktop\SanitySemillas\SanitySemilla8\target\site\serenity\7304c7cf77ba892c05cc55b830d6e15c45df1a14592e0ef6762f68e418c092ab.png
13:25:26.738 [Test worker] DEBUG net.serenitybdd.core.photography.Darkroom - Send negative for processing for C:\Users\nriosa\Desktop\SanitySemillas\SanitySemilla8\target\site\serenity\250576e0ac151f5c567824605cc1a54757aecf84cd18945f09887d16e38f126d.png
13:25:26.740 [Darkroom Processing Line] DEBUG net.serenitybdd.core.photography.DarkroomProcessingLine - Processing screenshot image in /var/screenshots/screenshot-5846319421388002941
13:25:26.740 [Darkroom Processing Line] DEBUG net.serenitybdd.core.photography.DarkroomProcessingLine - Saving screenshot to C:\Users\nriosa\Desktop\SanitySemillas\SanitySemilla8\target\site\serenity\250576e0ac151f5c567824605cc1a54757aecf84cd18945f09887d16e38f126d.png
13:25:52.182 [Test worker] DEBUG net.serenitybdd.core.photography.Darkroom - Send negative for processing for C:\Users\nriosa\Desktop\SanitySemillas\SanitySemilla8\target\site\serenity\3da4715ea8bba459649c94e82453e177bedc3eee9d01bcedcea95798a6671f46.png
13:25:52.975 [Test worker] DEBUG net.serenitybdd.core.photography.Darkroom - Send negative for processing for C:\Users\nriosa\Desktop\SanitySemillas\SanitySemilla8\target\site\serenity\b02237df87d045742e1b10cf80385555bb734a46b47a3113670cd4dcaeec3c10.png
13:25:53.462 [Test worker] DEBUG net.serenitybdd.core.photography.Darkroom - Send negative for processing for C:\Users\nriosa\Desktop\SanitySemillas\SanitySemilla8\target\site\serenity\c46acb39bf61b09b046273e34fecc92bab8d7f5b2bd3f10bd27d5b5fdee36a6d.png
13:25:53.949 [Test worker] DEBUG net.serenitybdd.core.photography.Darkroom - Send negative for processing for C:\Users\nriosa\Desktop\SanitySemillas\SanitySemilla8\target\site\serenity\7cfbb161e4d175b4965a5dc6be822079fcfcd25fe9f48b0c955c78ccc36ed229.png
13:25:53.951 [Darkroom Processing Line] DEBUG net.serenitybdd.core.photography.DarkroomProcessingLine - Processing screenshot image in /var/screenshots/screenshot-2002931439915638809
13:25:53.951 [Darkroom Processing Line] DEBUG net.serenitybdd.core.photography.DarkroomProcessingLine - Saving screenshot to C:\Users\nriosa\Desktop\SanitySemillas\SanitySemilla8\target\site\serenity\7cfbb161e4d175b4965a5dc6be822079fcfcd25fe9f48b0c955c78ccc36ed229.png
13:25:54.468 [Test worker] DEBUG net.serenitybdd.core.photography.Darkroom - Send negative for processing for C:\Users\nriosa\Desktop\SanitySemillas\SanitySemilla8\target\site\serenity\a6f7901d3b7118f25695c6b8de444e83550dc767908a7670cc78089f3899e65d.png
13:25:54.470 [Darkroom Processing Line] DEBUG net.serenitybdd.core.photography.DarkroomProcessingLine - Processing screenshot image in /var/screenshots/screenshot-126940125677488025
13:25:54.470 [Darkroom Processing Line] DEBUG net.serenitybdd.core.photography.DarkroomProcessingLine - Saving screenshot to C:\Users\nriosa\Desktop\SanitySemillas\SanitySemilla8\target\site\serenity\a6f7901d3b7118f25695c6b8de444e83550dc767908a7670cc78089f3899e65d.png
13:25:55.749 [Test worker] DEBUG net.serenitybdd.core.photography.Darkroom - Send negative for processing for C:\Users\nriosa\Desktop\SanitySemillas\SanitySemilla8\target\site\serenity\9a671a5b47636e6611b8d9b3a2c0291b693a246dabae6c831305caae4c41b407.png
13:25:56.253 [Test worker] DEBUG net.serenitybdd.core.photography.Darkroom - Send negative for processing for C:\Users\nriosa\Desktop\SanitySemillas\SanitySemilla8\target\site\serenity\d2f4d20d3a02df60d86cc401a1c57c976ecf8503c45c9a8300e035821bb7c409.png
13:25:56.749 [Test worker] DEBUG net.serenitybdd.core.photography.Darkroom - Send negative for processing for C:\Users\nriosa\Desktop\SanitySemillas\SanitySemilla8\target\site\serenity\3535a5bec5d6161400b502294b5038b27578e8bbb12f3b4a4c0a2b92992bcb9f.png
13:25:56.751 [Darkroom Processing Line] DEBUG net.serenitybdd.core.photography.DarkroomProcessingLine - Processing screenshot image in /var/screenshots/screenshot-6429753688806827353
13:25:56.751 [Darkroom Processing Line] DEBUG net.serenitybdd.core.photography.DarkroomProcessingLine - Saving screenshot to C:\Users\nriosa\Desktop\SanitySemillas\SanitySemilla8\target\site\serenity\3535a5bec5d6161400b502294b5038b27578e8bbb12f3b4a4c0a2b92992bcb9f.png
13:25:59.117 [Test worker] INFO net.thucydides.core.steps.ConsoleLoggingListener - ?[92m
        __    _____ _____ ____ _____   ____   _    ____  ____  _____ ____  
  _     \ \  |_   _| ____/ ___|_   _| |  _ \ / \  / ___|/ ___|| ____|  _ \ 
 (_)_____| |   | | |  _| \___ \ | |   | |_) / _ \ \___ \\___ \|  _| | | | |
  _|_____| |   | | | |___ ___) || |   |  __/ ___ \ ___) |___) | |___| |_| |
 (_)     | |   |_| |_____|____/ |_|   |_| /_/   \_\____/|____/|_____|____/ 
        /_/                                                                

TEST PASSED: se requiere realizar una activacion de una linea en prepago
----------------------------------------------------------------------------?[0m
13:25:59.308 [Test worker] INFO net.serenitybdd.core.webdriver.driverproviders.ProvideNewDriver - Instantiating driver
13:25:59.308 [Test worker] INFO net.serenitybdd.core.webdriver.driverproviders.ProvideNewDriver - Driver capabilities: Capabilities {acceptInsecureCerts: true, browserName: firefox, firefox_profile: org.openqa.selenium.firefox..., headless: false, loggingPrefs: org.openqa.selenium.logging..., marionette: true, moz:firefoxOptions: {}, platform: ANY, version: }
13:26:03.958 [Test worker] DEBUG net.serenitybdd.core.photography.Darkroom - Send negative for processing for C:\Users\nriosa\Desktop\SanitySemillas\SanitySemilla8\target\site\serenity\a7ad07ebe6e740c114c2495d94351287780476ba462e4eef2874693fb3f3547d.png
13:26:04.355 [Test worker] DEBUG net.serenitybdd.core.photography.Darkroom - Send negative for processing for C:\Users\nriosa\Desktop\SanitySemillas\SanitySemilla8\target\site\serenity\01af2dc72253b4b5639e9cc668921cf7aa200d5c322b7e1d54685cd837c3204d.png
13:26:06.932 [Test worker] DEBUG net.serenitybdd.core.photography.Darkroom - Send negative for processing for C:\Users\nriosa\Desktop\SanitySemillas\SanitySemilla8\target\site\serenity\b02237df87d045742e1b10cf80385555bb734a46b47a3113670cd4dcaeec3c10.png
13:26:08.086 [Test worker] DEBUG net.serenitybdd.core.photography.Darkroom - Send negative for processing for C:\Users\nriosa\Desktop\SanitySemillas\SanitySemilla8\target\site\serenity\cf74ccd761c1db1fbd208a0f1e8df7c02f9f7a40156f0aca1521e6f3cd1a8c21.png
13:26:08.703 [Test worker] DEBUG net.serenitybdd.core.photography.Darkroom - Send negative for processing for C:\Users\nriosa\Desktop\SanitySemillas\SanitySemilla8\target\site\serenity\59d884b10e6b179b5369e443dd7cd77334769a22d66e3a4cc28734791e9b6706.png
13:26:09.294 [Test worker] DEBUG net.serenitybdd.core.photography.Darkroom - Send negative for processing for C:\Users\nriosa\Desktop\SanitySemillas\SanitySemilla8\target\site\serenity\ce83e5b2766837a98205701e95fcdf645fbd9393b01c550f871b5d7a56154d14.png
13:26:09.910 [Test worker] DEBUG net.serenitybdd.core.photography.Darkroom - Send negative for processing for C:\Users\nriosa\Desktop\SanitySemillas\SanitySemilla8\target\site\serenity\903280da18eb99def4532f6121b67a9a3102b685a2074519d6c79248d8cc6bc2.png
13:26:12.057 [Test worker] DEBUG net.serenitybdd.core.photography.Darkroom - Send negative for processing for C:\Users\nriosa\Desktop\SanitySemillas\SanitySemilla8\target\site\serenity\ee4281a4aaf6607182d8b5f1eb9bf184b5097f5d11b23a65b0a4fcc439918e55.png
13:26:13.335 [Test worker] DEBUG net.serenitybdd.core.photography.Darkroom - Send negative for processing for C:\Users\nriosa\Desktop\SanitySemillas\SanitySemilla8\target\site\serenity\0e2c9adfb7145025c0a9b4a828426a3a58ecc823bb6d61d21f89cca093b1151c.png
13:26:13.859 [Test worker] DEBUG net.serenitybdd.core.photography.Darkroom - Send negative for processing for C:\Users\nriosa\Desktop\SanitySemillas\SanitySemilla8\target\site\serenity\bb534bdd6ad8b74aee183d859463e67b60cf5e1eb90cf0039c66c0fa44eab2c5.png
13:26:15.010 [Test worker] DEBUG net.serenitybdd.core.photography.Darkroom - Send negative for processing for C:\Users\nriosa\Desktop\SanitySemillas\SanitySemilla8\target\site\serenity\4edda85f62562dd543eba08464c32eda76f6496d010dde52aec48f8b5a2cbdce.png
13:26:15.615 [Test worker] DEBUG net.serenitybdd.core.photography.Darkroom - Send negative for processing for C:\Users\nriosa\Desktop\SanitySemillas\SanitySemilla8\target\site\serenity\ad4fc9920d1d3049f574023d362b2694058410660f6434eb49eb3d0ceb1c152b.png
13:26:16.183 [Test worker] DEBUG net.serenitybdd.core.photography.Darkroom - Send negative for processing for C:\Users\nriosa\Desktop\SanitySemillas\SanitySemilla8\target\site\serenity\eef25beddec9f6c56b8acafec7f8312ea97d17feef6cd3eb50fe2961bd630ce0.png
13:26:16.665 [Test worker] DEBUG net.serenitybdd.core.photography.Darkroom - Send negative for processing for C:\Users\nriosa\Desktop\SanitySemillas\SanitySemilla8\target\site\serenity\d01d6729ef86cdb37beb326232c71980918cc7b81518216346b4e09aca60c1d4.png
13:26:17.315 [Test worker] DEBUG net.serenitybdd.core.photography.Darkroom - Send negative for processing for C:\Users\nriosa\Desktop\SanitySemillas\SanitySemilla8\target\site\serenity\f77d3bef0ed5efd74a5f155395f685ca0065dced09bff7de5a3db780f13fc8ad.png
13:26:18.590 [Test worker] DEBUG net.serenitybdd.core.photography.Darkroom - Send negative for processing for C:\Users\nriosa\Desktop\SanitySemillas\SanitySemilla8\target\site\serenity\7702b8c3949ccd5368b3dd854cb21d54c578bec6dd5b48f066c277dbbd0bd733.png
13:26:19.225 [Test worker] DEBUG net.serenitybdd.core.photography.Darkroom - Send negative for processing for C:\Users\nriosa\Desktop\SanitySemillas\SanitySemilla8\target\site\serenity\ec0711ba6a3d8b24d83da5231cef285bc8f7f620d0ebbdc5fe4ff73301a13ade.png
13:26:19.744 [Test worker] DEBUG net.serenitybdd.core.photography.Darkroom - Send negative for processing for C:\Users\nriosa\Desktop\SanitySemillas\SanitySemilla8\target\site\serenity\a9fa70a4765db3178bd9b5d7c097b7ff5cc627b748dfdcb36ae8479f58aa97bb.png
13:26:20.316 [Test worker] DEBUG net.serenitybdd.core.photography.Darkroom - Send negative for processing for C:\Users\nriosa\Desktop\SanitySemillas\SanitySemilla8\target\site\serenity\4d603c47c94a837dd040509f09d0e5797020a2f7dd8bbbffdeb0f89e8a55bf6e.png
13:26:20.865 [Test worker] DEBUG net.serenitybdd.core.photography.Darkroom - Send negative for processing for C:\Users\nriosa\Desktop\SanitySemillas\SanitySemilla8\target\site\serenity\d40b23e6197981c17174bd32c34b7c16fec15d501ad8f5c5ab7fa30a7222a0d4.png
13:26:21.484 [Test worker] DEBUG net.serenitybdd.core.photography.Darkroom - Send negative for processing for C:\Users\nriosa\Desktop\SanitySemillas\SanitySemilla8\target\site\serenity\d40b23e6197981c17174bd32c34b7c16fec15d501ad8f5c5ab7fa30a7222a0d4.png
13:26:22.274 [Test worker] DEBUG net.serenitybdd.core.photography.Darkroom - Send negative for processing for C:\Users\nriosa\Desktop\SanitySemillas\SanitySemilla8\target\site\serenity\d40b23e6197981c17174bd32c34b7c16fec15d501ad8f5c5ab7fa30a7222a0d4.png
13:26:22.864 [Test worker] DEBUG net.serenitybdd.core.photography.Darkroom - Send negative for processing for C:\Users\nriosa\Desktop\SanitySemillas\SanitySemilla8\target\site\serenity\f655b9f18cdc4996a56b90fcf29fb4eb61b38a162046c2540d2d86948db10958.png
13:26:22.866 [Darkroom Processing Line] DEBUG net.serenitybdd.core.photography.DarkroomProcessingLine - Processing screenshot image in /var/screenshots/screenshot-2884053327472339964
13:26:22.866 [Darkroom Processing Line] DEBUG net.serenitybdd.core.photography.DarkroomProcessingLine - Saving screenshot to C:\Users\nriosa\Desktop\SanitySemillas\SanitySemilla8\target\site\serenity\f655b9f18cdc4996a56b90fcf29fb4eb61b38a162046c2540d2d86948db10958.png
13:26:33.176 [Test worker] DEBUG net.serenitybdd.core.photography.Darkroom - Send negative for processing for C:\Users\nriosa\Desktop\SanitySemillas\SanitySemilla8\target\site\serenity\5699fa20b1da0d98046a0955f7808a29cedabc221619d633da74f8807fb598ed.png
13:26:33.807 [Test worker] DEBUG net.serenitybdd.core.photography.Darkroom - Send negative for processing for C:\Users\nriosa\Desktop\SanitySemillas\SanitySemilla8\target\site\serenity\de1df0c673f46f8fb3c562e4383de846af4b45c389c6d2a0f7509a8903d08806.png
13:26:34.388 [Test worker] DEBUG net.serenitybdd.core.photography.Darkroom - Send negative for processing for C:\Users\nriosa\Desktop\SanitySemillas\SanitySemilla8\target\site\serenity\a0ddb170b21f17f5e61dfa03c7f84546ae49ea909ab46346592dc10ac71521c6.png
13:26:35.002 [Test worker] DEBUG net.serenitybdd.core.photography.Darkroom - Send negative for processing for C:\Users\nriosa\Desktop\SanitySemillas\SanitySemilla8\target\site\serenity\a0ddb170b21f17f5e61dfa03c7f84546ae49ea909ab46346592dc10ac71521c6.png
13:26:35.646 [Test worker] DEBUG net.serenitybdd.core.photography.Darkroom - Send negative for processing for C:\Users\nriosa\Desktop\SanitySemillas\SanitySemilla8\target\site\serenity\00dbe3dcad48ef5bcfca5a857d6cbe9ed39c6efbea15b9af44b6b9eb290e5e73.png
13:26:36.184 [Test worker] DEBUG net.serenitybdd.core.photography.Darkroom - Send negative for processing for C:\Users\nriosa\Desktop\SanitySemillas\SanitySemilla8\target\site\serenity\00dbe3dcad48ef5bcfca5a857d6cbe9ed39c6efbea15b9af44b6b9eb290e5e73.png
13:26:36.691 [Test worker] DEBUG net.serenitybdd.core.photography.Darkroom - Send negative for processing for C:\Users\nriosa\Desktop\SanitySemillas\SanitySemilla8\target\site\serenity\00dbe3dcad48ef5bcfca5a857d6cbe9ed39c6efbea15b9af44b6b9eb290e5e73.png
13:26:37.217 [Test worker] DEBUG net.serenitybdd.core.photography.Darkroom - Send negative for processing for C:\Users\nriosa\Desktop\SanitySemillas\SanitySemilla8\target\site\serenity\917e1c75a4d4fcfb59eaa9d6e89028c4f5199948c10c893168042c98cbcfcbe3.png
13:26:37.844 [Test worker] DEBUG net.serenitybdd.core.photography.Darkroom - Send negative for processing for C:\Users\nriosa\Desktop\SanitySemillas\SanitySemilla8\target\site\serenity\18eef502758ef6c6654b203ab03bad52829bd58fcefbc58bcff987128be3eaa7.png
13:26:38.456 [Test worker] DEBUG net.serenitybdd.core.photography.Darkroom - Send negative for processing for C:\Users\nriosa\Desktop\SanitySemillas\SanitySemilla8\target\site\serenity\c8ef40bc44c8d65b20691d0cba3debb19f6d80eaa4b29f0ca09250f486c2c3e2.png
13:26:39.008 [Test worker] DEBUG net.serenitybdd.core.photography.Darkroom - Send negative for processing for C:\Users\nriosa\Desktop\SanitySemillas\SanitySemilla8\target\site\serenity\11f625e90bcab238029be052a8a1803e744d230c91c1eee803146b0d7df758eb.png
13:26:39.561 [Test worker] DEBUG net.serenitybdd.core.photography.Darkroom - Send negative for processing for C:\Users\nriosa\Desktop\SanitySemillas\SanitySemilla8\target\site\serenity\11f625e90bcab238029be052a8a1803e744d230c91c1eee803146b0d7df758eb.png
13:26:40.102 [Test worker] DEBUG net.serenitybdd.core.photography.Darkroom - Send negative for processing for C:\Users\nriosa\Desktop\SanitySemillas\SanitySemilla8\target\site\serenity\11f625e90bcab238029be052a8a1803e744d230c91c1eee803146b0d7df758eb.png
13:26:40.686 [Test worker] DEBUG net.serenitybdd.core.photography.Darkroom - Send negative for processing for C:\Users\nriosa\Desktop\SanitySemillas\SanitySemilla8\target\site\serenity\11f625e90bcab238029be052a8a1803e744d230c91c1eee803146b0d7df758eb.png
13:26:41.247 [Test worker] DEBUG net.serenitybdd.core.photography.Darkroom - Send negative for processing for C:\Users\nriosa\Desktop\SanitySemillas\SanitySemilla8\target\site\serenity\4782fe0f4ff038c4ac09877ab9a235a105c3638eee57321c33330b06b9c0e5c5.png
13:26:41.805 [Test worker] DEBUG net.serenitybdd.core.photography.Darkroom - Send negative for processing for C:\Users\nriosa\Desktop\SanitySemillas\SanitySemilla8\target\site\serenity\917e1c75a4d4fcfb59eaa9d6e89028c4f5199948c10c893168042c98cbcfcbe3.png
13:26:42.459 [Test worker] DEBUG net.serenitybdd.core.photography.Darkroom - Send negative for processing for C:\Users\nriosa\Desktop\SanitySemillas\SanitySemilla8\target\site\serenity\c0cf0364ccba1e7bc2c710dcd0761ffff7cbf83100f7ffc74c390f99135ecb86.png
13:26:42.462 [Darkroom Processing Line] DEBUG net.serenitybdd.core.photography.DarkroomProcessingLine - Processing screenshot image in /var/screenshots/screenshot-4094719755106116701
13:26:42.462 [Darkroom Processing Line] DEBUG net.serenitybdd.core.photography.DarkroomProcessingLine - Saving screenshot to C:\Users\nriosa\Desktop\SanitySemillas\SanitySemilla8\target\site\serenity\c0cf0364ccba1e7bc2c710dcd0761ffff7cbf83100f7ffc74c390f99135ecb86.png
13:26:43.090 [Test worker] DEBUG net.serenitybdd.core.photography.Darkroom - Send negative for processing for C:\Users\nriosa\Desktop\SanitySemillas\SanitySemilla8\target\site\serenity\4f1b688e2691a53ac8e5fc06ebe490cd4b85feee58afd295c7f07a6842777d8f.png
13:26:43.092 [Darkroom Processing Line] DEBUG net.serenitybdd.core.photography.DarkroomProcessingLine - Processing screenshot image in /var/screenshots/screenshot-7305068936908365082
13:26:43.092 [Darkroom Processing Line] DEBUG net.serenitybdd.core.photography.DarkroomProcessingLine - Saving screenshot to C:\Users\nriosa\Desktop\SanitySemillas\SanitySemilla8\target\site\serenity\4f1b688e2691a53ac8e5fc06ebe490cd4b85feee58afd295c7f07a6842777d8f.png
13:26:54.895 [Test worker] DEBUG net.serenitybdd.core.photography.Darkroom - Send negative for processing for C:\Users\nriosa\Desktop\SanitySemillas\SanitySemilla8\target\site\serenity\545478ac09bdac7770ecce4cae29549a3d55d3412a17e210ba08a4446d9697b9.png
13:26:57.547 [Test worker] DEBUG net.serenitybdd.core.photography.Darkroom - Send negative for processing for C:\Users\nriosa\Desktop\SanitySemillas\SanitySemilla8\target\site\serenity\beba2aa9983b1fc2a09bfc7f6f1098a836b9094e2c76b9eff988a8ee4a848c42.png
13:27:22.841 [Test worker] DEBUG net.serenitybdd.core.photography.Darkroom - Send negative for processing for C:\Users\nriosa\Desktop\SanitySemillas\SanitySemilla8\target\site\serenity\c15f441fa0a33bea2273a197301e6d17038df0c18f2c305e823f356a744495fd.png
13:27:22.843 [Darkroom Processing Line] DEBUG net.serenitybdd.core.photography.DarkroomProcessingLine - Processing screenshot image in /var/screenshots/screenshot-6412830562492979300
13:27:22.843 [Darkroom Processing Line] DEBUG net.serenitybdd.core.photography.DarkroomProcessingLine - Saving screenshot to C:\Users\nriosa\Desktop\SanitySemillas\SanitySemilla8\target\site\serenity\c15f441fa0a33bea2273a197301e6d17038df0c18f2c305e823f356a744495fd.png
13:27:23.861 [Test worker] DEBUG net.serenitybdd.core.photography.Darkroom - Send negative for processing for C:\Users\nriosa\Desktop\SanitySemillas\SanitySemilla8\target\site\serenity\b02237df87d045742e1b10cf80385555bb734a46b47a3113670cd4dcaeec3c10.png
13:27:24.486 [Test worker] DEBUG net.serenitybdd.core.photography.Darkroom - Send negative for processing for C:\Users\nriosa\Desktop\SanitySemillas\SanitySemilla8\target\site\serenity\c46acb39bf61b09b046273e34fecc92bab8d7f5b2bd3f10bd27d5b5fdee36a6d.png
13:27:25.144 [Test worker] DEBUG net.serenitybdd.core.photography.Darkroom - Send negative for processing for C:\Users\nriosa\Desktop\SanitySemillas\SanitySemilla8\target\site\serenity\d9ebd1fd48f37744d7a7080edb36409fcdaa53bfe2fb69ce57d149ad78d67c15.png
13:27:25.732 [Test worker] DEBUG net.serenitybdd.core.photography.Darkroom - Send negative for processing for C:\Users\nriosa\Desktop\SanitySemillas\SanitySemilla8\target\site\serenity\f7fa6143ef7357e2ac4601ed4a8feb2e542d534f389a72b39e549b78352d0760.png
13:27:26.769 [Test worker] DEBUG net.serenitybdd.core.photography.Darkroom - Send negative for processing for C:\Users\nriosa\Desktop\SanitySemillas\SanitySemilla8\target\site\serenity\29463b1147559867c23d2c31fe238dcb5366f4f296a660d211cc4f6cf1040ad6.png
13:27:27.389 [Test worker] DEBUG net.serenitybdd.core.photography.Darkroom - Send negative for processing for C:\Users\nriosa\Desktop\SanitySemillas\SanitySemilla8\target\site\serenity\d16367a65eb80dc1ca22a18bc2c603efab0d1d1b7344d29a0550918642cce932.png
13:27:28.320 [Test worker] DEBUG net.serenitybdd.core.photography.Darkroom - Send negative for processing for C:\Users\nriosa\Desktop\SanitySemillas\SanitySemilla8\target\site\serenity\4654efdbc6006cb9224af0c72d377fa202e6b75f87da21a24ce04f32ee16f5b0.png
13:27:28.322 [Darkroom Processing Line] DEBUG net.serenitybdd.core.photography.DarkroomProcessingLine - Processing screenshot image in /var/screenshots/screenshot-2947884874399317413
13:27:28.322 [Darkroom Processing Line] DEBUG net.serenitybdd.core.photography.DarkroomProcessingLine - Saving screenshot to C:\Users\nriosa\Desktop\SanitySemillas\SanitySemilla8\target\site\serenity\4654efdbc6006cb9224af0c72d377fa202e6b75f87da21a24ce04f32ee16f5b0.png
13:27:31.270 [Test worker] INFO net.thucydides.core.steps.ConsoleLoggingListener - ?[92m
        __    _____ _____ ____ _____   ____   _    ____  ____  _____ ____  
  _     \ \  |_   _| ____/ ___|_   _| |  _ \ / \  / ___|/ ___|| ____|  _ \ 
 (_)_____| |   | | |  _| \___ \ | |   | |_) / _ \ \___ \\___ \|  _| | | | |
  _|_____| |   | | | |___ ___) || |   |  __/ ___ \ ___) |___) | |___| |_| |
 (_)     | |   |_| |_____|____/ |_|   |_| /_/   \_\____/|____/|_____|____/ 
        /_/                                                                

TEST PASSED: se requiere realizar una activacion de una linea en control nintendo
----------------------------------------------------------------------------?[0m
13:27:31.457 [Test worker] INFO net.serenitybdd.core.webdriver.driverproviders.ProvideNewDriver - Instantiating driver
13:27:31.457 [Test worker] INFO net.serenitybdd.core.webdriver.driverproviders.ProvideNewDriver - Driver capabilities: Capabilities {acceptInsecureCerts: true, browserName: firefox, firefox_profile: org.openqa.selenium.firefox..., headless: false, loggingPrefs: org.openqa.selenium.logging..., marionette: true, moz:firefoxOptions: {}, platform: ANY, version: }
13:27:36.102 [Test worker] DEBUG net.serenitybdd.core.photography.Darkroom - Send negative for processing for C:\Users\nriosa\Desktop\SanitySemillas\SanitySemilla8\target\site\serenity\8a6c552499fef698e1b57ab10a498f752a43ff0b2becb28712565b39c41ecb96.png
13:27:36.460 [Test worker] DEBUG net.serenitybdd.core.photography.Darkroom - Send negative for processing for C:\Users\nriosa\Desktop\SanitySemillas\SanitySemilla8\target\site\serenity\d1f7553147769a75b87043926a8b3b0bf936fafaf394c13940c8b35f79332bae.png
13:27:38.658 [Test worker] DEBUG net.serenitybdd.core.photography.Darkroom - Send negative for processing for C:\Users\nriosa\Desktop\SanitySemillas\SanitySemilla8\target\site\serenity\b02237df87d045742e1b10cf80385555bb734a46b47a3113670cd4dcaeec3c10.png
13:27:41.653 [Test worker] DEBUG net.serenitybdd.core.photography.Darkroom - Send negative for processing for C:\Users\nriosa\Desktop\SanitySemillas\SanitySemilla8\target\site\serenity\236bfd0779c94c65f3f8ec43e30fd438d297ad24cdd62b999b0ccd86caa4907b.png
13:27:42.213 [Test worker] DEBUG net.serenitybdd.core.photography.Darkroom - Send negative for processing for C:\Users\nriosa\Desktop\SanitySemillas\SanitySemilla8\target\site\serenity\f7a0a316e92eceea5d8edf9ecd9940cd12e0e06336f821730a94d7c5717bcc58.png
13:27:42.781 [Test worker] DEBUG net.serenitybdd.core.photography.Darkroom - Send negative for processing for C:\Users\nriosa\Desktop\SanitySemillas\SanitySemilla8\target\site\serenity\18c4a658757f2fd7033a57cfca799e5b5a13a915d01705cf90b9c9fa183efeb1.png
13:27:43.373 [Test worker] DEBUG net.serenitybdd.core.photography.Darkroom - Send negative for processing for C:\Users\nriosa\Desktop\SanitySemillas\SanitySemilla8\target\site\serenity\ec06699c37836e102ad4b5b130c5ceee2048545788f7786dbdca5cad27e5ac2c.png
13:27:46.255 [Test worker] DEBUG net.serenitybdd.core.photography.Darkroom - Send negative for processing for C:\Users\nriosa\Desktop\SanitySemillas\SanitySemilla8\target\site\serenity\07811f83f669424d6387a10e679a40876b76fbdf27366ee880a0ee99a5f2eebc.png
13:27:48.333 [Test worker] DEBUG net.serenitybdd.core.photography.Darkroom - Send negative for processing for C:\Users\nriosa\Desktop\SanitySemillas\SanitySemilla8\target\site\serenity\8c27cb55cc5699d1de2edda08a85401be1c34c582984f33ebf121a17e7f3a3a4.png
Connecting------
Established Session
Opened sftp Channel
Copying file from Host to Local
Copied file from Host to local
Disconnected from sftp
6656
13:27:51.046 [Test worker] DEBUG net.serenitybdd.core.photography.Darkroom - Send negative for processing for C:\Users\nriosa\Desktop\SanitySemillas\SanitySemilla8\target\site\serenity\8c27cb55cc5699d1de2edda08a85401be1c34c582984f33ebf121a17e7f3a3a4.png
13:27:54.987 [Test worker] DEBUG net.serenitybdd.core.photography.Darkroom - Send negative for processing for C:\Users\nriosa\Desktop\SanitySemillas\SanitySemilla8\target\site\serenity\118ae289eb613427342c0adc69ec07defd3c8bc55b15f9d9b4f9e7894da2d790.png
13:27:55.711 [Test worker] DEBUG net.serenitybdd.core.photography.Darkroom - Send negative for processing for C:\Users\nriosa\Desktop\SanitySemillas\SanitySemilla8\target\site\serenity\f64fd82c124ebc183d88b0924cdd07d62687e335574b986b96c6b6fa7f0f9496.png
13:27:56.287 [Test worker] DEBUG net.serenitybdd.core.photography.Darkroom - Send negative for processing for C:\Users\nriosa\Desktop\SanitySemillas\SanitySemilla8\target\site\serenity\9d658be6007d937b0962e3a7c59130b561069a605a5c5580abc840f75775286e.png
13:27:56.839 [Test worker] DEBUG net.serenitybdd.core.photography.Darkroom - Send negative for processing for C:\Users\nriosa\Desktop\SanitySemillas\SanitySemilla8\target\site\serenity\9d658be6007d937b0962e3a7c59130b561069a605a5c5580abc840f75775286e.png
13:27:59.117 [Test worker] DEBUG net.serenitybdd.core.photography.Darkroom - Send negative for processing for C:\Users\nriosa\Desktop\SanitySemillas\SanitySemilla8\target\site\serenity\c293c4bdb16374aa97e8367415030f2f596b0c57ac84f8081ed27a1861c48231.png
13:27:59.942 [Test worker] DEBUG net.serenitybdd.core.photography.Darkroom - Send negative for processing for C:\Users\nriosa\Desktop\SanitySemillas\SanitySemilla8\target\site\serenity\ea868392aea7d07650f950e53bdd0519ce9df72ac83ab4cf397b4c20ebd2108b.png
13:28:00.461 [Test worker] DEBUG net.serenitybdd.core.photography.Darkroom - Send negative for processing for C:\Users\nriosa\Desktop\SanitySemillas\SanitySemilla8\target\site\serenity\5c32f99b86240416aab4845078e4ff88d70d0ac199253a156c59a21fddf84709.png
13:28:00.990 [Test worker] DEBUG net.serenitybdd.core.photography.Darkroom - Send negative for processing for C:\Users\nriosa\Desktop\SanitySemillas\SanitySemilla8\target\site\serenity\5c32f99b86240416aab4845078e4ff88d70d0ac199253a156c59a21fddf84709.png
13:28:01.617 [Test worker] DEBUG net.serenitybdd.core.photography.Darkroom - Send negative for processing for C:\Users\nriosa\Desktop\SanitySemillas\SanitySemilla8\target\site\serenity\36a0132ac46d1d0be424c598a69abdb324afa620e436e7b7e33c49d1d9c39ddd.png
13:28:02.187 [Test worker] DEBUG net.serenitybdd.core.photography.Darkroom - Send negative for processing for C:\Users\nriosa\Desktop\SanitySemillas\SanitySemilla8\target\site\serenity\36a0132ac46d1d0be424c598a69abdb324afa620e436e7b7e33c49d1d9c39ddd.png
linea no migrada siebel -->BLOCKPOSTSALE
13:28:23.290 [Test worker] DEBUG net.serenitybdd.core.photography.Darkroom - Send negative for processing for C:\Users\nriosa\Desktop\SanitySemillas\SanitySemilla8\target\site\serenity\36a0132ac46d1d0be424c598a69abdb324afa620e436e7b7e33c49d1d9c39ddd.png
13:28:24.224 [Test worker] DEBUG net.serenitybdd.core.photography.Darkroom - Send negative for processing for C:\Users\nriosa\Desktop\SanitySemillas\SanitySemilla8\target\site\serenity\b02237df87d045742e1b10cf80385555bb734a46b47a3113670cd4dcaeec3c10.png
13:28:24.828 [Test worker] DEBUG net.serenitybdd.core.photography.Darkroom - Send negative for processing for C:\Users\nriosa\Desktop\SanitySemillas\SanitySemilla8\target\site\serenity\c50d1207aeb2f399d871ff0a43e38b284f972b3707dfed1a5260b9f37e13b842.png
13:28:25.436 [Test worker] DEBUG net.serenitybdd.core.photography.Darkroom - Send negative for processing for C:\Users\nriosa\Desktop\SanitySemillas\SanitySemilla8\target\site\serenity\e06c44722ddb2ef244c22880d29f82d60daa861db1dc94857df19a98cb4a3043.png
13:28:26.065 [Test worker] DEBUG net.serenitybdd.core.photography.Darkroom - Send negative for processing for C:\Users\nriosa\Desktop\SanitySemillas\SanitySemilla8\target\site\serenity\d25b98774a8b893e3971f67368a7a3f61953a92cc601056f5ee8a8a8f43b06ac.png
13:28:26.995 [Test worker] DEBUG net.serenitybdd.core.photography.Darkroom - Send negative for processing for C:\Users\nriosa\Desktop\SanitySemillas\SanitySemilla8\target\site\serenity\9a671a5b47636e6611b8d9b3a2c0291b693a246dabae6c831305caae4c41b407.png
13:28:27.711 [Test worker] DEBUG net.serenitybdd.core.photography.Darkroom - Send negative for processing for C:\Users\nriosa\Desktop\SanitySemillas\SanitySemilla8\target\site\serenity\8f9fdb151292e4ddfb4c1bd5dcbb9525c4819b7090dddf5db0567e102c333b7b.png
13:28:28.320 [Test worker] DEBUG net.serenitybdd.core.photography.Darkroom - Send negative for processing for C:\Users\nriosa\Desktop\SanitySemillas\SanitySemilla8\target\site\serenity\f44d26d7dfd7ff8ac2c3902c83b5ea020677d4b01ad4f09750ce224d51da5ade.png
13:28:28.321 [Darkroom Processing Line] DEBUG net.serenitybdd.core.photography.DarkroomProcessingLine - Processing screenshot image in /var/screenshots/screenshot-8790294613589825647
13:28:28.321 [Darkroom Processing Line] DEBUG net.serenitybdd.core.photography.DarkroomProcessingLine - Saving screenshot to C:\Users\nriosa\Desktop\SanitySemillas\SanitySemilla8\target\site\serenity\f44d26d7dfd7ff8ac2c3902c83b5ea020677d4b01ad4f09750ce224d51da5ade.png
13:28:30.754 [Test worker] INFO net.thucydides.core.steps.ConsoleLoggingListener - ?[92m
        __    _____ _____ ____ _____   ____   _    ____  ____  _____ ____  
  _     \ \  |_   _| ____/ ___|_   _| |  _ \ / \  / ___|/ ___|| ____|  _ \ 
 (_)_____| |   | | |  _| \___ \ | |   | |_) / _ \ \___ \\___ \|  _| | | | |
  _|_____| |   | | | |___ ___) || |   |  __/ ___ \ ___) |___) | |___| |_| |
 (_)     | |   |_| |_____|____/ |_|   |_| /_/   \_\____/|____/|_____|____/ 
        /_/                                                                

TEST PASSED: se requiere realizar cambio de linea de Pre a Pos
----------------------------------------------------------------------------?[0m
13:28:30.936 [Test worker] INFO net.serenitybdd.core.webdriver.driverproviders.ProvideNewDriver - Instantiating driver
13:28:30.936 [Test worker] INFO net.serenitybdd.core.webdriver.driverproviders.ProvideNewDriver - Driver capabilities: Capabilities {acceptInsecureCerts: true, browserName: firefox, firefox_profile: org.openqa.selenium.firefox..., headless: false, loggingPrefs: org.openqa.selenium.logging..., marionette: true, moz:firefoxOptions: {}, platform: ANY, version: }
13:28:35.617 [Test worker] DEBUG net.serenitybdd.core.photography.Darkroom - Send negative for processing for C:\Users\nriosa\Desktop\SanitySemillas\SanitySemilla8\target\site\serenity\8a6c552499fef698e1b57ab10a498f752a43ff0b2becb28712565b39c41ecb96.png
13:28:35.967 [Test worker] DEBUG net.serenitybdd.core.photography.Darkroom - Send negative for processing for C:\Users\nriosa\Desktop\SanitySemillas\SanitySemilla8\target\site\serenity\d1f7553147769a75b87043926a8b3b0bf936fafaf394c13940c8b35f79332bae.png
13:28:38.436 [Test worker] DEBUG net.serenitybdd.core.photography.Darkroom - Send negative for processing for C:\Users\nriosa\Desktop\SanitySemillas\SanitySemilla8\target\site\serenity\b02237df87d045742e1b10cf80385555bb734a46b47a3113670cd4dcaeec3c10.png
13:28:39.762 [Test worker] DEBUG net.serenitybdd.core.photography.Darkroom - Send negative for processing for C:\Users\nriosa\Desktop\SanitySemillas\SanitySemilla8\target\site\serenity\236bfd0779c94c65f3f8ec43e30fd438d297ad24cdd62b999b0ccd86caa4907b.png
13:28:40.360 [Test worker] DEBUG net.serenitybdd.core.photography.Darkroom - Send negative for processing for C:\Users\nriosa\Desktop\SanitySemillas\SanitySemilla8\target\site\serenity\f7a0a316e92eceea5d8edf9ecd9940cd12e0e06336f821730a94d7c5717bcc58.png
13:28:41.007 [Test worker] DEBUG net.serenitybdd.core.photography.Darkroom - Send negative for processing for C:\Users\nriosa\Desktop\SanitySemillas\SanitySemilla8\target\site\serenity\18c4a658757f2fd7033a57cfca799e5b5a13a915d01705cf90b9c9fa183efeb1.png
13:28:41.644 [Test worker] DEBUG net.serenitybdd.core.photography.Darkroom - Send negative for processing for C:\Users\nriosa\Desktop\SanitySemillas\SanitySemilla8\target\site\serenity\ec06699c37836e102ad4b5b130c5ceee2048545788f7786dbdca5cad27e5ac2c.png
13:28:43.643 [Test worker] DEBUG net.serenitybdd.core.photography.Darkroom - Send negative for processing for C:\Users\nriosa\Desktop\SanitySemillas\SanitySemilla8\target\site\serenity\5f6169ddd159f41ee4261bd9678682f49f40a79d39b736eb59b16b81bdf94602.png
13:28:48.092 [Test worker] DEBUG net.serenitybdd.core.photography.Darkroom - Send negative for processing for C:\Users\nriosa\Desktop\SanitySemillas\SanitySemilla8\target\site\serenity\17297b095889969ca6184d2ca4a7f2fc6ac6a593d78362390411f707181eefeb.png
13:28:49.070 [Test worker] DEBUG net.serenitybdd.core.photography.Darkroom - Send negative for processing for C:\Users\nriosa\Desktop\SanitySemillas\SanitySemilla8\target\site\serenity\60853bb025b004029eaac5d95b4f8eedbdc78d366b2c2644833f30606cd61af6.png
Connecting------
Established Session
Opened sftp Channel
Copying file from Host to Local
Copied file from Host to local
Disconnected from sftp
7302
13:28:51.656 [Test worker] DEBUG net.serenitybdd.core.photography.Darkroom - Send negative for processing for C:\Users\nriosa\Desktop\SanitySemillas\SanitySemilla8\target\site\serenity\60853bb025b004029eaac5d95b4f8eedbdc78d366b2c2644833f30606cd61af6.png
13:28:55.565 [Test worker] DEBUG net.serenitybdd.core.photography.Darkroom - Send negative for processing for C:\Users\nriosa\Desktop\SanitySemillas\SanitySemilla8\target\site\serenity\e3a086997603e86cd212e7fc90150f1b60e56b86c5f2fc184d426ec603af8cfa.png
13:28:56.307 [Test worker] DEBUG net.serenitybdd.core.photography.Darkroom - Send negative for processing for C:\Users\nriosa\Desktop\SanitySemillas\SanitySemilla8\target\site\serenity\6d076dcaedbb0b91feaa40d9239b3f01de11307e59cc3b6dedc5f8cbfe822eba.png
13:28:56.844 [Test worker] DEBUG net.serenitybdd.core.photography.Darkroom - Send negative for processing for C:\Users\nriosa\Desktop\SanitySemillas\SanitySemilla8\target\site\serenity\fe7e0de92053127ceb64942d43a0be074f0117c7d407fa4c4af24b99ff55d6ef.png
13:28:57.305 [Test worker] DEBUG net.serenitybdd.core.photography.Darkroom - Send negative for processing for C:\Users\nriosa\Desktop\SanitySemillas\SanitySemilla8\target\site\serenity\fe7e0de92053127ceb64942d43a0be074f0117c7d407fa4c4af24b99ff55d6ef.png
13:28:59.619 [Test worker] DEBUG net.serenitybdd.core.photography.Darkroom - Send negative for processing for C:\Users\nriosa\Desktop\SanitySemillas\SanitySemilla8\target\site\serenity\7670efa898a1ab3b8052c9bfc7a5b2c9c0066a34c948a8968e76b9c38b20cbdc.png
13:29:00.457 [Test worker] DEBUG net.serenitybdd.core.photography.Darkroom - Send negative for processing for C:\Users\nriosa\Desktop\SanitySemillas\SanitySemilla8\target\site\serenity\9f0f1e3f4aae52957120c662181fe5bbd78871802acd839a70432b1fbab507df.png
13:29:00.944 [Test worker] DEBUG net.serenitybdd.core.photography.Darkroom - Send negative for processing for C:\Users\nriosa\Desktop\SanitySemillas\SanitySemilla8\target\site\serenity\b4706440180c403a96163c611299cc77004aa2061264e2392022928608531f56.png
13:29:01.488 [Test worker] DEBUG net.serenitybdd.core.photography.Darkroom - Send negative for processing for C:\Users\nriosa\Desktop\SanitySemillas\SanitySemilla8\target\site\serenity\b4706440180c403a96163c611299cc77004aa2061264e2392022928608531f56.png
13:29:02.106 [Test worker] DEBUG net.serenitybdd.core.photography.Darkroom - Send negative for processing for C:\Users\nriosa\Desktop\SanitySemillas\SanitySemilla8\target\site\serenity\277bd8f83de34d6f1c1cf1ceeb981983a84fe6638f26b4dbc2958239ff570d12.png
13:29:02.655 [Test worker] DEBUG net.serenitybdd.core.photography.Darkroom - Send negative for processing for C:\Users\nriosa\Desktop\SanitySemillas\SanitySemilla8\target\site\serenity\277bd8f83de34d6f1c1cf1ceeb981983a84fe6638f26b4dbc2958239ff570d12.png
13:30:20.737 [Test worker] DEBUG net.serenitybdd.core.photography.Darkroom - Send negative for processing for C:\Users\nriosa\Desktop\SanitySemillas\SanitySemilla8\target\site\serenity\fd83a7738bcfe1a5d4c746bb45acae8eb89f28075b07b462f738a8707d391c96.png
13:30:20.740 [Darkroom Processing Line] DEBUG net.serenitybdd.core.photography.DarkroomProcessingLine - Processing screenshot image in /var/screenshots/screenshot-2609361700323023803
13:30:20.740 [Darkroom Processing Line] DEBUG net.serenitybdd.core.photography.DarkroomProcessingLine - Saving screenshot to C:\Users\nriosa\Desktop\SanitySemillas\SanitySemilla8\target\site\serenity\fd83a7738bcfe1a5d4c746bb45acae8eb89f28075b07b462f738a8707d391c96.png
13:30:22.929 [Test worker] ERROR net.thucydides.core.steps.ConsoleLoggingListener - ?[91m
           __  _____ _____ ____ _____   _____ _    ___ _     _____ ____  
  _       / / |_   _| ____/ ___|_   _| |  ___/ \  |_ _| |   | ____|  _ \ 
 (_)_____| |    | | |  _| \___ \ | |   | |_ / _ \  | || |   |  _| | | | |
  _|_____| |    | | | |___ ___) || |   |  _/ ___ \ | || |___| |___| |_| |
 (_)     | |    |_| |_____|____/ |_|   |_|/_/   \_\___|_____|_____|____/ 
          \_\                                                            

TEST FAILED: se requiere realizar cambio de linea de Pos a Pre
--------------------------------------------------------------------------?[0m
13:30:22.929 [Test worker] DEBUG net.thucydides.core.steps.ConsoleLoggingListener - RELATED ISSUES: 
13:30:22.930 [Test worker] ERROR net.thucydides.core.steps.ConsoleLoggingListener - ?[91mTEST FAILED AT STEP When Se hace la cesion de contrato de una linea pos a pre?[0m
13:30:22.930 [Test worker] ERROR net.thucydides.core.steps.ConsoleLoggingListener - Expected condition failed: waiting for CesionPortalCRMPage.mensajes to be present (tried for 22 second(s) with 100 milliseconds interval)Build info: version: '3.141.59', revision: 'e82be7d358', time: '2018-11-14T08:17:03'System info: host: '22LAP5CD1195RQX', ip: '192.168.10.29', os.name: 'Windows 10', os.arch: 'amd64', os.version: '10.0', java.version: '1.8.0_291'Driver info: driver.version: unknownBuild info: version: '3.141.59', revision: 'e82be7d358', time: '2018-11-14T08:17:03'System info: host: '22LAP5CD1195RQX', ip: '192.168.10.29', os.name: 'Windows 10', os.arch: 'amd64', os.version: '10.0', java.version: '1.8.0_291'Driver info: driver.version: unknown
13:30:23.119 [Test worker] INFO net.serenitybdd.core.webdriver.driverproviders.ProvideNewDriver - Instantiating driver
13:30:23.119 [Test worker] INFO net.serenitybdd.core.webdriver.driverproviders.ProvideNewDriver - Driver capabilities: Capabilities {acceptInsecureCerts: true, browserName: firefox, firefox_profile: org.openqa.selenium.firefox..., headless: false, loggingPrefs: org.openqa.selenium.logging..., marionette: true, moz:firefoxOptions: {}, platform: ANY, version: }
13:30:27.736 [Test worker] DEBUG net.serenitybdd.core.photography.Darkroom - Send negative for processing for C:\Users\nriosa\Desktop\SanitySemillas\SanitySemilla8\target\site\serenity\8a6c552499fef698e1b57ab10a498f752a43ff0b2becb28712565b39c41ecb96.png
13:30:28.072 [Test worker] DEBUG net.serenitybdd.core.photography.Darkroom - Send negative for processing for C:\Users\nriosa\Desktop\SanitySemillas\SanitySemilla8\target\site\serenity\d1f7553147769a75b87043926a8b3b0bf936fafaf394c13940c8b35f79332bae.png
13:30:30.614 [Test worker] DEBUG net.serenitybdd.core.photography.Darkroom - Send negative for processing for C:\Users\nriosa\Desktop\SanitySemillas\SanitySemilla8\target\site\serenity\b02237df87d045742e1b10cf80385555bb734a46b47a3113670cd4dcaeec3c10.png
13:30:31.772 [Test worker] DEBUG net.serenitybdd.core.photography.Darkroom - Send negative for processing for C:\Users\nriosa\Desktop\SanitySemillas\SanitySemilla8\target\site\serenity\cf74ccd761c1db1fbd208a0f1e8df7c02f9f7a40156f0aca1521e6f3cd1a8c21.png
13:30:32.400 [Test worker] DEBUG net.serenitybdd.core.photography.Darkroom - Send negative for processing for C:\Users\nriosa\Desktop\SanitySemillas\SanitySemilla8\target\site\serenity\3a88c08506df336c8be07c16750d05c43ce455262442b3d01490e7dfd1826057.png
13:30:32.992 [Test worker] DEBUG net.serenitybdd.core.photography.Darkroom - Send negative for processing for C:\Users\nriosa\Desktop\SanitySemillas\SanitySemilla8\target\site\serenity\4e1ce12a847499a982b4803a217c72002cbb7ff0ff0530c5edf5eeba035c6b52.png
13:30:33.593 [Test worker] DEBUG net.serenitybdd.core.photography.Darkroom - Send negative for processing for C:\Users\nriosa\Desktop\SanitySemillas\SanitySemilla8\target\site\serenity\903280da18eb99def4532f6121b67a9a3102b685a2074519d6c79248d8cc6bc2.png
13:30:35.610 [Test worker] DEBUG net.serenitybdd.core.photography.Darkroom - Send negative for processing for C:\Users\nriosa\Desktop\SanitySemillas\SanitySemilla8\target\site\serenity\ee4281a4aaf6607182d8b5f1eb9bf184b5097f5d11b23a65b0a4fcc439918e55.png
13:30:37.152 [Test worker] DEBUG net.serenitybdd.core.photography.Darkroom - Send negative for processing for C:\Users\nriosa\Desktop\SanitySemillas\SanitySemilla8\target\site\serenity\0e2c9adfb7145025c0a9b4a828426a3a58ecc823bb6d61d21f89cca093b1151c.png
13:30:37.745 [Test worker] DEBUG net.serenitybdd.core.photography.Darkroom - Send negative for processing for C:\Users\nriosa\Desktop\SanitySemillas\SanitySemilla8\target\site\serenity\bb534bdd6ad8b74aee183d859463e67b60cf5e1eb90cf0039c66c0fa44eab2c5.png
13:30:38.859 [Test worker] DEBUG net.serenitybdd.core.photography.Darkroom - Send negative for processing for C:\Users\nriosa\Desktop\SanitySemillas\SanitySemilla8\target\site\serenity\4edda85f62562dd543eba08464c32eda76f6496d010dde52aec48f8b5a2cbdce.png
13:30:39.433 [Test worker] DEBUG net.serenitybdd.core.photography.Darkroom - Send negative for processing for C:\Users\nriosa\Desktop\SanitySemillas\SanitySemilla8\target\site\serenity\ad4fc9920d1d3049f574023d362b2694058410660f6434eb49eb3d0ceb1c152b.png
13:30:40.012 [Test worker] DEBUG net.serenitybdd.core.photography.Darkroom - Send negative for processing for C:\Users\nriosa\Desktop\SanitySemillas\SanitySemilla8\target\site\serenity\eef25beddec9f6c56b8acafec7f8312ea97d17feef6cd3eb50fe2961bd630ce0.png
13:30:40.467 [Test worker] DEBUG net.serenitybdd.core.photography.Darkroom - Send negative for processing for C:\Users\nriosa\Desktop\SanitySemillas\SanitySemilla8\target\site\serenity\d01d6729ef86cdb37beb326232c71980918cc7b81518216346b4e09aca60c1d4.png
13:30:41.144 [Test worker] DEBUG net.serenitybdd.core.photography.Darkroom - Send negative for processing for C:\Users\nriosa\Desktop\SanitySemillas\SanitySemilla8\target\site\serenity\d851ba90e4c0ad1d12c52c916f772eef366d6f671055818608474ebe30f09053.png
13:30:42.431 [Test worker] DEBUG net.serenitybdd.core.photography.Darkroom - Send negative for processing for C:\Users\nriosa\Desktop\SanitySemillas\SanitySemilla8\target\site\serenity\2bcf2f2a74f2fd64c9fb1aee6420a56c4f9f59a5973af62fbd5806b64c6ec891.png
13:30:43.101 [Test worker] DEBUG net.serenitybdd.core.photography.Darkroom - Send negative for processing for C:\Users\nriosa\Desktop\SanitySemillas\SanitySemilla8\target\site\serenity\04ae5f84e6160a6144cacd3becb450fcb8b7cd53d6df131c9c8efdbdb4007061.png
13:30:43.619 [Test worker] DEBUG net.serenitybdd.core.photography.Darkroom - Send negative for processing for C:\Users\nriosa\Desktop\SanitySemillas\SanitySemilla8\target\site\serenity\e16dba351573bdbe5b92957db5d11d2d1165717c358f49dd5a490a3f585383be.png
13:30:44.134 [Test worker] DEBUG net.serenitybdd.core.photography.Darkroom - Send negative for processing for C:\Users\nriosa\Desktop\SanitySemillas\SanitySemilla8\target\site\serenity\dace12d60e0bbbc64e6ac62f99d52bd1342c0c334d9e8f5943470d5319bb5de6.png
13:30:44.720 [Test worker] DEBUG net.serenitybdd.core.photography.Darkroom - Send negative for processing for C:\Users\nriosa\Desktop\SanitySemillas\SanitySemilla8\target\site\serenity\8bf0b95d3e65f2824b3f305795341b203e7e8c798c5aff1a16ff94326dd31488.png
13:30:45.332 [Test worker] DEBUG net.serenitybdd.core.photography.Darkroom - Send negative for processing for C:\Users\nriosa\Desktop\SanitySemillas\SanitySemilla8\target\site\serenity\8bf0b95d3e65f2824b3f305795341b203e7e8c798c5aff1a16ff94326dd31488.png
13:30:46.102 [Test worker] DEBUG net.serenitybdd.core.photography.Darkroom - Send negative for processing for C:\Users\nriosa\Desktop\SanitySemillas\SanitySemilla8\target\site\serenity\8bf0b95d3e65f2824b3f305795341b203e7e8c798c5aff1a16ff94326dd31488.png
13:30:46.672 [Test worker] DEBUG net.serenitybdd.core.photography.Darkroom - Send negative for processing for C:\Users\nriosa\Desktop\SanitySemillas\SanitySemilla8\target\site\serenity\69fa4769b665b7cc7a02df3de7258ad571e46c210fa22660ba15cc307a1419e1.png
13:30:46.674 [Darkroom Processing Line] DEBUG net.serenitybdd.core.photography.DarkroomProcessingLine - Processing screenshot image in /var/screenshots/screenshot-6564642227082718075
13:30:46.674 [Darkroom Processing Line] DEBUG net.serenitybdd.core.photography.DarkroomProcessingLine - Saving screenshot to C:\Users\nriosa\Desktop\SanitySemillas\SanitySemilla8\target\site\serenity\69fa4769b665b7cc7a02df3de7258ad571e46c210fa22660ba15cc307a1419e1.png
13:30:57.201 [Test worker] DEBUG net.serenitybdd.core.photography.Darkroom - Send negative for processing for C:\Users\nriosa\Desktop\SanitySemillas\SanitySemilla8\target\site\serenity\5699fa20b1da0d98046a0955f7808a29cedabc221619d633da74f8807fb598ed.png
13:30:57.814 [Test worker] DEBUG net.serenitybdd.core.photography.Darkroom - Send negative for processing for C:\Users\nriosa\Desktop\SanitySemillas\SanitySemilla8\target\site\serenity\de1df0c673f46f8fb3c562e4383de846af4b45c389c6d2a0f7509a8903d08806.png
13:30:58.441 [Test worker] DEBUG net.serenitybdd.core.photography.Darkroom - Send negative for processing for C:\Users\nriosa\Desktop\SanitySemillas\SanitySemilla8\target\site\serenity\a0ddb170b21f17f5e61dfa03c7f84546ae49ea909ab46346592dc10ac71521c6.png
13:30:59.039 [Test worker] DEBUG net.serenitybdd.core.photography.Darkroom - Send negative for processing for C:\Users\nriosa\Desktop\SanitySemillas\SanitySemilla8\target\site\serenity\a0ddb170b21f17f5e61dfa03c7f84546ae49ea909ab46346592dc10ac71521c6.png
13:30:59.649 [Test worker] DEBUG net.serenitybdd.core.photography.Darkroom - Send negative for processing for C:\Users\nriosa\Desktop\SanitySemillas\SanitySemilla8\target\site\serenity\00dbe3dcad48ef5bcfca5a857d6cbe9ed39c6efbea15b9af44b6b9eb290e5e73.png
13:31:00.199 [Test worker] DEBUG net.serenitybdd.core.photography.Darkroom - Send negative for processing for C:\Users\nriosa\Desktop\SanitySemillas\SanitySemilla8\target\site\serenity\00dbe3dcad48ef5bcfca5a857d6cbe9ed39c6efbea15b9af44b6b9eb290e5e73.png
13:31:00.699 [Test worker] DEBUG net.serenitybdd.core.photography.Darkroom - Send negative for processing for C:\Users\nriosa\Desktop\SanitySemillas\SanitySemilla8\target\site\serenity\00dbe3dcad48ef5bcfca5a857d6cbe9ed39c6efbea15b9af44b6b9eb290e5e73.png
13:31:01.232 [Test worker] DEBUG net.serenitybdd.core.photography.Darkroom - Send negative for processing for C:\Users\nriosa\Desktop\SanitySemillas\SanitySemilla8\target\site\serenity\917e1c75a4d4fcfb59eaa9d6e89028c4f5199948c10c893168042c98cbcfcbe3.png
13:31:01.831 [Test worker] DEBUG net.serenitybdd.core.photography.Darkroom - Send negative for processing for C:\Users\nriosa\Desktop\SanitySemillas\SanitySemilla8\target\site\serenity\18eef502758ef6c6654b203ab03bad52829bd58fcefbc58bcff987128be3eaa7.png
13:31:02.443 [Test worker] DEBUG net.serenitybdd.core.photography.Darkroom - Send negative for processing for C:\Users\nriosa\Desktop\SanitySemillas\SanitySemilla8\target\site\serenity\c8ef40bc44c8d65b20691d0cba3debb19f6d80eaa4b29f0ca09250f486c2c3e2.png
13:31:03.058 [Test worker] DEBUG net.serenitybdd.core.photography.Darkroom - Send negative for processing for C:\Users\nriosa\Desktop\SanitySemillas\SanitySemilla8\target\site\serenity\11f625e90bcab238029be052a8a1803e744d230c91c1eee803146b0d7df758eb.png
13:31:03.632 [Test worker] DEBUG net.serenitybdd.core.photography.Darkroom - Send negative for processing for C:\Users\nriosa\Desktop\SanitySemillas\SanitySemilla8\target\site\serenity\11f625e90bcab238029be052a8a1803e744d230c91c1eee803146b0d7df758eb.png
13:31:04.232 [Test worker] DEBUG net.serenitybdd.core.photography.Darkroom - Send negative for processing for C:\Users\nriosa\Desktop\SanitySemillas\SanitySemilla8\target\site\serenity\11f625e90bcab238029be052a8a1803e744d230c91c1eee803146b0d7df758eb.png
13:31:04.777 [Test worker] DEBUG net.serenitybdd.core.photography.Darkroom - Send negative for processing for C:\Users\nriosa\Desktop\SanitySemillas\SanitySemilla8\target\site\serenity\11f625e90bcab238029be052a8a1803e744d230c91c1eee803146b0d7df758eb.png
13:31:05.398 [Test worker] DEBUG net.serenitybdd.core.photography.Darkroom - Send negative for processing for C:\Users\nriosa\Desktop\SanitySemillas\SanitySemilla8\target\site\serenity\4782fe0f4ff038c4ac09877ab9a235a105c3638eee57321c33330b06b9c0e5c5.png
13:31:05.990 [Test worker] DEBUG net.serenitybdd.core.photography.Darkroom - Send negative for processing for C:\Users\nriosa\Desktop\SanitySemillas\SanitySemilla8\target\site\serenity\917e1c75a4d4fcfb59eaa9d6e89028c4f5199948c10c893168042c98cbcfcbe3.png
13:31:06.697 [Test worker] DEBUG net.serenitybdd.core.photography.Darkroom - Send negative for processing for C:\Users\nriosa\Desktop\SanitySemillas\SanitySemilla8\target\site\serenity\dec0ae0d2f926d9f812f937713ba18278e7608bd882864a237aed6889129c5b4.png
13:31:07.389 [Test worker] DEBUG net.serenitybdd.core.photography.Darkroom - Send negative for processing for C:\Users\nriosa\Desktop\SanitySemillas\SanitySemilla8\target\site\serenity\1c7ca18b9e97d17a8e5dac693be8c7f9cdd95c1c83726b5b7c029d3a6874e8f8.png
13:31:07.391 [Darkroom Processing Line] DEBUG net.serenitybdd.core.photography.DarkroomProcessingLine - Processing screenshot image in /var/screenshots/screenshot-7019454936664330704
13:31:07.391 [Darkroom Processing Line] DEBUG net.serenitybdd.core.photography.DarkroomProcessingLine - Saving screenshot to C:\Users\nriosa\Desktop\SanitySemillas\SanitySemilla8\target\site\serenity\1c7ca18b9e97d17a8e5dac693be8c7f9cdd95c1c83726b5b7c029d3a6874e8f8.png
13:31:19.116 [Test worker] DEBUG net.serenitybdd.core.photography.Darkroom - Send negative for processing for C:\Users\nriosa\Desktop\SanitySemillas\SanitySemilla8\target\site\serenity\545478ac09bdac7770ecce4cae29549a3d55d3412a17e210ba08a4446d9697b9.png
13:31:21.828 [Test worker] DEBUG net.serenitybdd.core.photography.Darkroom - Send negative for processing for C:\Users\nriosa\Desktop\SanitySemillas\SanitySemilla8\target\site\serenity\c4c8b9119940912c23c2b2958f43bfe27ae5f94148da7c64c69dc1bed7e62ce9.png
13:31:21.831 [Darkroom Processing Line] DEBUG net.serenitybdd.core.photography.DarkroomProcessingLine - Processing screenshot image in /var/screenshots/screenshot-5390379093119301882
13:31:21.831 [Darkroom Processing Line] DEBUG net.serenitybdd.core.photography.DarkroomProcessingLine - Saving screenshot to C:\Users\nriosa\Desktop\SanitySemillas\SanitySemilla8\target\site\serenity\c4c8b9119940912c23c2b2958f43bfe27ae5f94148da7c64c69dc1bed7e62ce9.png
13:31:47.326 [Test worker] DEBUG net.serenitybdd.core.photography.Darkroom - Send negative for processing for C:\Users\nriosa\Desktop\SanitySemillas\SanitySemilla8\target\site\serenity\03118425164d7b6fab1fac440b6a116816c6950a2f4f40b329db7dd7813a4cb0.png
13:31:49.787 [Test worker] ERROR net.thucydides.core.steps.ConsoleLoggingListener - ?[91m
           __  _____ _____ ____ _____   _____ _    ___ _     _____ ____  
  _       / / |_   _| ____/ ___|_   _| |  ___/ \  |_ _| |   | ____|  _ \ 
 (_)_____| |    | | |  _| \___ \ | |   | |_ / _ \  | || |   |  _| | | | |
  _|_____| |    | | | |___ ___) || |   |  _/ ___ \ | || |___| |___| |_| |
 (_)     | |    |_| |_____|____/ |_|   |_|/_/   \_\___|_____|_____|____/ 
          \_\                                                            

TEST FAILED: se requiere realizar una activacion de una linea en control avenger
--------------------------------------------------------------------------?[0m
13:31:49.788 [Test worker] DEBUG net.thucydides.core.steps.ConsoleLoggingListener - RELATED ISSUES: 
13:31:49.788 [Test worker] ERROR net.thucydides.core.steps.ConsoleLoggingListener - ?[91mTEST FAILED AT STEP When Se hace activacion de una linea avanger?[0m
13:31:49.788 [Test worker] ERROR net.thucydides.core.steps.ConsoleLoggingListener - La activacion fue exitosaExpected: "ACTIVACION EXITOSA" but: was "Ha ocurrido un error"
13:31:49.974 [Test worker] INFO net.serenitybdd.core.webdriver.driverproviders.ProvideNewDriver - Instantiating driver
13:31:49.974 [Test worker] INFO net.serenitybdd.core.webdriver.driverproviders.ProvideNewDriver - Driver capabilities: Capabilities {acceptInsecureCerts: true, browserName: firefox, firefox_profile: org.openqa.selenium.firefox..., headless: false, loggingPrefs: org.openqa.selenium.logging..., marionette: true, moz:firefoxOptions: {}, platform: ANY, version: }
13:31:54.677 [Test worker] DEBUG net.serenitybdd.core.photography.Darkroom - Send negative for processing for C:\Users\nriosa\Desktop\SanitySemillas\SanitySemilla8\target\site\serenity\8a6c552499fef698e1b57ab10a498f752a43ff0b2becb28712565b39c41ecb96.png
13:31:55.023 [Test worker] DEBUG net.serenitybdd.core.photography.Darkroom - Send negative for processing for C:\Users\nriosa\Desktop\SanitySemillas\SanitySemilla8\target\site\serenity\d1f7553147769a75b87043926a8b3b0bf936fafaf394c13940c8b35f79332bae.png
13:31:57.301 [Test worker] DEBUG net.serenitybdd.core.photography.Darkroom - Send negative for processing for C:\Users\nriosa\Desktop\SanitySemillas\SanitySemilla8\target\site\serenity\b02237df87d045742e1b10cf80385555bb734a46b47a3113670cd4dcaeec3c10.png
13:31:58.949 [Test worker] DEBUG net.serenitybdd.core.photography.Darkroom - Send negative for processing for C:\Users\nriosa\Desktop\SanitySemillas\SanitySemilla8\target\site\serenity\236bfd0779c94c65f3f8ec43e30fd438d297ad24cdd62b999b0ccd86caa4907b.png
13:31:59.571 [Test worker] DEBUG net.serenitybdd.core.photography.Darkroom - Send negative for processing for C:\Users\nriosa\Desktop\SanitySemillas\SanitySemilla8\target\site\serenity\f7a0a316e92eceea5d8edf9ecd9940cd12e0e06336f821730a94d7c5717bcc58.png
13:32:00.159 [Test worker] DEBUG net.serenitybdd.core.photography.Darkroom - Send negative for processing for C:\Users\nriosa\Desktop\SanitySemillas\SanitySemilla8\target\site\serenity\18c4a658757f2fd7033a57cfca799e5b5a13a915d01705cf90b9c9fa183efeb1.png
13:32:00.770 [Test worker] DEBUG net.serenitybdd.core.photography.Darkroom - Send negative for processing for C:\Users\nriosa\Desktop\SanitySemillas\SanitySemilla8\target\site\serenity\fc6c42222f1cdf73e604c4d77949fdec016a5b9c217d84dbc19c90bb2ef018ae.png
13:32:02.210 [Test worker] DEBUG net.serenitybdd.core.photography.Darkroom - Send negative for processing for C:\Users\nriosa\Desktop\SanitySemillas\SanitySemilla8\target\site\serenity\9b1e4aef0bec726260d475c303ac412c4ee460ce636f53f38134a81953273dc0.png
13:32:02.212 [Darkroom Processing Line] DEBUG net.serenitybdd.core.photography.DarkroomProcessingLine - Processing screenshot image in /var/screenshots/screenshot-527057812164174944
13:32:02.212 [Darkroom Processing Line] DEBUG net.serenitybdd.core.photography.DarkroomProcessingLine - Saving screenshot to C:\Users\nriosa\Desktop\SanitySemillas\SanitySemilla8\target\site\serenity\9b1e4aef0bec726260d475c303ac412c4ee460ce636f53f38134a81953273dc0.png
13:32:02.832 [Test worker] DEBUG net.serenitybdd.core.photography.Darkroom - Send negative for processing for C:\Users\nriosa\Desktop\SanitySemillas\SanitySemilla8\target\site\serenity\d79efd99122630bd08792c612e3d1efbe7bd9e368a1a775fb12c24e06d201c07.png
13:32:02.834 [Darkroom Processing Line] DEBUG net.serenitybdd.core.photography.DarkroomProcessingLine - Processing screenshot image in /var/screenshots/screenshot-2368137024193983739
13:32:02.834 [Darkroom Processing Line] DEBUG net.serenitybdd.core.photography.DarkroomProcessingLine - Saving screenshot to C:\Users\nriosa\Desktop\SanitySemillas\SanitySemilla8\target\site\serenity\d79efd99122630bd08792c612e3d1efbe7bd9e368a1a775fb12c24e06d201c07.png
13:32:03.281 [Test worker] DEBUG net.serenitybdd.core.photography.Darkroom - Send negative for processing for C:\Users\nriosa\Desktop\SanitySemillas\SanitySemilla8\target\site\serenity\875b93a721945c66a97c67d7e249699c8838c207ccb232bdaaeb530eed704a49.png
13:32:03.283 [Darkroom Processing Line] DEBUG net.serenitybdd.core.photography.DarkroomProcessingLine - Processing screenshot image in /var/screenshots/screenshot-9193409211570348379
13:32:03.283 [Darkroom Processing Line] DEBUG net.serenitybdd.core.photography.DarkroomProcessingLine - Saving screenshot to C:\Users\nriosa\Desktop\SanitySemillas\SanitySemilla8\target\site\serenity\875b93a721945c66a97c67d7e249699c8838c207ccb232bdaaeb530eed704a49.png
13:32:06.417 [Test worker] DEBUG net.serenitybdd.core.photography.Darkroom - Send negative for processing for C:\Users\nriosa\Desktop\SanitySemillas\SanitySemilla8\target\site\serenity\29f376489284d5d88e97befb340e0e00905e025542ac78e0cba65837704d42a3.png
13:32:06.420 [Darkroom Processing Line] DEBUG net.serenitybdd.core.photography.DarkroomProcessingLine - Processing screenshot image in /var/screenshots/screenshot-6396853865129502695
13:32:06.420 [Darkroom Processing Line] DEBUG net.serenitybdd.core.photography.DarkroomProcessingLine - Saving screenshot to C:\Users\nriosa\Desktop\SanitySemillas\SanitySemilla8\target\site\serenity\29f376489284d5d88e97befb340e0e00905e025542ac78e0cba65837704d42a3.png
13:32:07.032 [Test worker] DEBUG net.serenitybdd.core.photography.Darkroom - Send negative for processing for C:\Users\nriosa\Desktop\SanitySemillas\SanitySemilla8\target\site\serenity\29f376489284d5d88e97befb340e0e00905e025542ac78e0cba65837704d42a3.png
13:32:07.708 [Test worker] DEBUG net.serenitybdd.core.photography.Darkroom - Send negative for processing for C:\Users\nriosa\Desktop\SanitySemillas\SanitySemilla8\target\site\serenity\29f376489284d5d88e97befb340e0e00905e025542ac78e0cba65837704d42a3.png
13:32:08.337 [Test worker] DEBUG net.serenitybdd.core.photography.Darkroom - Send negative for processing for C:\Users\nriosa\Desktop\SanitySemillas\SanitySemilla8\target\site\serenity\29f376489284d5d88e97befb340e0e00905e025542ac78e0cba65837704d42a3.png
13:32:09.042 [Test worker] DEBUG net.serenitybdd.core.photography.Darkroom - Send negative for processing for C:\Users\nriosa\Desktop\SanitySemillas\SanitySemilla8\target\site\serenity\29f376489284d5d88e97befb340e0e00905e025542ac78e0cba65837704d42a3.png
13:32:09.709 [Test worker] DEBUG net.serenitybdd.core.photography.Darkroom - Send negative for processing for C:\Users\nriosa\Desktop\SanitySemillas\SanitySemilla8\target\site\serenity\29f376489284d5d88e97befb340e0e00905e025542ac78e0cba65837704d42a3.png
13:32:10.323 [Test worker] DEBUG net.serenitybdd.core.photography.Darkroom - Send negative for processing for C:\Users\nriosa\Desktop\SanitySemillas\SanitySemilla8\target\site\serenity\d7318f7de2d77368e81f04fc944fd0430baaa3780a13f1984243d8f616ec9a1f.png
13:32:10.325 [Darkroom Processing Line] DEBUG net.serenitybdd.core.photography.DarkroomProcessingLine - Processing screenshot image in /var/screenshots/screenshot-6978928802420735604
13:32:10.325 [Darkroom Processing Line] DEBUG net.serenitybdd.core.photography.DarkroomProcessingLine - Saving screenshot to C:\Users\nriosa\Desktop\SanitySemillas\SanitySemilla8\target\site\serenity\d7318f7de2d77368e81f04fc944fd0430baaa3780a13f1984243d8f616ec9a1f.png
13:32:10.941 [Test worker] DEBUG net.serenitybdd.core.photography.Darkroom - Send negative for processing for C:\Users\nriosa\Desktop\SanitySemillas\SanitySemilla8\target\site\serenity\7f5cfeebd9804e7e8c732184bd5e0d912bb1d9c7e5a967343fe6909573c22e05.png
13:32:10.943 [Darkroom Processing Line] DEBUG net.serenitybdd.core.photography.DarkroomProcessingLine - Processing screenshot image in /var/screenshots/screenshot-7287956397187596563
13:32:10.943 [Darkroom Processing Line] DEBUG net.serenitybdd.core.photography.DarkroomProcessingLine - Saving screenshot to C:\Users\nriosa\Desktop\SanitySemillas\SanitySemilla8\target\site\serenity\7f5cfeebd9804e7e8c732184bd5e0d912bb1d9c7e5a967343fe6909573c22e05.png
Transaccion :
13:32:30.573 [Test worker] DEBUG net.serenitybdd.core.photography.Darkroom - Send negative for processing for C:\Users\nriosa\Desktop\SanitySemillas\SanitySemilla8\target\site\serenity\24151185d86265dde7f780542bbbd12e2809ff7f187bb9b1cbd137d8d6f01b6f.png
13:32:30.575 [Darkroom Processing Line] DEBUG net.serenitybdd.core.photography.DarkroomProcessingLine - Processing screenshot image in /var/screenshots/screenshot-2329419443337226177
13:32:30.575 [Darkroom Processing Line] DEBUG net.serenitybdd.core.photography.DarkroomProcessingLine - Saving screenshot to C:\Users\nriosa\Desktop\SanitySemillas\SanitySemilla8\target\site\serenity\24151185d86265dde7f780542bbbd12e2809ff7f187bb9b1cbd137d8d6f01b6f.png
13:32:31.517 [Test worker] DEBUG net.serenitybdd.core.photography.Darkroom - Send negative for processing for C:\Users\nriosa\Desktop\SanitySemillas\SanitySemilla8\target\site\serenity\b02237df87d045742e1b10cf80385555bb734a46b47a3113670cd4dcaeec3c10.png
13:32:32.148 [Test worker] DEBUG net.serenitybdd.core.photography.Darkroom - Send negative for processing for C:\Users\nriosa\Desktop\SanitySemillas\SanitySemilla8\target\site\serenity\c50d1207aeb2f399d871ff0a43e38b284f972b3707dfed1a5260b9f37e13b842.png
13:32:32.782 [Test worker] DEBUG net.serenitybdd.core.photography.Darkroom - Send negative for processing for C:\Users\nriosa\Desktop\SanitySemillas\SanitySemilla8\target\site\serenity\e06c44722ddb2ef244c22880d29f82d60daa861db1dc94857df19a98cb4a3043.png
13:32:33.358 [Test worker] DEBUG net.serenitybdd.core.photography.Darkroom - Send negative for processing for C:\Users\nriosa\Desktop\SanitySemillas\SanitySemilla8\target\site\serenity\d25b98774a8b893e3971f67368a7a3f61953a92cc601056f5ee8a8a8f43b06ac.png
13:32:34.278 [Test worker] DEBUG net.serenitybdd.core.photography.Darkroom - Send negative for processing for C:\Users\nriosa\Desktop\SanitySemillas\SanitySemilla8\target\site\serenity\29463b1147559867c23d2c31fe238dcb5366f4f296a660d211cc4f6cf1040ad6.png
13:32:34.945 [Test worker] DEBUG net.serenitybdd.core.photography.Darkroom - Send negative for processing for C:\Users\nriosa\Desktop\SanitySemillas\SanitySemilla8\target\site\serenity\6c8a8f8f9681c51a08cbe23d264f2345c42fdd168c13e60378886e0da0c46ccc.png
13:32:35.942 [Test worker] DEBUG net.serenitybdd.core.photography.Darkroom - Send negative for processing for C:\Users\nriosa\Desktop\SanitySemillas\SanitySemilla8\target\site\serenity\40679a4efde7c2b9f3c854103c6f71b55c74eb325ab9ca8e80b0c3c1393e7cf8.png
13:32:35.944 [Darkroom Processing Line] DEBUG net.serenitybdd.core.photography.DarkroomProcessingLine - Processing screenshot image in /var/screenshots/screenshot-1412993950971439869
13:32:35.944 [Darkroom Processing Line] DEBUG net.serenitybdd.core.photography.DarkroomProcessingLine - Saving screenshot to C:\Users\nriosa\Desktop\SanitySemillas\SanitySemilla8\target\site\serenity\40679a4efde7c2b9f3c854103c6f71b55c74eb325ab9ca8e80b0c3c1393e7cf8.png
13:32:38.373 [Test worker] ERROR net.thucydides.core.steps.ConsoleLoggingListener - ?[91m
           __  _____ _____ ____ _____   _____ _    ___ _     _____ ____  
  _       / / |_   _| ____/ ___|_   _| |  ___/ \  |_ _| |   | ____|  _ \ 
 (_)_____| |    | | |  _| \___ \ | |   | |_ / _ \  | || |   |  _| | | | |
  _|_____| |    | | | |___ ___) || |   |  _/ ___ \ | || |___| |___| |_| |
 (_)     | |    |_| |_____|____/ |_|   |_|/_/   \_\___|_____|_____|____/ 
          \_\                                                            

TEST FAILED: se requiere realizar un cambio de plan pos a pre
--------------------------------------------------------------------------?[0m
13:32:38.373 [Test worker] DEBUG net.thucydides.core.steps.ConsoleLoggingListener - RELATED ISSUES: 
13:32:38.373 [Test worker] ERROR net.thucydides.core.steps.ConsoleLoggingListener - ?[91mTEST FAILED AT STEP Then Se deberia ver en pantalla unica la linea en plan pos?[0m
13:32:38.373 [Test worker] ERROR net.thucydides.core.steps.ConsoleLoggingListener - el plan es prepagoExpected: a string containing "Plan Tigo Prepago" but: was "Pospago 5.1 Empresarial"
13:32:38.568 [Test worker] INFO net.serenitybdd.core.webdriver.driverproviders.ProvideNewDriver - Instantiating driver
13:32:38.569 [Test worker] INFO net.serenitybdd.core.webdriver.driverproviders.ProvideNewDriver - Driver capabilities: Capabilities {acceptInsecureCerts: true, browserName: firefox, firefox_profile: org.openqa.selenium.firefox..., headless: false, loggingPrefs: org.openqa.selenium.logging..., marionette: true, moz:firefoxOptions: {}, platform: ANY, version: }
13:32:43.180 [Test worker] DEBUG net.serenitybdd.core.photography.Darkroom - Send negative for processing for C:\Users\nriosa\Desktop\SanitySemillas\SanitySemilla8\target\site\serenity\8a6c552499fef698e1b57ab10a498f752a43ff0b2becb28712565b39c41ecb96.png
13:32:43.547 [Test worker] DEBUG net.serenitybdd.core.photography.Darkroom - Send negative for processing for C:\Users\nriosa\Desktop\SanitySemillas\SanitySemilla8\target\site\serenity\d1f7553147769a75b87043926a8b3b0bf936fafaf394c13940c8b35f79332bae.png
13:32:45.583 [Test worker] DEBUG net.serenitybdd.core.photography.Darkroom - Send negative for processing for C:\Users\nriosa\Desktop\SanitySemillas\SanitySemilla8\target\site\serenity\b02237df87d045742e1b10cf80385555bb734a46b47a3113670cd4dcaeec3c10.png
13:32:47.138 [Test worker] DEBUG net.serenitybdd.core.photography.Darkroom - Send negative for processing for C:\Users\nriosa\Desktop\SanitySemillas\SanitySemilla8\target\site\serenity\236bfd0779c94c65f3f8ec43e30fd438d297ad24cdd62b999b0ccd86caa4907b.png
13:32:47.743 [Test worker] DEBUG net.serenitybdd.core.photography.Darkroom - Send negative for processing for C:\Users\nriosa\Desktop\SanitySemillas\SanitySemilla8\target\site\serenity\f7a0a316e92eceea5d8edf9ecd9940cd12e0e06336f821730a94d7c5717bcc58.png
13:32:48.335 [Test worker] DEBUG net.serenitybdd.core.photography.Darkroom - Send negative for processing for C:\Users\nriosa\Desktop\SanitySemillas\SanitySemilla8\target\site\serenity\18c4a658757f2fd7033a57cfca799e5b5a13a915d01705cf90b9c9fa183efeb1.png
13:32:48.972 [Test worker] DEBUG net.serenitybdd.core.photography.Darkroom - Send negative for processing for C:\Users\nriosa\Desktop\SanitySemillas\SanitySemilla8\target\site\serenity\587cd5b88518e9bf966c92130adfe0bb5b4fda5c0d0b3fe44c8e2709efc4dfe6.png
13:32:48.974 [Darkroom Processing Line] DEBUG net.serenitybdd.core.photography.DarkroomProcessingLine - Processing screenshot image in /var/screenshots/screenshot-2270175449089971036
13:32:48.978 [Darkroom Processing Line] DEBUG net.serenitybdd.core.photography.DarkroomProcessingLine - Saving screenshot to C:\Users\nriosa\Desktop\SanitySemillas\SanitySemilla8\target\site\serenity\587cd5b88518e9bf966c92130adfe0bb5b4fda5c0d0b3fe44c8e2709efc4dfe6.png
13:32:51.733 [Test worker] DEBUG net.serenitybdd.core.photography.Darkroom - Send negative for processing for C:\Users\nriosa\Desktop\SanitySemillas\SanitySemilla8\target\site\serenity\ef8826e39811a64866191e4df5090f8250f0d41da4464405ed5d325c30daea61.png
13:32:51.735 [Darkroom Processing Line] DEBUG net.serenitybdd.core.photography.DarkroomProcessingLine - Processing screenshot image in /var/screenshots/screenshot-7300379280661487398
13:32:51.735 [Darkroom Processing Line] DEBUG net.serenitybdd.core.photography.DarkroomProcessingLine - Saving screenshot to C:\Users\nriosa\Desktop\SanitySemillas\SanitySemilla8\target\site\serenity\ef8826e39811a64866191e4df5090f8250f0d41da4464405ed5d325c30daea61.png
ya pasaron 50 sg
13:33:57.354 [Test worker] DEBUG net.serenitybdd.core.photography.Darkroom - Send negative for processing for C:\Users\nriosa\Desktop\SanitySemillas\SanitySemilla8\target\site\serenity\18a133a64eebae24e87ac084340618cd9bf2ffce68a09949247f2cb206e09c8d.png
13:33:57.356 [Darkroom Processing Line] DEBUG net.serenitybdd.core.photography.DarkroomProcessingLine - Processing screenshot image in /var/screenshots/screenshot-7783987091049895525
13:33:57.356 [Darkroom Processing Line] DEBUG net.serenitybdd.core.photography.DarkroomProcessingLine - Saving screenshot to C:\Users\nriosa\Desktop\SanitySemillas\SanitySemilla8\target\site\serenity\18a133a64eebae24e87ac084340618cd9bf2ffce68a09949247f2cb206e09c8d.png
13:33:59.363 [Test worker] ERROR net.thucydides.core.steps.ConsoleLoggingListener - ?[91m
           __  _____ _____ ____ _____   _____ _    ___ _     _____ ____  
  _       / / |_   _| ____/ ___|_   _| |  ___/ \  |_ _| |   | ____|  _ \ 
 (_)_____| |    | | |  _| \___ \ | |   | |_ / _ \  | || |   |  _| | | | |
  _|_____| |    | | | |___ ___) || |   |  _/ ___ \ | || |___| |___| |_| |
 (_)     | |    |_| |_____|____/ |_|   |_|/_/   \_\___|_____|_____|____/ 
          \_\                                                            

TEST FAILED WITH ERROR: se requiere realizar un cambio de plan pre a pos
---------------------------------------------------------------------?[0m
13:33:59.363 [Test worker] DEBUG net.thucydides.core.steps.ConsoleLoggingListener - RELATED ISSUES: 
13:33:59.364 [Test worker] ERROR net.thucydides.core.steps.ConsoleLoggingListener - ?[91mTEST FAILED AT STEP When Se hace el cambio plan de pre a pos?[0m
13:33:59.364 [Test worker] ERROR net.thucydides.core.steps.ConsoleLoggingListener - Element <input name="PlanschangeForm:j_id230" type="submit"> is not clickable at point (722,185) because another element <div id="ajaxLoadingModalBoxDiv" class="rich-mpnl-mask-div-opaque rich-mpnl-mask-div"> obscures it
13:33:59.557 [Test worker] INFO net.serenitybdd.core.webdriver.driverproviders.ProvideNewDriver - Instantiating driver
13:33:59.557 [Test worker] INFO net.serenitybdd.core.webdriver.driverproviders.ProvideNewDriver - Driver capabilities: Capabilities {acceptInsecureCerts: true, browserName: firefox, firefox_profile: org.openqa.selenium.firefox..., headless: false, loggingPrefs: org.openqa.selenium.logging..., marionette: true, moz:firefoxOptions: {}, platform: ANY, version: }
13:34:04.219 [Test worker] DEBUG net.serenitybdd.core.photography.Darkroom - Send negative for processing for C:\Users\nriosa\Desktop\SanitySemillas\SanitySemilla8\target\site\serenity\8a6c552499fef698e1b57ab10a498f752a43ff0b2becb28712565b39c41ecb96.png
13:34:04.562 [Test worker] DEBUG net.serenitybdd.core.photography.Darkroom - Send negative for processing for C:\Users\nriosa\Desktop\SanitySemillas\SanitySemilla8\target\site\serenity\d1f7553147769a75b87043926a8b3b0bf936fafaf394c13940c8b35f79332bae.png
13:34:06.952 [Test worker] DEBUG net.serenitybdd.core.photography.Darkroom - Send negative for processing for C:\Users\nriosa\Desktop\SanitySemillas\SanitySemilla8\target\site\serenity\b02237df87d045742e1b10cf80385555bb734a46b47a3113670cd4dcaeec3c10.png
13:34:07.660 [Test worker] DEBUG net.serenitybdd.core.photography.Darkroom - Send negative for processing for C:\Users\nriosa\Desktop\SanitySemillas\SanitySemilla8\target\site\serenity\b02237df87d045742e1b10cf80385555bb734a46b47a3113670cd4dcaeec3c10.png
13:34:08.259 [Test worker] DEBUG net.serenitybdd.core.photography.Darkroom - Send negative for processing for C:\Users\nriosa\Desktop\SanitySemillas\SanitySemilla8\target\site\serenity\c50d1207aeb2f399d871ff0a43e38b284f972b3707dfed1a5260b9f37e13b842.png
13:34:08.893 [Test worker] DEBUG net.serenitybdd.core.photography.Darkroom - Send negative for processing for C:\Users\nriosa\Desktop\SanitySemillas\SanitySemilla8\target\site\serenity\e06c44722ddb2ef244c22880d29f82d60daa861db1dc94857df19a98cb4a3043.png
13:34:09.470 [Test worker] DEBUG net.serenitybdd.core.photography.Darkroom - Send negative for processing for C:\Users\nriosa\Desktop\SanitySemillas\SanitySemilla8\target\site\serenity\f7fa6143ef7357e2ac4601ed4a8feb2e542d534f389a72b39e549b78352d0760.png
13:34:10.503 [Test worker] DEBUG net.serenitybdd.core.photography.Darkroom - Send negative for processing for C:\Users\nriosa\Desktop\SanitySemillas\SanitySemilla8\target\site\serenity\9a671a5b47636e6611b8d9b3a2c0291b693a246dabae6c831305caae4c41b407.png
13:34:11.126 [Test worker] DEBUG net.serenitybdd.core.photography.Darkroom - Send negative for processing for C:\Users\nriosa\Desktop\SanitySemillas\SanitySemilla8\target\site\serenity\8f9fdb151292e4ddfb4c1bd5dcbb9525c4819b7090dddf5db0567e102c333b7b.png
13:34:12.151 [Test worker] DEBUG net.serenitybdd.core.photography.Darkroom - Send negative for processing for C:\Users\nriosa\Desktop\SanitySemillas\SanitySemilla8\target\site\serenity\68ca2ae7202fda244a0d9f84e5235882fb1cf885b100af48e9d16c86d6d10182.png
13:34:12.153 [Darkroom Processing Line] DEBUG net.serenitybdd.core.photography.DarkroomProcessingLine - Processing screenshot image in /var/screenshots/screenshot-1195985147404790087
13:34:12.153 [Darkroom Processing Line] DEBUG net.serenitybdd.core.photography.DarkroomProcessingLine - Saving screenshot to C:\Users\nriosa\Desktop\SanitySemillas\SanitySemilla8\target\site\serenity\68ca2ae7202fda244a0d9f84e5235882fb1cf885b100af48e9d16c86d6d10182.png
ActivoActivoActivo
13:34:14.054 [Test worker] DEBUG net.serenitybdd.core.photography.Darkroom - Send negative for processing for C:\Users\nriosa\Desktop\SanitySemillas\SanitySemilla8\target\site\serenity\b6b698e5bed6b44ac5bf00d9e88e51eca00423954c4aa40299f3e176f05d41c3.png
13:34:14.056 [Darkroom Processing Line] DEBUG net.serenitybdd.core.photography.DarkroomProcessingLine - Processing screenshot image in /var/screenshots/screenshot-4236274075786077119
13:34:14.056 [Darkroom Processing Line] DEBUG net.serenitybdd.core.photography.DarkroomProcessingLine - Saving screenshot to C:\Users\nriosa\Desktop\SanitySemillas\SanitySemilla8\target\site\serenity\b6b698e5bed6b44ac5bf00d9e88e51eca00423954c4aa40299f3e176f05d41c3.png
13:34:14.748 [Test worker] DEBUG net.serenitybdd.core.photography.Darkroom - Send negative for processing for C:\Users\nriosa\Desktop\SanitySemillas\SanitySemilla8\target\site\serenity\4e74e90e36964d2ae2cc34d2364b3f365761e59f31867be21c2022a4963e082e.png
13:34:14.751 [Darkroom Processing Line] DEBUG net.serenitybdd.core.photography.DarkroomProcessingLine - Processing screenshot image in /var/screenshots/screenshot-2713169891538412731
13:34:14.751 [Darkroom Processing Line] DEBUG net.serenitybdd.core.photography.DarkroomProcessingLine - Saving screenshot to C:\Users\nriosa\Desktop\SanitySemillas\SanitySemilla8\target\site\serenity\4e74e90e36964d2ae2cc34d2364b3f365761e59f31867be21c2022a4963e082e.png
13:34:16.390 [Test worker] DEBUG net.serenitybdd.core.photography.Darkroom - Send negative for processing for C:\Users\nriosa\Desktop\SanitySemillas\SanitySemilla8\target\site\serenity\236bfd0779c94c65f3f8ec43e30fd438d297ad24cdd62b999b0ccd86caa4907b.png
13:34:17.036 [Test worker] DEBUG net.serenitybdd.core.photography.Darkroom - Send negative for processing for C:\Users\nriosa\Desktop\SanitySemillas\SanitySemilla8\target\site\serenity\f7a0a316e92eceea5d8edf9ecd9940cd12e0e06336f821730a94d7c5717bcc58.png
13:34:17.635 [Test worker] DEBUG net.serenitybdd.core.photography.Darkroom - Send negative for processing for C:\Users\nriosa\Desktop\SanitySemillas\SanitySemilla8\target\site\serenity\18c4a658757f2fd7033a57cfca799e5b5a13a915d01705cf90b9c9fa183efeb1.png
13:34:18.205 [Test worker] DEBUG net.serenitybdd.core.photography.Darkroom - Send negative for processing for C:\Users\nriosa\Desktop\SanitySemillas\SanitySemilla8\target\site\serenity\8c742268afa77085c3740c2bd4efbe42eb0a75b299be08b46484db7993298b53.png
13:34:18.207 [Darkroom Processing Line] DEBUG net.serenitybdd.core.photography.DarkroomProcessingLine - Processing screenshot image in /var/screenshots/screenshot-2637829099018830842
13:34:18.207 [Darkroom Processing Line] DEBUG net.serenitybdd.core.photography.DarkroomProcessingLine - Saving screenshot to C:\Users\nriosa\Desktop\SanitySemillas\SanitySemilla8\target\site\serenity\8c742268afa77085c3740c2bd4efbe42eb0a75b299be08b46484db7993298b53.png
13:34:20.722 [Test worker] DEBUG net.serenitybdd.core.photography.Darkroom - Send negative for processing for C:\Users\nriosa\Desktop\SanitySemillas\SanitySemilla8\target\site\serenity\be7d38d921121c3aaab44c753dc570f86aac2fed2599cb349baa60a8b0cf17e7.png
13:34:20.725 [Darkroom Processing Line] DEBUG net.serenitybdd.core.photography.DarkroomProcessingLine - Processing screenshot image in /var/screenshots/screenshot-3437010330870781531
13:34:20.725 [Darkroom Processing Line] DEBUG net.serenitybdd.core.photography.DarkroomProcessingLine - Saving screenshot to C:\Users\nriosa\Desktop\SanitySemillas\SanitySemilla8\target\site\serenity\be7d38d921121c3aaab44c753dc570f86aac2fed2599cb349baa60a8b0cf17e7.png
13:34:22.964 [Test worker] DEBUG net.serenitybdd.core.photography.Darkroom - Send negative for processing for C:\Users\nriosa\Desktop\SanitySemillas\SanitySemilla8\target\site\serenity\353d8450963eeb841f1d7a752d8332945b84bd41b571cec8c73b1e8f23403316.png
13:34:22.966 [Darkroom Processing Line] DEBUG net.serenitybdd.core.photography.DarkroomProcessingLine - Processing screenshot image in /var/screenshots/screenshot-359327488416042180
13:34:22.966 [Darkroom Processing Line] DEBUG net.serenitybdd.core.photography.DarkroomProcessingLine - Saving screenshot to C:\Users\nriosa\Desktop\SanitySemillas\SanitySemilla8\target\site\serenity\353d8450963eeb841f1d7a752d8332945b84bd41b571cec8c73b1e8f23403316.png
Esta seguro de modificar el subscriptor?
13:35:16.665 [Test worker] DEBUG net.serenitybdd.core.photography.Darkroom - Send negative for processing for C:\Users\nriosa\Desktop\SanitySemillas\SanitySemilla8\target\site\serenity\68c9afdcdef1592f1935e48d67153a1d63436c7ec46a40a6d9042ebb258e2d42.png
13:35:16.667 [Darkroom Processing Line] DEBUG net.serenitybdd.core.photography.DarkroomProcessingLine - Processing screenshot image in /var/screenshots/screenshot-6454559629331366779
13:35:16.667 [Darkroom Processing Line] DEBUG net.serenitybdd.core.photography.DarkroomProcessingLine - Saving screenshot to C:\Users\nriosa\Desktop\SanitySemillas\SanitySemilla8\target\site\serenity\68c9afdcdef1592f1935e48d67153a1d63436c7ec46a40a6d9042ebb258e2d42.png
13:35:18.918 [Test worker] ERROR net.thucydides.core.steps.ConsoleLoggingListener - ?[91m
           __  _____ _____ ____ _____   _____ _    ___ _     _____ ____  
  _       / / |_   _| ____/ ___|_   _| |  ___/ \  |_ _| |   | ____|  _ \ 
 (_)_____| |    | | |  _| \___ \ | |   | |_ / _ \  | || |   |  _| | | | |
  _|_____| |    | | | |___ ___) || |   |  _/ ___ \ | || |___| |___| |_| |
 (_)     | |    |_| |_____|____/ |_|   |_|/_/   \_\___|_____|_____|____/ 
          \_\                                                            

TEST FAILED: se requiere realizar la suspension de una linea
--------------------------------------------------------------------------?[0m
13:35:18.918 [Test worker] DEBUG net.thucydides.core.steps.ConsoleLoggingListener - RELATED ISSUES: 
13:35:18.918 [Test worker] ERROR net.thucydides.core.steps.ConsoleLoggingListener - ?[91mTEST FAILED AT STEP When Se ejecuta la suspension de la linea?[0m
13:35:18.918 [Test worker] ERROR net.thucydides.core.steps.ConsoleLoggingListener - Expected condition failed: waiting for SuspentionPage.messageOfResults to be present (tried for 22 second(s) with 100 milliseconds interval)Build info: version: '3.141.59', revision: 'e82be7d358', time: '2018-11-14T08:17:03'System info: host: '22LAP5CD1195RQX', ip: '192.168.10.29', os.name: 'Windows 10', os.arch: 'amd64', os.version: '10.0', java.version: '1.8.0_291'Driver info: driver.version: unknownBuild info: version: '3.141.59', revision: 'e82be7d358', time: '2018-11-14T08:17:03'System info: host: '22LAP5CD1195RQX', ip: '192.168.10.29', os.name: 'Windows 10', os.arch: 'amd64', os.version: '10.0', java.version: '1.8.0_291'Driver info: driver.version: unknown
13:35:19.101 [Test worker] INFO net.serenitybdd.core.webdriver.driverproviders.ProvideNewDriver - Instantiating driver
13:35:19.101 [Test worker] INFO net.serenitybdd.core.webdriver.driverproviders.ProvideNewDriver - Driver capabilities: Capabilities {acceptInsecureCerts: true, browserName: firefox, firefox_profile: org.openqa.selenium.firefox..., headless: false, loggingPrefs: org.openqa.selenium.logging..., marionette: true, moz:firefoxOptions: {}, platform: ANY, version: }
13:35:23.894 [Test worker] DEBUG net.serenitybdd.core.photography.Darkroom - Send negative for processing for C:\Users\nriosa\Desktop\SanitySemillas\SanitySemilla8\target\site\serenity\8a6c552499fef698e1b57ab10a498f752a43ff0b2becb28712565b39c41ecb96.png
13:35:24.226 [Test worker] DEBUG net.serenitybdd.core.photography.Darkroom - Send negative for processing for C:\Users\nriosa\Desktop\SanitySemillas\SanitySemilla8\target\site\serenity\d1f7553147769a75b87043926a8b3b0bf936fafaf394c13940c8b35f79332bae.png
13:35:28.654 [Test worker] DEBUG net.serenitybdd.core.photography.Darkroom - Send negative for processing for C:\Users\nriosa\Desktop\SanitySemillas\SanitySemilla8\target\site\serenity\b02237df87d045742e1b10cf80385555bb734a46b47a3113670cd4dcaeec3c10.png
13:35:29.490 [Test worker] DEBUG net.serenitybdd.core.photography.Darkroom - Send negative for processing for C:\Users\nriosa\Desktop\SanitySemillas\SanitySemilla8\target\site\serenity\b02237df87d045742e1b10cf80385555bb734a46b47a3113670cd4dcaeec3c10.png
13:35:30.126 [Test worker] DEBUG net.serenitybdd.core.photography.Darkroom - Send negative for processing for C:\Users\nriosa\Desktop\SanitySemillas\SanitySemilla8\target\site\serenity\c50d1207aeb2f399d871ff0a43e38b284f972b3707dfed1a5260b9f37e13b842.png
13:35:30.692 [Test worker] DEBUG net.serenitybdd.core.photography.Darkroom - Send negative for processing for C:\Users\nriosa\Desktop\SanitySemillas\SanitySemilla8\target\site\serenity\e06c44722ddb2ef244c22880d29f82d60daa861db1dc94857df19a98cb4a3043.png
13:35:31.269 [Test worker] DEBUG net.serenitybdd.core.photography.Darkroom - Send negative for processing for C:\Users\nriosa\Desktop\SanitySemillas\SanitySemilla8\target\site\serenity\a6f7901d3b7118f25695c6b8de444e83550dc767908a7670cc78089f3899e65d.png
13:35:32.318 [Test worker] DEBUG net.serenitybdd.core.photography.Darkroom - Send negative for processing for C:\Users\nriosa\Desktop\SanitySemillas\SanitySemilla8\target\site\serenity\9a671a5b47636e6611b8d9b3a2c0291b693a246dabae6c831305caae4c41b407.png
13:35:33.018 [Test worker] DEBUG net.serenitybdd.core.photography.Darkroom - Send negative for processing for C:\Users\nriosa\Desktop\SanitySemillas\SanitySemilla8\target\site\serenity\8f9fdb151292e4ddfb4c1bd5dcbb9525c4819b7090dddf5db0567e102c333b7b.png
13:35:33.933 [Test worker] DEBUG net.serenitybdd.core.photography.Darkroom - Send negative for processing for C:\Users\nriosa\Desktop\SanitySemillas\SanitySemilla8\target\site\serenity\a7cf079cf5895490994337717bb2629fca5d6005d079751604eaa140b8885390.png
13:35:33.935 [Darkroom Processing Line] DEBUG net.serenitybdd.core.photography.DarkroomProcessingLine - Processing screenshot image in /var/screenshots/screenshot-7098269558017945870
13:35:33.935 [Darkroom Processing Line] DEBUG net.serenitybdd.core.photography.DarkroomProcessingLine - Saving screenshot to C:\Users\nriosa\Desktop\SanitySemillas\SanitySemilla8\target\site\serenity\a7cf079cf5895490994337717bb2629fca5d6005d079751604eaa140b8885390.png
13:35:35.940 [Test worker] DEBUG net.serenitybdd.core.photography.Darkroom - Send negative for processing for C:\Users\nriosa\Desktop\SanitySemillas\SanitySemilla8\target\site\serenity\b6b698e5bed6b44ac5bf00d9e88e51eca00423954c4aa40299f3e176f05d41c3.png
13:35:36.604 [Test worker] DEBUG net.serenitybdd.core.photography.Darkroom - Send negative for processing for C:\Users\nriosa\Desktop\SanitySemillas\SanitySemilla8\target\site\serenity\4e74e90e36964d2ae2cc34d2364b3f365761e59f31867be21c2022a4963e082e.png
13:35:38.796 [Test worker] DEBUG net.serenitybdd.core.photography.Darkroom - Send negative for processing for C:\Users\nriosa\Desktop\SanitySemillas\SanitySemilla8\target\site\serenity\236bfd0779c94c65f3f8ec43e30fd438d297ad24cdd62b999b0ccd86caa4907b.png
13:35:39.426 [Test worker] DEBUG net.serenitybdd.core.photography.Darkroom - Send negative for processing for C:\Users\nriosa\Desktop\SanitySemillas\SanitySemilla8\target\site\serenity\f7a0a316e92eceea5d8edf9ecd9940cd12e0e06336f821730a94d7c5717bcc58.png
13:35:40.061 [Test worker] DEBUG net.serenitybdd.core.photography.Darkroom - Send negative for processing for C:\Users\nriosa\Desktop\SanitySemillas\SanitySemilla8\target\site\serenity\18c4a658757f2fd7033a57cfca799e5b5a13a915d01705cf90b9c9fa183efeb1.png
13:35:40.643 [Test worker] DEBUG net.serenitybdd.core.photography.Darkroom - Send negative for processing for C:\Users\nriosa\Desktop\SanitySemillas\SanitySemilla8\target\site\serenity\8c742268afa77085c3740c2bd4efbe42eb0a75b299be08b46484db7993298b53.png
13:35:42.041 [Test worker] DEBUG net.serenitybdd.core.photography.Darkroom - Send negative for processing for C:\Users\nriosa\Desktop\SanitySemillas\SanitySemilla8\target\site\serenity\be7d38d921121c3aaab44c753dc570f86aac2fed2599cb349baa60a8b0cf17e7.png
13:35:44.163 [Test worker] DEBUG net.serenitybdd.core.photography.Darkroom - Send negative for processing for C:\Users\nriosa\Desktop\SanitySemillas\SanitySemilla8\target\site\serenity\2135e413f98ceea7f1d40eaf735f3e150718d4ddc9feaa2f4109e44263c2fbb1.png
13:35:44.166 [Darkroom Processing Line] DEBUG net.serenitybdd.core.photography.DarkroomProcessingLine - Processing screenshot image in /var/screenshots/screenshot-2946255735131900213
13:35:44.166 [Darkroom Processing Line] DEBUG net.serenitybdd.core.photography.DarkroomProcessingLine - Saving screenshot to C:\Users\nriosa\Desktop\SanitySemillas\SanitySemilla8\target\site\serenity\2135e413f98ceea7f1d40eaf735f3e150718d4ddc9feaa2f4109e44263c2fbb1.png
13:35:58.086 [Test worker] DEBUG net.serenitybdd.core.photography.Darkroom - Send negative for processing for C:\Users\nriosa\Desktop\SanitySemillas\SanitySemilla8\target\site\serenity\4cb2747da102d0642bb5152b76d518707824e1a8e8ac0f0792bd57d28d55d875.png
13:35:58.088 [Darkroom Processing Line] DEBUG net.serenitybdd.core.photography.DarkroomProcessingLine - Processing screenshot image in /var/screenshots/screenshot-67344784066249510
13:35:58.088 [Darkroom Processing Line] DEBUG net.serenitybdd.core.photography.DarkroomProcessingLine - Saving screenshot to C:\Users\nriosa\Desktop\SanitySemillas\SanitySemilla8\target\site\serenity\4cb2747da102d0642bb5152b76d518707824e1a8e8ac0f0792bd57d28d55d875.png
13:35:59.334 [Test worker] DEBUG net.serenitybdd.core.photography.Darkroom - Send negative for processing for C:\Users\nriosa\Desktop\SanitySemillas\SanitySemilla8\target\site\serenity\cc35e91a4f79eb869aa75692d097043bbf15e855b1cf6001e379d3d61d5f3104.png
aca
13:35:59.339 [Darkroom Processing Line] DEBUG net.serenitybdd.core.photography.DarkroomProcessingLine - Processing screenshot image in /var/screenshots/screenshot-611083253609082646
13:35:59.339 [Darkroom Processing Line] DEBUG net.serenitybdd.core.photography.DarkroomProcessingLine - Saving screenshot to C:\Users\nriosa\Desktop\SanitySemillas\SanitySemilla8\target\site\serenity\cc35e91a4f79eb869aa75692d097043bbf15e855b1cf6001e379d3d61d5f3104.png
aca
13:35:59.934 [Test worker] DEBUG net.serenitybdd.core.photography.Darkroom - Send negative for processing for C:\Users\nriosa\Desktop\SanitySemillas\SanitySemilla8\target\site\serenity\78cd4ec4e6e8cece0b0b66cce3d9b8df63cc86dd846e2a5cce589f9fd2a846fe.png
13:35:59.936 [Darkroom Processing Line] DEBUG net.serenitybdd.core.photography.DarkroomProcessingLine - Processing screenshot image in /var/screenshots/screenshot-606713689104696413
13:35:59.936 [Darkroom Processing Line] DEBUG net.serenitybdd.core.photography.DarkroomProcessingLine - Saving screenshot to C:\Users\nriosa\Desktop\SanitySemillas\SanitySemilla8\target\site\serenity\78cd4ec4e6e8cece0b0b66cce3d9b8df63cc86dd846e2a5cce589f9fd2a846fe.png
13:36:00.625 [Test worker] DEBUG net.serenitybdd.core.photography.Darkroom - Send negative for processing for C:\Users\nriosa\Desktop\SanitySemillas\SanitySemilla8\target\site\serenity\7f0be4278e9ecbd1dff49f833a1da86cdf41e4188fc528e2e03fd6a132edeb93.png
13:36:00.627 [Darkroom Processing Line] DEBUG net.serenitybdd.core.photography.DarkroomProcessingLine - Processing screenshot image in /var/screenshots/screenshot-5476706041326635090
13:36:00.627 [Darkroom Processing Line] DEBUG net.serenitybdd.core.photography.DarkroomProcessingLine - Saving screenshot to C:\Users\nriosa\Desktop\SanitySemillas\SanitySemilla8\target\site\serenity\7f0be4278e9ecbd1dff49f833a1da86cdf41e4188fc528e2e03fd6a132edeb93.png
13:36:01.537 [Test worker] DEBUG net.serenitybdd.core.photography.Darkroom - Send negative for processing for C:\Users\nriosa\Desktop\SanitySemillas\SanitySemilla8\target\site\serenity\383c18a6b7c1672d360c6eee45cf4379378f282f256d259077d907c294e65233.png
13:36:01.538 [Darkroom Processing Line] DEBUG net.serenitybdd.core.photography.DarkroomProcessingLine - Processing screenshot image in /var/screenshots/screenshot-4449801381446589474
13:36:01.538 [Darkroom Processing Line] DEBUG net.serenitybdd.core.photography.DarkroomProcessingLine - Saving screenshot to C:\Users\nriosa\Desktop\SanitySemillas\SanitySemilla8\target\site\serenity\383c18a6b7c1672d360c6eee45cf4379378f282f256d259077d907c294e65233.png
13:36:03.459 [Test worker] DEBUG net.serenitybdd.core.photography.Darkroom - Send negative for processing for C:\Users\nriosa\Desktop\SanitySemillas\SanitySemilla8\target\site\serenity\3101ee77b24c8ec3a21cbcfa391b1cd851c03d0fa84fa895bd3a47a5fe372470.png
13:36:03.461 [Darkroom Processing Line] DEBUG net.serenitybdd.core.photography.DarkroomProcessingLine - Processing screenshot image in /var/screenshots/screenshot-6464455848774096578
13:36:03.461 [Darkroom Processing Line] DEBUG net.serenitybdd.core.photography.DarkroomProcessingLine - Saving screenshot to C:\Users\nriosa\Desktop\SanitySemillas\SanitySemilla8\target\site\serenity\3101ee77b24c8ec3a21cbcfa391b1cd851c03d0fa84fa895bd3a47a5fe372470.png
13:36:04.175 [Test worker] DEBUG net.serenitybdd.core.photography.Darkroom - Send negative for processing for C:\Users\nriosa\Desktop\SanitySemillas\SanitySemilla8\target\site\serenity\977c28c1c0b174c84e9609fa8311eb093181d22972dfd86f9099087055ec008a.png
13:36:04.178 [Darkroom Processing Line] DEBUG net.serenitybdd.core.photography.DarkroomProcessingLine - Processing screenshot image in /var/screenshots/screenshot-2669680103258410904
13:36:04.178 [Darkroom Processing Line] DEBUG net.serenitybdd.core.photography.DarkroomProcessingLine - Saving screenshot to C:\Users\nriosa\Desktop\SanitySemillas\SanitySemilla8\target\site\serenity\977c28c1c0b174c84e9609fa8311eb093181d22972dfd86f9099087055ec008a.png
13:36:06.587 [Test worker] INFO net.thucydides.core.steps.ConsoleLoggingListener - ?[92m
        __    _____ _____ ____ _____   ____   _    ____  ____  _____ ____  
  _     \ \  |_   _| ____/ ___|_   _| |  _ \ / \  / ___|/ ___|| ____|  _ \ 
 (_)_____| |   | | |  _| \___ \ | |   | |_) / _ \ \___ \\___ \|  _| | | | |
  _|_____| |   | | | |___ ___) || |   |  __/ ___ \ ___) |___) | |___| |_| |
 (_)     | |   |_| |_____|____/ |_|   |_| /_/   \_\____/|____/|_____|____/ 
        /_/                                                                

TEST PASSED: se requiere realizar la reconexion de una linea
----------------------------------------------------------------------------?[0m
13:36:06.774 [Test worker] INFO net.serenitybdd.core.webdriver.driverproviders.ProvideNewDriver - Instantiating driver
13:36:06.774 [Test worker] INFO net.serenitybdd.core.webdriver.driverproviders.ProvideNewDriver - Driver capabilities: Capabilities {acceptInsecureCerts: true, browserName: firefox, firefox_profile: org.openqa.selenium.firefox..., headless: false, loggingPrefs: org.openqa.selenium.logging..., marionette: true, moz:firefoxOptions: {}, platform: ANY, version: }
13:36:11.484 [Test worker] DEBUG net.serenitybdd.core.photography.Darkroom - Send negative for processing for C:\Users\nriosa\Desktop\SanitySemillas\SanitySemilla8\target\site\serenity\8a6c552499fef698e1b57ab10a498f752a43ff0b2becb28712565b39c41ecb96.png
13:36:11.844 [Test worker] DEBUG net.serenitybdd.core.photography.Darkroom - Send negative for processing for C:\Users\nriosa\Desktop\SanitySemillas\SanitySemilla8\target\site\serenity\d1f7553147769a75b87043926a8b3b0bf936fafaf394c13940c8b35f79332bae.png
13:36:14.573 [Test worker] DEBUG net.serenitybdd.core.photography.Darkroom - Send negative for processing for C:\Users\nriosa\Desktop\SanitySemillas\SanitySemilla8\target\site\serenity\b02237df87d045742e1b10cf80385555bb734a46b47a3113670cd4dcaeec3c10.png
Delete siebel.CX_DEVICE_MSISDN - Exitoso
Delete SIEBEL.cx_device_chip - Exitoso
13:36:16.953 [Test worker] DEBUG net.serenitybdd.core.photography.Darkroom - Send negative for processing for C:\Users\nriosa\Desktop\SanitySemillas\SanitySemilla8\target\site\serenity\b02237df87d045742e1b10cf80385555bb734a46b47a3113670cd4dcaeec3c10.png
13:36:17.591 [Test worker] DEBUG net.serenitybdd.core.photography.Darkroom - Send negative for processing for C:\Users\nriosa\Desktop\SanitySemillas\SanitySemilla8\target\site\serenity\c50d1207aeb2f399d871ff0a43e38b284f972b3707dfed1a5260b9f37e13b842.png
13:36:18.164 [Test worker] DEBUG net.serenitybdd.core.photography.Darkroom - Send negative for processing for C:\Users\nriosa\Desktop\SanitySemillas\SanitySemilla8\target\site\serenity\e06c44722ddb2ef244c22880d29f82d60daa861db1dc94857df19a98cb4a3043.png
13:36:18.762 [Test worker] DEBUG net.serenitybdd.core.photography.Darkroom - Send negative for processing for C:\Users\nriosa\Desktop\SanitySemillas\SanitySemilla8\target\site\serenity\a6f7901d3b7118f25695c6b8de444e83550dc767908a7670cc78089f3899e65d.png
13:36:19.814 [Test worker] DEBUG net.serenitybdd.core.photography.Darkroom - Send negative for processing for C:\Users\nriosa\Desktop\SanitySemillas\SanitySemilla8\target\site\serenity\fb587fc7a8e82c1278721ffd0db473ea5375c448f0cd88d8b5d924c2201a964c.png
13:36:19.816 [Darkroom Processing Line] DEBUG net.serenitybdd.core.photography.DarkroomProcessingLine - Processing screenshot image in /var/screenshots/screenshot-333430038378709973
13:36:19.816 [Darkroom Processing Line] DEBUG net.serenitybdd.core.photography.DarkroomProcessingLine - Saving screenshot to C:\Users\nriosa\Desktop\SanitySemillas\SanitySemilla8\target\site\serenity\fb587fc7a8e82c1278721ffd0db473ea5375c448f0cd88d8b5d924c2201a964c.png
13:36:20.499 [Test worker] DEBUG net.serenitybdd.core.photography.Darkroom - Send negative for processing for C:\Users\nriosa\Desktop\SanitySemillas\SanitySemilla8\target\site\serenity\ffec5926f3e5ee8020c39bc21cc0b4bb8e54ca07e3a8cd1bc36fce038b5471b7.png
13:36:20.501 [Darkroom Processing Line] DEBUG net.serenitybdd.core.photography.DarkroomProcessingLine - Processing screenshot image in /var/screenshots/screenshot-4094254450988543846
13:36:20.501 [Darkroom Processing Line] DEBUG net.serenitybdd.core.photography.DarkroomProcessingLine - Saving screenshot to C:\Users\nriosa\Desktop\SanitySemillas\SanitySemilla8\target\site\serenity\ffec5926f3e5ee8020c39bc21cc0b4bb8e54ca07e3a8cd1bc36fce038b5471b7.png
13:36:24.154 [Test worker] DEBUG net.serenitybdd.core.photography.Darkroom - Send negative for processing for C:\Users\nriosa\Desktop\SanitySemillas\SanitySemilla8\target\site\serenity\d7f8f26a1d606638adba55b542a3398c434d1e172d3706f4f021021a6c142ad9.png
13:36:24.156 [Darkroom Processing Line] DEBUG net.serenitybdd.core.photography.DarkroomProcessingLine - Processing screenshot image in /var/screenshots/screenshot-1531721576489353546
13:36:24.156 [Darkroom Processing Line] DEBUG net.serenitybdd.core.photography.DarkroomProcessingLine - Saving screenshot to C:\Users\nriosa\Desktop\SanitySemillas\SanitySemilla8\target\site\serenity\d7f8f26a1d606638adba55b542a3398c434d1e172d3706f4f021021a6c142ad9.png
13:37:14.580 [Test worker] DEBUG net.serenitybdd.core.photography.Darkroom - Send negative for processing for C:\Users\nriosa\Desktop\SanitySemillas\SanitySemilla8\target\site\serenity\d7f8f26a1d606638adba55b542a3398c434d1e172d3706f4f021021a6c142ad9.png
13:37:17.345 [Test worker] ERROR net.thucydides.core.steps.ConsoleLoggingListener - ?[91m
           __  _____ _____ ____ _____   _____ _    ___ _     _____ ____  
  _       / / |_   _| ____/ ___|_   _| |  ___/ \  |_ _| |   | ____|  _ \ 
 (_)_____| |    | | |  _| \___ \ | |   | |_ / _ \  | || |   |  _| | | | |
  _|_____| |    | | | |___ ___) || |   |  _/ ___ \ | || |___| |___| |_| |
 (_)     | |    |_| |_____|____/ |_|   |_|/_/   \_\___|_____|_____|____/ 
          \_\                                                            

TEST FAILED: se requiere realizar una portabilidad pospago
--------------------------------------------------------------------------?[0m
13:37:17.346 [Test worker] DEBUG net.thucydides.core.steps.ConsoleLoggingListener - RELATED ISSUES: 
13:37:17.346 [Test worker] ERROR net.thucydides.core.steps.ConsoleLoggingListener - ?[91mTEST FAILED AT STEP When se hace la solicitud de portabilidad?[0m
13:37:17.346 [Test worker] ERROR net.thucydides.core.steps.ConsoleLoggingListener - Expected enabled element was not enabledBuild info: version: '3.141.59', revision: 'e82be7d358', time: '2018-11-14T08:17:03'System info: host: '22LAP5CD1195RQX', ip: '192.168.10.29', os.name: 'Windows 10', os.arch: 'amd64', os.version: '10.0', java.version: '1.8.0_291'Driver info: driver.version: unknown
13:37:17.539 [Test worker] INFO net.serenitybdd.core.webdriver.driverproviders.ProvideNewDriver - Instantiating driver
13:37:17.539 [Test worker] INFO net.serenitybdd.core.webdriver.driverproviders.ProvideNewDriver - Driver capabilities: Capabilities {acceptInsecureCerts: true, browserName: firefox, firefox_profile: org.openqa.selenium.firefox..., headless: false, loggingPrefs: org.openqa.selenium.logging..., marionette: true, moz:firefoxOptions: {}, platform: ANY, version: }
13:37:22.127 [Test worker] DEBUG net.serenitybdd.core.photography.Darkroom - Send negative for processing for C:\Users\nriosa\Desktop\SanitySemillas\SanitySemilla8\target\site\serenity\8a6c552499fef698e1b57ab10a498f752a43ff0b2becb28712565b39c41ecb96.png
13:37:22.508 [Test worker] DEBUG net.serenitybdd.core.photography.Darkroom - Send negative for processing for C:\Users\nriosa\Desktop\SanitySemillas\SanitySemilla8\target\site\serenity\d1f7553147769a75b87043926a8b3b0bf936fafaf394c13940c8b35f79332bae.png
13:37:24.825 [Test worker] DEBUG net.serenitybdd.core.photography.Darkroom - Send negative for processing for C:\Users\nriosa\Desktop\SanitySemillas\SanitySemilla8\target\site\serenity\b02237df87d045742e1b10cf80385555bb734a46b47a3113670cd4dcaeec3c10.png
Delete siebel.CX_DEVICE_MSISDN - Exitoso
Delete SIEBEL.cx_device_chip - Exitoso
13:37:27.157 [Test worker] DEBUG net.serenitybdd.core.photography.Darkroom - Send negative for processing for C:\Users\nriosa\Desktop\SanitySemillas\SanitySemilla8\target\site\serenity\b02237df87d045742e1b10cf80385555bb734a46b47a3113670cd4dcaeec3c10.png
13:37:27.821 [Test worker] DEBUG net.serenitybdd.core.photography.Darkroom - Send negative for processing for C:\Users\nriosa\Desktop\SanitySemillas\SanitySemilla8\target\site\serenity\c50d1207aeb2f399d871ff0a43e38b284f972b3707dfed1a5260b9f37e13b842.png
13:37:28.434 [Test worker] DEBUG net.serenitybdd.core.photography.Darkroom - Send negative for processing for C:\Users\nriosa\Desktop\SanitySemillas\SanitySemilla8\target\site\serenity\e06c44722ddb2ef244c22880d29f82d60daa861db1dc94857df19a98cb4a3043.png
13:37:29.061 [Test worker] DEBUG net.serenitybdd.core.photography.Darkroom - Send negative for processing for C:\Users\nriosa\Desktop\SanitySemillas\SanitySemilla8\target\site\serenity\f7fa6143ef7357e2ac4601ed4a8feb2e542d534f389a72b39e549b78352d0760.png
13:37:30.118 [Test worker] DEBUG net.serenitybdd.core.photography.Darkroom - Send negative for processing for C:\Users\nriosa\Desktop\SanitySemillas\SanitySemilla8\target\site\serenity\fb587fc7a8e82c1278721ffd0db473ea5375c448f0cd88d8b5d924c2201a964c.png
13:37:30.829 [Test worker] DEBUG net.serenitybdd.core.photography.Darkroom - Send negative for processing for C:\Users\nriosa\Desktop\SanitySemillas\SanitySemilla8\target\site\serenity\ffec5926f3e5ee8020c39bc21cc0b4bb8e54ca07e3a8cd1bc36fce038b5471b7.png
13:37:32.856 [Test worker] DEBUG net.serenitybdd.core.photography.Darkroom - Send negative for processing for C:\Users\nriosa\Desktop\SanitySemillas\SanitySemilla8\target\site\serenity\d7f8f26a1d606638adba55b542a3398c434d1e172d3706f4f021021a6c142ad9.png
13:38:23.238 [Test worker] DEBUG net.serenitybdd.core.photography.Darkroom - Send negative for processing for C:\Users\nriosa\Desktop\SanitySemillas\SanitySemilla8\target\site\serenity\d7f8f26a1d606638adba55b542a3398c434d1e172d3706f4f021021a6c142ad9.png
13:38:25.498 [Test worker] ERROR net.thucydides.core.steps.ConsoleLoggingListener - ?[91m
           __  _____ _____ ____ _____   _____ _    ___ _     _____ ____  
  _       / / |_   _| ____/ ___|_   _| |  ___/ \  |_ _| |   | ____|  _ \ 
 (_)_____| |    | | |  _| \___ \ | |   | |_ / _ \  | || |   |  _| | | | |
  _|_____| |    | | | |___ ___) || |   |  _/ ___ \ | || |___| |___| |_| |
 (_)     | |    |_| |_____|____/ |_|   |_|/_/   \_\___|_____|_____|____/ 
          \_\                                                            

TEST FAILED: se requiere realizar la reconexion de una linea
--------------------------------------------------------------------------?[0m
13:38:25.498 [Test worker] DEBUG net.thucydides.core.steps.ConsoleLoggingListener - RELATED ISSUES: 
13:38:25.499 [Test worker] ERROR net.thucydides.core.steps.ConsoleLoggingListener - ?[91mTEST FAILED AT STEP When se hace la solicitud de portabilidad prepago?[0m
13:38:25.499 [Test worker] ERROR net.thucydides.core.steps.ConsoleLoggingListener - Expected enabled element was not enabledBuild info: version: '3.141.59', revision: 'e82be7d358', time: '2018-11-14T08:17:03'System info: host: '22LAP5CD1195RQX', ip: '192.168.10.29', os.name: 'Windows 10', os.arch: 'amd64', os.version: '10.0', java.version: '1.8.0_291'Driver info: driver.version: unknown
]]></system-out>
  <system-err><![CDATA[abr 27, 2022 1:23:13 PM org.openqa.selenium.remote.DesiredCapabilities firefox
INFORMACIÓN: Using `new FirefoxOptions()` is preferred to `DesiredCapabilities.firefox()`
abr 27, 2022 1:23:13 PM org.openqa.selenium.remote.DesiredCapabilities firefox
INFORMACIÓN: Using `new FirefoxOptions()` is preferred to `DesiredCapabilities.firefox()`
1651083793830	geckodriver	INFO	Listening on 127.0.0.1:25356
1651083794438	mozrunner::runner	INFO	Running command: "C:\\Program Files\\Mozilla Firefox\\firefox.exe" "--marionette" "-foreground" "-no-remote" "-profile" "C:\\Users\\nriosa\\AppData\\Local\\Temp\\rust_mozprofileeTjfhO"
1651083795305	addons.webextension.doh-rollout@mozilla.org	WARN	Loading extension 'doh-rollout@mozilla.org': Reading manifest: Invalid extension permission: networkStatus
1651083795331	addons.webextension.screenshots@mozilla.org	WARN	Loading extension 'screenshots@mozilla.org': Reading manifest: Invalid extension permission: mozillaAddons
1651083795331	addons.webextension.screenshots@mozilla.org	WARN	Loading extension 'screenshots@mozilla.org': Reading manifest: Invalid extension permission: telemetry
1651083795331	addons.webextension.screenshots@mozilla.org	WARN	Loading extension 'screenshots@mozilla.org': Reading manifest: Invalid extension permission: resource://pdf.js/
1651083795331	addons.webextension.screenshots@mozilla.org	WARN	Loading extension 'screenshots@mozilla.org': Reading manifest: Invalid extension permission: about:reader*
JavaScript error: resource://gre/modules/XULStore.jsm, line 66: Error: Can't find profile directory.
1651083797218	Marionette	INFO	Listening on port 49271
1651083797639	Marionette	WARN	TLS certificate errors will be ignored for this session
abr 27, 2022 1:23:17 PM org.openqa.selenium.remote.ProtocolHandshake createSession
INFORMACIÓN: Detected dialect: W3C
1651083815532	Marionette	INFO	Stopped listening on port 49271
Extension error: [Exception... "Component not initialized"  nsresult: "0xc1f30001 (NS_ERROR_NOT_INITIALIZED)"  location: "JS frame :: moz-extension://71c74948-2656-4e95-b890-c2bc662ecce6/main.js :: connect :: line 12066"  data: no] undefined 12066
[[Exception stack
connect@moz-extension://71c74948-2656-4e95-b890-c2bc662ecce6/main.js:12066:23
onPortDisconnected@moz-extension://71c74948-2656-4e95-b890-c2bc662ecce6/main.js:20316:30
makeConnection/channel<@moz-extension://71c74948-2656-4e95-b890-c2bc662ecce6/main.js:20289:136
handleDisconnect@moz-extension://71c74948-2656-4e95-b890-c2bc662ecce6/main.js:12172:14
connect/</<@moz-extension://71c74948-2656-4e95-b890-c2bc662ecce6/main.js:12052:63
Current stack
applySafeWithoutClone@resource://gre/modules/ExtensionCommon.jsm:606:13
addListener/asyncWithoutClone/<@resource://gre/modules/ExtensionCommon.jsm:2443:39
]]

###!!! [Child][RunMessage] Error: Channel closing: too late to send/recv, messages will be lost


###!!! [Child][MessageChannel::SendAndWait] Error: Channel error: cannot send/recv

abr 27, 2022 1:23:37 PM org.openqa.selenium.remote.DesiredCapabilities firefox
INFORMACIÓN: Using `new FirefoxOptions()` is preferred to `DesiredCapabilities.firefox()`
abr 27, 2022 1:23:37 PM org.openqa.selenium.remote.DesiredCapabilities firefox
INFORMACIÓN: Using `new FirefoxOptions()` is preferred to `DesiredCapabilities.firefox()`
1651083817966	geckodriver	INFO	Listening on 127.0.0.1:10200
1651083818407	mozrunner::runner	INFO	Running command: "C:\\Program Files\\Mozilla Firefox\\firefox.exe" "--marionette" "-foreground" "-no-remote" "-profile" "C:\\Users\\nriosa\\AppData\\Local\\Temp\\rust_mozprofileiQLSLu"
1651083819290	addons.webextension.doh-rollout@mozilla.org	WARN	Loading extension 'doh-rollout@mozilla.org': Reading manifest: Invalid extension permission: networkStatus
1651083819316	addons.webextension.screenshots@mozilla.org	WARN	Loading extension 'screenshots@mozilla.org': Reading manifest: Invalid extension permission: mozillaAddons
1651083819316	addons.webextension.screenshots@mozilla.org	WARN	Loading extension 'screenshots@mozilla.org': Reading manifest: Invalid extension permission: telemetry
1651083819316	addons.webextension.screenshots@mozilla.org	WARN	Loading extension 'screenshots@mozilla.org': Reading manifest: Invalid extension permission: resource://pdf.js/
1651083819316	addons.webextension.screenshots@mozilla.org	WARN	Loading extension 'screenshots@mozilla.org': Reading manifest: Invalid extension permission: about:reader*
JavaScript error: resource://gre/modules/XULStore.jsm, line 66: Error: Can't find profile directory.
1651083821335	Marionette	INFO	Listening on port 49302
1651083821610	Marionette	WARN	TLS certificate errors will be ignored for this session
abr 27, 2022 1:23:41 PM org.openqa.selenium.remote.ProtocolHandshake createSession
INFORMACIÓN: Detected dialect: W3C
JavaScript error: http://10.69.60.121:8180/tigo-pos-web-ii/a4j_3_2_0.SR1-SNAPSHOTorg/ajax4jsf/javascript/scripts/form.js.jsf, line 11: TypeError: element is null
JavaScript error: http://10.69.60.121:8180/tigo-pos-web-ii/a4j_3_2_0.SR1-SNAPSHOTorg/ajax4jsf/javascript/scripts/form.js.jsf, line 11: TypeError: element is null
1651083866750	Marionette	INFO	Stopped listening on port 49302
Extension error: [Exception... "Component not initialized"  nsresult: "0xc1f30001 (NS_ERROR_NOT_INITIALIZED)"  location: "JS frame :: moz-extension://c8460f1f-a77e-476f-a1ca-0ea71418179a/main.js :: connect :: line 12066"  data: no] undefined 12066
[[Exception stack
connect@moz-extension://c8460f1f-a77e-476f-a1ca-0ea71418179a/main.js:12066:23
onPortDisconnected@moz-extension://c8460f1f-a77e-476f-a1ca-0ea71418179a/main.js:20316:30
makeConnection/channel<@moz-extension://c8460f1f-a77e-476f-a1ca-0ea71418179a/main.js:20289:136
handleDisconnect@moz-extension://c8460f1f-a77e-476f-a1ca-0ea71418179a/main.js:12172:14
connect/</<@moz-extension://c8460f1f-a77e-476f-a1ca-0ea71418179a/main.js:12052:63
Current stack
applySafeWithoutClone@resource://gre/modules/ExtensionCommon.jsm:606:13
addListener/asyncWithoutClone/<@resource://gre/modules/ExtensionCommon.jsm:2443:39
]]

###!!! [Child][MessageChannel] Error: (msgtype=0x370128,name=PContent::Msg_AsyncMessage) Channel closing: too late to send/recv, messages will be lost


###!!! [Child][RunMessage] Error: Channel closing: too late to send/recv, messages will be lost


###!!! [Child][RunMessage] Error: Channel closing: too late to send/recv, messages will be lost


###!!! [Child][RunMessage] Error: Channel closing: too late to send/recv, messages will be lost


###!!! [Child][MessageChannel::SendAndWait] Error: Channel error: cannot send/recv

abr 27, 2022 1:24:50 PM org.openqa.selenium.remote.DesiredCapabilities firefox
INFORMACIÓN: Using `new FirefoxOptions()` is preferred to `DesiredCapabilities.firefox()`
abr 27, 2022 1:24:50 PM org.openqa.selenium.remote.DesiredCapabilities firefox
INFORMACIÓN: Using `new FirefoxOptions()` is preferred to `DesiredCapabilities.firefox()`
1651083890573	geckodriver	INFO	Listening on 127.0.0.1:19128
1651083890960	mozrunner::runner	INFO	Running command: "C:\\Program Files\\Mozilla Firefox\\firefox.exe" "--marionette" "-foreground" "-no-remote" "-profile" "C:\\Users\\nriosa\\AppData\\Local\\Temp\\rust_mozprofilemm1JYU"
1651083891817	addons.webextension.doh-rollout@mozilla.org	WARN	Loading extension 'doh-rollout@mozilla.org': Reading manifest: Invalid extension permission: networkStatus
1651083891846	addons.webextension.screenshots@mozilla.org	WARN	Loading extension 'screenshots@mozilla.org': Reading manifest: Invalid extension permission: mozillaAddons
1651083891846	addons.webextension.screenshots@mozilla.org	WARN	Loading extension 'screenshots@mozilla.org': Reading manifest: Invalid extension permission: telemetry
1651083891846	addons.webextension.screenshots@mozilla.org	WARN	Loading extension 'screenshots@mozilla.org': Reading manifest: Invalid extension permission: resource://pdf.js/
1651083891846	addons.webextension.screenshots@mozilla.org	WARN	Loading extension 'screenshots@mozilla.org': Reading manifest: Invalid extension permission: about:reader*
JavaScript error: resource://gre/modules/XULStore.jsm, line 66: Error: Can't find profile directory.
1651083893921	Marionette	INFO	Listening on port 49352
1651083894146	Marionette	WARN	TLS certificate errors will be ignored for this session
1651083894166	addons.xpi	WARN	failed to set lastModifiedTime on C:\Users\nriosa\AppData\Local\Temp\rust_mozprofilemm1JYU\extensions\firefoxhpsureclicksecurebrowsing@bromium.com.xpi: [Exception... "Component returned failure code: 0x8052000e (NS_ERROR_FILE_IS_LOCKED) [nsIFile.lastModifiedTime]"  nsresult: "0x8052000e (NS_ERROR_FILE_IS_LOCKED)"  location: "JS frame :: resource://gre/modules/addons/XPIInstall.jsm :: installAddon :: line 3239"  data: no] Stack trace: installAddon()@resource://gre/modules/addons/XPIInstall.jsm:3239
install()@resource://gre/modules/addons/XPIInstall.jsm:1767
startInstall/this._startupPromise<()@resource://gre/modules/addons/XPIInstall.jsm:1833
startInstall()@resource://gre/modules/addons/XPIInstall.jsm:1839
abr 27, 2022 1:24:54 PM org.openqa.selenium.remote.ProtocolHandshake createSession
INFORMACIÓN: Detected dialect: W3C
JavaScript error: http://10.69.60.123:8280/portal/scripts/3.8.16.Final-redhat-1/SHARED/bootstrap-min.js, line 7: Error: Script error for: SHARED/jquery
http://requirejs.org/docs/errors.html#scripterror
JavaScript error: http://10.69.60.123:8280/portal/scripts/3.8.16.Final-redhat-1/SHARED/bootstrap-min.js, line 7: Error: Script error for: SHARED/base
http://requirejs.org/docs/errors.html#scripterror
JavaScript error: http://10.69.60.123:8280/portal/scripts/3.8.16.Final-redhat-1/SHARED/bootstrap-min.js, line 7: Error: Script error for: SHARED/navigation
http://requirejs.org/docs/errors.html#scripterror
JavaScript warning: http://10.69.60.123:8280/portal/CRMPortal/Consultas?portal:windowState=normal&portal:componentId=gtnc323725e-6efe-4037-9f93-1bc06edfa941&portal:resourceID=/org.rf.res/org/richfaces/ui.pack.js&portal:cacheLevel=PAGE&portal:type=resource&portal:portletMode=view, line 10431: unreachable code after return statement
JavaScript warning: http://10.69.60.123:8280/portal/CRMPortal/Consultas?portal:windowState=normal&portal:componentId=gtnc323725e-6efe-4037-9f93-1bc06edfa941&portal:resourceID=/org.rf.res/org/richfaces/ui.pack.js&portal:cacheLevel=PAGE&portal:type=resource&portal:portletMode=view, line 10431: unreachable code after return statement
JavaScript error: http://10.69.60.123:8280/portal/CRMPortal/Consultas, line 1: ReferenceError: setIframeListeners is not defined
JavaScript warning: http://10.69.60.123:8280/portal/CRMPortal/Venta?portal:windowState=normal&portal:componentId=gtn1dfca009-52ed-45cd-a543-6660573bef81&portal:resourceID=/org.rf.res/org/richfaces/ui.pack.js&portal:cacheLevel=PAGE&portal:type=resource&portal:portletMode=view, line 10431: unreachable code after return statement
JavaScript warning: http://10.69.60.123:8280/portal/CRMPortal/Venta?portal:windowState=normal&portal:componentId=gtn1dfca009-52ed-45cd-a543-6660573bef81&portal:resourceID=/org.rf.res/org/richfaces/ui.pack.js&portal:cacheLevel=PAGE&portal:type=resource&portal:portletMode=view, line 10431: unreachable code after return statement
JavaScript error: http://10.69.60.123:8280/portal/CRMPortal/Venta, line 1: ReferenceError: setIframeListeners is not defined
JavaScript error: http://10.69.60.123:8280/portal/CRMPortal/Venta, line 1: ReferenceError: setIframeListeners is not defined
JavaScript error: http://10.69.60.123:8280/portal/CRMPortal/Venta, line 1: ReferenceError: setIframeListeners is not defined
JavaScript error: http://10.69.60.123:8280/portal/CRMPortal/Venta, line 1: ReferenceError: setIframeListeners is not defined
JavaScript warning: http://10.69.60.123:8280/portal/CRMPortal/Consultas?portal:windowState=normal&portal:componentId=gtnc323725e-6efe-4037-9f93-1bc06edfa941&portal:resourceID=/org.rf.res/org/richfaces/ui.pack.js&portal:cacheLevel=PAGE&portal:type=resource&portal:portletMode=view, line 10431: unreachable code after return statement
JavaScript warning: http://10.69.60.123:8280/portal/CRMPortal/Consultas?portal:windowState=normal&portal:componentId=gtnc323725e-6efe-4037-9f93-1bc06edfa941&portal:resourceID=/org.rf.res/org/richfaces/ui.pack.js&portal:cacheLevel=PAGE&portal:type=resource&portal:portletMode=view, line 10431: unreachable code after return statement
JavaScript error: http://10.69.60.123:8280/portal/CRMPortal/Consultas, line 1: ReferenceError: setIframeListeners is not defined
JavaScript error: http://10.69.60.123:8280/portal/CRMPortal/Consultas, line 1: ReferenceError: setIframeListeners is not defined
1651083956839	Marionette	INFO	Stopped listening on port 49352
Extension error: [Exception... "Component not initialized"  nsresult: "0xc1f30001 (NS_ERROR_NOT_INITIALIZED)"  location: "JS frame :: moz-extension://55fe23e4-0bf3-4e85-96e6-7be4f2817e54/main.js :: connect :: line 12066"  data: no] undefined 12066
[[Exception stack
connect@moz-extension://55fe23e4-0bf3-4e85-96e6-7be4f2817e54/main.js:12066:23
onPortDisconnected@moz-extension://55fe23e4-0bf3-4e85-96e6-7be4f2817e54/main.js:20316:30
makeConnection/channel<@moz-extension://55fe23e4-0bf3-4e85-96e6-7be4f2817e54/main.js:20289:136
handleDisconnect@moz-extension://55fe23e4-0bf3-4e85-96e6-7be4f2817e54/main.js:12172:14
connect/</<@moz-extension://55fe23e4-0bf3-4e85-96e6-7be4f2817e54/main.js:12052:63
Current stack
applySafeWithoutClone@resource://gre/modules/ExtensionCommon.jsm:606:13
addListener/asyncWithoutClone/<@resource://gre/modules/ExtensionCommon.jsm:2443:39
]]

###!!! [Child][RunMessage] Error: Channel closing: too late to send/recv, messages will be lost


###!!! [Child][MessageChannel::SendAndWait] Error: Channel error: cannot send/recv

abr 27, 2022 1:25:59 PM org.openqa.selenium.remote.DesiredCapabilities firefox
INFORMACIÓN: Using `new FirefoxOptions()` is preferred to `DesiredCapabilities.firefox()`
abr 27, 2022 1:25:59 PM org.openqa.selenium.remote.DesiredCapabilities firefox
INFORMACIÓN: Using `new FirefoxOptions()` is preferred to `DesiredCapabilities.firefox()`
1651083959513	geckodriver	INFO	Listening on 127.0.0.1:24960
1651083959944	mozrunner::runner	INFO	Running command: "C:\\Program Files\\Mozilla Firefox\\firefox.exe" "--marionette" "-foreground" "-no-remote" "-profile" "C:\\Users\\nriosa\\AppData\\Local\\Temp\\rust_mozprofilepe3nW3"
1651083960827	addons.webextension.doh-rollout@mozilla.org	WARN	Loading extension 'doh-rollout@mozilla.org': Reading manifest: Invalid extension permission: networkStatus
1651083960853	addons.webextension.screenshots@mozilla.org	WARN	Loading extension 'screenshots@mozilla.org': Reading manifest: Invalid extension permission: mozillaAddons
1651083960853	addons.webextension.screenshots@mozilla.org	WARN	Loading extension 'screenshots@mozilla.org': Reading manifest: Invalid extension permission: telemetry
1651083960853	addons.webextension.screenshots@mozilla.org	WARN	Loading extension 'screenshots@mozilla.org': Reading manifest: Invalid extension permission: resource://pdf.js/
1651083960853	addons.webextension.screenshots@mozilla.org	WARN	Loading extension 'screenshots@mozilla.org': Reading manifest: Invalid extension permission: about:reader*
JavaScript error: resource://gre/modules/XULStore.jsm, line 66: Error: Can't find profile directory.
1651083962713	Marionette	INFO	Listening on port 49684
1651083963154	Marionette	WARN	TLS certificate errors will be ignored for this session
abr 27, 2022 1:26:03 PM org.openqa.selenium.remote.ProtocolHandshake createSession
INFORMACIÓN: Detected dialect: W3C
JavaScript error: http://10.69.60.123:8280/portal/scripts/3.8.16.Final-redhat-1/SHARED/bootstrap-min.js, line 7: Error: Script error for: SHARED/base
http://requirejs.org/docs/errors.html#scripterror
JavaScript error: http://10.69.60.123:8280/portal/scripts/3.8.16.Final-redhat-1/SHARED/bootstrap-min.js, line 7: Error: Script error for: SHARED/navigation
http://requirejs.org/docs/errors.html#scripterror
JavaScript error: http://10.69.60.123:8280/portal/scripts/3.8.16.Final-redhat-1/SHARED/bootstrap-min.js, line 7: Error: Script error for: SHARED/jquery
http://requirejs.org/docs/errors.html#scripterror
JavaScript warning: http://10.69.60.123:8280/portal/CRMPortal/Consultas?portal:windowState=normal&portal:componentId=gtnc323725e-6efe-4037-9f93-1bc06edfa941&portal:resourceID=/org.rf.res/org/richfaces/ui.pack.js&portal:cacheLevel=PAGE&portal:type=resource&portal:portletMode=view, line 10431: unreachable code after return statement
JavaScript warning: http://10.69.60.123:8280/portal/CRMPortal/Consultas?portal:windowState=normal&portal:componentId=gtnc323725e-6efe-4037-9f93-1bc06edfa941&portal:resourceID=/org.rf.res/org/richfaces/ui.pack.js&portal:cacheLevel=PAGE&portal:type=resource&portal:portletMode=view, line 10431: unreachable code after return statement
JavaScript error: http://10.69.60.123:8280/portal/CRMPortal/Consultas, line 1: ReferenceError: setIframeListeners is not defined
JavaScript warning: http://10.69.60.123:8280/portal/CRMPortal/Venta?portal:windowState=normal&portal:componentId=gtn1dfca009-52ed-45cd-a543-6660573bef81&portal:resourceID=/org.rf.res/org/richfaces/ui.pack.js&portal:cacheLevel=PAGE&portal:type=resource&portal:portletMode=view, line 10431: unreachable code after return statement
JavaScript warning: http://10.69.60.123:8280/portal/CRMPortal/Venta?portal:windowState=normal&portal:componentId=gtn1dfca009-52ed-45cd-a543-6660573bef81&portal:resourceID=/org.rf.res/org/richfaces/ui.pack.js&portal:cacheLevel=PAGE&portal:type=resource&portal:portletMode=view, line 10431: unreachable code after return statement
JavaScript error: http://10.69.60.123:8280/portal/CRMPortal/Venta, line 1: ReferenceError: setIframeListeners is not defined
JavaScript error: http://10.69.60.123:8280/portal/CRMPortal/Venta, line 1: ReferenceError: setIframeListeners is not defined
JavaScript error: http://10.69.60.123:8280/portal/CRMPortal/Venta, line 1: ReferenceError: setIframeListeners is not defined
1651083974666	Marionette	WARN	TimedPromise timed out after 500 ms: stacktrace:
bail@chrome://marionette/content/sync.js:237:64
JavaScript error: http://10.69.60.123:8280/portal/CRMPortal/Venta, line 1: ReferenceError: setIframeListeners is not defined
JavaScript warning: http://10.69.60.123:8280/portal/CRMPortal/Consultas?portal:windowState=normal&portal:componentId=gtnc323725e-6efe-4037-9f93-1bc06edfa941&portal:resourceID=/org.rf.res/org/richfaces/ui.pack.js&portal:cacheLevel=PAGE&portal:type=resource&portal:portletMode=view, line 10431: unreachable code after return statement
JavaScript warning: http://10.69.60.123:8280/portal/CRMPortal/Consultas?portal:windowState=normal&portal:componentId=gtnc323725e-6efe-4037-9f93-1bc06edfa941&portal:resourceID=/org.rf.res/org/richfaces/ui.pack.js&portal:cacheLevel=PAGE&portal:type=resource&portal:portletMode=view, line 10431: unreachable code after return statement
JavaScript error: http://10.69.60.123:8280/portal/CRMPortal/Consultas, line 1: ReferenceError: setIframeListeners is not defined
JavaScript error: http://10.69.60.123:8280/portal/CRMPortal/Consultas, line 1: ReferenceError: setIframeListeners is not defined
1651084048528	Marionette	INFO	Stopped listening on port 49684
Extension error: [Exception... "Component not initialized"  nsresult: "0xc1f30001 (NS_ERROR_NOT_INITIALIZED)"  location: "JS frame :: moz-extension://b1dcf49d-f190-49f6-96c9-f3c7967bc1ad/main.js :: connect :: line 12066"  data: no] undefined 12066
[[Exception stack
connect@moz-extension://b1dcf49d-f190-49f6-96c9-f3c7967bc1ad/main.js:12066:23
onPortDisconnected@moz-extension://b1dcf49d-f190-49f6-96c9-f3c7967bc1ad/main.js:20316:30
makeConnection/channel<@moz-extension://b1dcf49d-f190-49f6-96c9-f3c7967bc1ad/main.js:20289:136
handleDisconnect@moz-extension://b1dcf49d-f190-49f6-96c9-f3c7967bc1ad/main.js:12172:14
connect/</<@moz-extension://b1dcf49d-f190-49f6-96c9-f3c7967bc1ad/main.js:12052:63
Current stack
applySafeWithoutClone@resource://gre/modules/ExtensionCommon.jsm:606:13
addListener/asyncWithoutClone/<@resource://gre/modules/ExtensionCommon.jsm:2443:39
]]

###!!! [Child][RunMessage] Error: Channel closing: too late to send/recv, messages will be lost


###!!! [Child][MessageChannel::SendAndWait] Error: Channel error: cannot send/recv

abr 27, 2022 1:27:31 PM org.openqa.selenium.remote.DesiredCapabilities firefox
INFORMACIÓN: Using `new FirefoxOptions()` is preferred to `DesiredCapabilities.firefox()`
abr 27, 2022 1:27:31 PM org.openqa.selenium.remote.DesiredCapabilities firefox
INFORMACIÓN: Using `new FirefoxOptions()` is preferred to `DesiredCapabilities.firefox()`
1651084051681	geckodriver	INFO	Listening on 127.0.0.1:31880
1651084052086	mozrunner::runner	INFO	Running command: "C:\\Program Files\\Mozilla Firefox\\firefox.exe" "--marionette" "-foreground" "-no-remote" "-profile" "C:\\Users\\nriosa\\AppData\\Local\\Temp\\rust_mozprofileF3TTYf"
1651084052916	addons.webextension.doh-rollout@mozilla.org	WARN	Loading extension 'doh-rollout@mozilla.org': Reading manifest: Invalid extension permission: networkStatus
1651084052942	addons.webextension.screenshots@mozilla.org	WARN	Loading extension 'screenshots@mozilla.org': Reading manifest: Invalid extension permission: mozillaAddons
1651084052942	addons.webextension.screenshots@mozilla.org	WARN	Loading extension 'screenshots@mozilla.org': Reading manifest: Invalid extension permission: telemetry
1651084052942	addons.webextension.screenshots@mozilla.org	WARN	Loading extension 'screenshots@mozilla.org': Reading manifest: Invalid extension permission: resource://pdf.js/
1651084052942	addons.webextension.screenshots@mozilla.org	WARN	Loading extension 'screenshots@mozilla.org': Reading manifest: Invalid extension permission: about:reader*
JavaScript error: resource://gre/modules/XULStore.jsm, line 66: Error: Can't find profile directory.
1651084054840	Marionette	INFO	Listening on port 49736
1651084055269	Marionette	WARN	TLS certificate errors will be ignored for this session
abr 27, 2022 1:27:35 PM org.openqa.selenium.remote.ProtocolHandshake createSession
INFORMACIÓN: Detected dialect: W3C
JavaScript error: http://10.69.60.123:8280/portal/scripts/3.8.16.Final-redhat-1/SHARED/bootstrap-min.js, line 7: Error: Script error for: SHARED/base
http://requirejs.org/docs/errors.html#scripterror
JavaScript error: http://10.69.60.123:8280/portal/scripts/3.8.16.Final-redhat-1/SHARED/bootstrap-min.js, line 7: Error: Script error for: SHARED/navigation
http://requirejs.org/docs/errors.html#scripterror
JavaScript error: http://10.69.60.123:8280/portal/scripts/3.8.16.Final-redhat-1/SHARED/bootstrap-min.js, line 7: Error: Script error for: SHARED/jquery
http://requirejs.org/docs/errors.html#scripterror
JavaScript warning: http://10.69.60.123:8280/portal/CRMPortal/Consultas?portal:windowState=normal&portal:componentId=gtnc323725e-6efe-4037-9f93-1bc06edfa941&portal:resourceID=/org.rf.res/org/richfaces/ui.pack.js&portal:cacheLevel=PAGE&portal:type=resource&portal:portletMode=view, line 10431: unreachable code after return statement
JavaScript warning: http://10.69.60.123:8280/portal/CRMPortal/Consultas?portal:windowState=normal&portal:componentId=gtnc323725e-6efe-4037-9f93-1bc06edfa941&portal:resourceID=/org.rf.res/org/richfaces/ui.pack.js&portal:cacheLevel=PAGE&portal:type=resource&portal:portletMode=view, line 10431: unreachable code after return statement
JavaScript error: http://10.69.60.123:8280/portal/CRMPortal/Consultas, line 1: ReferenceError: setIframeListeners is not defined
JavaScript warning: http://10.69.60.123:8280/portal/CRMPortal/Postventa?portal:windowState=normal&portal:componentId=gtnf5a1f4f3-5ecc-4e4a-8654-6459a01c3953&portal:resourceID=/org.rf.res/org/richfaces/ui.pack.js&portal:cacheLevel=PAGE&portal:type=resource&portal:portletMode=view, line 10431: unreachable code after return statement
JavaScript warning: http://10.69.60.123:8280/portal/CRMPortal/Postventa?portal:windowState=normal&portal:componentId=gtnf5a1f4f3-5ecc-4e4a-8654-6459a01c3953&portal:resourceID=/org.rf.res/org/richfaces/ui.pack.js&portal:cacheLevel=PAGE&portal:type=resource&portal:portletMode=view, line 10431: unreachable code after return statement
JavaScript error: http://10.69.60.123:8280/portal/CRMPortal/Postventa, line 1: ReferenceError: setIframeListeners is not defined
JavaScript warning: http://10.69.60.119:8080/PostSale/a4j/g/3_3_3.Final/org/ajax4jsf/framework.pack.js, line 5514: unreachable code after return statement
JavaScript warning: http://10.69.60.119:8080/PostSale/a4j/g/3_3_3.Final/org/richfaces/ui.pack.js, line 12786: unreachable code after return statement
JavaScript warning: http://10.69.60.119:8080/PostSale/a4j/g/3_3_3.Final/org/richfaces/ui.pack.js, line 12786: unreachable code after return statement
JavaScript error: http://10.69.60.123:8280/portal/CRMPortal/Postventa, line 1: ReferenceError: setIframeListeners is not defined
JavaScript warning: http://10.69.60.119:8080/PostSale/a4j/g/3_3_3.Final/org/ajax4jsf/framework.pack.js, line 5514: unreachable code after return statement
JavaScript warning: http://10.69.60.119:8080/PostSale/a4j/g/3_3_3.Final/org/richfaces/ui.pack.js, line 12786: unreachable code after return statement
JavaScript warning: http://10.69.60.119:8080/PostSale/a4j/g/3_3_3.Final/org/richfaces/ui.pack.js, line 12786: unreachable code after return statement
JavaScript error: http://10.69.60.123:8280/portal/CRMPortal/Postventa, line 1: ReferenceError: setIframeListeners is not defined
JavaScript warning: http://10.69.60.119:8080/PostSale/a4j/g/3_3_3.Final/org/ajax4jsf/framework.pack.js, line 5514: unreachable code after return statement
JavaScript warning: http://10.69.60.119:8080/PostSale/a4j/g/3_3_3.Final/org/richfaces/ui.pack.js, line 12786: unreachable code after return statement
JavaScript warning: http://10.69.60.119:8080/PostSale/a4j/g/3_3_3.Final/org/richfaces/ui.pack.js, line 12786: unreachable code after return statement
JavaScript error: http://10.69.60.123:8280/portal/CRMPortal/Postventa, line 1: ReferenceError: setIframeListeners is not defined
JavaScript warning: http://10.69.60.119:8080/PostSale/a4j/g/3_3_3.Final/org/ajax4jsf/framework.pack.js, line 5514: unreachable code after return statement
JavaScript warning: http://10.69.60.119:8080/PostSale/a4j/g/3_3_3.Final/org/richfaces/ui.pack.js, line 12786: unreachable code after return statement
JavaScript warning: http://10.69.60.119:8080/PostSale/a4j/g/3_3_3.Final/org/richfaces/ui.pack.js, line 12786: unreachable code after return statement
JavaScript error: http://10.69.60.123:8280/portal/CRMPortal/Postventa, line 1: ReferenceError: setIframeListeners is not defined
JavaScript warning: http://10.69.60.123:8280/portal/CRMPortal/Consultas?portal:windowState=normal&portal:componentId=gtnc323725e-6efe-4037-9f93-1bc06edfa941&portal:resourceID=/org.rf.res/org/richfaces/ui.pack.js&portal:cacheLevel=PAGE&portal:type=resource&portal:portletMode=view, line 10431: unreachable code after return statement
JavaScript warning: http://10.69.60.123:8280/portal/CRMPortal/Consultas?portal:windowState=normal&portal:componentId=gtnc323725e-6efe-4037-9f93-1bc06edfa941&portal:resourceID=/org.rf.res/org/richfaces/ui.pack.js&portal:cacheLevel=PAGE&portal:type=resource&portal:portletMode=view, line 10431: unreachable code after return statement
JavaScript error: http://10.69.60.123:8280/portal/CRMPortal/Consultas, line 1: ReferenceError: setIframeListeners is not defined
JavaScript error: http://10.69.60.123:8280/portal/CRMPortal/Consultas, line 1: ReferenceError: setIframeListeners is not defined
1651084108518	Marionette	INFO	Stopped listening on port 49736
Extension error: [Exception... "Component not initialized"  nsresult: "0xc1f30001 (NS_ERROR_NOT_INITIALIZED)"  location: "JS frame :: moz-extension://fc219b41-3dd5-4638-82ee-2119abd5894f/main.js :: connect :: line 12066"  data: no] undefined 12066
[[Exception stack
connect@moz-extension://fc219b41-3dd5-4638-82ee-2119abd5894f/main.js:12066:23
onPortDisconnected@moz-extension://fc219b41-3dd5-4638-82ee-2119abd5894f/main.js:20316:30
makeConnection/channel<@moz-extension://fc219b41-3dd5-4638-82ee-2119abd5894f/main.js:20289:136
handleDisconnect@moz-extension://fc219b41-3dd5-4638-82ee-2119abd5894f/main.js:12172:14
connect/</<@moz-extension://fc219b41-3dd5-4638-82ee-2119abd5894f/main.js:12052:63
Current stack
applySafeWithoutClone@resource://gre/modules/ExtensionCommon.jsm:606:13
addListener/asyncWithoutClone/<@resource://gre/modules/ExtensionCommon.jsm:2443:39
]]

###!!! [Child][RunMessage] Error: Channel closing: too late to send/recv, messages will be lost


###!!! [Child][MessageChannel::SendAndWait] Error: Channel error: cannot send/recv

abr 27, 2022 1:28:30 PM org.openqa.selenium.remote.DesiredCapabilities firefox
INFORMACIÓN: Using `new FirefoxOptions()` is preferred to `DesiredCapabilities.firefox()`
abr 27, 2022 1:28:30 PM org.openqa.selenium.remote.DesiredCapabilities firefox
INFORMACIÓN: Using `new FirefoxOptions()` is preferred to `DesiredCapabilities.firefox()`
1651084111145	geckodriver	INFO	Listening on 127.0.0.1:33019
1651084111582	mozrunner::runner	INFO	Running command: "C:\\Program Files\\Mozilla Firefox\\firefox.exe" "--marionette" "-foreground" "-no-remote" "-profile" "C:\\Users\\nriosa\\AppData\\Local\\Temp\\rust_mozprofileF0mllp"
1651084112460	addons.webextension.doh-rollout@mozilla.org	WARN	Loading extension 'doh-rollout@mozilla.org': Reading manifest: Invalid extension permission: networkStatus
1651084112487	addons.webextension.screenshots@mozilla.org	WARN	Loading extension 'screenshots@mozilla.org': Reading manifest: Invalid extension permission: mozillaAddons
1651084112487	addons.webextension.screenshots@mozilla.org	WARN	Loading extension 'screenshots@mozilla.org': Reading manifest: Invalid extension permission: telemetry
1651084112487	addons.webextension.screenshots@mozilla.org	WARN	Loading extension 'screenshots@mozilla.org': Reading manifest: Invalid extension permission: resource://pdf.js/
1651084112487	addons.webextension.screenshots@mozilla.org	WARN	Loading extension 'screenshots@mozilla.org': Reading manifest: Invalid extension permission: about:reader*
JavaScript error: resource://gre/modules/XULStore.jsm, line 66: Error: Can't find profile directory.
1651084114336	Marionette	INFO	Listening on port 49790
1651084114777	Marionette	WARN	TLS certificate errors will be ignored for this session
abr 27, 2022 1:28:34 PM org.openqa.selenium.remote.ProtocolHandshake createSession
INFORMACIÓN: Detected dialect: W3C
JavaScript error: http://10.69.60.123:8280/portal/scripts/3.8.16.Final-redhat-1/SHARED/bootstrap-min.js, line 7: Error: Script error for: SHARED/jquery
http://requirejs.org/docs/errors.html#scripterror
JavaScript error: http://10.69.60.123:8280/portal/scripts/3.8.16.Final-redhat-1/SHARED/bootstrap-min.js, line 7: Error: Script error for: SHARED/navigation
http://requirejs.org/docs/errors.html#scripterror
JavaScript error: http://10.69.60.123:8280/portal/scripts/3.8.16.Final-redhat-1/SHARED/bootstrap-min.js, line 7: Error: Script error for: SHARED/base
http://requirejs.org/docs/errors.html#scripterror
JavaScript warning: http://10.69.60.123:8280/portal/CRMPortal/Consultas?portal:windowState=normal&portal:componentId=gtnc323725e-6efe-4037-9f93-1bc06edfa941&portal:resourceID=/org.rf.res/org/richfaces/ui.pack.js&portal:cacheLevel=PAGE&portal:type=resource&portal:portletMode=view, line 10431: unreachable code after return statement
JavaScript warning: http://10.69.60.123:8280/portal/CRMPortal/Consultas?portal:windowState=normal&portal:componentId=gtnc323725e-6efe-4037-9f93-1bc06edfa941&portal:resourceID=/org.rf.res/org/richfaces/ui.pack.js&portal:cacheLevel=PAGE&portal:type=resource&portal:portletMode=view, line 10431: unreachable code after return statement
JavaScript error: http://10.69.60.123:8280/portal/CRMPortal/Consultas, line 1: ReferenceError: setIframeListeners is not defined
JavaScript warning: http://10.69.60.123:8280/portal/CRMPortal/Postventa?portal:windowState=normal&portal:componentId=gtnf5a1f4f3-5ecc-4e4a-8654-6459a01c3953&portal:resourceID=/org.rf.res/org/richfaces/ui.pack.js&portal:cacheLevel=PAGE&portal:type=resource&portal:portletMode=view, line 10431: unreachable code after return statement
JavaScript warning: http://10.69.60.123:8280/portal/CRMPortal/Postventa?portal:windowState=normal&portal:componentId=gtnf5a1f4f3-5ecc-4e4a-8654-6459a01c3953&portal:resourceID=/org.rf.res/org/richfaces/ui.pack.js&portal:cacheLevel=PAGE&portal:type=resource&portal:portletMode=view, line 10431: unreachable code after return statement
JavaScript error: http://10.69.60.123:8280/portal/CRMPortal/Postventa, line 1: ReferenceError: setIframeListeners is not defined
JavaScript warning: http://10.69.60.119:8080/PostSale/a4j/g/3_3_3.Final/org/ajax4jsf/framework.pack.js, line 5514: unreachable code after return statement
JavaScript warning: http://10.69.60.119:8080/PostSale/a4j/g/3_3_3.Final/org/richfaces/ui.pack.js, line 12786: unreachable code after return statement
JavaScript warning: http://10.69.60.119:8080/PostSale/a4j/g/3_3_3.Final/org/richfaces/ui.pack.js, line 12786: unreachable code after return statement
JavaScript error: http://10.69.60.123:8280/portal/CRMPortal/Postventa, line 1: ReferenceError: setIframeListeners is not defined
JavaScript warning: http://10.69.60.119:8080/PostSale/a4j/g/3_3_3.Final/org/ajax4jsf/framework.pack.js, line 5514: unreachable code after return statement
JavaScript warning: http://10.69.60.119:8080/PostSale/a4j/g/3_3_3.Final/org/richfaces/ui.pack.js, line 12786: unreachable code after return statement
JavaScript warning: http://10.69.60.119:8080/PostSale/a4j/g/3_3_3.Final/org/richfaces/ui.pack.js, line 12786: unreachable code after return statement
JavaScript error: http://10.69.60.123:8280/portal/CRMPortal/Postventa, line 1: ReferenceError: setIframeListeners is not defined
JavaScript warning: http://10.69.60.119:8080/PostSale/a4j/g/3_3_3.Final/org/ajax4jsf/framework.pack.js, line 5514: unreachable code after return statement
JavaScript warning: http://10.69.60.119:8080/PostSale/a4j/g/3_3_3.Final/org/richfaces/ui.pack.js, line 12786: unreachable code after return statement
JavaScript warning: http://10.69.60.119:8080/PostSale/a4j/g/3_3_3.Final/org/richfaces/ui.pack.js, line 12786: unreachable code after return statement
JavaScript error: http://10.69.60.123:8280/portal/CRMPortal/Postventa, line 1: ReferenceError: setIframeListeners is not defined
1651084220983	Marionette	INFO	Stopped listening on port 49790
Extension error: [Exception... "Component not initialized"  nsresult: "0xc1f30001 (NS_ERROR_NOT_INITIALIZED)"  location: "JS frame :: moz-extension://2d5350c1-f40f-4128-9ec7-aee1bfa67390/main.js :: connect :: line 12066"  data: no] undefined 12066
[[Exception stack
connect@moz-extension://2d5350c1-f40f-4128-9ec7-aee1bfa67390/main.js:12066:23
onPortDisconnected@moz-extension://2d5350c1-f40f-4128-9ec7-aee1bfa67390/main.js:20316:30
makeConnection/channel<@moz-extension://2d5350c1-f40f-4128-9ec7-aee1bfa67390/main.js:20289:136
handleDisconnect@moz-extension://2d5350c1-f40f-4128-9ec7-aee1bfa67390/main.js:12172:14
connect/</<@moz-extension://2d5350c1-f40f-4128-9ec7-aee1bfa67390/main.js:12052:63
Current stack
applySafeWithoutClone@resource://gre/modules/ExtensionCommon.jsm:606:13
addListener/asyncWithoutClone/<@resource://gre/modules/ExtensionCommon.jsm:2443:39
]]

###!!! [Child][RunMessage] Error: Channel closing: too late to send/recv, messages will be lost


###!!! [Child][MessageChannel::SendAndWait] Error: Channel error: cannot send/recv

abr 27, 2022 1:30:22 PM org.openqa.selenium.remote.DesiredCapabilities firefox
INFORMACIÓN: Using `new FirefoxOptions()` is preferred to `DesiredCapabilities.firefox()`
abr 27, 2022 1:30:22 PM org.openqa.selenium.remote.DesiredCapabilities firefox
INFORMACIÓN: Using `new FirefoxOptions()` is preferred to `DesiredCapabilities.firefox()`
1651084223315	geckodriver	INFO	Listening on 127.0.0.1:1525
1651084223745	mozrunner::runner	INFO	Running command: "C:\\Program Files\\Mozilla Firefox\\firefox.exe" "--marionette" "-foreground" "-no-remote" "-profile" "C:\\Users\\nriosa\\AppData\\Local\\Temp\\rust_mozprofile59Y3iL"
1651084224616	addons.webextension.doh-rollout@mozilla.org	WARN	Loading extension 'doh-rollout@mozilla.org': Reading manifest: Invalid extension permission: networkStatus
1651084224644	addons.webextension.screenshots@mozilla.org	WARN	Loading extension 'screenshots@mozilla.org': Reading manifest: Invalid extension permission: mozillaAddons
1651084224644	addons.webextension.screenshots@mozilla.org	WARN	Loading extension 'screenshots@mozilla.org': Reading manifest: Invalid extension permission: telemetry
1651084224644	addons.webextension.screenshots@mozilla.org	WARN	Loading extension 'screenshots@mozilla.org': Reading manifest: Invalid extension permission: resource://pdf.js/
1651084224644	addons.webextension.screenshots@mozilla.org	WARN	Loading extension 'screenshots@mozilla.org': Reading manifest: Invalid extension permission: about:reader*
JavaScript error: resource://gre/modules/XULStore.jsm, line 66: Error: Can't find profile directory.
1651084226485	Marionette	INFO	Listening on port 49837
1651084226941	Marionette	WARN	TLS certificate errors will be ignored for this session
abr 27, 2022 1:30:26 PM org.openqa.selenium.remote.ProtocolHandshake createSession
INFORMACIÓN: Detected dialect: W3C
JavaScript error: http://10.69.60.123:8280/portal/scripts/3.8.16.Final-redhat-1/SHARED/bootstrap-min.js, line 7: Error: Script error for: SHARED/navigation
http://requirejs.org/docs/errors.html#scripterror
JavaScript error: http://10.69.60.123:8280/portal/scripts/3.8.16.Final-redhat-1/SHARED/bootstrap-min.js, line 7: Error: Script error for: SHARED/jquery
http://requirejs.org/docs/errors.html#scripterror
JavaScript error: http://10.69.60.123:8280/portal/scripts/3.8.16.Final-redhat-1/SHARED/bootstrap-min.js, line 7: Error: Script error for: SHARED/base
http://requirejs.org/docs/errors.html#scripterror
JavaScript warning: http://10.69.60.123:8280/portal/CRMPortal/Consultas?portal:windowState=normal&portal:componentId=gtnc323725e-6efe-4037-9f93-1bc06edfa941&portal:resourceID=/org.rf.res/org/richfaces/ui.pack.js&portal:cacheLevel=PAGE&portal:type=resource&portal:portletMode=view, line 10431: unreachable code after return statement
JavaScript warning: http://10.69.60.123:8280/portal/CRMPortal/Consultas?portal:windowState=normal&portal:componentId=gtnc323725e-6efe-4037-9f93-1bc06edfa941&portal:resourceID=/org.rf.res/org/richfaces/ui.pack.js&portal:cacheLevel=PAGE&portal:type=resource&portal:portletMode=view, line 10431: unreachable code after return statement
JavaScript error: http://10.69.60.123:8280/portal/CRMPortal/Consultas, line 1: ReferenceError: setIframeListeners is not defined
JavaScript warning: http://10.69.60.123:8280/portal/CRMPortal/Venta?portal:windowState=normal&portal:componentId=gtn1dfca009-52ed-45cd-a543-6660573bef81&portal:resourceID=/org.rf.res/org/richfaces/ui.pack.js&portal:cacheLevel=PAGE&portal:type=resource&portal:portletMode=view, line 10431: unreachable code after return statement
JavaScript warning: http://10.69.60.123:8280/portal/CRMPortal/Venta?portal:windowState=normal&portal:componentId=gtn1dfca009-52ed-45cd-a543-6660573bef81&portal:resourceID=/org.rf.res/org/richfaces/ui.pack.js&portal:cacheLevel=PAGE&portal:type=resource&portal:portletMode=view, line 10431: unreachable code after return statement
JavaScript error: http://10.69.60.123:8280/portal/CRMPortal/Venta, line 1: ReferenceError: setIframeListeners is not defined
JavaScript error: http://10.69.60.123:8280/portal/CRMPortal/Venta, line 1: ReferenceError: setIframeListeners is not defined
JavaScript error: http://10.69.60.123:8280/portal/CRMPortal/Venta, line 1: ReferenceError: setIframeListeners is not defined
1651084238507	Marionette	WARN	TimedPromise timed out after 500 ms: stacktrace:
bail@chrome://marionette/content/sync.js:237:64
JavaScript error: http://10.69.60.123:8280/portal/CRMPortal/Venta, line 1: ReferenceError: setIframeListeners is not defined
1651084307563	Marionette	INFO	Stopped listening on port 49837
Extension error: [Exception... "Component not initialized"  nsresult: "0xc1f30001 (NS_ERROR_NOT_INITIALIZED)"  location: "JS frame :: moz-extension://39bc73e6-011e-43e9-a4e5-770b96b3d100/main.js :: connect :: line 12066"  data: no] undefined 12066
[[Exception stack
connect@moz-extension://39bc73e6-011e-43e9-a4e5-770b96b3d100/main.js:12066:23
onPortDisconnected@moz-extension://39bc73e6-011e-43e9-a4e5-770b96b3d100/main.js:20316:30
makeConnection/channel<@moz-extension://39bc73e6-011e-43e9-a4e5-770b96b3d100/main.js:20289:136
handleDisconnect@moz-extension://39bc73e6-011e-43e9-a4e5-770b96b3d100/main.js:12172:14
connect/</<@moz-extension://39bc73e6-011e-43e9-a4e5-770b96b3d100/main.js:12052:63
Current stack
applySafeWithoutClone@resource://gre/modules/ExtensionCommon.jsm:606:13
addListener/asyncWithoutClone/<@resource://gre/modules/ExtensionCommon.jsm:2443:39
]]

###!!! [Child][RunMessage] Error: Channel closing: too late to send/recv, messages will be lost


###!!! [Child][MessageChannel::SendAndWait] Error: Channel error: cannot send/recv

abr 27, 2022 1:31:49 PM org.openqa.selenium.remote.DesiredCapabilities firefox
INFORMACIÓN: Using `new FirefoxOptions()` is preferred to `DesiredCapabilities.firefox()`
abr 27, 2022 1:31:49 PM org.openqa.selenium.remote.DesiredCapabilities firefox
INFORMACIÓN: Using `new FirefoxOptions()` is preferred to `DesiredCapabilities.firefox()`
1651084310179	geckodriver	INFO	Listening on 127.0.0.1:6107
1651084310588	mozrunner::runner	INFO	Running command: "C:\\Program Files\\Mozilla Firefox\\firefox.exe" "--marionette" "-foreground" "-no-remote" "-profile" "C:\\Users\\nriosa\\AppData\\Local\\Temp\\rust_mozprofile56SCev"
1651084311458	addons.webextension.doh-rollout@mozilla.org	WARN	Loading extension 'doh-rollout@mozilla.org': Reading manifest: Invalid extension permission: networkStatus
1651084311485	addons.webextension.screenshots@mozilla.org	WARN	Loading extension 'screenshots@mozilla.org': Reading manifest: Invalid extension permission: mozillaAddons
1651084311485	addons.webextension.screenshots@mozilla.org	WARN	Loading extension 'screenshots@mozilla.org': Reading manifest: Invalid extension permission: telemetry
1651084311485	addons.webextension.screenshots@mozilla.org	WARN	Loading extension 'screenshots@mozilla.org': Reading manifest: Invalid extension permission: resource://pdf.js/
1651084311485	addons.webextension.screenshots@mozilla.org	WARN	Loading extension 'screenshots@mozilla.org': Reading manifest: Invalid extension permission: about:reader*
JavaScript error: resource://gre/modules/XULStore.jsm, line 66: Error: Can't find profile directory.
1651084313366	Marionette	INFO	Listening on port 49887
1651084313796	Marionette	WARN	TLS certificate errors will be ignored for this session
abr 27, 2022 1:31:53 PM org.openqa.selenium.remote.ProtocolHandshake createSession
INFORMACIÓN: Detected dialect: W3C
JavaScript error: http://10.69.60.123:8280/portal/scripts/3.8.16.Final-redhat-1/SHARED/bootstrap-min.js, line 7: Error: Script error for: SHARED/jquery
http://requirejs.org/docs/errors.html#scripterror
JavaScript error: http://10.69.60.123:8280/portal/scripts/3.8.16.Final-redhat-1/SHARED/bootstrap-min.js, line 7: Error: Script error for: SHARED/navigation
http://requirejs.org/docs/errors.html#scripterror
JavaScript error: http://10.69.60.123:8280/portal/scripts/3.8.16.Final-redhat-1/SHARED/bootstrap-min.js, line 7: Error: Script error for: SHARED/base
http://requirejs.org/docs/errors.html#scripterror
JavaScript warning: http://10.69.60.123:8280/portal/CRMPortal/Consultas?portal:windowState=normal&portal:componentId=gtnc323725e-6efe-4037-9f93-1bc06edfa941&portal:resourceID=/org.rf.res/org/richfaces/ui.pack.js&portal:cacheLevel=PAGE&portal:type=resource&portal:portletMode=view, line 10431: unreachable code after return statement
JavaScript warning: http://10.69.60.123:8280/portal/CRMPortal/Consultas?portal:windowState=normal&portal:componentId=gtnc323725e-6efe-4037-9f93-1bc06edfa941&portal:resourceID=/org.rf.res/org/richfaces/ui.pack.js&portal:cacheLevel=PAGE&portal:type=resource&portal:portletMode=view, line 10431: unreachable code after return statement
JavaScript error: http://10.69.60.123:8280/portal/CRMPortal/Consultas, line 1: ReferenceError: setIframeListeners is not defined
JavaScript warning: http://10.69.60.123:8280/portal/CRMPortal/Postventa?portal:windowState=normal&portal:componentId=gtnf5a1f4f3-5ecc-4e4a-8654-6459a01c3953&portal:resourceID=/org.rf.res/org/richfaces/ui.pack.js&portal:cacheLevel=PAGE&portal:type=resource&portal:portletMode=view, line 10431: unreachable code after return statement
JavaScript warning: http://10.69.60.123:8280/portal/CRMPortal/Postventa?portal:windowState=normal&portal:componentId=gtnf5a1f4f3-5ecc-4e4a-8654-6459a01c3953&portal:resourceID=/org.rf.res/org/richfaces/ui.pack.js&portal:cacheLevel=PAGE&portal:type=resource&portal:portletMode=view, line 10431: unreachable code after return statement
JavaScript error: http://10.69.60.123:8280/portal/CRMPortal/Postventa, line 1: ReferenceError: setIframeListeners is not defined
JavaScript warning: http://10.69.60.119:8080/PostSale/a4j/g/3_3_3.Final/org/ajax4jsf/framework.pack.js, line 5514: unreachable code after return statement
JavaScript warning: http://10.69.60.119:8080/PostSale/a4j/g/3_3_3.Final/org/richfaces/ui.pack.js, line 12786: unreachable code after return statement
JavaScript warning: http://10.69.60.119:8080/PostSale/a4j/g/3_3_3.Final/org/richfaces/ui.pack.js, line 12786: unreachable code after return statement
JavaScript error: http://10.69.60.123:8280/portal/CRMPortal/Postventa, line 1: ReferenceError: setIframeListeners is not defined
1651084326100	Marionette	WARN	TimedPromise timed out after 500 ms: stacktrace:
bail@chrome://marionette/content/sync.js:237:64
1651084333511	Marionette	WARN	TimedPromise timed out after 500 ms: stacktrace:
bail@chrome://marionette/content/sync.js:237:64
openRemotePrompt@resource://gre/modules/Prompter.jsm:619:17
openPrompt@resource://gre/modules/Prompter.jsm:679:23
confirm@resource://gre/modules/Prompter.jsm:771:10
onclick@http://10.69.60.119:8080/PostSale/planChangePre.seam?token=emIcwTDw4%2FQmwTnli5T%2F99Tl1INtBHLm5u%2FDOKRy7Ku0P7YfLzkSpUwlHbjoEbYQIdvsmEj%2BQveWO8iOb16a%2Fw%3D%3D:1:5
event.synthesizeMouseAtPoint@chrome://marionette/content/event.js:213:14
webdriverClickElement@chrome://marionette/content/interaction.js:183:11
JavaScript warning: http://10.69.60.123:8280/portal/CRMPortal/Consultas?portal:windowState=normal&portal:componentId=gtnc323725e-6efe-4037-9f93-1bc06edfa941&portal:resourceID=/org.rf.res/org/richfaces/ui.pack.js&portal:cacheLevel=PAGE&portal:type=resource&portal:portletMode=view, line 10431: unreachable code after return statement
JavaScript warning: http://10.69.60.123:8280/portal/CRMPortal/Consultas?portal:windowState=normal&portal:componentId=gtnc323725e-6efe-4037-9f93-1bc06edfa941&portal:resourceID=/org.rf.res/org/richfaces/ui.pack.js&portal:cacheLevel=PAGE&portal:type=resource&portal:portletMode=view, line 10431: unreachable code after return statement
JavaScript error: http://10.69.60.123:8280/portal/CRMPortal/Consultas, line 1: ReferenceError: setIframeListeners is not defined
JavaScript error: http://10.69.60.123:8280/portal/CRMPortal/Consultas, line 1: ReferenceError: setIframeListeners is not defined
1651084356199	Marionette	INFO	Stopped listening on port 49887
Extension error: [Exception... "Component not initialized"  nsresult: "0xc1f30001 (NS_ERROR_NOT_INITIALIZED)"  location: "JS frame :: moz-extension://4b64b9d5-7ee8-47d2-b19e-9a11d3166135/main.js :: connect :: line 12066"  data: no] undefined 12066
[[Exception stack
connect@moz-extension://4b64b9d5-7ee8-47d2-b19e-9a11d3166135/main.js:12066:23
onPortDisconnected@moz-extension://4b64b9d5-7ee8-47d2-b19e-9a11d3166135/main.js:20316:30
makeConnection/channel<@moz-extension://4b64b9d5-7ee8-47d2-b19e-9a11d3166135/main.js:20289:136
handleDisconnect@moz-extension://4b64b9d5-7ee8-47d2-b19e-9a11d3166135/main.js:12172:14
connect/</<@moz-extension://4b64b9d5-7ee8-47d2-b19e-9a11d3166135/main.js:12052:63
Current stack
applySafeWithoutClone@resource://gre/modules/ExtensionCommon.jsm:606:13
addListener/asyncWithoutClone/<@resource://gre/modules/ExtensionCommon.jsm:2443:39
]]

###!!! [Child][RunMessage] Error: Channel closing: too late to send/recv, messages will be lost

abr 27, 2022 1:32:38 PM org.openqa.selenium.remote.DesiredCapabilities firefox
INFORMACIÓN: Using `new FirefoxOptions()` is preferred to `DesiredCapabilities.firefox()`
abr 27, 2022 1:32:38 PM org.openqa.selenium.remote.DesiredCapabilities firefox
INFORMACIÓN: Using `new FirefoxOptions()` is preferred to `DesiredCapabilities.firefox()`
1651084358752	geckodriver	INFO	Listening on 127.0.0.1:19786
1651084359181	mozrunner::runner	INFO	Running command: "C:\\Program Files\\Mozilla Firefox\\firefox.exe" "--marionette" "-foreground" "-no-remote" "-profile" "C:\\Users\\nriosa\\AppData\\Local\\Temp\\rust_mozprofilePeaHlg"
1651084360033	addons.webextension.doh-rollout@mozilla.org	WARN	Loading extension 'doh-rollout@mozilla.org': Reading manifest: Invalid extension permission: networkStatus
1651084360058	addons.webextension.screenshots@mozilla.org	WARN	Loading extension 'screenshots@mozilla.org': Reading manifest: Invalid extension permission: mozillaAddons
1651084360059	addons.webextension.screenshots@mozilla.org	WARN	Loading extension 'screenshots@mozilla.org': Reading manifest: Invalid extension permission: telemetry
1651084360059	addons.webextension.screenshots@mozilla.org	WARN	Loading extension 'screenshots@mozilla.org': Reading manifest: Invalid extension permission: resource://pdf.js/
1651084360059	addons.webextension.screenshots@mozilla.org	WARN	Loading extension 'screenshots@mozilla.org': Reading manifest: Invalid extension permission: about:reader*
JavaScript error: resource://gre/modules/XULStore.jsm, line 66: Error: Can't find profile directory.
1651084361932	Marionette	INFO	Listening on port 49939
1651084362364	Marionette	WARN	TLS certificate errors will be ignored for this session
abr 27, 2022 1:32:42 PM org.openqa.selenium.remote.ProtocolHandshake createSession
INFORMACIÓN: Detected dialect: W3C
JavaScript error: http://10.69.60.123:8280/portal/scripts/3.8.16.Final-redhat-1/SHARED/bootstrap-min.js, line 7: Error: Script error for: SHARED/navigation
http://requirejs.org/docs/errors.html#scripterror
JavaScript error: http://10.69.60.123:8280/portal/scripts/3.8.16.Final-redhat-1/SHARED/bootstrap-min.js, line 7: Error: Script error for: SHARED/base
http://requirejs.org/docs/errors.html#scripterror
JavaScript error: http://10.69.60.123:8280/portal/scripts/3.8.16.Final-redhat-1/SHARED/bootstrap-min.js, line 7: Error: Script error for: SHARED/jquery
http://requirejs.org/docs/errors.html#scripterror
JavaScript warning: http://10.69.60.123:8280/portal/CRMPortal/Consultas?portal:windowState=normal&portal:componentId=gtnc323725e-6efe-4037-9f93-1bc06edfa941&portal:resourceID=/org.rf.res/org/richfaces/ui.pack.js&portal:cacheLevel=PAGE&portal:type=resource&portal:portletMode=view, line 10431: unreachable code after return statement
JavaScript warning: http://10.69.60.123:8280/portal/CRMPortal/Consultas?portal:windowState=normal&portal:componentId=gtnc323725e-6efe-4037-9f93-1bc06edfa941&portal:resourceID=/org.rf.res/org/richfaces/ui.pack.js&portal:cacheLevel=PAGE&portal:type=resource&portal:portletMode=view, line 10431: unreachable code after return statement
JavaScript error: http://10.69.60.123:8280/portal/CRMPortal/Consultas, line 1: ReferenceError: setIframeListeners is not defined
JavaScript warning: http://10.69.60.123:8280/portal/CRMPortal/Postventa?portal:windowState=normal&portal:componentId=gtnf5a1f4f3-5ecc-4e4a-8654-6459a01c3953&portal:resourceID=/org.rf.res/org/richfaces/ui.pack.js&portal:cacheLevel=PAGE&portal:type=resource&portal:portletMode=view, line 10431: unreachable code after return statement
JavaScript warning: http://10.69.60.123:8280/portal/CRMPortal/Postventa?portal:windowState=normal&portal:componentId=gtnf5a1f4f3-5ecc-4e4a-8654-6459a01c3953&portal:resourceID=/org.rf.res/org/richfaces/ui.pack.js&portal:cacheLevel=PAGE&portal:type=resource&portal:portletMode=view, line 10431: unreachable code after return statement
JavaScript error: http://10.69.60.123:8280/portal/CRMPortal/Postventa, line 1: ReferenceError: setIframeListeners is not defined
JavaScript warning: http://10.69.60.119:8080/PostSale/a4j/g/3_3_3.Final/org/ajax4jsf/framework.pack.js, line 5514: unreachable code after return statement
JavaScript warning: http://10.69.60.119:8080/PostSale/a4j/g/3_3_3.Final/org/richfaces/ui.pack.js, line 12786: unreachable code after return statement
JavaScript warning: http://10.69.60.119:8080/PostSale/a4j/g/3_3_3.Final/org/richfaces/ui.pack.js, line 12786: unreachable code after return statement
JavaScript error: http://10.69.60.123:8280/portal/CRMPortal/Postventa, line 1: ReferenceError: setIframeListeners is not defined
JavaScript error: http://10.69.60.119:8080/PostSale/planChangeNew.seam?token=emIcwTDw4%2FQmwTnli5T%2F99Tl1INtBHLm5u%2FDOKRy7KuQ4vO5LhY8jsHXOjpzaWIWIdvsmEj%2BQveWO8iOb16a%2Fw%3D%3D, line 50: TypeError: ePosIdObj is null
1651084437574	Marionette	INFO	Stopped listening on port 49939
Extension error: [Exception... "Component not initialized"  nsresult: "0xc1f30001 (NS_ERROR_NOT_INITIALIZED)"  location: "JS frame :: moz-extension://4e9c5703-c35f-46fc-98d8-706432f8b4d5/main.js :: connect :: line 12066"  data: no] undefined 12066
[[Exception stack
connect@moz-extension://4e9c5703-c35f-46fc-98d8-706432f8b4d5/main.js:12066:23
onPortDisconnected@moz-extension://4e9c5703-c35f-46fc-98d8-706432f8b4d5/main.js:20316:30
makeConnection/channel<@moz-extension://4e9c5703-c35f-46fc-98d8-706432f8b4d5/main.js:20289:136
handleDisconnect@moz-extension://4e9c5703-c35f-46fc-98d8-706432f8b4d5/main.js:12172:14
connect/</<@moz-extension://4e9c5703-c35f-46fc-98d8-706432f8b4d5/main.js:12052:63
Current stack
applySafeWithoutClone@resource://gre/modules/ExtensionCommon.jsm:606:13
addListener/asyncWithoutClone/<@resource://gre/modules/ExtensionCommon.jsm:2443:39
]]

###!!! [Child][RunMessage] Error: Channel closing: too late to send/recv, messages will be lost


###!!! [Child][MessageChannel::SendAndWait] Error: Channel error: cannot send/recv

abr 27, 2022 1:33:59 PM org.openqa.selenium.remote.DesiredCapabilities firefox
INFORMACIÓN: Using `new FirefoxOptions()` is preferred to `DesiredCapabilities.firefox()`
abr 27, 2022 1:33:59 PM org.openqa.selenium.remote.DesiredCapabilities firefox
INFORMACIÓN: Using `new FirefoxOptions()` is preferred to `DesiredCapabilities.firefox()`
1651084439784	geckodriver	INFO	Listening on 127.0.0.1:46431
1651084440220	mozrunner::runner	INFO	Running command: "C:\\Program Files\\Mozilla Firefox\\firefox.exe" "--marionette" "-foreground" "-no-remote" "-profile" "C:\\Users\\nriosa\\AppData\\Local\\Temp\\rust_mozprofilePwyadC"
1651084441071	addons.webextension.doh-rollout@mozilla.org	WARN	Loading extension 'doh-rollout@mozilla.org': Reading manifest: Invalid extension permission: networkStatus
1651084441098	addons.webextension.screenshots@mozilla.org	WARN	Loading extension 'screenshots@mozilla.org': Reading manifest: Invalid extension permission: mozillaAddons
1651084441098	addons.webextension.screenshots@mozilla.org	WARN	Loading extension 'screenshots@mozilla.org': Reading manifest: Invalid extension permission: telemetry
1651084441098	addons.webextension.screenshots@mozilla.org	WARN	Loading extension 'screenshots@mozilla.org': Reading manifest: Invalid extension permission: resource://pdf.js/
1651084441098	addons.webextension.screenshots@mozilla.org	WARN	Loading extension 'screenshots@mozilla.org': Reading manifest: Invalid extension permission: about:reader*
JavaScript error: resource://gre/modules/XULStore.jsm, line 66: Error: Can't find profile directory.
1651084442951	Marionette	INFO	Listening on port 49982
1651084443426	Marionette	WARN	TLS certificate errors will be ignored for this session
abr 27, 2022 1:34:03 PM org.openqa.selenium.remote.ProtocolHandshake createSession
INFORMACIÓN: Detected dialect: W3C
JavaScript error: http://10.69.60.123:8280/portal/scripts/3.8.16.Final-redhat-1/SHARED/bootstrap-min.js, line 7: Error: Script error for: SHARED/navigation
http://requirejs.org/docs/errors.html#scripterror
JavaScript error: http://10.69.60.123:8280/portal/scripts/3.8.16.Final-redhat-1/SHARED/bootstrap-min.js, line 7: Error: Script error for: SHARED/base
http://requirejs.org/docs/errors.html#scripterror
JavaScript error: http://10.69.60.123:8280/portal/scripts/3.8.16.Final-redhat-1/SHARED/bootstrap-min.js, line 7: Error: Script error for: SHARED/jquery
http://requirejs.org/docs/errors.html#scripterror
JavaScript warning: http://10.69.60.123:8280/portal/CRMPortal/Consultas?portal:windowState=normal&portal:componentId=gtnc323725e-6efe-4037-9f93-1bc06edfa941&portal:resourceID=/org.rf.res/org/richfaces/ui.pack.js&portal:cacheLevel=PAGE&portal:type=resource&portal:portletMode=view, line 10431: unreachable code after return statement
JavaScript warning: http://10.69.60.123:8280/portal/CRMPortal/Consultas?portal:windowState=normal&portal:componentId=gtnc323725e-6efe-4037-9f93-1bc06edfa941&portal:resourceID=/org.rf.res/org/richfaces/ui.pack.js&portal:cacheLevel=PAGE&portal:type=resource&portal:portletMode=view, line 10431: unreachable code after return statement
JavaScript error: http://10.69.60.123:8280/portal/CRMPortal/Consultas, line 1: ReferenceError: setIframeListeners is not defined
JavaScript warning: http://10.69.60.123:8280/portal/CRMPortal/Consultas?portal:windowState=normal&portal:componentId=gtnc323725e-6efe-4037-9f93-1bc06edfa941&portal:resourceID=/org.rf.res/org/richfaces/ui.pack.js&portal:cacheLevel=PAGE&portal:type=resource&portal:portletMode=view, line 10431: unreachable code after return statement
JavaScript warning: http://10.69.60.123:8280/portal/CRMPortal/Consultas?portal:windowState=normal&portal:componentId=gtnc323725e-6efe-4037-9f93-1bc06edfa941&portal:resourceID=/org.rf.res/org/richfaces/ui.pack.js&portal:cacheLevel=PAGE&portal:type=resource&portal:portletMode=view, line 10431: unreachable code after return statement
JavaScript error: http://10.69.60.123:8280/portal/CRMPortal/Consultas, line 1: ReferenceError: setIframeListeners is not defined
JavaScript error: http://10.69.60.123:8280/portal/CRMPortal/Consultas, line 1: ReferenceError: setIframeListeners is not defined
JavaScript warning: http://10.69.60.123:8280/portal/CRMPortal/Postventa?portal:windowState=normal&portal:componentId=gtnf5a1f4f3-5ecc-4e4a-8654-6459a01c3953&portal:resourceID=/org.rf.res/org/richfaces/ui.pack.js&portal:cacheLevel=PAGE&portal:type=resource&portal:portletMode=view, line 10431: unreachable code after return statement
JavaScript warning: http://10.69.60.123:8280/portal/CRMPortal/Postventa?portal:windowState=normal&portal:componentId=gtnf5a1f4f3-5ecc-4e4a-8654-6459a01c3953&portal:resourceID=/org.rf.res/org/richfaces/ui.pack.js&portal:cacheLevel=PAGE&portal:type=resource&portal:portletMode=view, line 10431: unreachable code after return statement
JavaScript error: http://10.69.60.123:8280/portal/CRMPortal/Postventa, line 1: ReferenceError: setIframeListeners is not defined
JavaScript warning: http://10.69.60.117:8280/PostSale/a4j/g/3_3_3.Final/org/ajax4jsf/framework.pack.js.page, line 5514: unreachable code after return statement
JavaScript warning: http://10.69.60.117:8280/PostSale/a4j/g/3_3_3.Final/org/richfaces/ui.pack.js.page, line 12786: unreachable code after return statement
JavaScript warning: http://10.69.60.117:8280/PostSale/a4j/g/3_3_3.Final/org/richfaces/ui.pack.js.page, line 12786: unreachable code after return statement
JavaScript error: http://10.69.60.123:8280/portal/CRMPortal/Postventa, line 1: ReferenceError: setIframeListeners is not defined
1651084516885	Marionette	INFO	Stopped listening on port 49982
Extension error: [Exception... "Component not initialized"  nsresult: "0xc1f30001 (NS_ERROR_NOT_INITIALIZED)"  location: "JS frame :: moz-extension://7c8bb8ab-b115-4c5c-9e5b-93eb9b712e03/main.js :: connect :: line 12066"  data: no] undefined 12066
[[Exception stack
connect@moz-extension://7c8bb8ab-b115-4c5c-9e5b-93eb9b712e03/main.js:12066:23
onPortDisconnected@moz-extension://7c8bb8ab-b115-4c5c-9e5b-93eb9b712e03/main.js:20316:30
makeConnection/channel<@moz-extension://7c8bb8ab-b115-4c5c-9e5b-93eb9b712e03/main.js:20289:136
handleDisconnect@moz-extension://7c8bb8ab-b115-4c5c-9e5b-93eb9b712e03/main.js:12172:14
connect/</<@moz-extension://7c8bb8ab-b115-4c5c-9e5b-93eb9b712e03/main.js:12052:63
Current stack
applySafeWithoutClone@resource://gre/modules/ExtensionCommon.jsm:606:13
addListener/asyncWithoutClone/<@resource://gre/modules/ExtensionCommon.jsm:2443:39
]]

###!!! [Child][RunMessage] Error: Channel closing: too late to send/recv, messages will be lost


###!!! [Child][MessageChannel::SendAndWait] Error: Channel error: cannot send/recv

abr 27, 2022 1:35:18 PM org.openqa.selenium.remote.DesiredCapabilities firefox
INFORMACIÓN: Using `new FirefoxOptions()` is preferred to `DesiredCapabilities.firefox()`
abr 27, 2022 1:35:18 PM org.openqa.selenium.remote.DesiredCapabilities firefox
INFORMACIÓN: Using `new FirefoxOptions()` is preferred to `DesiredCapabilities.firefox()`
1651084519290	geckodriver	INFO	Listening on 127.0.0.1:43045
1651084519712	mozrunner::runner	INFO	Running command: "C:\\Program Files\\Mozilla Firefox\\firefox.exe" "--marionette" "-foreground" "-no-remote" "-profile" "C:\\Users\\nriosa\\AppData\\Local\\Temp\\rust_mozprofilergKg7n"
1651084520587	addons.webextension.doh-rollout@mozilla.org	WARN	Loading extension 'doh-rollout@mozilla.org': Reading manifest: Invalid extension permission: networkStatus
1651084520614	addons.webextension.screenshots@mozilla.org	WARN	Loading extension 'screenshots@mozilla.org': Reading manifest: Invalid extension permission: mozillaAddons
1651084520614	addons.webextension.screenshots@mozilla.org	WARN	Loading extension 'screenshots@mozilla.org': Reading manifest: Invalid extension permission: telemetry
1651084520614	addons.webextension.screenshots@mozilla.org	WARN	Loading extension 'screenshots@mozilla.org': Reading manifest: Invalid extension permission: resource://pdf.js/
1651084520615	addons.webextension.screenshots@mozilla.org	WARN	Loading extension 'screenshots@mozilla.org': Reading manifest: Invalid extension permission: about:reader*
JavaScript error: resource://gre/modules/XULStore.jsm, line 66: Error: Can't find profile directory.
1651084522668	Marionette	INFO	Listening on port 50034
1651084523107	Marionette	WARN	TLS certificate errors will be ignored for this session
abr 27, 2022 1:35:23 PM org.openqa.selenium.remote.ProtocolHandshake createSession
INFORMACIÓN: Detected dialect: W3C
JavaScript error: http://10.69.60.123:8280/portal/scripts/3.8.16.Final-redhat-1/SHARED/bootstrap-min.js, line 7: Error: Script error for: SHARED/navigation
http://requirejs.org/docs/errors.html#scripterror
JavaScript error: http://10.69.60.123:8280/portal/scripts/3.8.16.Final-redhat-1/SHARED/bootstrap-min.js, line 7: Error: Script error for: SHARED/base
http://requirejs.org/docs/errors.html#scripterror
JavaScript error: http://10.69.60.123:8280/portal/scripts/3.8.16.Final-redhat-1/SHARED/bootstrap-min.js, line 7: Error: Script error for: SHARED/jquery
http://requirejs.org/docs/errors.html#scripterror
JavaScript warning: http://10.69.60.123:8280/portal/CRMPortal/Consultas?portal:windowState=normal&portal:componentId=gtnc323725e-6efe-4037-9f93-1bc06edfa941&portal:resourceID=/org.rf.res/org/richfaces/ui.pack.js&portal:cacheLevel=PAGE&portal:type=resource&portal:portletMode=view, line 10431: unreachable code after return statement
JavaScript warning: http://10.69.60.123:8280/portal/CRMPortal/Consultas?portal:windowState=normal&portal:componentId=gtnc323725e-6efe-4037-9f93-1bc06edfa941&portal:resourceID=/org.rf.res/org/richfaces/ui.pack.js&portal:cacheLevel=PAGE&portal:type=resource&portal:portletMode=view, line 10431: unreachable code after return statement
JavaScript error: http://10.69.60.123:8280/portal/CRMPortal/Consultas, line 1: ReferenceError: setIframeListeners is not defined
JavaScript warning: http://10.69.60.123:8280/portal/CRMPortal/Consultas?portal:windowState=normal&portal:componentId=gtnc323725e-6efe-4037-9f93-1bc06edfa941&portal:resourceID=/org.rf.res/org/richfaces/ui.pack.js&portal:cacheLevel=PAGE&portal:type=resource&portal:portletMode=view, line 10431: unreachable code after return statement
JavaScript warning: http://10.69.60.123:8280/portal/CRMPortal/Consultas?portal:windowState=normal&portal:componentId=gtnc323725e-6efe-4037-9f93-1bc06edfa941&portal:resourceID=/org.rf.res/org/richfaces/ui.pack.js&portal:cacheLevel=PAGE&portal:type=resource&portal:portletMode=view, line 10431: unreachable code after return statement
JavaScript error: http://10.69.60.123:8280/portal/CRMPortal/Consultas, line 1: ReferenceError: setIframeListeners is not defined
JavaScript error: http://10.69.60.123:8280/portal/CRMPortal/Consultas, line 1: ReferenceError: setIframeListeners is not defined
JavaScript warning: http://10.69.60.123:8280/portal/CRMPortal/Postventa?portal:windowState=normal&portal:componentId=gtnf5a1f4f3-5ecc-4e4a-8654-6459a01c3953&portal:resourceID=/org.rf.res/org/richfaces/ui.pack.js&portal:cacheLevel=PAGE&portal:type=resource&portal:portletMode=view, line 10431: unreachable code after return statement
JavaScript warning: http://10.69.60.123:8280/portal/CRMPortal/Postventa?portal:windowState=normal&portal:componentId=gtnf5a1f4f3-5ecc-4e4a-8654-6459a01c3953&portal:resourceID=/org.rf.res/org/richfaces/ui.pack.js&portal:cacheLevel=PAGE&portal:type=resource&portal:portletMode=view, line 10431: unreachable code after return statement
JavaScript error: http://10.69.60.123:8280/portal/CRMPortal/Postventa, line 1: ReferenceError: setIframeListeners is not defined
JavaScript warning: http://10.69.60.117:8280/PostSale/a4j/g/3_3_3.Final/org/ajax4jsf/framework.pack.js.page, line 5514: unreachable code after return statement
JavaScript warning: http://10.69.60.117:8280/PostSale/a4j/g/3_3_3.Final/org/richfaces/ui.pack.js.page, line 12786: unreachable code after return statement
JavaScript warning: http://10.69.60.117:8280/PostSale/a4j/g/3_3_3.Final/org/richfaces/ui.pack.js.page, line 12786: unreachable code after return statement
JavaScript error: http://10.69.60.123:8280/portal/CRMPortal/Postventa, line 1: ReferenceError: setIframeListeners is not defined
JavaScript warning: http://10.69.60.123:8280/portal/CRMPortal/Consultas?portal:windowState=normal&portal:componentId=gtnc323725e-6efe-4037-9f93-1bc06edfa941&portal:resourceID=/org.rf.res/org/richfaces/ui.pack.js&portal:cacheLevel=PAGE&portal:type=resource&portal:portletMode=view, line 10431: unreachable code after return statement
JavaScript warning: http://10.69.60.123:8280/portal/CRMPortal/Consultas?portal:windowState=normal&portal:componentId=gtnc323725e-6efe-4037-9f93-1bc06edfa941&portal:resourceID=/org.rf.res/org/richfaces/ui.pack.js&portal:cacheLevel=PAGE&portal:type=resource&portal:portletMode=view, line 10431: unreachable code after return statement
JavaScript error: http://10.69.60.123:8280/portal/CRMPortal/Consultas, line 1: ReferenceError: setIframeListeners is not defined
1651084564398	Marionette	INFO	Stopped listening on port 50034
Extension error: [Exception... "Component not initialized"  nsresult: "0xc1f30001 (NS_ERROR_NOT_INITIALIZED)"  location: "JS frame :: moz-extension://4ba005ab-b560-424e-8cdf-c4937decaa5a/main.js :: connect :: line 12066"  data: no] undefined 12066
[[Exception stack
connect@moz-extension://4ba005ab-b560-424e-8cdf-c4937decaa5a/main.js:12066:23
onPortDisconnected@moz-extension://4ba005ab-b560-424e-8cdf-c4937decaa5a/main.js:20316:30
makeConnection/channel<@moz-extension://4ba005ab-b560-424e-8cdf-c4937decaa5a/main.js:20289:136
handleDisconnect@moz-extension://4ba005ab-b560-424e-8cdf-c4937decaa5a/main.js:12172:14
connect/</<@moz-extension://4ba005ab-b560-424e-8cdf-c4937decaa5a/main.js:12052:63
Current stack
applySafeWithoutClone@resource://gre/modules/ExtensionCommon.jsm:606:13
addListener/asyncWithoutClone/<@resource://gre/modules/ExtensionCommon.jsm:2443:39
]]

###!!! [Child][RunMessage] Error: Channel closing: too late to send/recv, messages will be lost


###!!! [Child][MessageChannel::SendAndWait] Error: Channel error: cannot send/recv

abr 27, 2022 1:36:06 PM org.openqa.selenium.remote.DesiredCapabilities firefox
INFORMACIÓN: Using `new FirefoxOptions()` is preferred to `DesiredCapabilities.firefox()`
abr 27, 2022 1:36:06 PM org.openqa.selenium.remote.DesiredCapabilities firefox
INFORMACIÓN: Using `new FirefoxOptions()` is preferred to `DesiredCapabilities.firefox()`
1651084566952	geckodriver	INFO	Listening on 127.0.0.1:41471
1651084567394	mozrunner::runner	INFO	Running command: "C:\\Program Files\\Mozilla Firefox\\firefox.exe" "--marionette" "-foreground" "-no-remote" "-profile" "C:\\Users\\nriosa\\AppData\\Local\\Temp\\rust_mozprofileTWtFxN"
1651084568282	addons.webextension.doh-rollout@mozilla.org	WARN	Loading extension 'doh-rollout@mozilla.org': Reading manifest: Invalid extension permission: networkStatus
1651084568309	addons.webextension.screenshots@mozilla.org	WARN	Loading extension 'screenshots@mozilla.org': Reading manifest: Invalid extension permission: mozillaAddons
1651084568309	addons.webextension.screenshots@mozilla.org	WARN	Loading extension 'screenshots@mozilla.org': Reading manifest: Invalid extension permission: telemetry
1651084568309	addons.webextension.screenshots@mozilla.org	WARN	Loading extension 'screenshots@mozilla.org': Reading manifest: Invalid extension permission: resource://pdf.js/
1651084568309	addons.webextension.screenshots@mozilla.org	WARN	Loading extension 'screenshots@mozilla.org': Reading manifest: Invalid extension permission: about:reader*
JavaScript error: resource://gre/modules/XULStore.jsm, line 66: Error: Can't find profile directory.
1651084570175	Marionette	INFO	Listening on port 50091
1651084570610	Marionette	WARN	TLS certificate errors will be ignored for this session
abr 27, 2022 1:36:10 PM org.openqa.selenium.remote.ProtocolHandshake createSession
INFORMACIÓN: Detected dialect: W3C
JavaScript error: http://10.69.60.123:8280/portal/scripts/3.8.16.Final-redhat-1/SHARED/bootstrap-min.js, line 7: Error: Script error for: SHARED/base
http://requirejs.org/docs/errors.html#scripterror
JavaScript error: http://10.69.60.123:8280/portal/scripts/3.8.16.Final-redhat-1/SHARED/bootstrap-min.js, line 7: Error: Script error for: SHARED/jquery
http://requirejs.org/docs/errors.html#scripterror
JavaScript error: http://10.69.60.123:8280/portal/scripts/3.8.16.Final-redhat-1/SHARED/bootstrap-min.js, line 7: Error: Script error for: SHARED/navigation
http://requirejs.org/docs/errors.html#scripterror
JavaScript warning: http://10.69.60.123:8280/portal/CRMPortal/Consultas?portal:windowState=normal&portal:componentId=gtnc323725e-6efe-4037-9f93-1bc06edfa941&portal:resourceID=/org.rf.res/org/richfaces/ui.pack.js&portal:cacheLevel=PAGE&portal:type=resource&portal:portletMode=view, line 10431: unreachable code after return statement
JavaScript warning: http://10.69.60.123:8280/portal/CRMPortal/Consultas?portal:windowState=normal&portal:componentId=gtnc323725e-6efe-4037-9f93-1bc06edfa941&portal:resourceID=/org.rf.res/org/richfaces/ui.pack.js&portal:cacheLevel=PAGE&portal:type=resource&portal:portletMode=view, line 10431: unreachable code after return statement
JavaScript error: http://10.69.60.123:8280/portal/CRMPortal/Consultas, line 1: ReferenceError: setIframeListeners is not defined
JavaScript warning: http://10.69.60.123:8280/portal/CRMPortal/Consultas?portal:windowState=normal&portal:componentId=gtnc323725e-6efe-4037-9f93-1bc06edfa941&portal:resourceID=/org.rf.res/org/richfaces/ui.pack.js&portal:cacheLevel=PAGE&portal:type=resource&portal:portletMode=view, line 10431: unreachable code after return statement
JavaScript warning: http://10.69.60.123:8280/portal/CRMPortal/Consultas?portal:windowState=normal&portal:componentId=gtnc323725e-6efe-4037-9f93-1bc06edfa941&portal:resourceID=/org.rf.res/org/richfaces/ui.pack.js&portal:cacheLevel=PAGE&portal:type=resource&portal:portletMode=view, line 10431: unreachable code after return statement
JavaScript error: http://10.69.60.123:8280/portal/CRMPortal/Consultas, line 1: ReferenceError: setIframeListeners is not defined
JavaScript error: http://10.69.60.123:8280/portal/CRMPortal/Consultas, line 1: ReferenceError: setIframeListeners is not defined
JavaScript warning: http://10.69.60.123:8280/portal/CRMPortal/Preventa?portal:windowState=normal&portal:componentId=gtnac4fa497-8304-4e12-8e75-0ee02636d5e8&portal:resourceID=/org.rf.res/org/richfaces/ui.pack.js&portal:cacheLevel=PAGE&portal:type=resource&portal:portletMode=view, line 10431: unreachable code after return statement
JavaScript warning: http://10.69.60.123:8280/portal/CRMPortal/Preventa?portal:windowState=normal&portal:componentId=gtnac4fa497-8304-4e12-8e75-0ee02636d5e8&portal:resourceID=/org.rf.res/org/richfaces/ui.pack.js&portal:cacheLevel=PAGE&portal:type=resource&portal:portletMode=view, line 10431: unreachable code after return statement
JavaScript error: http://10.69.60.123:8280/portal/CRMPortal/Preventa, line 1: ReferenceError: setIframeListeners is not defined
1651084634924	Marionette	INFO	Stopped listening on port 50091
Extension error: [Exception... "Component not initialized"  nsresult: "0xc1f30001 (NS_ERROR_NOT_INITIALIZED)"  location: "JS frame :: moz-extension://7d08cd1c-c52b-449f-845e-e1b28aa34263/main.js :: connect :: line 12066"  data: no] undefined 12066
[[Exception stack
connect@moz-extension://7d08cd1c-c52b-449f-845e-e1b28aa34263/main.js:12066:23
onPortDisconnected@moz-extension://7d08cd1c-c52b-449f-845e-e1b28aa34263/main.js:20316:30
makeConnection/channel<@moz-extension://7d08cd1c-c52b-449f-845e-e1b28aa34263/main.js:20289:136
handleDisconnect@moz-extension://7d08cd1c-c52b-449f-845e-e1b28aa34263/main.js:12172:14
connect/</<@moz-extension://7d08cd1c-c52b-449f-845e-e1b28aa34263/main.js:12052:63
Current stack
applySafeWithoutClone@resource://gre/modules/ExtensionCommon.jsm:606:13
addListener/asyncWithoutClone/<@resource://gre/modules/ExtensionCommon.jsm:2443:39
]]

###!!! [Child][RunMessage] Error: Channel closing: too late to send/recv, messages will be lost


###!!! [Child][MessageChannel::SendAndWait] Error: Channel error: cannot send/recv

abr 27, 2022 1:37:17 PM org.openqa.selenium.remote.DesiredCapabilities firefox
INFORMACIÓN: Using `new FirefoxOptions()` is preferred to `DesiredCapabilities.firefox()`
abr 27, 2022 1:37:17 PM org.openqa.selenium.remote.DesiredCapabilities firefox
INFORMACIÓN: Using `new FirefoxOptions()` is preferred to `DesiredCapabilities.firefox()`
1651084637733	geckodriver	INFO	Listening on 127.0.0.1:4254
1651084638147	mozrunner::runner	INFO	Running command: "C:\\Program Files\\Mozilla Firefox\\firefox.exe" "--marionette" "-foreground" "-no-remote" "-profile" "C:\\Users\\nriosa\\AppData\\Local\\Temp\\rust_mozprofileSHk63H"
1651084638991	addons.webextension.doh-rollout@mozilla.org	WARN	Loading extension 'doh-rollout@mozilla.org': Reading manifest: Invalid extension permission: networkStatus
1651084639016	addons.webextension.screenshots@mozilla.org	WARN	Loading extension 'screenshots@mozilla.org': Reading manifest: Invalid extension permission: mozillaAddons
1651084639016	addons.webextension.screenshots@mozilla.org	WARN	Loading extension 'screenshots@mozilla.org': Reading manifest: Invalid extension permission: telemetry
1651084639016	addons.webextension.screenshots@mozilla.org	WARN	Loading extension 'screenshots@mozilla.org': Reading manifest: Invalid extension permission: resource://pdf.js/
1651084639016	addons.webextension.screenshots@mozilla.org	WARN	Loading extension 'screenshots@mozilla.org': Reading manifest: Invalid extension permission: about:reader*
JavaScript error: resource://gre/modules/XULStore.jsm, line 66: Error: Can't find profile directory.
1651084640885	Marionette	INFO	Listening on port 50139
1651084641335	Marionette	WARN	TLS certificate errors will be ignored for this session
abr 27, 2022 1:37:21 PM org.openqa.selenium.remote.ProtocolHandshake createSession
INFORMACIÓN: Detected dialect: W3C
JavaScript error: http://10.69.60.123:8280/portal/scripts/3.8.16.Final-redhat-1/SHARED/bootstrap-min.js, line 7: Error: Script error for: SHARED/navigation
http://requirejs.org/docs/errors.html#scripterror
JavaScript error: http://10.69.60.123:8280/portal/scripts/3.8.16.Final-redhat-1/SHARED/bootstrap-min.js, line 7: Error: Script error for: SHARED/jquery
http://requirejs.org/docs/errors.html#scripterror
JavaScript error: http://10.69.60.123:8280/portal/scripts/3.8.16.Final-redhat-1/SHARED/bootstrap-min.js, line 7: Error: Script error for: SHARED/base
http://requirejs.org/docs/errors.html#scripterror
JavaScript warning: http://10.69.60.123:8280/portal/CRMPortal/Consultas?portal:windowState=normal&portal:componentId=gtnc323725e-6efe-4037-9f93-1bc06edfa941&portal:resourceID=/org.rf.res/org/richfaces/ui.pack.js&portal:cacheLevel=PAGE&portal:type=resource&portal:portletMode=view, line 10431: unreachable code after return statement
JavaScript warning: http://10.69.60.123:8280/portal/CRMPortal/Consultas?portal:windowState=normal&portal:componentId=gtnc323725e-6efe-4037-9f93-1bc06edfa941&portal:resourceID=/org.rf.res/org/richfaces/ui.pack.js&portal:cacheLevel=PAGE&portal:type=resource&portal:portletMode=view, line 10431: unreachable code after return statement
JavaScript error: http://10.69.60.123:8280/portal/CRMPortal/Consultas, line 1: ReferenceError: setIframeListeners is not defined
JavaScript warning: http://10.69.60.123:8280/portal/CRMPortal/Consultas?portal:windowState=normal&portal:componentId=gtnc323725e-6efe-4037-9f93-1bc06edfa941&portal:resourceID=/org.rf.res/org/richfaces/ui.pack.js&portal:cacheLevel=PAGE&portal:type=resource&portal:portletMode=view, line 10431: unreachable code after return statement
JavaScript warning: http://10.69.60.123:8280/portal/CRMPortal/Consultas?portal:windowState=normal&portal:componentId=gtnc323725e-6efe-4037-9f93-1bc06edfa941&portal:resourceID=/org.rf.res/org/richfaces/ui.pack.js&portal:cacheLevel=PAGE&portal:type=resource&portal:portletMode=view, line 10431: unreachable code after return statement
JavaScript error: http://10.69.60.123:8280/portal/CRMPortal/Consultas, line 1: ReferenceError: setIframeListeners is not defined
JavaScript error: http://10.69.60.123:8280/portal/CRMPortal/Consultas, line 1: ReferenceError: setIframeListeners is not defined
JavaScript warning: http://10.69.60.123:8280/portal/CRMPortal/Preventa?portal:windowState=normal&portal:componentId=gtnac4fa497-8304-4e12-8e75-0ee02636d5e8&portal:resourceID=/org.rf.res/org/richfaces/ui.pack.js&portal:cacheLevel=PAGE&portal:type=resource&portal:portletMode=view, line 10431: unreachable code after return statement
JavaScript warning: http://10.69.60.123:8280/portal/CRMPortal/Preventa?portal:windowState=normal&portal:componentId=gtnac4fa497-8304-4e12-8e75-0ee02636d5e8&portal:resourceID=/org.rf.res/org/richfaces/ui.pack.js&portal:cacheLevel=PAGE&portal:type=resource&portal:portletMode=view, line 10431: unreachable code after return statement
JavaScript error: http://10.69.60.123:8280/portal/CRMPortal/Preventa, line 1: ReferenceError: setIframeListeners is not defined
1651084703651	Marionette	INFO	Stopped listening on port 50139
Extension error: [Exception... "Component not initialized"  nsresult: "0xc1f30001 (NS_ERROR_NOT_INITIALIZED)"  location: "JS frame :: moz-extension://1ba6990d-ba03-43fb-a970-d6b567c13fb7/main.js :: connect :: line 12066"  data: no] undefined 12066
[[Exception stack
connect@moz-extension://1ba6990d-ba03-43fb-a970-d6b567c13fb7/main.js:12066:23
onPortDisconnected@moz-extension://1ba6990d-ba03-43fb-a970-d6b567c13fb7/main.js:20316:30
makeConnection/channel<@moz-extension://1ba6990d-ba03-43fb-a970-d6b567c13fb7/main.js:20289:136
handleDisconnect@moz-extension://1ba6990d-ba03-43fb-a970-d6b567c13fb7/main.js:12172:14
connect/</<@moz-extension://1ba6990d-ba03-43fb-a970-d6b567c13fb7/main.js:12052:63
Current stack
applySafeWithoutClone@resource://gre/modules/ExtensionCommon.jsm:606:13
addListener/asyncWithoutClone/<@resource://gre/modules/ExtensionCommon.jsm:2443:39
]]

###!!! [Child][RunMessage] Error: Channel closing: too late to send/recv, messages will be lost


###!!! [Child][MessageChannel::SendAndWait] Error: Channel error: cannot send/recv

]]></system-err>
</testsuite>
