<?xml version="1.0" encoding="UTF-8"?>
<testsuite name="Sanity limpieza y aprovisionamiento de recursos" tests="8" skipped="0" failures="0" errors="0" timestamp="2022-02-15T21:19:27" hostname="22LAP5CG0525FBR" time="645.755">
  <properties/>
  <testcase name="se quiere ingresar a la plataforma epos" classname="Sanity limpieza y aprovisionamiento de recursos" time="101.182"/>
  <testcase name="realizar el cargue de inventario" classname="Sanity limpieza y aprovisionamiento de recursos" time="48.511"/>
  <testcase name="realizar la confirmacion de inventario" classname="Sanity limpieza y aprovisionamiento de recursos" time="21.555"/>
  <testcase name="se requiere realizar una activacion de una linea en prepago" classname="Sanity limpieza y aprovisionamiento de recursos" time="89.83"/>
  <testcase name="se requiere realizar una activacion de una linea en control" classname="Sanity limpieza y aprovisionamiento de recursos" time="122.409"/>
  <testcase name="se requiere realizar una activacion de una linea en prepago" classname="Sanity limpieza y aprovisionamiento de recursos" time="77.853"/>
  <testcase name="se requiere realizar una activacion de una linea en prepago" classname="Sanity limpieza y aprovisionamiento de recursos" time="68.299"/>
  <testcase name="se requiere realizar una activacion de una linea en control" classname="Sanity limpieza y aprovisionamiento de recursos" time="116.047"/>
  <system-out><![CDATA[16:19:31.731 [Test worker] DEBUG org.apache.http.impl.conn.BasicClientConnectionManager - Get connection for route {}->http://10.65.45.12:9001
16:19:31.742 [Test worker] DEBUG org.apache.http.impl.conn.DefaultClientConnectionOperator - Connecting to 10.65.45.12:9001
16:19:31.951 [Test worker] DEBUG org.apache.http.client.protocol.RequestAddCookies - CookieSpec selected: ignoreCookies
16:19:31.951 [Test worker] DEBUG org.apache.http.client.protocol.RequestAuthCache - Auth cache not set in the context
16:19:31.951 [Test worker] DEBUG org.apache.http.client.protocol.RequestTargetAuthentication - Target auth state: UNCHALLENGED
16:19:31.962 [Test worker] DEBUG org.apache.http.client.protocol.RequestProxyAuthentication - Proxy auth state: UNCHALLENGED
16:19:31.962 [Test worker] DEBUG org.apache.http.impl.client.DefaultHttpClient - Attempt 1 to execute request
16:19:31.962 [Test worker] DEBUG org.apache.http.impl.conn.DefaultClientConnection - Sending request: POST /gatewaycbs/BcServicesInt HTTP/1.1
16:19:31.962 [Test worker] DEBUG org.apache.http.wire -  >> "POST /gatewaycbs/BcServicesInt HTTP/1.1[\r][\n]"
16:19:31.967 [Test worker] DEBUG org.apache.http.wire -  >> "Accept: */*[\r][\n]"
16:19:31.967 [Test worker] DEBUG org.apache.http.wire -  >> "Content-Type: text/xml;charset=UTF-8[\r][\n]"
16:19:31.967 [Test worker] DEBUG org.apache.http.wire -  >> "Content-Length: 748[\r][\n]"
16:19:31.967 [Test worker] DEBUG org.apache.http.wire -  >> "Host: 10.65.45.12:9001[\r][\n]"
16:19:31.967 [Test worker] DEBUG org.apache.http.wire -  >> "Connection: Keep-Alive[\r][\n]"
16:19:31.968 [Test worker] DEBUG org.apache.http.wire -  >> "User-Agent: Apache-HttpClient/4.5.9 (Java/1.8.0_291)[\r][\n]"
16:19:31.968 [Test worker] DEBUG org.apache.http.wire -  >> "Accept-Encoding: gzip,deflate[\r][\n]"
16:19:31.968 [Test worker] DEBUG org.apache.http.wire -  >> "[\r][\n]"
16:19:31.968 [Test worker] DEBUG org.apache.http.headers - >> POST /gatewaycbs/BcServicesInt HTTP/1.1
16:19:31.968 [Test worker] DEBUG org.apache.http.headers - >> Accept: */*
16:19:31.968 [Test worker] DEBUG org.apache.http.headers - >> Content-Type: text/xml;charset=UTF-8
16:19:31.968 [Test worker] DEBUG org.apache.http.headers - >> Content-Length: 748
16:19:31.968 [Test worker] DEBUG org.apache.http.headers - >> Host: 10.65.45.12:9001
16:19:31.968 [Test worker] DEBUG org.apache.http.headers - >> Connection: Keep-Alive
16:19:31.968 [Test worker] DEBUG org.apache.http.headers - >> User-Agent: Apache-HttpClient/4.5.9 (Java/1.8.0_291)
16:19:31.968 [Test worker] DEBUG org.apache.http.headers - >> Accept-Encoding: gzip,deflate
16:19:31.968 [Test worker] DEBUG org.apache.http.wire -  >> "<soapenv:Envelope xmlns:bcc="http://www.huawei.com/bme/cbsinterface/bccommon" xmlns:bcs="http://www.huawei.com/bme/cbsinterface/bcservices" xmlns:ws="http://ws.web.gatewaycbs.tigo.com.co/" xmlns:soapenv="http://schemas.xmlsoap.org/soap/envelope/">[\n]"
16:19:31.968 [Test worker] DEBUG org.apache.http.wire -  >> "   <soapenv:Header/>[\n]"
16:19:31.968 [Test worker] DEBUG org.apache.http.wire -  >> "   <soapenv:Body>[\n]"
16:19:31.968 [Test worker] DEBUG org.apache.http.wire -  >> "      <ws:queryCustomerInfo>[\n]"
16:19:31.968 [Test worker] DEBUG org.apache.http.wire -  >> "         <!--Optional:-->[\n]"
16:19:31.968 [Test worker] DEBUG org.apache.http.wire -  >> "         <QueryCustomerInfoRequest>[\n]"
16:19:31.968 [Test worker] DEBUG org.apache.http.wire -  >> "            <bcs:QueryObj>[\n]"
16:19:31.968 [Test worker] DEBUG org.apache.http.wire -  >> "               <!--Optional:-->[\n]"
16:19:31.968 [Test worker] DEBUG org.apache.http.wire -  >> "               <bcs:SubAccessCode>[\n]"
16:19:31.968 [Test worker] DEBUG org.apache.http.wire -  >> "                  <!--Optional:-->[\n]"
16:19:31.968 [Test worker] DEBUG org.apache.http.wire -  >> "                  <bcc:PrimaryIdentity>3016875982</bcc:PrimaryIdentity>[\n]"
16:19:31.968 [Test worker] DEBUG org.apache.http.wire -  >> "               </bcs:SubAccessCode>[\n]"
16:19:31.968 [Test worker] DEBUG org.apache.http.wire -  >> "            </bcs:QueryObj>[\n]"
16:19:31.968 [Test worker] DEBUG org.apache.http.wire -  >> "         </QueryCustomerInfoRequest>[\n]"
16:19:31.968 [Test worker] DEBUG org.apache.http.wire -  >> "      </ws:queryCustomerInfo>[\n]"
16:19:31.968 [Test worker] DEBUG org.apache.http.wire -  >> "   </soapenv:Body>[\n]"
16:19:31.968 [Test worker] DEBUG org.apache.http.wire -  >> "</soapenv:Envelope>"
16:19:32.271 [Test worker] DEBUG org.apache.http.wire -  << "HTTP/1.1 200 OK[\r][\n]"
16:19:32.271 [Test worker] DEBUG org.apache.http.wire -  << "Date: Tue, 15 Feb 2022 21:20:33 GMT[\r][\n]"
16:19:32.271 [Test worker] DEBUG org.apache.http.wire -  << "Transfer-Encoding: chunked[\r][\n]"
16:19:32.271 [Test worker] DEBUG org.apache.http.wire -  << "Content-Type: text/xml; charset=utf-8[\r][\n]"
16:19:32.271 [Test worker] DEBUG org.apache.http.wire -  << "[\r][\n]"
16:19:32.271 [Test worker] DEBUG org.apache.http.impl.conn.DefaultClientConnection - Receiving response: HTTP/1.1 200 OK
16:19:32.277 [Test worker] DEBUG org.apache.http.headers - << HTTP/1.1 200 OK
16:19:32.277 [Test worker] DEBUG org.apache.http.headers - << Date: Tue, 15 Feb 2022 21:20:33 GMT
16:19:32.277 [Test worker] DEBUG org.apache.http.headers - << Transfer-Encoding: chunked
16:19:32.277 [Test worker] DEBUG org.apache.http.headers - << Content-Type: text/xml; charset=utf-8
16:19:32.282 [Test worker] DEBUG org.apache.http.impl.client.DefaultHttpClient - Connection can be kept alive indefinitely
16:19:32.316 [Test worker] DEBUG io.restassured.internal.RequestSpecificationImpl$RestAssuredHttpBuilder - Parsing response as: text/xml; charset=utf-8
16:19:32.316 [Test worker] DEBUG io.restassured.internal.RequestSpecificationImpl$RestAssuredHttpBuilder - Parsed data to instance of: class org.apache.http.conn.EofSensorInputStream
16:19:32.412 [Test worker] DEBUG org.apache.http.wire -  << "006e[\r][\n]"
16:19:32.412 [Test worker] DEBUG org.apache.http.wire -  << "<?xml version='1.0' encoding='UTF-8'?><S:Envelope xmlns:S="http://schemas.xmlsoap.org/soap/envelope/"><S:Body>"
16:19:32.412 [Test worker] DEBUG org.apache.http.wire -  << "[\r][\n]"
16:19:32.412 [Test worker] DEBUG org.apache.http.wire -  << "0fe8[\r][\n]"
16:19:32.412 [Test worker] DEBUG org.apache.http.wire -  << "<ns4:queryCustomerInfoResponse xmlns:ns2="http://www.huawei.com/bme/cbsinterface/bccommon" xmlns:ns3="http://www.huawei.com/bme/cbsinterface/bcservices" xmlns:ns4="http://ws.web.gatewaycbs.tigo.com.co/" xmlns:ns5="http://www.huawei.com/bme/cbsinterface/cbscommon"><return><ResultHeader><ns5:Version>1</ns5:Version><ns5:ResultCode>0</ns5:ResultCode><ns5:ResultDesc>Operation successfully.</ns5:ResultDesc></ResultHeader><QueryCustomerInfoResult><ns3:Customer><ns3:CustKey>CTA00000925124</ns3:CustKey><ns3:CustInfo><ns2:CustType>1</ns2:CustType><ns2:CustNodeType>1</ns2:CustNodeType><ns2:CustClass>1</ns2:CustClass><ns2:CustCode>CBS100050000000315503</ns2:CustCode><ns2:CustBasicInfo><ns2:DFTWrittenLang>2002</ns2:DFTWrittenLang><ns2:DFTIVRLang>2002</ns2:DFTIVRLang><ns2:DunningFlag>1</ns2:DunningFlag><ns2:CustProperty><ns2:Code>C_Extend_Cust_Int_Attr8</ns2:Code><ns2:Value></ns2:Value></ns2:CustProperty><ns2:CustProperty><ns2:Code>C_CUSTOMER_TAX_RATE</ns2:Code><ns2:Value></ns2:Value></ns2:CustProperty><ns2:CustProperty><ns2:Code>C_Extend_Cust_Int_Attr9</ns2:Code><ns2:Value></ns2:Value></ns2:CustProperty><ns2:CustProperty><ns2:Code>C_CUST_BANKRUPTCY</ns2:Code><ns2:Value>N</ns2:Value></ns2:CustProperty><ns2:CustProperty><ns2:Code>C_Extend_Cust_Int_Attr10</ns2:Code><ns2:Value></ns2:Value></ns2:CustProperty><ns2:CustProperty><ns2:Code>C_Extend_Cust_Int_Attr4</ns2:Code><ns2:Value></ns2:Value></ns2:CustProperty><ns2:CustProperty><ns2:Code>C_Extend_Cust_Int_Attr5</ns2:Code><ns2:Value></ns2:Value></ns2:CustProperty><ns2:CustProperty><ns2:Code>C_Extend_Cust_Int_Attr6</ns2:Code><ns2:Value></ns2:Value></ns2:CustProperty><ns2:CustProperty><ns2:Code>C_Extend_Cust_Int_Attr7</ns2:Code><ns2:Value></ns2:Value></ns2:CustProperty><ns2:CustProperty><ns2:Code>C_LEGAL_CATEGORY</ns2:Code><ns2:Value></ns2:Value></ns2:CustProperty><ns2:CustProperty><ns2:Code>C_CONTRACT_ID</ns2:Code><ns2:Value></ns2:Value></ns2:CustProperty><ns2:CustProperty><ns2:Code>C_Extend_Cust_Int_Attr1</ns2:Code><ns2:Value></ns2:Value></ns2:CustProperty><ns2:CustProperty><ns2:Code>C_Extend_Cust_Int_Attr2</ns2:Code><ns2:Value></ns2:Value></ns2:CustProperty><ns2:CustProperty><ns2:Code>C_NEW_IC</ns2:Code><ns2:Value></ns2:Value></ns2:CustProperty><ns2:CustProperty><ns2:Code>C_Extend_Cust_Int_Attr3</ns2:Code><ns2:Value></ns2:Value></ns2:CustProperty><ns2:CustProperty><ns2:Code>C_REG_FLAG</ns2:Code><ns2:Value>N</ns2:Value></ns2:CustProperty><ns2:CustProperty><ns2:Code>C_NRC</ns2:Code><ns2:Value></ns2:Value></ns2:CustProperty><ns2:CustProperty><ns2:Code>C_CUST_CATEGORY</ns2:Code><ns2:Value></ns2:Value></ns2:CustProperty><ns2:CustProperty><ns2:Code>C_CUST_SALT</ns2:Code><ns2:Value>53715E2F4F8E80A1</ns2:Value></ns2:CustProperty><ns2:CustProperty><ns2:Code>C_EXTERNAL_CUST_ID</ns2:Code><ns2:Value></ns2:Value></ns2:CustProperty><ns2:CustProperty><ns2:Code>C_FRAUD_FLAG</ns2:Code><ns2:Value>N</ns2:Value></ns2:CustProperty><ns2:CustProperty><ns2:Code>C_TAX_PAYER_IDENTIFICATION_NO</ns2:Code><ns2:Value></ns2:Value></ns2:CustProperty><ns2:CustProperty><ns2:Code>C_CUST_MEDIA_FLAG</ns2:Code><ns2:Value>N</ns2:Value></ns2:CustProperty><ns2:CustProperty><ns2:Code>C_EVENING_PHONE</ns2:Code><ns2:Value></ns2:Value></ns2:CustProperty><ns2:CustProperty><ns2:Code>C_CUST_DECEASED</ns2:Code><ns2:Value>N</ns2:Value></ns2:CustProperty><ns2:CustProperty><ns2:Code>C_Extend_Cust_Str_Attr5</ns2:Code><ns2:Value></ns2:Value></ns2:CustProperty><ns2:CustProperty><ns2:Code>C_Extend_Cust_Str_Attr4</ns2:Code><ns2:Value></ns2:Value></ns2:CustProperty><ns2:CustProperty><ns2:Code>C_Extend_Cust_Str_Attr3</ns2:Code><ns2:Value></ns2:Value></ns2:CustProperty><ns2:CustProperty><ns2:Code>C_Extend_Cust_Str_Attr2</ns2:Code><ns2:Value></ns2:Value></ns2:CustProperty><ns2:CustProperty><ns2:Code>C_DAYTIME_PHONE</ns2:Code><ns2:Value></ns2:Value></ns2:CustProperty><ns2:CustProperty><ns2:Code>C_Extend_Cust_Str_Attr9</ns2:Code><ns2:Value></ns2:Value></ns2:CustProperty><ns2:CustProperty><ns2:Code>C_Extend_Cust_Str_Attr8</ns2:Code><ns2:Value></ns2:Value></ns2:CustProperty><ns2:CustProperty><ns2:Code>C_CUST_MARKETING_CONSENT</n"
16:19:32.412 [Test worker] DEBUG org.apache.http.wire -  << "[\r][\n]"
16:19:32.412 [Test worker] DEBUG org.apache.http.wire -  << "0fe8[\r][\n]"
16:19:32.412 [Test worker] DEBUG org.apache.http.wire -  << "s2:Code><ns2:Value>N</ns2:Value></ns2:CustProperty><ns2:CustProperty><ns2:Code>C_Extend_Cust_Str_Attr7</ns2:Code><ns2:Value></ns2:Value></ns2:CustProperty><ns2:CustProperty><ns2:Code>C_Extend_Cust_Str_Attr6</ns2:Code><ns2:Value></ns2:Value></ns2:CustProperty><ns2:CustProperty><ns2:Code>C_OLD_IC</ns2:Code><ns2:Value></ns2:Value></ns2:CustProperty><ns2:CustProperty><ns2:Code>C_Extend_Cust_Str_Attr1</ns2:Code><ns2:Value></ns2:Value></ns2:CustProperty><ns2:CustProperty><ns2:Code>C_Extend_Cust_Str_Attr10</ns2:Code><ns2:Value></ns2:Value></ns2:CustProperty><ns2:CustProperty><ns2:Code>C_CUST_BILLSUM</ns2:Code><ns2:Value>0</ns2:Value></ns2:CustProperty><ns2:CustProperty><ns2:Code>C_CORP_CUST_SEGMENT</ns2:Code><ns2:Value></ns2:Value></ns2:CustProperty><ns2:CustProperty><ns2:Code>C_ACCESSIBILITY_FLAG</ns2:Code><ns2:Value></ns2:Value></ns2:CustProperty><ns2:CustProperty><ns2:Code>C_CUST_BelToAreaID</ns2:Code><ns2:Value>101</ns2:Value></ns2:CustProperty><ns2:CustProperty><ns2:Code>C_CUST_ID</ns2:Code><ns2:Value>100050000000315503</ns2:Value></ns2:CustProperty></ns2:CustBasicInfo></ns3:CustInfo><ns3:IndividualInfo><ns2:IDType>6</ns2:IDType><ns2:IDNumber>984108505</ns2:IDNumber><ns2:FirstName>Juan Die</ns2:FirstName><ns2:LastName>Teaga Escoba</ns2:LastName><ns2:HomePhone>3303000</ns2:HomePhone><ns2:Email>pruebaAutomatizadaQA@gmail.com</ns2:Email><ns2:IndividualProperty><ns2:Code>C_MKT_P_STATUS</ns2:Code><ns2:Value>1</ns2:Value></ns2:IndividualProperty></ns3:IndividualInfo></ns3:Customer><ns3:Subscriber><ns3:SubscriberKey>ACT00009326493</ns3:SubscriberKey><ns3:SubscriberInfo><ns2:SubBasicInfo><ns2:WrittenLang>2021</ns2:WrittenLang><ns2:IVRLang>2021</ns2:IVRLang><ns2:DunningFlag>1</ns2:DunningFlag><ns2:SubProperty><ns2:Code>C_WORK_ADDRESS</ns2:Code><ns2:Value></ns2:Value></ns2:SubProperty><ns2:SubProperty><ns2:Code>C_SUB_SMS_ROMING_RIGHT</ns2:Code><ns2:Value>0</ns2:Value></ns2:SubProperty><ns2:SubProperty><ns2:Code>C_LAST_TRANS_EVENT</ns2:Code><ns2:Value>0</ns2:Value></ns2:SubProperty><ns2:SubProperty><ns2:Code>C_SALES_CHANNEL_ID</ns2:Code><ns2:Value></ns2:Value></ns2:SubProperty><ns2:SubProperty><ns2:Code>C_HANDSET_TYPE</ns2:Code><ns2:Value>-1</ns2:Value></ns2:SubProperty><ns2:SubProperty><ns2:Code>C_SUB_MAX_BALANCE</ns2:Code><ns2:Value>-1</ns2:Value></ns2:SubProperty><ns2:SubProperty><ns2:Code>C_ACCOUNTING_SCENARIO</ns2:Code><ns2:Value></ns2:Value></ns2:SubProperty><ns2:SubProperty><ns2:Code>C_RESUME_DATE</ns2:Code><ns2:Value>19991231190000</ns2:Value></ns2:SubProperty><ns2:SubProperty><ns2:Code>C_SUBID_BEFORE_SUPPLE_PROFILE</ns2:Code><ns2:Value>100050000000320881</ns2:Value></ns2:SubProperty><ns2:SubProperty><ns2:Code>C_BAK_ORG_CHILD_ACCTID</ns2:Code><ns2:Value>0</ns2:Value></ns2:SubProperty><ns2:SubProperty><ns2:Code>C_HANDSET_NETWORK</ns2:Code><ns2:Value></ns2:Value></ns2:SubProperty><ns2:SubProperty><ns2:Code>C_SUB_UNBLOCK</ns2:Code><ns2:Value>0</ns2:Value></ns2:SubProperty><ns2:SubProperty><ns2:Code>C_SUB_LOW_SPENDING_GATE</ns2:Code><ns2:Value>-1</ns2:Value></ns2:SubProperty><ns2:SubProperty><ns2:Code>C_SUB_LOAN_FLAG</ns2:Code><ns2:Value>0</ns2:Value></ns2:SubProperty><ns2:SubProperty><ns2:Code>C_SUB_LASTRECHARGETIME</ns2:Code><ns2:Value>0</ns2:Value></ns2:SubProperty><ns2:SubProperty><ns2:Code>C_SUB_LASTRGADATE</ns2:Code><ns2:Value>19700101000000</ns2:Value></ns2:SubProperty><ns2:SubProperty><ns2:Code>C_SUB_PORT_IN_FLAG</ns2:Code><ns2:Value>0</ns2:Value></ns2:SubProperty><ns2:SubProperty><ns2:Code>C_SUB_NOTIFICATION_TIMES</ns2:Code><ns2:Value></ns2:Value></ns2:SubProperty><ns2:SubProperty><ns2:Code>C_BLACK_FLAG</ns2:Code><ns2:Value>0</ns2:Value></ns2:SubProperty><ns2:SubProperty><ns2:Code>C_SUB_VOICE_ROAM_RIGHT</ns2:Code><ns2:Value></ns2:Value></ns2:SubProperty><ns2:SubProperty><ns2:Code>C_HYBRID_PAY_TYPE</ns2:Code><ns2:Value>-1</ns2:Value></ns2:SubProperty><ns2:SubProperty><ns2:Code>C_SUB_MAX_VALIDITY</ns2:Code><ns2:Value>365</ns2:Value></ns2:SubProperty><ns2:SubProperty><ns2:Code>C_TEST_EXTEND_DAYS</ns2:Code><ns2:Value>0"
16:19:32.412 [Test worker] DEBUG org.apache.http.wire -  << "</ns2:Value></ns2:SubProperty><ns2:SubProperty><ns2:Code>C_SUBDISCOUNT</ns2:Code><ns"
16:19:32.412 [Test worker] DEBUG org.apache.http.wire -  << "[\r][\n]"
16:19:32.432 [Test worker] DEBUG org.apache.http.wire -  << "0fe8[\r][\n]"
16:19:32.432 [Test worker] DEBUG org.apache.http.wire -  << "2:Value>O</ns2:Value></ns2:SubProperty><ns2:SubProperty><ns2:Code>C_SUB_LASTZONETYPE</ns2:Code><ns2:Value>00</ns2:Value></ns2:SubProperty><ns2:SubProperty><ns2:Code>C_Extend_Sub_Str_Attr4</ns2:Code><ns2:Value></ns2:Value></ns2:SubProperty><ns2:SubProperty><ns2:Code>C_Extend_Sub_Str_Attr3</ns2:Code><ns2:Value></ns2:Value></ns2:SubProperty><ns2:SubProperty><ns2:Code>C_Extend_Sub_Str_Attr6</ns2:Code><ns2:Value></ns2:Value></ns2:SubProperty><ns2:SubProperty><ns2:Code>C_Extend_Sub_Str_Attr5</ns2:Code><ns2:Value></ns2:Value></ns2:SubProperty><ns2:SubProperty><ns2:Code>C_DAILYRENTNOTIFLAG</ns2:Code><ns2:Value>0</ns2:Value></ns2:SubProperty><ns2:SubProperty><ns2:Code>C_TIGO_ZONE</ns2:Code><ns2:Value></ns2:Value></ns2:SubProperty><ns2:SubProperty><ns2:Code>C_Extend_Sub_Str_Attr2</ns2:Code><ns2:Value></ns2:Value></ns2:SubProperty><ns2:SubProperty><ns2:Code>C_Extend_Sub_Str_Attr1</ns2:Code><ns2:Value></ns2:Value></ns2:SubProperty><ns2:SubProperty><ns2:Code>C_PLACA_INFO</ns2:Code><ns2:Value></ns2:Value></ns2:SubProperty><ns2:SubProperty><ns2:Code>C_Extend_Sub_Int_Attr10</ns2:Code><ns2:Value></ns2:Value></ns2:SubProperty><ns2:SubProperty><ns2:Code>C_HANDSET_OS_TYPE</ns2:Code><ns2:Value></ns2:Value></ns2:SubProperty><ns2:SubProperty><ns2:Code>C_SUB_USER_NAME</ns2:Code><ns2:Value>0</ns2:Value></ns2:SubProperty><ns2:SubProperty><ns2:Code>C_TEST_EXPIRE_TIME</ns2:Code><ns2:Value></ns2:Value></ns2:SubProperty><ns2:SubProperty><ns2:Code>C_TEST_EXHAUST_RULE</ns2:Code><ns2:Value>0</ns2:Value></ns2:SubProperty><ns2:SubProperty><ns2:Code>C_Extend_Sub_Str_Attr8</ns2:Code><ns2:Value></ns2:Value></ns2:SubProperty><ns2:SubProperty><ns2:Code>C_Extend_Sub_Str_Attr7</ns2:Code><ns2:Value></ns2:Value></ns2:SubProperty><ns2:SubProperty><ns2:Code>C_SUB_REGISTERED</ns2:Code><ns2:Value>0</ns2:Value></ns2:SubProperty><ns2:SubProperty><ns2:Code>C_Extend_Sub_Str_Attr9</ns2:Code><ns2:Value></ns2:Value></ns2:SubProperty><ns2:SubProperty><ns2:Code>C_LIFECYCLE</ns2:Code><ns2:Value></ns2:Value></ns2:SubProperty><ns2:SubProperty><ns2:Code>C_VOD_VIDEO_RIGHT</ns2:Code><ns2:Value>0</ns2:Value></ns2:SubProperty><ns2:SubProperty><ns2:Code>C_SUPPLE_PROFILE_TIME</ns2:Code><ns2:Value>20220215152551</ns2:Value></ns2:SubProperty><ns2:SubProperty><ns2:Code>C_LAST_CHARGE_BEGIN_TIME</ns2:Code><ns2:Value></ns2:Value></ns2:SubProperty><ns2:SubProperty><ns2:Code>C_SUB_LOW_BAL_NOTIFY_DATE</ns2:Code><ns2:Value>19991231190000</ns2:Value></ns2:SubProperty><ns2:SubProperty><ns2:Code>C_GPRS_FORBIDDEN_MAIN_BAL</ns2:Code><ns2:Value>1</ns2:Value></ns2:SubProperty><ns2:SubProperty><ns2:Code>C_LAST_DATA_SESINI</ns2:Code><ns2:Value>19700101030000</ns2:Value></ns2:SubProperty><ns2:SubProperty><ns2:Code>C_CONSUMENOTIFYGATE</ns2:Code><ns2:Value></ns2:Value></ns2:SubProperty><ns2:SubProperty><ns2:Code>C_SUB_LOW_BAL_NOTIFY_TIMES</ns2:Code><ns2:Value>0</ns2:Value></ns2:SubProperty><ns2:SubProperty><ns2:Code>C_FIRST_RECHARGE_FLAG</ns2:Code><ns2:Value>0</ns2:Value></ns2:SubProperty><ns2:SubProperty><ns2:Code>C_SUB_PROB</ns2:Code><ns2:Value></ns2:Value></ns2:SubProperty><ns2:SubProperty><ns2:Code>C_SUB_SALT</ns2:Code><ns2:Value>E9E42F4221A0217E</ns2:Value></ns2:SubProperty><ns2:SubProperty><ns2:Code>C_SUB_SERVICEPROVIDER</ns2:Code><ns2:Value></ns2:Value></ns2:SubProperty><ns2:SubProperty><ns2:Code>C_CALL_COST</ns2:Code><ns2:Value>0000</ns2:Value></ns2:SubProperty><ns2:SubProperty><ns2:Code>C_RNW_PRODUCTSET</ns2:Code><ns2:Value>0</ns2:Value></ns2:SubProperty><ns2:SubProperty><ns2:Code>C_Extend_Sub_Str_Attr10</ns2:Code><ns2:Value></ns2:Value></ns2:SubProperty><ns2:SubProperty><ns2:Code>C_SUB_DOMESIC_ROAM_CALL_RIGHT</ns2:Code><ns2:Value>0</ns2:Value></ns2:SubProperty><ns2:SubProperty><ns2:Code>C_LAST_TRANS_DATE_TIME</ns2:Code><ns2:Value>20000101000000</ns2:Value></ns2:SubProperty><ns2:SubProperty><ns2:Code>C_SUBSCRIBER_INFO_3</ns2:Code><ns2:Value></ns2:Value></ns2:SubProperty><ns2:SubProperty><ns2:Code>C_SUBSCRIBER_INFO_2</ns2:Code><ns2:Value></ns2:Value></ns2:SubProperty><ns2:SubProperty><ns2:Code>C_SUBSCRIBER_INFO_4</ns2:Code><ns2:Value></ns2:Value></ns2:SubProperty><ns2:SubPrope"
16:19:32.432 [Test worker] DEBUG org.apache.http.wire -  << "[\r][\n]"
16:19:32.432 [Test worker] DEBUG org.apache.http.wire -  << "0078[\r][\n]"
16:19:32.432 [Test worker] DEBUG org.apache.http.wire -  << "rty><ns2:Code>C_STARTTIME_OF_SWITCH_COS</ns2:Code><ns2:Value>-1</ns2:Value></ns2:SubProperty><ns2:SubProperty><ns2:Code>"
16:19:32.432 [Test worker] DEBUG org.apache.http.wire -  << "[\r][\n]"
16:19:32.432 [Test worker] DEBUG org.apache.http.wire -  << "0fe8[\r][\n]"
16:19:32.432 [Test worker] DEBUG org.apache.http.wire -  << "C_SUB_PREBARRING</ns2:Code><ns2:Value>0</ns2:Value></ns2:SubProperty><ns2:SubProperty><ns2:Code>C_SUBSCRIBER_INFO_1</ns2:Code><ns2:Value></ns2:Value></ns2:SubProperty><ns2:SubProperty><ns2:Code>C_SUB_BARRED_DAYS</ns2:Code><ns2:Value>0</ns2:Value></ns2:SubProperty><ns2:SubProperty><ns2:Code>C_DETAIL</ns2:Code><ns2:Value>0</ns2:Value></ns2:SubProperty><ns2:SubProperty><ns2:Code>C_TIGO_CITY</ns2:Code><ns2:Value>*</ns2:Value></ns2:SubProperty><ns2:SubProperty><ns2:Code>C_TECHNOLOGY</ns2:Code><ns2:Value></ns2:Value></ns2:SubProperty><ns2:SubProperty><ns2:Code>C_Extend_Sub_Int_Attr7</ns2:Code><ns2:Value></ns2:Value></ns2:SubProperty><ns2:SubProperty><ns2:Code>C_Extend_Sub_Int_Attr8</ns2:Code><ns2:Value></ns2:Value></ns2:SubProperty><ns2:SubProperty><ns2:Code>C_Extend_Sub_Int_Attr5</ns2:Code><ns2:Value></ns2:Value></ns2:SubProperty><ns2:SubProperty><ns2:Code>C_Extend_Sub_Int_Attr6</ns2:Code><ns2:Valu"
16:19:32.436 [Test worker] DEBUG org.apache.http.wire -  << "e></ns2:Value></ns2:SubProperty><ns2:SubProperty><ns2:Code>C_Extend_Sub_Int_Attr3</ns2:Code><ns2:Value></ns2:Value></ns2:SubProperty><ns2:SubProperty><ns2:Code>C_Extend_Sub_Int_Attr4</ns2:Code><ns2:Value></ns2:Value></ns2:SubProperty><ns2:SubProperty><ns2:Code>C_HANDSET_BRAND</ns2:Code><ns2:Value></ns2:Value></ns2:SubProperty><ns2:SubProperty><ns2:Code>C_Extend_Sub_Int_Attr1</ns2:Code><ns2:Value></ns2:Value></ns2:SubProperty><ns2:SubProperty><ns2:Code>C_SUB_LASTRECHARGEAMT</ns2:Code><ns2:Value>0</ns2:Value></ns2:SubProperty><ns2:SubProperty><ns2:Code>C_Extend_Sub_Int_Attr2</ns2:Code><ns2:Value></ns2:Value></ns2:SubProperty><ns2:SubProperty><ns2:Code>C_SUBCOS_FOR_EIPIN</ns2:Code><ns2:Value>0</ns2:Value></ns2:SubProperty><ns2:SubProperty><ns2:Code>C_Extend_Sub_Int_Attr9</ns2:Code><ns2:Value></ns2:Value></ns2:SubProperty><ns2:SubProperty><ns2:Code>C_SUB_BLACKLIST_CALL_RIGHT</ns2:Code><ns2:Value>0</ns2:Value></ns2:SubProperty><ns2:SubProperty><ns2:Code>C_SUB_MSCC_FEE_AMOUNT</ns2:Code><ns2:Value>0</ns2:Value></ns2:SubProperty><ns2:SubProperty><ns2:Code>C_BACKUP_DAYS</ns2:Code><ns2:Value>0</ns2:Value></ns2:SubProperty><ns2:SubProperty><ns2:Code>C_IS_PRIMARY_SUBSCRIBER</ns2:Code><ns2:Value>1</ns2:Value></ns2:SubProperty><ns2:SubProperty><ns2:Code>C_NODO_INFO</ns2:Code><ns2:Value></ns2:Value></ns2:SubProperty><ns2:SubProperty><ns2:Code>C_SUB_AUTOTOPUP_LOWBALANCE</ns2:Code><ns2:Value>1</ns2:Value></ns2:SubProperty><ns2:SubProperty><ns2:Code>C_SUB_REGISTERED_RETAILER</ns2:Code><ns2:Value>0</ns2:Value></ns2:SubProperty><ns2:SubProperty><ns2:Code>C_IS_GROUP_MEMBER</ns2:Code><ns2:Value>0</ns2:Value></ns2:SubProperty><ns2:SubProperty><ns2:Code>C_SUB_TSMSUBTYPE</ns2:Code><ns2:Value>-1</ns2:Value></ns2:SubProperty><ns2:SubProperty><ns2:Code>C_DTNotification</ns2:Code><ns2:Value>0</ns2:Value></ns2:SubProperty><ns2:SubProperty><ns2:Code>C_SUB_GPRS_ROAM_RIGHT</ns2:Code><ns2:Value>3</ns2:Value></ns2:SubProperty><ns2:SubProperty><ns2:Code>C_SUB_ZONEINFOS</ns2:Code><ns2:Value>0</ns2:Value></ns2:SubProperty><ns2:SubProperty><ns2:Code>C_ETU_STAGE_PERCENT</ns2:Code><ns2:Value>100</ns2:Value></ns2:SubProperty><ns2:SubProperty><ns2:Code>C_SPEC_NUM_RENT_END_TIME</ns2:Code><ns2:Value>20000101030000</ns2:Value></ns2:SubProperty><ns2:SubProperty><ns2:Code>C_ALLOW_OTHCARRIER_CALLS</ns2:Code><ns2:Value>Y</ns2:Value></ns2:SubProperty><ns2:SubProperty><ns2:Code>C_SUB_LOW_BAL_GATE_1</ns2:Code><ns2:Value>-1</ns2:Value></ns2:SubProperty><ns2:SubProperty><ns2:Code>C_SUB_LOW_BAL_GATE_2</ns2:Code><ns2:Value>-1</ns2:Value></ns2:SubProperty><ns2:SubProperty><ns2:Code>C_SUB_LOW_BAL_GATE_3</ns2:Code><ns2:Value>-1</ns2:Value></ns2:SubProperty><ns2:SubProperty><ns2:Code>C_SUB_NOROAM_CALL_RIGHT</ns2:Code><ns2:Value>0</ns2:Value></ns2:SubProperty><ns2:SubProperty><ns2:Code>C_SUB_LOW_BAL_GATE_4</ns2:Code><ns2:Value>-1</ns2:Value></ns2:SubProperty><ns2:SubProperty><ns2:Code>C_SUB_LOW_BAL_GATE_5</ns2:Code><ns2:Value>-1</ns2:Value></ns2:SubProperty><ns2:SubProperty><ns2:Code>C_SUB_AUTOTOPUP_RECURRING</ns2:Code><ns2:Value>1</ns2:Value></ns2:SubProperty><ns2:SubProperty><ns2:Code>C_SUB_LOAN_STATUS</ns2:Code><ns2:Value>0</ns2:Value></ns2:SubProperty><ns2:SubProper"
16:19:32.436 [Test worker] DEBUG org.apache.http.wire -  << "[\r][\n]"
16:19:32.436 [Test worker] DEBUG org.apache.http.wire -  << "0fe8[\r][\n]"
16:19:32.436 [Test worker] DEBUG org.apache.http.wire -  << "ty><ns2:Code>C_IOD_FLAG</ns2:Code><ns2:Value>0</ns2:Value></ns2:SubProperty><ns2:SubProperty><ns2:Code>C_ETU_BLACKLIST_DATE</ns2:Code><ns2:Value>0</ns2:Value></ns2:SubProperty><ns2:SubProperty><ns2:Code>C_APP_ACTIVE_USAGE</ns2:Code><ns2:Value>0</ns2:Value></ns2:SubProperty><ns2:SubProperty><ns2:Code>C_SUB_BARRINGCODE</ns2:Code><ns2:Value>99999999999</ns2:Value></ns2:SubProperty><ns2:SubProperty><ns2:Code>C_SUB_REFEREE_IDENTIFER</ns2:Code><ns2:Value></ns2:Value></ns2:SubProperty><ns2:SubProperty><ns2:Code>C_SUB_INTERROAM_CALL_RIGHT</ns2:Code><ns2:Value>0</ns2:Value></ns2:SubProperty><ns2:SubProperty><ns2:Code>C_SUB_ID</ns2:Code><ns2:Value>100050000000320887</ns2:Value></ns2:SubProperty></ns2:SubBasicInfo><ns2:UserCustomerKey>CTA00000925124</ns2:UserCustomerKey><ns2:SubIdentity><ns2:SubIdentityType>1</ns2:SubIdentityType><ns2:SubIdentity>3016875982</ns2:SubIdentity><ns2:PrimaryFlag>1</ns2:PrimaryFlag></ns2:SubIdentity><ns2:SubIdentity><ns2:SubIdentityType>2</ns2:SubIdentityType><ns2:SubIdentity>732111198172291</ns2:SubIdentity><ns2:PrimaryFlag>2</ns2:PrimaryFlag></ns2:SubIdentity><ns2:Brand>110</ns2:Brand><ns2:SubClass>1</ns2:SubClass><ns2:NetworkType>1</ns2:NetworkType><ns2:Status>2</ns2:Status><ns2:ConsumptionLimit><ns2:LimitType>C_CL_USAGE_NOROAM</ns2:LimitType><ns2:UnitType>M</ns2:UnitType><ns2:CurrencyID>1032</ns2:CurrencyID><ns2:LimitValue>0</ns2:LimitValue></ns2:ConsumptionLimit><ns3:StatusDetail>000000000000000000000000</ns3:StatusDetail><ns3:ActivationTime>20220215152348</ns3:ActivationTime><ns3:UserCustomer><ns3:CustKey>CTA00000925124</ns3:CustKey><ns3:CustInfo><ns2:CustType>1</ns2:CustType><ns2:CustNodeType>1</ns2:CustNodeType><ns2:CustClass>1</ns2:CustClass><ns2:CustCode>CBS100050000000315503</ns2:CustCode><ns2:CustBasicInfo><ns2:DFTWrittenLang>2002</ns2:DFTWrittenLang><ns2:DFTIVRLang>2002</ns2:DFTIVRLang><ns2:DunningFlag>1</ns2:DunningFlag><ns2:CustProperty><ns2:Code>C_Extend_Cust_Int_Attr8</ns2:Code><ns2:Value></ns2:Value></ns2:CustProperty><ns2:CustProperty><ns2:Code>C_CUSTOMER_TAX_RATE</ns2:Code><ns2:Value></ns2:Value></ns2:CustProperty><ns2:CustProperty><ns2:Code>C_Extend_Cust_Int_Attr9</ns2:Code><ns2:Value></ns2:Value></ns2:CustProperty><ns2:CustProperty><ns2:Code>C_CUST_BANKRUPTCY</ns2:Code><ns2:Value>N</ns2:Value></ns2:CustProperty><ns2:CustProperty><ns2:Code>C_Extend_Cust_Int_Attr10</ns2:Code><ns2:Value></ns2:Value></ns2:CustProperty><ns2:CustProperty><ns2:Code>C_Extend_Cust_Int_Attr4</ns2:Code><ns2:Value></ns2:Value></ns2:CustProperty><ns2:CustProperty><ns2:Code>C_Extend_Cust_Int_Attr5</ns2:Code><ns2:Value></ns2:Value></ns2:CustProperty><ns2:CustProperty><ns2:Code>C_Extend_Cust_Int_Attr6</ns2:Code><ns2:Value></ns2:Value></ns2:CustProperty><ns2:CustProperty><ns2:Code>C_Extend_Cust_Int_Attr7</ns2:Code><ns2:Value></ns2:Value></ns2:CustProperty><ns2:CustProperty><ns2:Code>C_LEGAL_CATEGORY</ns2:Code><ns2:Value></ns2:Value></ns2:CustProperty><ns2:CustProperty><ns2:Code>C_CONTRACT_ID</ns2:Code><ns2:Value></ns2:Value></ns2:CustProperty><ns2:CustProperty><ns2:Code>C_Extend_Cust_Int_Attr1</ns2:Code><ns2:Value></ns2:Value></ns2:CustProperty><ns2:CustProperty><ns2:Code>C_Extend_Cust_Int_Attr2</ns2:Code><ns2:Value></ns2:Value></ns2:CustProperty><ns2:CustProperty><ns2:Code>C_NEW_IC</ns2:Code><ns2:Value></ns2:Value></ns2:CustProperty><ns2:CustProperty><ns2:Code>C_Extend_Cust_Int_Attr3</ns2:Code><ns2:Value></ns2:Value></ns2:CustProperty><ns2:CustProperty><ns2:Code>C_REG_FLAG</ns2:Code><ns2:Value>N</ns2:Value></ns2:CustProperty><ns2:CustProperty><ns2:Code>C_NRC</ns2:Code><ns2:Value></ns2:Value></ns2:CustProperty><ns2:CustProperty><ns2:Code>C_CUST_CATEGORY</ns2:Code><ns2:Value></ns2:Value></ns2:CustProperty><ns2:CustProperty><ns2:Code>C_CUST_SALT</ns2:Code><ns2:Value>53715E2F4F8E80A1</ns2:Value></ns2:CustProperty><ns2:CustProperty><ns2:Code>C_EXTERNAL_CUST_ID</ns2:Code><ns2:Value></ns2:Value></ns2:CustProperty><ns2:CustProperty><ns2:Code>C_FRAUD_FLAG</ns2:Code><ns2:Value>N</ns2:Value></ns2:CustProperty><ns2:CustProperty><ns2:Code>C_TAX_PAYER_IDENTIFICATION_NO</ns2:Code><ns2:Value></ns2:Value></n"
16:19:32.436 [Test worker] DEBUG org.apache.http.wire -  << "[\r][\n]"
16:19:32.436 [Test worker] DEBUG org.apache.http.wire -  << "0fe8[\r][\n]"
16:19:32.436 [Test worker] DEBUG org.apache.http.wire -  << "s2:CustProperty><ns2:CustProperty><ns2:Code>C_CUST_MEDIA_FLAG</ns2:Code><ns2:Value>N</ns2:Value></ns2:CustProperty><ns2:CustProperty><ns2:Code>C_EVENING_PHONE</ns2:Code><ns2:Value></ns2:Value></ns2:CustProperty><ns2:CustProperty><ns2:Code>C_CUST_DECEASED</ns2:Code><ns2:Value>N</ns2:Value></ns2:CustProperty><ns2:CustProperty><ns2:Code>C_Extend_Cust_Str_Attr5</ns2:Code><ns2:Value></ns2:Value></ns2:CustProperty><ns2:CustProperty><ns2:Code>C_Extend_Cust_Str_Attr4</ns2:Code><ns2:Value></ns2:Value></ns2:CustProperty><ns2:CustProperty><ns2:Code>C_Extend_Cust_Str_Attr3</ns2:Code><ns2:Value></ns2:Value></ns2:CustProperty><ns2:CustProperty><ns2:Code>C_Extend_Cust_Str_Attr2</ns2:Code><ns2:Value></ns2:Value></ns2:CustProperty><ns2:CustProperty><ns2:Code>C_DAYTIME_PHONE</ns2:Code><ns2:Value></ns2:Value></ns2:CustProperty><ns2:CustProperty><ns2:Code>C_Extend_Cust_Str_Attr9</ns2:Code><ns2:Value></ns2:Value></ns2:CustProperty><ns2:CustProperty><ns2:Code>C_Extend_Cust_Str_Attr8</ns2:Code><ns2:Value></ns2:Value></ns2:CustProperty><ns2:CustProperty><ns2:Code>C_CUST_MARKETING_CONSENT</ns2:Code><ns2:Value>N</ns2:Value></ns2:CustProperty><ns2:CustProperty><ns2:Code>C_Extend_Cust_Str_Attr7</ns2:Code><ns2:Value></ns2:Value></ns2:CustProperty><ns2:CustProperty><ns2:Code>C_Extend_Cust_Str_Attr6</ns2:Code><ns2:Value></ns2:Value></ns2:CustProperty><ns2:CustProperty><ns2:Code>C_OLD_IC</ns2:Code><ns2:Value></ns2:Value></ns2:CustProperty><ns2:CustProperty><ns2:Code>C_Extend_Cust_Str_Attr1</ns2:Code><ns2:Value></ns2:Value></ns2:CustProperty><ns2:CustProperty><ns2:Code>C_Extend_Cust_Str_Attr10</ns2:Code><ns2:Value></ns2:Value></ns2:CustProperty><ns2:CustProperty><ns2:Code>C_CUST_BILLSUM</ns2:Code><ns2:Value>0</ns2:Value></ns2:CustProperty><ns2:CustProperty><ns2:Code>C_CORP_CUST_SEGMENT</ns2:Code><ns2:Value></ns2:Value></ns2:CustProperty><ns2:CustProperty><ns2:Code>C_ACCESSIBILITY_FLAG</ns2:Code><ns2:Value></ns2:Value></ns2:CustProperty><ns2:CustProperty><ns2:Code>C_CUST_BelToAreaID</ns2:Code><ns2:Value>101</ns2:Value></ns2:CustProperty><ns2:CustProperty><ns2:Code>C_CUST_ID</ns2:Code><ns2:Value>100050000000315503</ns2:Value></ns2:CustProperty></ns2:CustBasicInfo></ns3:CustInfo><ns3:IndividualInfo><ns2:IDType>6</ns2:IDType><ns2:IDNumber>984108505</ns2:IDNumber><ns2:FirstName>Juan Die</ns2:FirstName><ns2:LastName>Teaga Escoba</ns2:LastName><ns2:HomePhone>3303000</ns2:HomePhone><ns2:Email>pruebaAutomatizadaQA@gmail.com</ns2:Email><ns2:IndividualProperty><ns2:Code>C_MKT_P_STATUS</ns2:Code><ns2:Value>1</ns2:Value></ns2:IndividualProperty></ns3:IndividualInfo></ns3:UserCustomer></ns3:SubscriberInfo><ns3:PaymentMode>0</ns3:PaymentMode><ns3:PrimaryOffering><ns2:OfferingKey><ns2:OfferingID>110110367</ns2:OfferingID><ns2:PurchaseSeq>185772</ns2:PurchaseSeq></ns2:OfferingKey><ns2:BundledFlag>S</ns2:BundledFlag><ns2:OfferingClass>I</ns2:OfferingClass><ns2:Status>2</ns2:Status><ns2:ProductInst><ns2:ProductID>1010</ns2:ProductID><ns2:PrimaryFlag>A</ns2:PrimaryFlag><ns2:PackageFlag>A</ns2:PackageFlag><ns2:NetworkType>1</ns2:NetworkType><ns2:ProductType>4</ns2:ProductType></ns2:ProductInst><ns2:ProductInst><ns2:ProductID>1014</ns2:ProductID><ns2:PrimaryFlag>A</ns2:PrimaryFlag><ns2:PackageFlag>A</ns2:PackageFlag><ns2:NetworkType>1</ns2:NetworkType><ns2:ProductType>1</ns2:ProductType></ns2:ProductInst><ns2:ProductInst><ns2:ProductID>1042</ns2:ProductID><ns2:PrimaryFlag>A</ns2:PrimaryFlag><ns2:PackageFlag>A</ns2:PackageFlag><ns2:NetworkType>1</ns2:NetworkType><ns2:ProductType>1</ns2:ProductType></ns2:ProductInst><ns2:ProductInst><ns2:ProductID>1011</ns2:ProductID><ns2:PrimaryFlag>A</ns2:PrimaryFlag><ns2:PackageFlag>A</ns2:PackageFlag><ns2:NetworkType>1</ns2:NetworkType><ns2:ProductType>1</ns2:ProductType></ns2:ProductInst><ns2:ProductInst><ns2:ProductID>1822969218</ns2:ProductID><ns2:PrimaryFlag>A</ns2:PrimaryFlag><ns2:PackageFlag>A</ns2:PackageFlag><ns2:NetworkType>1</ns2:NetworkType><ns2:ProductType>1</ns2:ProductType></ns2:ProductInst><ns2:ProductInst><ns2:ProductID>1053</ns2:ProductID><ns2:PrimaryFlag>M</ns2:PrimaryFlag><ns2:PackageFlag>A</ns2:P"
16:19:32.436 [Test worker] DEBUG org.apache.http.wire -  << "[\r][\n]"
16:19:32.436 [Test worker] DEBUG org.apache.http.wire -  << "008d[\r][\n]"
16:19:32.436 [Test worker] DEBUG org.apache.http.wire -  << "ackageFlag><ns2:NetworkT"
16:19:32.436 [Test worker] DEBUG org.apache.http.wire -  << "ype>1</ns2:NetworkType><ns2:ProductType>1</ns2:ProductType></ns2:ProductInst></ns3:PrimaryOffering></ns3:Subscriber><"
16:19:32.436 [Test worker] DEBUG org.apache.http.wire -  << "[\r][\n]"
16:19:32.436 [Test worker] DEBUG org.apache.http.wire -  << "0fe8[\r][\n]"
16:19:32.436 [Test worker] DEBUG org.apache.http.wire -  << "ns3:Account><ns3:AcctKey>PRE-8830070926</ns3:AcctKey><ns3:AcctInfo><ns3:AcctCode>CBS100050000000320888</ns3:AcctCode><ns3:UserCustomerKey>CTA00000925124</ns3:UserCustomerKey><ns3:UserCustomer><ns3:CustKey>CTA00000925124</ns3:CustKey><ns3:CustInfo><ns2:CustType>1</ns2:CustType><ns2:CustNodeType>1</ns2:CustNodeType><ns2:CustClass>1</ns2:CustClass><ns2:CustCode>CBS100050000000315503</ns2:CustCode><ns2:CustBasicInfo><ns2:DFTWrittenLang>2002</ns2:DFTWrittenLang><ns2:DFTIVRLang>2002</ns2:DFTIVRLang><ns2:DunningFlag>1</ns2:DunningFlag><ns2:CustProperty><ns2:Code>C_Extend_Cust_Int_Attr8</ns2:Code><ns2:Value></ns2:Value></ns2:CustProperty><ns2:CustProperty><ns2:Code>C_CUSTOMER_TAX_RATE</ns2:Code><ns2:Value></ns2:Value></ns2:CustProperty><ns2:CustProperty><ns2:Code>C_Extend_Cust_Int_Attr9</ns2:Code><ns2:Value></ns2:Value></ns2:CustProperty><ns2:CustProperty><ns2:Code>C_CUST_BANKRUPTCY</ns2:Code><ns2:Value>N</ns2:Value></ns2:CustProperty><ns2:CustProperty><ns2:Code>C_Extend_Cust_Int_Attr10</ns2:Code><ns2:Value></ns2:Value></ns2:CustProperty><ns2:CustProperty><ns2:Code>C_Extend_Cust_Int_Attr4</ns2:Code><ns2:Value></ns2:Value></ns2:CustProperty><ns2:CustProperty><ns2:Code>C_Extend_Cust_Int_Attr5</ns2:Code><ns2:Value></ns2:Value></ns2:CustProperty><ns2:CustProperty><ns2:Code>C_Extend_Cust_Int_Attr6</ns2:Code><"
16:19:32.532 [Test worker] DEBUG org.apache.http.wire -  << "ns2:Value></ns2:Value></ns2:CustProperty><ns2:CustProperty><ns2:Code>C_Extend_Cust_Int_Attr7</ns2:Code><ns2:Value></ns2:Value></ns2:CustProperty><ns2:CustProperty><ns2:Code>C_LEGAL_CATEGORY</ns2:Code><ns2:Value></ns2:Value></ns2:CustProperty><ns2:CustProperty><ns2:Code>C_CONTRACT_ID</ns2:Code><ns2:Value></ns2:Value></ns2:CustProperty><ns2:CustProperty><ns2:Code>C_Extend_Cust_Int_Attr1</ns2:Code><ns2:Value></ns2:Value></ns2:CustProperty><ns2:CustProperty><ns2:Code>C_Extend_Cust_Int_Attr2</ns2:Code><ns2:Value></ns2:Value></ns2:CustProperty><ns2:CustProperty><ns2:Code>C_NEW_IC</ns2:Code><ns2:Value></ns2:Value></ns2:CustProperty><ns2:CustProperty><ns2:Code>C_Extend_Cust_Int_Attr3</ns2:Code><ns2:Value></ns2:Value></ns2:CustProperty><ns2:CustProperty><ns2:Code>C_REG_FLAG</ns2:Code><ns2:Value>N</ns2:Value></ns2:CustProperty><ns2:CustProperty><ns2:Code>C_NRC</ns2:Code><ns2:Value></ns2:Value></ns2:CustProperty><ns2:CustProperty><ns2:Code>C_CUST_CATEGORY</ns2:Code><ns2:Value></ns2:Value></ns2:CustProperty><ns2:CustProperty><ns2:Code>C_CUST_SALT</ns2:Code><ns2:Value>53715E2F4F8E80A1</ns2:Value></ns2:CustProperty><ns2:CustProperty><ns2:Code>C_EXTERNAL_CUST_ID</ns2:Code><ns2:Value></ns2:Value></ns2:CustProperty><ns2:CustProperty><ns2:Code>C_FRAUD_FLAG</ns2:Code><ns2:Value>N</ns2:Value></ns2:CustProperty><ns2:CustProperty><ns2:Code>C_TAX_PAYER_IDENTIFICATION_NO</ns2:Code><ns2:Value></ns2:Value></ns2:CustProperty><ns2:CustProperty><ns2:Code>C_CUST_MEDIA_FLAG</ns2:Code><ns2:Value>N</ns2:Value></ns2:CustProperty><ns2:CustProperty><ns2:Code>C_EVENING_PHONE</ns2:Code><ns2:Value></ns2:Value></ns2:CustProperty><ns2:CustProperty><ns2:Code>C_CUST_DECEASED</ns2:Code><ns2:Value>N</ns2:Value></ns2:CustProperty><ns2:CustProperty><ns2:Code>C_Extend_Cust_Str_Attr5</ns2:Code><ns2:Value></ns2:Value></ns2:CustProperty><ns2:CustProperty><ns2:Code>C_Extend_Cust_Str_Attr4</ns2:Code><ns2:Value></ns2:Value></ns2:CustProperty><ns2:CustProperty><ns2:Code>C_Extend_Cust_Str_Attr3</ns2:Code><ns2:Value></ns2:Value></ns2:CustProperty><ns2:CustProperty><ns2:Code>C_Extend_Cust_Str_Attr2</ns2:Code><ns2:Value></ns2:Value></ns2:CustProperty><ns2:CustProperty><ns2:Code>C_DAYTIME_PHONE</ns2:Code><ns2:Value></ns2:Value></ns2:CustProperty><ns2:CustProperty><ns2:Code>C_Extend_Cust_Str_Attr9</ns2:Code><ns2:Value></ns2:Value></ns2:CustProperty><ns2:CustProperty><ns2:Code>C_Extend_Cust_Str_Attr8</ns2:Code><ns2:Value></ns2:Value></ns2:CustProperty><ns2:CustProperty><ns2:Code>C_CUST_MARKETING_CONSENT</ns2:Code><ns2:Value>N</ns2:Value></ns2:CustProperty><ns2:CustProperty><ns2:Code>C_Extend_Cust_Str_Attr7</ns2:Code><ns2:Value></ns2:Value></ns2:CustProperty><ns2:CustProperty><ns2:Code>C_Extend_Cust_Str_Attr6</ns2:Code><ns2:Value></ns2:Value></ns2:CustProperty><ns2:Cu"
16:19:32.532 [Test worker] DEBUG org.apache.http.wire -  << "[\r][\n]"
16:19:32.532 [Test worker] DEBUG org.apache.http.wire -  << "0fe8[\r][\n]"
16:19:32.532 [Test worker] DEBUG org.apache.http.wire -  << "stProperty><ns2:Code>C_OLD_IC</ns2:Code><ns2:Value></ns2:Value></ns2:CustProperty><ns2:CustProperty><ns2:Code>C_Extend_Cust_Str_Attr1</ns2:Code><ns2:Value></ns2:Value></ns2:CustProperty><ns2:CustProperty><ns2:Code>C_Extend_Cust_Str_Attr10</ns2:Code><ns2:Value></ns2:Value></ns2:CustProperty><ns2:CustProperty><ns2:Code>C_CUST_BILLSUM</ns2:Code><ns2:Value>0</ns2:Value></ns2:CustProperty><ns2:CustProperty><ns2:Code>C_CORP_CUST_SEGMENT</ns2:Code><ns2:Value></ns2:Value></ns2:CustProperty><ns2:CustProperty><ns2:Code>C_ACCESSIBILITY_FLAG</ns2:Code><ns2:Value></ns2:Value></ns2:CustProperty><ns2:CustProperty><ns2:Code>C_CUST_BelToAreaID</ns2:Code><ns2:Value>101</ns2:Value></ns2:CustProperty><ns2:CustProperty><ns2:Code>C_CUST_ID</ns2:Code><ns2:Value>100050000000315503</ns2:Value></ns2:CustProperty></ns2:CustBasicInfo></ns3:CustInfo><ns3:IndividualInfo><ns2:IDType>6</ns2:IDType><ns2:IDNumber>984108505</ns2:IDNumber><ns2:FirstName>Juan Die</ns2:FirstName><ns2:LastName>Teaga Escoba</ns2:LastName><ns2:HomePhone>3303000</ns2:HomePhone><ns2:Email>pruebaAutomatizadaQA@gmail.com</ns2:Email><ns2:IndividualProperty><ns2:Code>C_MKT_P_STATUS</ns2:Code><ns2:Value>1</ns2:Value></ns2:IndividualProperty></ns3:IndividualInfo></ns3:UserCustomer><ns3:RootAcctKey>PRE-8830070926</ns3:RootAcctKey><ns3:AcctBasicInfo><ns2:BillLang>2002</ns2:BillLang><ns2:DunningFlag>1</ns2:DunningFlag><ns2:LateFeeChargeable>N</ns2:LateFeeChargeable><ns2:RedlistFlag>0</ns2:RedlistFlag><ns2:ContactInfo><ns2:FirstName>Juan Die</ns2:FirstName><ns2:LastName>Teaga Escoba</ns2:LastName><ns2:AddressKey>9e9f5ef8a442cb414fac242e71b10198</ns2:AddressKey><ns2:HomePhone>3303000</ns2:HomePhone><ns2:MobilePhone>3016875982</ns2:MobilePhone><ns2:Email>pruebaAutomatizadaQA@gmail.com</ns2:Email></ns2:ContactInfo><ns2:AcctProperty><ns2:Code>C_ACCOUNT_INFO_5</ns2:Code><ns2:Value></ns2:Value></ns2:AcctProperty><ns2:AcctProperty><ns2:Code>C_GRP_IND_ACCT</ns2:Code><ns2:Value></ns2:Value></ns2:AcctProperty><ns2:AcctProperty><ns2:Code>C_INIT_BALANCE</ns2:Code><ns2:Value></ns2:Value></ns2:AcctProperty><ns2:AcctProperty><ns2:Code>C_ACCOUNT_INFO_3</ns2:Code><ns2:Value></ns2:Value></ns2:AcctProperty><ns2:AcctProperty><ns2:Code>C_ACCOUNT_INFO_4</ns2:Code><ns2:Value></ns2:Value></ns2:AcctProperty><ns2:AcctProperty><ns2:Code>C_Extend_Acct_Int_Attr1</ns2:Code><ns2:Value></ns2:Value></ns2:AcctProperty><ns2:AcctProperty><ns2:Code>C_Extend_Acct_Int_Attr2</ns2:Code><ns2:Value></ns2:Value></ns2:AcctProperty><ns2:AcctProperty><ns2:Code>C_POINT_ACCM_FLAG</ns2:Code><ns2:Value>1</ns2:Value></ns2:AcctProperty><ns2:AcctProperty><ns2:Code>C_Extend_Acct_Int_Attr3</ns2:Code><ns2:Value></ns2:Value></ns2:AcctProperty><ns2:AcctProperty><ns2:Code>C_RTN</ns2:Code><ns2:Value></ns2:Value></ns2:AcctProperty><ns2:AcctProperty><ns2:Code>C_BILLING_GROUP_NO</ns2:Code><ns2:Value></ns2:Value></ns2:AcctProperty><ns2:AcctProperty><ns2:Code>C_GRACE_PERIOD</ns2:Code><ns2:Value></ns2:Value></ns2:AcctProperty><ns2:AcctProperty><ns2:Code>C_TAX_CORRELATIVE_TYPE</ns2:Code><ns2:Value></ns2:Value></ns2:AcctProperty><ns2:AcctProperty><ns2:Code>C_BILL_TYPE</ns2:Code><ns2:Value>T</ns2:Value></ns2:AcctProperty><ns2:AcctProperty><ns2:Code>C_IS_VPN_ACCT_SUSPEND</ns2:Code><ns2:Value>0</ns2:Value></ns2:AcctProperty><ns2:AcctProperty><ns2:Code>C_ACCOUNT_CATEGORY</ns2:Code><ns2:Value>0</ns2:Value></ns2:AcctProperty><ns2:AcctProperty><ns2:Code>C_BUSINESS_TYPE</ns2:Code><ns2:Value>0</ns2:Value></ns2:AcctProperty><ns2:AcctProperty><ns2:Code>C_Extend_Acct_Int_Attr4</ns2:Code><ns2:Value></ns2:Value></ns2:AcctProperty><ns2:AcctProperty><ns2:Code>C_Extend_Acct_Int_Attr5</ns2:Code><ns2:Value></ns2:Value></ns2:A"
16:19:32.532 [Test worker] DEBUG org.apache.http.wire -  << "cctProperty><ns2:AcctProperty><ns2:Code>C_FRAUD_WRITEOFF_FLAG</ns2:Code><ns2:Value>N</ns2:Value></ns2:AcctProperty><ns2:AcctProperty><ns2:Code>C_Extend_Acct_Int_Attr6</ns2:Code><ns2:Value></ns2:Value></ns2:AcctProperty><ns2:AcctProperty><ns2:Code>C_Extend_Acct_Int_Attr7</ns2:Code><ns2:Value></ns2:Value></ns2:AcctProperty><ns2:AcctProperty><ns2:Code>C_IMG_IDX</ns2:Code><ns2:Value></ns2:Value></ns2:AcctProperty><ns2:AcctProperty><ns2"
16:19:32.532 [Test worker] DEBUG org.apache.http.wire -  << "[\r][\n]"
16:19:32.532 [Test worker] DEBUG org.apache.http.wire -  << "0fe8[\r][\n]"
16:19:32.542 [Test worker] DEBUG org.apache.http.wire -  << ":Code>C_ACCOUNT_INFO_1</ns2:Code><ns2:Value></ns2:Value></ns2:AcctProperty><ns2:AcctProperty><ns2:Code>C_Extend_Acct_Int_Attr8</ns2:Code><ns2:Value></ns2:Value></ns2:AcctProperty><ns2:AcctProperty><ns2:Code>C_MCF_SELECTED</ns2:Code><ns2:Value>1</ns2:Value></ns2:AcctProperty><ns2:AcctProperty><ns2:Code>C_ACCOUNT_INFO_2</ns2:Code><ns2:Value></ns2:Value></ns2:AcctProperty><ns2:AcctProperty><ns2:Code>C_Extend_Acct_Int_Attr9</ns2:Code><ns2:Value></ns2:Value></ns2:AcctProperty><ns2:AcctProperty><ns2:Code>C_VERIFICATION_DIGIT</ns2:Code><ns2:Value></ns2:Value></ns2:AcctProperty><ns2:AcctProperty><ns2:Code>C_PRI_SUB_ID</ns2:Code><ns2:Value></ns2:Value></ns2:AcctProperty><ns2:AcctProperty><ns2:Code>C_DVD_IDX</ns2:Code><ns2:Value>N</ns2:Value></ns2:AcctProperty><ns2:AcctProperty><ns2:Code>C_POINT_EXCHANGE_FLAG</ns2:Code><ns2:Value>0</ns"
16:19:32.542 [Test worker] DEBUG org.apache.http.wire -  << "2:Value></ns2:AcctProperty><ns2:AcctProperty><ns2:Code>C_Extend_Acct_Str_Attr1</ns2:Code><ns2:Value></ns2:Value></ns2:AcctProperty><ns2:AcctProperty><ns2:Code>C_NIT</ns2:Code><ns2:Value></ns2:Value></ns2:AcctProperty><ns2:AcctProperty><ns2:Code>C_ACCT_AUTOPAY_FAILCOUNTER</ns2:Code><ns2:Value>0</ns2:Value></ns2:AcctProperty><ns2:AcctProperty><ns2:Code>C_CONTRACT_NUMBER</ns2:Code><ns2:Value></ns2:Value></ns2:AcctProperty><ns2:AcctProperty><ns2:Code>C_PAY_INTIME_DATE</ns2:Code><ns2:Value></ns2:Value></ns2:AcctProperty><ns2:AcctProperty><ns2:Code>C_OVER_DRAFT_FOR_PREPAID</ns2:Code><ns2:Value></ns2:Value></ns2:AcctProperty><ns2:AcctProperty><ns2:Code>C_ACCOUNT_TAX_EXEMPTION</ns2:Code><ns2:Value>0</ns2:Value></ns2:AcctProperty><ns2:AcctProperty><ns2:Code>C_ACCT_BILLFLAG</ns2:Code><ns2:Value>0</ns2:Value></ns2:AcctProperty><ns2:AcctProperty><ns2:Code>C_DUNNING_EXCEPTION_LIST</ns2:Code><ns2:Value>0000</ns2:Value></ns2:AcctProperty><ns2:AcctProperty><ns2:Code>C_MARKETING_CATEGORY</ns2:Code><ns2:Value></ns2:Value></ns2:AcctProperty><ns2:AcctProperty><ns2:Code>C_SOCIETY</ns2:Code><ns2:Value></ns2:Value></ns2:AcctProperty><ns2:AcctProperty><ns2:Code>C_DDI_STATUS</ns2:Code><ns2:Value></ns2:Value></ns2:AcctProperty><ns2:AcctProperty><ns2:Code>C_Extend_Acct_Str_Attr10</ns2:Code><ns2:Value></ns2:Value></ns2:AcctProperty><ns2:AcctProperty><ns2:Code>C_Extend_Acct_Str_Attr9</ns2:Code><ns2:Value></ns2:Value></ns2:AcctProperty><ns2:AcctProperty><ns2:Code>C_ECONOMIC_STRATUM</ns2:Code><ns2:Value></ns2:Value></ns2:AcctProperty><ns2:AcctProperty><ns2:Code>C_Extend_Acct_Str_Attr8</ns2:Code><ns2:Value></ns2:Value></ns2:AcctProperty><ns2:AcctProperty><ns2:Code>C_Extend_Acct_Str_Attr7</ns2:Code><ns2:Value></ns2:Value></ns2:AcctProperty><ns2:AcctProperty><ns2:Code>C_Extend_Acct_Str_Attr6</ns2:Code><ns2:Value></ns2:Value></ns2:AcctProperty><ns2:AcctProperty><ns2:Code>C_Extend_Acct_Str_Attr5</ns2:Code><ns2:Value></ns2:Value></ns2:AcctProperty><ns2:AcctProperty><ns2:Code>C_BILL_CONFIRM</ns2:Code><ns2:Value>N</ns2:Value></ns2:AcctProperty><ns2:AcctProperty><ns2:Code>C_Extend_Acct_Str_Attr4</ns2:Code><ns2:Value></ns2:Value></ns2:AcctProperty><ns2:AcctProperty><ns2:Code>C_Extend_Acct_Str_Attr3</ns2:Code><ns2:Value></ns2:Value></ns2:AcctProperty><ns2:AcctProperty><ns2:Code>C_ACCT_STATUS</ns2:Code><ns2:Value>0</ns2:Value></ns2:AcctProperty><ns2:AcctProperty><ns2:Code>C_Extend_Acct_Str_Attr2</ns2:Code><ns2:Value></ns2:Value></ns2:AcctProperty><ns2:AcctProperty><ns2:Code>C_Extend_Acct_Int_Attr10</ns2:Code><ns2:Value></ns2:Value></ns2:AcctProperty><ns2:AcctProperty><ns2:Code>C_ACCOUNT_RELIABILITY</ns2:Code><ns2:Value></ns2:Value></ns2:AcctProperty><ns2:AcctProperty><ns2:Code>C_COLLECTION_CATEGORY</ns2:Code><ns2:Value></ns2:Value></ns2:AcctProperty><ns2:AcctProperty><ns2:Code>C_CITY</ns2:Code><ns2:Value>11001</ns2:Value></ns2:AcctProperty><ns2:AcctProperty><ns2:Code>C_ACCOUNT_MANDATE_CODE</ns2:Code><ns2:Value></ns2:Value></ns2:AcctProperty><ns2:AcctProperty><ns2:Code>C_PROVINCE</ns2:Code><ns2:Value>11</ns2:Value></ns2:AcctProperty><ns2:AcctProperty><ns2:Code>C_RFC</ns2:Code><ns2:Value></ns2:Value></ns2:AcctProperty><ns2:AcctProperty><ns2:Code>C_CLAIM_FLAG</ns2:Code><ns2:Value>N</ns2:Value></ns2:AcctProperty><ns2:AcctP"
16:19:32.542 [Test worker] DEBUG org.apache.http.wire -  << "[\r][\n]"
16:19:32.542 [Test worker] DEBUG org.apache.http.wire -  << "006c[\r][\n]"
16:19:32.542 [Test worker] DEBUG org.apache.http.wire -  << "roperty><ns2:Code>C_ROUTEID</ns2:Code><ns2:Value></ns2:Value></ns2:AcctProperty><ns2:AcctProperty><ns2:Code>"
16:19:32.542 [Test worker] DEBUG org.apache.http.wire -  << "[\r][\n]"
16:19:32.542 [Test worker] DEBUG org.apache.http.wire -  << "0a37[\r][\n]"
16:19:32.542 [Test worker] DEBUG org.apache.http.wire -  << "C_SUC_AUTOPAY_DATE</ns2:Code><ns2:Value></ns2:Value></ns2:AcctProperty><ns2:AcctProperty><ns2:Code>C_POINT_DISTRIBUTE_RATE</ns2:Code><ns2:Value>0</ns2:Value></ns2:AcctProperty><ns2:AcctProperty><ns2:Code>C_ROAM_ACCT_ORDER_SEND</ns2:Code><ns2:Value>0</ns2:Value></ns2:AcctProperty><ns2:AcctProperty><ns2:Code>C_DD_REFERENCE</ns2:Code><ns2:Value></ns2:Value></ns2:AcctProperty><ns2:AcctProperty><ns2:Code>C_TERRITORY</ns2:Code><ns2:Value></ns2:Value></ns2:AcctProperty><ns2:AcctProperty><ns2:Code>C_CHG_ACCT_STATUS</ns2:Code><ns2:Value>0</ns2:Value></ns2:AcctProperty><ns2:AcctProperty><ns2:Code>C_DUE_DATE_TYPE</ns2:Code><ns2:Value></ns2:Value></ns2:AcctProperty><ns2:AcctProperty><ns2:Code>C_CREDIT_RECALCULATION_FLAG</ns2:Code><ns2:Value>N</ns2:Value></ns2:AcctProperty><ns2:AcctProperty><ns2:Code>C_BUSINESS_UNIT</ns2:Code><ns2:Value></ns2:Value></ns2:AcctProperty><ns2:AcctProperty><ns2:Code>C_OTHER_CARRIER</ns2:Code><ns2:Value>0</ns2:Value></ns2:AcctProperty><ns2:AcctProperty><ns2:Code>C_LATEFEE_FLAG</ns2:Code><ns2:Value>N</ns2:Value></ns2:AcctProperty><ns2:AcctProperty><ns2:Code>C_REF_A</ns2:Code><ns2:Value></ns2:Value></ns2:AcctProperty><ns2:AcctProperty><ns2:Code>OverDraftForPrepaid</ns2:Code><ns2:Value>0</ns2:Value></ns2:AcctProperty><ns2:AcctProperty><ns2:Code>C_BILL_DISPATCH_CODE</ns2:Code><ns2:Value></ns2:Value></ns2:AcctProperty><ns2:AcctProperty><ns2:Code>C_REF_B</ns2:Code><ns2:Value></ns2:Value></ns2:AcctProperty><ns2:AcctProperty><ns2:Code>C_PRI_SUB_IDENTIFIER</ns2:Code><ns2:Value></ns2:Value></ns2:AcctProperty><ns2:AcctProperty><ns2:Code>C_ACCTCYCLELENGTH</ns2:Code><ns2:Value>1</ns2:Value></ns2:AcctProperty><ns2:AcctProperty><ns2:Code>C_DCA_NAME</ns2:Code><ns2:Value></ns2:Value></ns2:AcctProperty><ns2:AcctProperty><ns2:Code>C_ACCT_ID</ns2:Code><ns2:Value>100050000000320888</ns2:Value></ns2:AcctProperty></ns3:AcctBasicInfo><ns3:BillCycleType>24</ns3:BillCycleType><ns3:AcctType>1</ns3:AcctType><ns3:PaymentType>0</ns3:PaymentType><ns3:AcctClass>1</ns3:AcctClass><ns3:CurrencyID>1032</ns3:CurrencyID><ns3:AcctPayMethod>1</ns3:AcctPayMethod><ns3:AddressInfo><ns2:AddressKey>9e9f5ef8a442cb414fac242e71b10198</ns2:AddressKey><ns2:Address1>Avenida 45# 16- 36 </ns2:Address1><ns2:Address5>BOGOT[0xc3][0x81], D.C.</ns2:Address5><ns2:Address6>Bogot[0xc3][0xa1], D.C.</ns2:Address6><ns2:Address7>Centro</ns2:Address7><ns2:Address8>Colombia</ns2:Address8></ns3:AddressInfo><ns3:BillCycleOpenDate>20210124000000</ns3:BillCycleOpenDate><ns3:BillCycleEndDate>20220224000000</ns3:BillCycleEndDate></ns3:AcctInfo></ns3:Account></QueryCustomerInfoResult></return></ns4:queryCustomerInfoResponse></S:Body></S:Envelope>"
16:19:32.542 [Test worker] DEBUG org.apache.http.wire -  << "[\r][\n]"
16:19:32.542 [Test worker] DEBUG org.apache.http.wire -  << "0000[\r][\n]"
16:19:32.542 [Test worker] DEBUG org.apache.http.wire -  << "[\r][\n]"
16:19:32.542 [Test worker] DEBUG org.apache.http.impl.conn.BasicClientConnectionManager - Releasing connection org.apache.http.impl.conn.ManagedClientConnectionImpl@4f8c0ead
16:19:32.542 [Test worker] DEBUG org.apache.http.impl.conn.BasicClientConnectionManager - Connection can be kept alive indefinitely
16:19:32.567 [Test worker] DEBUG org.apache.http.impl.conn.BasicClientConnectionManager - Get connection for route {}->http://10.65.45.12:9001
16:19:32.568 [Test worker] DEBUG org.apache.http.impl.conn.DefaultClientConnectionOperator - Connecting to 10.65.45.12:9001
16:19:32.652 [Test worker] DEBUG org.apache.http.client.protocol.RequestAddCookies - CookieSpec selected: ignoreCookies
16:19:32.652 [Test worker] DEBUG org.apache.http.client.protocol.RequestAuthCache - Auth cache not set in the context
16:19:32.652 [Test worker] DEBUG org.apache.http.client.protocol.RequestTargetAuthentication - Target auth state: UNCHALLENGED
16:19:32.652 [Test worker] DEBUG org.apache.http.client.protocol.RequestProxyAuthentication - Proxy auth state: UNCHALLENGED
16:19:32.652 [Test worker] DEBUG org.apache.http.impl.client.DefaultHttpClient - Attempt 1 to execute request
16:19:32.652 [Test worker] DEBUG org.apache.http.impl.conn.DefaultClientConnection - Sending request: POST /gatewaymgint/GatewayMGWSInt HTTP/1.1
16:19:32.652 [Test worker] DEBUG org.apache.http.wire -  >> "POST /gatewaymgint/GatewayMGWSInt HTTP/1.1[\r][\n]"
16:19:32.652 [Test worker] DEBUG org.apache.http.wire -  >> "Accept: */*[\r][\n]"
16:19:32.652 [Test worker] DEBUG org.apache.http.wire -  >> "Content-Type: text/xml;charset=UTF-8[\r][\n]"
16:19:32.652 [Test worker] DEBUG org.apache.http.wire -  >> "Content-Length: 479[\r][\n]"
16:19:32.652 [Test worker] DEBUG org.apache.http.wire -  >> "Host: 10.65.45.12:9001[\r][\n]"
16:19:32.652 [Test worker] DEBUG org.apache.http.wire -  >> "Connection: Keep-Alive[\r][\n]"
16:19:32.652 [Test worker] DEBUG org.apache.http.wire -  >> "User-Agent: Apache-HttpClient/4.5.9 (Java/1.8.0_291)[\r][\n]"
16:19:32.652 [Test worker] DEBUG org.apache.http.wire -  >> "Accept-Encoding: gzip,deflate[\r][\n]"
16:19:32.652 [Test worker] DEBUG org.apache.http.wire -  >> "[\r][\n]"
16:19:32.652 [Test worker] DEBUG org.apache.http.headers - >> POST /gatewaymgint/GatewayMGWSInt HTTP/1.1
16:19:32.652 [Test worker] DEBUG org.apache.http.headers - >> Accept: */*
16:19:32.652 [Test worker] DEBUG org.apache.http.headers - >> Content-Type: text/xml;charset=UTF-8
16:19:32.652 [Test worker] DEBUG org.apache.http.headers - >> Content-Length: 479
16:19:32.652 [Test worker] DEBUG org.apache.http.headers - >> Host: 10.65.45.12:9001
16:19:32.652 [Test worker] DEBUG org.apache.http.headers - >> Connection: Keep-Alive
16:19:32.652 [Test worker] DEBUG org.apache.http.headers - >> User-Agent: Apache-HttpClient/4.5.9 (Java/1.8.0_291)
16:19:32.652 [Test worker] DEBUG org.apache.http.headers - >> Accept-Encoding: gzip,deflate
16:19:32.652 [Test worker] DEBUG org.apache.http.wire -  >> "<soapenv:Envelope xmlns:soapenv="http://schemas.xmlsoap.org/soap/envelope/" xmlns:web="http://webservices.gatewaymg.tigo.com.co/">[\n]"
16:19:32.652 [Test worker] DEBUG org.apache.http.wire -  >> "   <soapenv:Header/>[\n]"
16:19:32.652 [Test worker] DEBUG org.apache.http.wire -  >> "   <soapenv:Body>[\n]"
16:19:32.652 [Test worker] DEBUG org.apache.http.wire -  >> "      <web:uninstallSubscription>[\n]"
16:19:32.652 [Test worker] DEBUG org.apache.http.wire -  >> "         <!--Optional:-->[\n]"
16:19:32.652 [Test worker] DEBUG org.apache.http.wire -  >> "         <arg0>[\n]"
16:19:32.652 [Test worker] DEBUG org.apache.http.wire -  >> "            <!--Optional:-->[\n]"
16:19:32.652 [Test worker] DEBUG org.apache.http.wire -  >> "            <msisdn>3016875982</msisdn>[\n]"
16:19:32.652 [Test worker] DEBUG org.apache.http.wire -  >> "            <!--Optional:-->[\n]"
16:19:32.652 [Test worker] DEBUG org.apache.http.wire -  >> "            <transactionId>?</transactionId>[\n]"
16:19:32.652 [Test worker] DEBUG org.apache.http.wire -  >> "         </arg0>[\n]"
16:19:32.652 [Test worker] DEBUG org.apache.http.wire -  >> "      </web:uninstallSubscription>[\n]"
16:19:32.652 [Test worker] DEBUG org.apache.http.wire -  >> "   </soapenv:Body>[\n]"
16:19:32.652 [Test worker] DEBUG org.apache.http.wire -  >> "</soapenv:Envelope>"
16:19:32.955 [Test worker] DEBUG org.apache.http.wire -  << "HTTP/1.1 200 OK[\r][\n]"
16:19:32.955 [Test worker] DEBUG org.apache.http.wire -  << "Date: Tue, 15 Feb 2022 21:20:33 GMT[\r][\n]"
16:19:32.955 [Test worker] DEBUG org.apache.http.wire -  << "Transfer-Encoding: chunked[\r][\n]"
16:19:32.955 [Test worker] DEBUG org.apache.http.wire -  << "Content-Type: text/xml; charset=utf-8[\r][\n]"
16:19:32.955 [Test worker] DEBUG org.apache.http.wire -  << "[\r][\n]"
16:19:32.955 [Test worker] DEBUG org.apache.http.impl.conn.DefaultClientConnection - Receiving response: HTTP/1.1 200 OK
16:19:32.959 [Test worker] DEBUG org.apache.http.headers - << HTTP/1.1 200 OK
16:19:32.959 [Test worker] DEBUG org.apache.http.headers - << Date: Tue, 15 Feb 2022 21:20:33 GMT
16:19:32.959 [Test worker] DEBUG org.apache.http.headers - << Transfer-Encoding: chunked
16:19:32.959 [Test worker] DEBUG org.apache.http.headers - << Content-Type: text/xml; charset=utf-8
16:19:32.959 [Test worker] DEBUG org.apache.http.impl.client.DefaultHttpClient - Connection can be kept alive indefinitely
16:19:32.959 [Test worker] DEBUG io.restassured.internal.RequestSpecificationImpl$RestAssuredHttpBuilder - Parsing response as: text/xml; charset=utf-8
16:19:32.961 [Test worker] DEBUG io.restassured.internal.RequestSpecificationImpl$RestAssuredHttpBuilder - Parsed data to instance of: class org.apache.http.conn.EofSensorInputStream
16:19:32.966 [Test worker] DEBUG org.apache.http.wire -  << "006e[\r][\n]"
16:19:32.966 [Test worker] DEBUG org.apache.http.wire -  << "<?xml version='1.0' encoding='UTF-8'?><S:Envelope xmlns:S="http://schemas.xmlsoap.org/soap/envelope/"><S:Body>"
16:19:32.966 [Test worker] DEBUG org.apache.http.wire -  << "[\r][\n]"
16:19:32.966 [Test worker] DEBUG org.apache.http.wire -  << "00df[\r][\n]"
16:19:32.966 [Test worker] DEBUG org.apache.http.wire -  << "<ns2:uninstallSubscriptionResponse xmlns:ns2="http://webservices.gatewaymg.tigo.com.co/"><return><authorizationNumber>0034081821691719</authorizationNumber></return></ns2:uninstallSubscriptionResponse></S:Body></S:Envelope>"
16:19:32.966 [Test worker] DEBUG org.apache.http.wire -  << "[\r][\n]"
16:19:32.966 [Test worker] DEBUG org.apache.http.wire -  << "0000[\r][\n]"
16:19:32.968 [Test worker] DEBUG org.apache.http.wire -  << "[\r][\n]"
16:19:32.968 [Test worker] DEBUG org.apache.http.impl.conn.BasicClientConnectionManager - Releasing connection org.apache.http.impl.conn.ManagedClientConnectionImpl@746e2a5e
16:19:32.969 [Test worker] DEBUG org.apache.http.impl.conn.BasicClientConnectionManager - Connection can be kept alive indefinitely
16:19:35.197 [Finalizer] DEBUG org.apache.http.impl.conn.DefaultClientConnection - Connection 0.0.0.0:52253<->10.65.45.12:9001 closed
16:19:35.201 [Finalizer] DEBUG org.apache.http.impl.conn.DefaultClientConnection - Connection 0.0.0.0:52252<->10.65.45.12:9001 closed
se ejecuta correctamente DB Activator
se ejecuta correctamente  DB EPOS
se ejecuta correctamente DB Siebel
se ejecuta correctamente DB Postale
16:19:42.837 [Test worker] DEBUG org.apache.http.impl.conn.BasicClientConnectionManager - Get connection for route {}->http://10.65.45.12:9001
16:19:42.837 [Test worker] DEBUG org.apache.http.impl.conn.DefaultClientConnectionOperator - Connecting to 10.65.45.12:9001
16:19:42.978 [Test worker] DEBUG org.apache.http.client.protocol.RequestAddCookies - CookieSpec selected: ignoreCookies
16:19:42.978 [Test worker] DEBUG org.apache.http.client.protocol.RequestAuthCache - Auth cache not set in the context
16:19:42.978 [Test worker] DEBUG org.apache.http.client.protocol.RequestTargetAuthentication - Target auth state: UNCHALLENGED
16:19:42.978 [Test worker] DEBUG org.apache.http.client.protocol.RequestProxyAuthentication - Proxy auth state: UNCHALLENGED
16:19:42.978 [Test worker] DEBUG org.apache.http.impl.client.DefaultHttpClient - Attempt 1 to execute request
16:19:42.978 [Test worker] DEBUG org.apache.http.impl.conn.DefaultClientConnection - Sending request: POST /gatewaycbs/BcServicesInt HTTP/1.1
16:19:42.978 [Test worker] DEBUG org.apache.http.wire -  >> "POST /gatewaycbs/BcServicesInt HTTP/1.1[\r][\n]"
16:19:42.978 [Test worker] DEBUG org.apache.http.wire -  >> "Accept: */*[\r][\n]"
16:19:42.978 [Test worker] DEBUG org.apache.http.wire -  >> "Content-Type: text/xml;charset=UTF-8[\r][\n]"
16:19:42.978 [Test worker] DEBUG org.apache.http.wire -  >> "Content-Length: 748[\r][\n]"
16:19:42.978 [Test worker] DEBUG org.apache.http.wire -  >> "Host: 10.65.45.12:9001[\r][\n]"
16:19:42.978 [Test worker] DEBUG org.apache.http.wire -  >> "Connection: Keep-Alive[\r][\n]"
16:19:42.978 [Test worker] DEBUG org.apache.http.wire -  >> "User-Agent: Apache-HttpClient/4.5.9 (Java/1.8.0_291)[\r][\n]"
16:19:42.982 [Test worker] DEBUG org.apache.http.wire -  >> "Accept-Encoding: gzip,deflate[\r][\n]"
16:19:42.982 [Test worker] DEBUG org.apache.http.wire -  >> "[\r][\n]"
16:19:42.982 [Test worker] DEBUG org.apache.http.headers - >> POST /gatewaycbs/BcServicesInt HTTP/1.1
16:19:42.982 [Test worker] DEBUG org.apache.http.headers - >> Accept: */*
16:19:42.982 [Test worker] DEBUG org.apache.http.headers - >> Content-Type: text/xml;charset=UTF-8
16:19:42.982 [Test worker] DEBUG org.apache.http.headers - >> Content-Length: 748
16:19:42.982 [Test worker] DEBUG org.apache.http.headers - >> Host: 10.65.45.12:9001
16:19:42.982 [Test worker] DEBUG org.apache.http.headers - >> Connection: Keep-Alive
16:19:42.982 [Test worker] DEBUG org.apache.http.headers - >> User-Agent: Apache-HttpClient/4.5.9 (Java/1.8.0_291)
16:19:42.982 [Test worker] DEBUG org.apache.http.headers - >> Accept-Encoding: gzip,deflate
16:19:42.982 [Test worker] DEBUG org.apache.http.wire -  >> "<soapenv:Envelope xmlns:bcc="http://www.huawei.com/bme/cbsinterface/bccommon" xmlns:bcs="http://www.huawei.com/bme/cbsinterface/bcservices" xmlns:ws="http://ws.web.gatewaycbs.tigo.com.co/" xmlns:soapenv="http://schemas.xmlsoap.org/soap/envelope/">[\n]"
16:19:42.982 [Test worker] DEBUG org.apache.http.wire -  >> "   <soapenv:Header/>[\n]"
16:19:42.982 [Test worker] DEBUG org.apache.http.wire -  >> "   <soapenv:Body>[\n]"
16:19:42.982 [Test worker] DEBUG org.apache.http.wire -  >> "      <ws:queryCustomerInfo>[\n]"
16:19:42.982 [Test worker] DEBUG org.apache.http.wire -  >> "         <!--Optional:-->[\n]"
16:19:42.982 [Test worker] DEBUG org.apache.http.wire -  >> "         <QueryCustomerInfoRequest>[\n]"
16:19:42.982 [Test worker] DEBUG org.apache.http.wire -  >> "            <bcs:QueryObj>[\n]"
16:19:42.982 [Test worker] DEBUG org.apache.http.wire -  >> "               <!--Optional:-->[\n]"
16:19:42.982 [Test worker] DEBUG org.apache.http.wire -  >> "               <bcs:SubAccessCode>[\n]"
16:19:42.982 [Test worker] DEBUG org.apache.http.wire -  >> "                  <!--Optional:-->[\n]"
16:19:42.982 [Test worker] DEBUG org.apache.http.wire -  >> "                  <bcc:PrimaryIdentity>3016877591</bcc:PrimaryIdentity>[\n]"
16:19:42.986 [Test worker] DEBUG org.apache.http.wire -  >> "               </bcs:SubAccessCode>[\n]"
16:19:42.986 [Test worker] DEBUG org.apache.http.wire -  >> "            </bcs:QueryObj>[\n]"
16:19:42.986 [Test worker] DEBUG org.apache.http.wire -  >> "         </QueryCustomerInfoRequest>[\n]"
16:19:42.986 [Test worker] DEBUG org.apache.http.wire -  >> "      </ws:queryCustomerInfo>[\n]"
16:19:42.986 [Test worker] DEBUG org.apache.http.wire -  >> "   </soapenv:Body>[\n]"
16:19:42.986 [Test worker] DEBUG org.apache.http.wire -  >> "</soapenv:Envelope>"
16:19:43.200 [Test worker] DEBUG org.apache.http.wire -  << "HTTP/1.1 200 OK[\r][\n]"
16:19:43.200 [Test worker] DEBUG org.apache.http.wire -  << "Date: Tue, 15 Feb 2022 21:20:44 GMT[\r][\n]"
16:19:43.200 [Test worker] DEBUG org.apache.http.wire -  << "Transfer-Encoding: chunked[\r][\n]"
16:19:43.200 [Test worker] DEBUG org.apache.http.wire -  << "Content-Type: text/xml; charset=utf-8[\r][\n]"
16:19:43.200 [Test worker] DEBUG org.apache.http.wire -  << "[\r][\n]"
16:19:43.200 [Test worker] DEBUG org.apache.http.impl.conn.DefaultClientConnection - Receiving response: HTTP/1.1 200 OK
16:19:43.200 [Test worker] DEBUG org.apache.http.headers - << HTTP/1.1 200 OK
16:19:43.200 [Test worker] DEBUG org.apache.http.headers - << Date: Tue, 15 Feb 2022 21:20:44 GMT
16:19:43.200 [Test worker] DEBUG org.apache.http.headers - << Transfer-Encoding: chunked
16:19:43.200 [Test worker] DEBUG org.apache.http.headers - << Content-Type: text/xml; charset=utf-8
16:19:43.200 [Test worker] DEBUG org.apache.http.impl.client.DefaultHttpClient - Connection can be kept alive indefinitely
16:19:43.200 [Test worker] DEBUG io.restassured.internal.RequestSpecificationImpl$RestAssuredHttpBuilder - Parsing response as: text/xml; charset=utf-8
16:19:43.200 [Test worker] DEBUG io.restassured.internal.RequestSpecificationImpl$RestAssuredHttpBuilder - Parsed data to instance of: class org.apache.http.conn.EofSensorInputStream
16:19:43.205 [Test worker] DEBUG org.apache.http.wire -  << "006e[\r][\n]"
16:19:43.205 [Test worker] DEBUG org.apache.http.wire -  << "<?xml version='1.0' encoding='UTF-8'?><S:Envelope xmlns:S="http://schemas.xmlsoap.org/soap/envelope/"><S:Body>"
16:19:43.205 [Test worker] DEBUG org.apache.http.wire -  << "[\r][\n]"
16:19:43.205 [Test worker] DEBUG org.apache.http.wire -  << "01f8[\r][\n]"
16:19:43.205 [Test worker] DEBUG org.apache.http.wire -  << "<ns4:queryCustomerInfoResponse xmlns:ns2="http://www.huawei.com/bme/cbsinterface/bccommon" xmlns:ns3="http://www.huawei.com/bme/cbsinterface/bcservices" xmlns:ns4="http://ws.web.gatewaycbs.tigo.com.co/" xmlns:ns5="http://www.huawei.com/bme/cbsinterface/cbscommon"><return><ResultHeader><ns5:Version>1</ns5:Version><ns5:ResultCode>118030260</ns5:ResultCode><ns5:ResultDesc>Subscriber 3016877591 does not exist.</ns5:ResultDesc></ResultHeader></return></ns4:queryCustomerInfoResponse></S:Body></S:Envelope>"
16:19:43.205 [Test worker] DEBUG org.apache.http.wire -  << "[\r][\n]"
16:19:43.206 [Test worker] DEBUG org.apache.http.wire -  << "0000[\r][\n]"
16:19:43.206 [Test worker] DEBUG org.apache.http.wire -  << "[\r][\n]"
16:19:43.206 [Test worker] DEBUG org.apache.http.impl.conn.BasicClientConnectionManager - Releasing connection org.apache.http.impl.conn.ManagedClientConnectionImpl@2fb93d36
16:19:43.206 [Test worker] DEBUG org.apache.http.impl.conn.BasicClientConnectionManager - Connection can be kept alive indefinitely
La linea 3016877591 no esta activa
se ejecuta correctamente DB Activator
se ejecuta correctamente  DB EPOS
se ejecuta correctamente DB Siebel
se ejecuta correctamente DB Postale
16:19:57.680 [Test worker] DEBUG org.apache.http.impl.conn.BasicClientConnectionManager - Get connection for route {}->http://10.65.45.12:9001
16:19:57.680 [Test worker] DEBUG org.apache.http.impl.conn.DefaultClientConnectionOperator - Connecting to 10.65.45.12:9001
16:19:57.744 [Test worker] DEBUG org.apache.http.client.protocol.RequestAddCookies - CookieSpec selected: ignoreCookies
16:19:57.744 [Test worker] DEBUG org.apache.http.client.protocol.RequestAuthCache - Auth cache not set in the context
16:19:57.744 [Test worker] DEBUG org.apache.http.client.protocol.RequestTargetAuthentication - Target auth state: UNCHALLENGED
16:19:57.744 [Test worker] DEBUG org.apache.http.client.protocol.RequestProxyAuthentication - Proxy auth state: UNCHALLENGED
16:19:57.744 [Test worker] DEBUG org.apache.http.impl.client.DefaultHttpClient - Attempt 1 to execute request
16:19:57.744 [Test worker] DEBUG org.apache.http.impl.conn.DefaultClientConnection - Sending request: POST /gatewaycbs/BcServicesInt HTTP/1.1
16:19:57.744 [Test worker] DEBUG org.apache.http.wire -  >> "POST /gatewaycbs/BcServicesInt HTTP/1.1[\r][\n]"
16:19:57.744 [Test worker] DEBUG org.apache.http.wire -  >> "Accept: */*[\r][\n]"
16:19:57.744 [Test worker] DEBUG org.apache.http.wire -  >> "Content-Type: text/xml;charset=UTF-8[\r][\n]"
16:19:57.744 [Test worker] DEBUG org.apache.http.wire -  >> "Content-Length: 748[\r][\n]"
16:19:57.744 [Test worker] DEBUG org.apache.http.wire -  >> "Host: 10.65.45.12:9001[\r][\n]"
16:19:57.744 [Test worker] DEBUG org.apache.http.wire -  >> "Connection: Keep-Alive[\r][\n]"
16:19:57.744 [Test worker] DEBUG org.apache.http.wire -  >> "User-Agent: Apache-HttpClient/4.5.9 (Java/1.8.0_291)[\r][\n]"
16:19:57.744 [Test worker] DEBUG org.apache.http.wire -  >> "Accept-Encoding: gzip,deflate[\r][\n]"
16:19:57.744 [Test worker] DEBUG org.apache.http.wire -  >> "[\r][\n]"
16:19:57.744 [Test worker] DEBUG org.apache.http.headers - >> POST /gatewaycbs/BcServicesInt HTTP/1.1
16:19:57.744 [Test worker] DEBUG org.apache.http.headers - >> Accept: */*
16:19:57.744 [Test worker] DEBUG org.apache.http.headers - >> Content-Type: text/xml;charset=UTF-8
16:19:57.744 [Test worker] DEBUG org.apache.http.headers - >> Content-Length: 748
16:19:57.744 [Test worker] DEBUG org.apache.http.headers - >> Host: 10.65.45.12:9001
16:19:57.744 [Test worker] DEBUG org.apache.http.headers - >> Connection: Keep-Alive
16:19:57.744 [Test worker] DEBUG org.apache.http.headers - >> User-Agent: Apache-HttpClient/4.5.9 (Java/1.8.0_291)
16:19:57.744 [Test worker] DEBUG org.apache.http.headers - >> Accept-Encoding: gzip,deflate
16:19:57.748 [Test worker] DEBUG org.apache.http.wire -  >> "<soapenv:Envelope xmlns:bcc="http://www.huawei.com/bme/cbsinterface/bccommon" xmlns:bcs="http://www.huawei.com/bme/cbsinterface/bcservices" xmlns:ws="http://ws.web.gatewaycbs.tigo.com.co/" xmlns:soapenv="http://schemas.xmlsoap.org/soap/envelope/">[\n]"
16:19:57.748 [Test worker] DEBUG org.apache.http.wire -  >> "   <soapenv:Header/>[\n]"
16:19:57.748 [Test worker] DEBUG org.apache.http.wire -  >> "   <soapenv:Body>[\n]"
16:19:57.748 [Test worker] DEBUG org.apache.http.wire -  >> "      <ws:queryCustomerInfo>[\n]"
16:19:57.748 [Test worker] DEBUG org.apache.http.wire -  >> "         <!--Optional:-->[\n]"
16:19:57.748 [Test worker] DEBUG org.apache.http.wire -  >> "         <QueryCustomerInfoRequest>[\n]"
16:19:57.748 [Test worker] DEBUG org.apache.http.wire -  >> "            <bcs:QueryObj>[\n]"
16:19:57.748 [Test worker] DEBUG org.apache.http.wire -  >> "               <!--Optional:-->[\n]"
16:19:57.748 [Test worker] DEBUG org.apache.http.wire -  >> "               <bcs:SubAccessCode>[\n]"
16:19:57.748 [Test worker] DEBUG org.apache.http.wire -  >> "                  <!--Optional:-->[\n]"
16:19:57.748 [Test worker] DEBUG org.apache.http.wire -  >> "                  <bcc:PrimaryIdentity>3016875982</bcc:PrimaryIdentity>[\n]"
16:19:57.748 [Test worker] DEBUG org.apache.http.wire -  >> "               </bcs:SubAccessCode>[\n]"
16:19:57.748 [Test worker] DEBUG org.apache.http.wire -  >> "            </bcs:QueryObj>[\n]"
16:19:57.748 [Test worker] DEBUG org.apache.http.wire -  >> "         </QueryCustomerInfoRequest>[\n]"
16:19:57.748 [Test worker] DEBUG org.apache.http.wire -  >> "      </ws:queryCustomerInfo>[\n]"
16:19:57.748 [Test worker] DEBUG org.apache.http.wire -  >> "   </soapenv:Body>[\n]"
16:19:57.748 [Test worker] DEBUG org.apache.http.wire -  >> "</soapenv:Envelope>"
16:19:57.887 [Test worker] DEBUG org.apache.http.wire -  << "HTTP/1.1 200 OK[\r][\n]"
16:19:57.887 [Test worker] DEBUG org.apache.http.wire -  << "Date: Tue, 15 Feb 2022 21:20:58 GMT[\r][\n]"
16:19:57.887 [Test worker] DEBUG org.apache.http.wire -  << "Transfer-Encoding: chunked[\r][\n]"
16:19:57.887 [Test worker] DEBUG org.apache.http.wire -  << "Content-Type: text/xml; charset=utf-8[\r][\n]"
16:19:57.887 [Test worker] DEBUG org.apache.http.wire -  << "[\r][\n]"
16:19:57.887 [Test worker] DEBUG org.apache.http.impl.conn.DefaultClientConnection - Receiving response: HTTP/1.1 200 OK
16:19:57.887 [Test worker] DEBUG org.apache.http.headers - << HTTP/1.1 200 OK
16:19:57.887 [Test worker] DEBUG org.apache.http.headers - << Date: Tue, 15 Feb 2022 21:20:58 GMT
16:19:57.887 [Test worker] DEBUG org.apache.http.headers - << Transfer-Encoding: chunked
16:19:57.887 [Test worker] DEBUG org.apache.http.headers - << Content-Type: text/xml; charset=utf-8
16:19:57.887 [Test worker] DEBUG org.apache.http.impl.client.DefaultHttpClient - Connection can be kept alive indefinitely
16:19:57.887 [Test worker] DEBUG io.restassured.internal.RequestSpecificationImpl$RestAssuredHttpBuilder - Parsing response as: text/xml; charset=utf-8
16:19:57.887 [Test worker] DEBUG io.restassured.internal.RequestSpecificationImpl$RestAssuredHttpBuilder - Parsed data to instance of: class org.apache.http.conn.EofSensorInputStream
16:19:57.891 [Test worker] DEBUG org.apache.http.wire -  << "006e[\r][\n]"
16:19:57.891 [Test worker] DEBUG org.apache.http.wire -  << "<?xml version='1.0' encoding='UTF-8'?><S:Envelope xmlns:S="http://schemas.xmlsoap.org/soap/envelope/"><S:Body>"
16:19:57.891 [Test worker] DEBUG org.apache.http.wire -  << "[\r][\n]"
16:19:57.891 [Test worker] DEBUG org.apache.http.wire -  << "01f8[\r][\n]"
16:19:57.891 [Test worker] DEBUG org.apache.http.wire -  << "<ns4:queryCustomerInfoResponse xmlns:ns2="http://www.huawei.com/bme/cbsinterface/bccommon" xmlns:ns3="http://www.huawei.com/bme/cbsinterface/bcservices" xmlns:ns4="http://ws.web.gatewaycbs.tigo.com.co/" xmlns:ns5="http://www.huawei.com/bme/cbsinterface/cbscommon"><return><ResultHeader><ns5:Version>1</ns5:Version><ns5:ResultCode>118030260</ns5:ResultCode><ns5:ResultDesc>Subscriber 3016875982 does not exist.</ns5:ResultDesc></ResultHeader></return></ns4:queryCustomerInfoResponse></S:Body></S:Envelope>"
16:19:57.891 [Test worker] DEBUG org.apache.http.wire -  << "[\r][\n]"
16:19:57.891 [Test worker] DEBUG org.apache.http.wire -  << "0000[\r][\n]"
16:19:57.891 [Test worker] DEBUG org.apache.http.wire -  << "[\r][\n]"
16:19:57.891 [Test worker] DEBUG org.apache.http.impl.conn.BasicClientConnectionManager - Releasing connection org.apache.http.impl.conn.ManagedClientConnectionImpl@d87c6c6
16:19:57.891 [Test worker] DEBUG org.apache.http.impl.conn.BasicClientConnectionManager - Connection can be kept alive indefinitely
La linea 3016875982 no esta activa
se ejecuta correctamente DB Activator
16:19:58.747 [Finalizer] DEBUG org.apache.http.impl.conn.DefaultClientConnection - Connection 0.0.0.0:52272<->10.65.45.12:9001 closed
16:19:58.755 [Finalizer] DEBUG org.apache.http.impl.conn.DefaultClientConnection - Connection 0.0.0.0:52260<->10.65.45.12:9001 closed
se ejecuta correctamente  DB EPOS
se ejecuta correctamente DB Siebel
se ejecuta correctamente DB Postale
16:20:05.130 [Test worker] DEBUG org.apache.http.impl.conn.BasicClientConnectionManager - Get connection for route {}->http://10.65.45.12:9001
16:20:05.130 [Test worker] DEBUG org.apache.http.impl.conn.DefaultClientConnectionOperator - Connecting to 10.65.45.12:9001
16:20:05.300 [Test worker] DEBUG org.apache.http.client.protocol.RequestAddCookies - CookieSpec selected: ignoreCookies
16:20:05.300 [Test worker] DEBUG org.apache.http.client.protocol.RequestAuthCache - Auth cache not set in the context
16:20:05.300 [Test worker] DEBUG org.apache.http.client.protocol.RequestTargetAuthentication - Target auth state: UNCHALLENGED
16:20:05.300 [Test worker] DEBUG org.apache.http.client.protocol.RequestProxyAuthentication - Proxy auth state: UNCHALLENGED
16:20:05.300 [Test worker] DEBUG org.apache.http.impl.client.DefaultHttpClient - Attempt 1 to execute request
16:20:05.300 [Test worker] DEBUG org.apache.http.impl.conn.DefaultClientConnection - Sending request: POST /gatewaycbs/BcServicesInt HTTP/1.1
16:20:05.300 [Test worker] DEBUG org.apache.http.wire -  >> "POST /gatewaycbs/BcServicesInt HTTP/1.1[\r][\n]"
16:20:05.300 [Test worker] DEBUG org.apache.http.wire -  >> "Accept: */*[\r][\n]"
16:20:05.300 [Test worker] DEBUG org.apache.http.wire -  >> "Content-Type: text/xml;charset=UTF-8[\r][\n]"
16:20:05.300 [Test worker] DEBUG org.apache.http.wire -  >> "Content-Length: 748[\r][\n]"
16:20:05.300 [Test worker] DEBUG org.apache.http.wire -  >> "Host: 10.65.45.12:9001[\r][\n]"
16:20:05.304 [Test worker] DEBUG org.apache.http.wire -  >> "Connection: Keep-Alive[\r][\n]"
16:20:05.304 [Test worker] DEBUG org.apache.http.wire -  >> "User-Agent: Apache-HttpClient/4.5.9 (Java/1.8.0_291)[\r][\n]"
16:20:05.304 [Test worker] DEBUG org.apache.http.wire -  >> "Accept-Encoding: gzip,deflate[\r][\n]"
16:20:05.304 [Test worker] DEBUG org.apache.http.wire -  >> "[\r][\n]"
16:20:05.304 [Test worker] DEBUG org.apache.http.headers - >> POST /gatewaycbs/BcServicesInt HTTP/1.1
16:20:05.304 [Test worker] DEBUG org.apache.http.headers - >> Accept: */*
16:20:05.304 [Test worker] DEBUG org.apache.http.headers - >> Content-Type: text/xml;charset=UTF-8
16:20:05.304 [Test worker] DEBUG org.apache.http.headers - >> Content-Length: 748
16:20:05.304 [Test worker] DEBUG org.apache.http.headers - >> Host: 10.65.45.12:9001
16:20:05.304 [Test worker] DEBUG org.apache.http.headers - >> Connection: Keep-Alive
16:20:05.304 [Test worker] DEBUG org.apache.http.headers - >> User-Agent: Apache-HttpClient/4.5.9 (Java/1.8.0_291)
16:20:05.304 [Test worker] DEBUG org.apache.http.headers - >> Accept-Encoding: gzip,deflate
16:20:05.305 [Test worker] DEBUG org.apache.http.wire -  >> "<soapenv:Envelope xmlns:bcc="http://www.huawei.com/bme/cbsinterface/bccommon" xmlns:bcs="http://www.huawei.com/bme/cbsinterface/bcservices" xmlns:ws="http://ws.web.gatewaycbs.tigo.com.co/" xmlns:soapenv="http://schemas.xmlsoap.org/soap/envelope/">[\n]"
16:20:05.306 [Test worker] DEBUG org.apache.http.wire -  >> "   <soapenv:Header/>[\n]"
16:20:05.306 [Test worker] DEBUG org.apache.http.wire -  >> "   <soapenv:Body>[\n]"
16:20:05.306 [Test worker] DEBUG org.apache.http.wire -  >> "      <ws:queryCustomerInfo>[\n]"
16:20:05.306 [Test worker] DEBUG org.apache.http.wire -  >> "         <!--Optional:-->[\n]"
16:20:05.306 [Test worker] DEBUG org.apache.http.wire -  >> "         <QueryCustomerInfoRequest>[\n]"
16:20:05.306 [Test worker] DEBUG org.apache.http.wire -  >> "            <bcs:QueryObj>[\n]"
16:20:05.306 [Test worker] DEBUG org.apache.http.wire -  >> "               <!--Optional:-->[\n]"
16:20:05.306 [Test worker] DEBUG org.apache.http.wire -  >> "               <bcs:SubAccessCode>[\n]"
16:20:05.306 [Test worker] DEBUG org.apache.http.wire -  >> "                  <!--Optional:-->[\n]"
16:20:05.306 [Test worker] DEBUG org.apache.http.wire -  >> "                  <bcc:PrimaryIdentity>3016877411</bcc:PrimaryIdentity>[\n]"
16:20:05.306 [Test worker] DEBUG org.apache.http.wire -  >> "               </bcs:SubAccessCode>[\n]"
16:20:05.306 [Test worker] DEBUG org.apache.http.wire -  >> "            </bcs:QueryObj>[\n]"
16:20:05.306 [Test worker] DEBUG org.apache.http.wire -  >> "         </QueryCustomerInfoRequest>[\n]"
16:20:05.306 [Test worker] DEBUG org.apache.http.wire -  >> "      </ws:queryCustomerInfo>[\n]"
16:20:05.306 [Test worker] DEBUG org.apache.http.wire -  >> "   </soapenv:Body>[\n]"
16:20:05.306 [Test worker] DEBUG org.apache.http.wire -  >> "</soapenv:Envelope>"
16:20:05.520 [Test worker] DEBUG org.apache.http.wire -  << "HTTP/1.1 200 OK[\r][\n]"
16:20:05.521 [Test worker] DEBUG org.apache.http.wire -  << "Date: Tue, 15 Feb 2022 21:21:06 GMT[\r][\n]"
16:20:05.521 [Test worker] DEBUG org.apache.http.wire -  << "Transfer-Encoding: chunked[\r][\n]"
16:20:05.521 [Test worker] DEBUG org.apache.http.wire -  << "Content-Type: text/xml; charset=utf-8[\r][\n]"
16:20:05.521 [Test worker] DEBUG org.apache.http.wire -  << "[\r][\n]"
16:20:05.521 [Test worker] DEBUG org.apache.http.impl.conn.DefaultClientConnection - Receiving response: HTTP/1.1 200 OK
16:20:05.521 [Test worker] DEBUG org.apache.http.headers - << HTTP/1.1 200 OK
16:20:05.521 [Test worker] DEBUG org.apache.http.headers - << Date: Tue, 15 Feb 2022 21:21:06 GMT
16:20:05.521 [Test worker] DEBUG org.apache.http.headers - << Transfer-Encoding: chunked
16:20:05.522 [Test worker] DEBUG org.apache.http.headers - << Content-Type: text/xml; charset=utf-8
16:20:05.522 [Test worker] DEBUG org.apache.http.impl.client.DefaultHttpClient - Connection can be kept alive indefinitely
16:20:05.523 [Test worker] DEBUG io.restassured.internal.RequestSpecificationImpl$RestAssuredHttpBuilder - Parsing response as: text/xml; charset=utf-8
16:20:05.523 [Test worker] DEBUG io.restassured.internal.RequestSpecificationImpl$RestAssuredHttpBuilder - Parsed data to instance of: class org.apache.http.conn.EofSensorInputStream
16:20:05.524 [Test worker] DEBUG org.apache.http.wire -  << "006e[\r][\n]"
16:20:05.524 [Test worker] DEBUG org.apache.http.wire -  << "<?xml version='1.0' encoding='UTF-8'?><S:Envelope xmlns:S="http://schemas.xmlsoap.org/soap/envelope/"><S:Body>"
16:20:05.524 [Test worker] DEBUG org.apache.http.wire -  << "[\r][\n]"
16:20:05.524 [Test worker] DEBUG org.apache.http.wire -  << "01f8[\r][\n]"
16:20:05.524 [Test worker] DEBUG org.apache.http.wire -  << "<ns4:queryCustomerInfoResponse xmlns:ns2="http://www.huawei.com/bme/cbsinterface/bccommon" xmlns:ns3="http://www.huawei.com/bme/cbsinterface/bcservices" xmlns:ns4="http://ws.web.gatewaycbs.tigo.com.co/" xmlns:ns5="http://www.huawei.com/bme/cbsinterface/cbscommon"><return><ResultHeader><ns5:Version>1</ns5:Version><ns5:ResultCode>118030260</ns5:ResultCode><ns5:ResultDesc>Subscriber 3016877411 does not exist.</ns5:ResultDesc></ResultHeader></return></ns4:queryCustomerInfoResponse></S:Body></S:Envelope>"
16:20:05.524 [Test worker] DEBUG org.apache.http.wire -  << "[\r][\n]"
16:20:05.527 [Test worker] DEBUG org.apache.http.wire -  << "0000[\r][\n]"
16:20:05.527 [Test worker] DEBUG org.apache.http.wire -  << "[\r][\n]"
16:20:05.527 [Test worker] DEBUG org.apache.http.impl.conn.BasicClientConnectionManager - Releasing connection org.apache.http.impl.conn.ManagedClientConnectionImpl@1688a9f1
16:20:05.528 [Test worker] DEBUG org.apache.http.impl.conn.BasicClientConnectionManager - Connection can be kept alive indefinitely
La linea 3016877411 no esta activa
se ejecuta correctamente DB Activator
se ejecuta correctamente  DB EPOS
se ejecuta correctamente DB Siebel
se ejecuta correctamente DB Postale
16:20:15.284 [Test worker] DEBUG org.apache.http.impl.conn.BasicClientConnectionManager - Get connection for route {}->http://10.65.45.12:9001
16:20:15.284 [Test worker] DEBUG org.apache.http.impl.conn.DefaultClientConnectionOperator - Connecting to 10.65.45.12:9001
16:20:15.351 [Test worker] DEBUG org.apache.http.client.protocol.RequestAddCookies - CookieSpec selected: ignoreCookies
16:20:15.351 [Test worker] DEBUG org.apache.http.client.protocol.RequestAuthCache - Auth cache not set in the context
16:20:15.351 [Test worker] DEBUG org.apache.http.client.protocol.RequestTargetAuthentication - Target auth state: UNCHALLENGED
16:20:15.351 [Test worker] DEBUG org.apache.http.client.protocol.RequestProxyAuthentication - Proxy auth state: UNCHALLENGED
16:20:15.351 [Test worker] DEBUG org.apache.http.impl.client.DefaultHttpClient - Attempt 1 to execute request
16:20:15.351 [Test worker] DEBUG org.apache.http.impl.conn.DefaultClientConnection - Sending request: POST /gatewaycbs/BcServicesInt HTTP/1.1
16:20:15.351 [Test worker] DEBUG org.apache.http.wire -  >> "POST /gatewaycbs/BcServicesInt HTTP/1.1[\r][\n]"
16:20:15.351 [Test worker] DEBUG org.apache.http.wire -  >> "Accept: */*[\r][\n]"
16:20:15.351 [Test worker] DEBUG org.apache.http.wire -  >> "Content-Type: text/xml;charset=UTF-8[\r][\n]"
16:20:15.351 [Test worker] DEBUG org.apache.http.wire -  >> "Content-Length: 748[\r][\n]"
16:20:15.351 [Test worker] DEBUG org.apache.http.wire -  >> "Host: 10.65.45.12:9001[\r][\n]"
16:20:15.351 [Test worker] DEBUG org.apache.http.wire -  >> "Connection: Keep-Alive[\r][\n]"
16:20:15.351 [Test worker] DEBUG org.apache.http.wire -  >> "User-Agent: Apache-HttpClient/4.5.9 (Java/1.8.0_291)[\r][\n]"
16:20:15.351 [Test worker] DEBUG org.apache.http.wire -  >> "Accept-Encoding: gzip,deflate[\r][\n]"
16:20:15.351 [Test worker] DEBUG org.apache.http.wire -  >> "[\r][\n]"
16:20:15.351 [Test worker] DEBUG org.apache.http.headers - >> POST /gatewaycbs/BcServicesInt HTTP/1.1
16:20:15.351 [Test worker] DEBUG org.apache.http.headers - >> Accept: */*
16:20:15.351 [Test worker] DEBUG org.apache.http.headers - >> Content-Type: text/xml;charset=UTF-8
16:20:15.351 [Test worker] DEBUG org.apache.http.headers - >> Content-Length: 748
16:20:15.351 [Test worker] DEBUG org.apache.http.headers - >> Host: 10.65.45.12:9001
16:20:15.351 [Test worker] DEBUG org.apache.http.headers - >> Connection: Keep-Alive
16:20:15.351 [Test worker] DEBUG org.apache.http.headers - >> User-Agent: Apache-HttpClient/4.5.9 (Java/1.8.0_291)
16:20:15.351 [Test worker] DEBUG org.apache.http.headers - >> Accept-Encoding: gzip,deflate
16:20:15.360 [Test worker] DEBUG org.apache.http.wire -  >> "<soapenv:Envelope xmlns:bcc="http://www.huawei.com/bme/cbsinterface/bccommon" xmlns:bcs="http://www.huawei.com/bme/cbsinterface/bcservices" xmlns:ws="http://ws.web.gatewaycbs.tigo.com.co/" xmlns:soapenv="http://schemas.xmlsoap.org/soap/envelope/">[\n]"
16:20:15.360 [Test worker] DEBUG org.apache.http.wire -  >> "   <soapenv:Header/>[\n]"
16:20:15.360 [Test worker] DEBUG org.apache.http.wire -  >> "   <soapenv:Body>[\n]"
16:20:15.360 [Test worker] DEBUG org.apache.http.wire -  >> "      <ws:queryCustomerInfo>[\n]"
16:20:15.360 [Test worker] DEBUG org.apache.http.wire -  >> "         <!--Optional:-->[\n]"
16:20:15.360 [Test worker] DEBUG org.apache.http.wire -  >> "         <QueryCustomerInfoRequest>[\n]"
16:20:15.360 [Test worker] DEBUG org.apache.http.wire -  >> "            <bcs:QueryObj>[\n]"
16:20:15.360 [Test worker] DEBUG org.apache.http.wire -  >> "               <!--Optional:-->[\n]"
16:20:15.360 [Test worker] DEBUG org.apache.http.wire -  >> "               <bcs:SubAccessCode>[\n]"
16:20:15.360 [Test worker] DEBUG org.apache.http.wire -  >> "                  <!--Optional:-->[\n]"
16:20:15.360 [Test worker] DEBUG org.apache.http.wire -  >> "                  <bcc:PrimaryIdentity>3016876876</bcc:PrimaryIdentity>[\n]"
16:20:15.360 [Test worker] DEBUG org.apache.http.wire -  >> "               </bcs:SubAccessCode>[\n]"
16:20:15.360 [Test worker] DEBUG org.apache.http.wire -  >> "            </bcs:QueryObj>[\n]"
16:20:15.360 [Test worker] DEBUG org.apache.http.wire -  >> "         </QueryCustomerInfoRequest>[\n]"
16:20:15.360 [Test worker] DEBUG org.apache.http.wire -  >> "      </ws:queryCustomerInfo>[\n]"
16:20:15.361 [Test worker] DEBUG org.apache.http.wire -  >> "   </soapenv:Body>[\n]"
16:20:15.361 [Test worker] DEBUG org.apache.http.wire -  >> "</soapenv:Envelope>"
16:20:15.550 [Test worker] DEBUG org.apache.http.wire -  << "HTTP/1.1 200 OK[\r][\n]"
16:20:15.550 [Test worker] DEBUG org.apache.http.wire -  << "Date: Tue, 15 Feb 2022 21:21:16 GMT[\r][\n]"
16:20:15.550 [Test worker] DEBUG org.apache.http.wire -  << "Transfer-Encoding: chunked[\r][\n]"
16:20:15.550 [Test worker] DEBUG org.apache.http.wire -  << "Content-Type: text/xml; charset=utf-8[\r][\n]"
16:20:15.550 [Test worker] DEBUG org.apache.http.wire -  << "[\r][\n]"
16:20:15.550 [Test worker] DEBUG org.apache.http.impl.conn.DefaultClientConnection - Receiving response: HTTP/1.1 200 OK
16:20:15.550 [Test worker] DEBUG org.apache.http.headers - << HTTP/1.1 200 OK
16:20:15.550 [Test worker] DEBUG org.apache.http.headers - << Date: Tue, 15 Feb 2022 21:21:16 GMT
16:20:15.550 [Test worker] DEBUG org.apache.http.headers - << Transfer-Encoding: chunked
16:20:15.550 [Test worker] DEBUG org.apache.http.headers - << Content-Type: text/xml; charset=utf-8
16:20:15.550 [Test worker] DEBUG org.apache.http.impl.client.DefaultHttpClient - Connection can be kept alive indefinitely
16:20:15.550 [Test worker] DEBUG io.restassured.internal.RequestSpecificationImpl$RestAssuredHttpBuilder - Parsing response as: text/xml; charset=utf-8
16:20:15.550 [Test worker] DEBUG io.restassured.internal.RequestSpecificationImpl$RestAssuredHttpBuilder - Parsed data to instance of: class org.apache.http.conn.EofSensorInputStream
16:20:15.550 [Test worker] DEBUG org.apache.http.wire -  << "006e[\r][\n]"
16:20:15.550 [Test worker] DEBUG org.apache.http.wire -  << "<?xml version='1.0' encoding='UTF-8'?><S:Envelope xmlns:S="http://schemas.xmlsoap.org/soap/envelope/"><S:Body>"
16:20:15.550 [Test worker] DEBUG org.apache.http.wire -  << "[\r][\n]"
16:20:15.550 [Test worker] DEBUG org.apache.http.wire -  << "01f8[\r][\n]"
16:20:15.550 [Test worker] DEBUG org.apache.http.wire -  << "<ns4:queryCustomerInfoResponse xmlns:ns2="http://www.huawei.com/bme/cbsinterface/bccommon" xmlns:ns3="http://www.huawei.com/bme/cbsinterface/bcservices" xmlns:ns4="http://ws.web.gatewaycbs.tigo.com.co/" xmlns:ns5="http://www.huawei.com/bme/cbsinterface/cbscommon"><return><ResultHeader><ns5:Version>1</ns5:Version><ns5:ResultCode>118030260</ns5:ResultCode><ns5:ResultDesc>Subscriber 3016876876 does not exist.</ns5:ResultDesc></ResultHeader></return></ns4:queryCustomerInfoResponse></S:Body></S:Envelope>"
16:20:15.560 [Test worker] DEBUG org.apache.http.wire -  << "[\r][\n]"
16:20:15.560 [Test worker] DEBUG org.apache.http.wire -  << "0000[\r][\n]"
16:20:15.560 [Test worker] DEBUG org.apache.http.wire -  << "[\r][\n]"
16:20:15.560 [Test worker] DEBUG org.apache.http.impl.conn.BasicClientConnectionManager - Releasing connection org.apache.http.impl.conn.ManagedClientConnectionImpl@a748bfd
16:20:15.560 [Test worker] DEBUG org.apache.http.impl.conn.BasicClientConnectionManager - Connection can be kept alive indefinitely
La linea 3016876876 no esta activa
se ejecuta correctamente DB Activator
se ejecuta correctamente  DB EPOS
se ejecuta correctamente DB Siebel
se ejecuta correctamente DB Postale
16:20:23.684 [Finalizer] DEBUG org.apache.http.impl.conn.DefaultClientConnection - Connection 0.0.0.0:52286<->10.65.45.12:9001 closed
16:20:23.691 [Finalizer] DEBUG org.apache.http.impl.conn.DefaultClientConnection - Connection 0.0.0.0:52293<->10.65.45.12:9001 closed
16:20:24.570 [Test worker] INFO net.serenitybdd.core.webdriver.driverproviders.ProvideNewDriver - Instantiating driver
16:20:24.570 [Test worker] INFO net.serenitybdd.core.webdriver.driverproviders.ProvideNewDriver - Driver capabilities: Capabilities {acceptInsecureCerts: true, browserName: firefox, firefox_profile: org.openqa.selenium.firefox..., headless: false, loggingPrefs: org.openqa.selenium.logging..., marionette: true, moz:firefoxOptions: {}, platform: ANY, version: }
16:20:35.833 [Test worker] DEBUG net.serenitybdd.core.photography.Darkroom - Opening darkroom
16:20:35.837 [Darkroom Processing Line] DEBUG net.serenitybdd.core.photography.DarkroomProcessingLine - Darkroom processing line starting up
16:20:36.224 [Test worker] DEBUG net.serenitybdd.core.photography.Darkroom - Send negative for processing for C:\SanitySemilla4\target\site\serenity\87f2b6d80cb2d87917aca92b54c140ffa303f778235449a33cdaf2d27ee45ceb.png
16:20:36.228 [Darkroom Processing Line] DEBUG net.serenitybdd.core.photography.DarkroomProcessingLine - Processing screenshot image in /var/screenshots/screenshot-5259963832241923379
16:20:36.229 [Darkroom Processing Line] DEBUG net.serenitybdd.core.photography.DarkroomProcessingLine - Saving screenshot to C:\SanitySemilla4\target\site\serenity\87f2b6d80cb2d87917aca92b54c140ffa303f778235449a33cdaf2d27ee45ceb.png
16:20:37.490 [Test worker] DEBUG net.serenitybdd.core.photography.Darkroom - Send negative for processing for C:\SanitySemilla4\target\site\serenity\9fe5a010175c70b43d28f6b0229e10683c99d53dee18cfcee17e442ee1425451.png
16:20:37.505 [Darkroom Processing Line] DEBUG net.serenitybdd.core.photography.DarkroomProcessingLine - Processing screenshot image in /var/screenshots/screenshot-7356528205320693937
16:20:37.505 [Darkroom Processing Line] DEBUG net.serenitybdd.core.photography.DarkroomProcessingLine - Saving screenshot to C:\SanitySemilla4\target\site\serenity\9fe5a010175c70b43d28f6b0229e10683c99d53dee18cfcee17e442ee1425451.png
16:20:41.969 [Test worker] DEBUG net.serenitybdd.core.photography.Darkroom - Send negative for processing for C:\SanitySemilla4\target\site\serenity\99c33c602f16df55e3bd794258af5fbc5d9b4bf6e9e04dcfaf56ba062c064282.png
16:20:41.971 [Darkroom Processing Line] DEBUG net.serenitybdd.core.photography.DarkroomProcessingLine - Processing screenshot image in /var/screenshots/screenshot-6782871680335833791
16:20:41.971 [Darkroom Processing Line] DEBUG net.serenitybdd.core.photography.DarkroomProcessingLine - Saving screenshot to C:\SanitySemilla4\target\site\serenity\99c33c602f16df55e3bd794258af5fbc5d9b4bf6e9e04dcfaf56ba062c064282.png
16:20:42.223 [Test worker] DEBUG net.serenitybdd.core.photography.Darkroom - Send negative for processing for C:\SanitySemilla4\target\site\serenity\99c33c602f16df55e3bd794258af5fbc5d9b4bf6e9e04dcfaf56ba062c064282.png
16:20:45.300 [Test worker] DEBUG net.serenitybdd.core.photography.Darkroom - Send negative for processing for C:\SanitySemilla4\target\site\serenity\cef3778ee65ae0bd1ccd1af5a21c6e87585137bc8eb8a9a1a44d0414c0cd9252.png
16:20:45.303 [Darkroom Processing Line] DEBUG net.serenitybdd.core.photography.DarkroomProcessingLine - Processing screenshot image in /var/screenshots/screenshot-1361416862814832722
16:20:45.303 [Darkroom Processing Line] DEBUG net.serenitybdd.core.photography.DarkroomProcessingLine - Saving screenshot to C:\SanitySemilla4\target\site\serenity\cef3778ee65ae0bd1ccd1af5a21c6e87585137bc8eb8a9a1a44d0414c0cd9252.png
16:20:45.515 [Test worker] DEBUG net.serenitybdd.core.photography.Darkroom - Send negative for processing for C:\SanitySemilla4\target\site\serenity\cef3778ee65ae0bd1ccd1af5a21c6e87585137bc8eb8a9a1a44d0414c0cd9252.png
16:20:46.471 [Test worker] DEBUG net.serenitybdd.core.photography.Darkroom - Send negative for processing for C:\SanitySemilla4\target\site\serenity\0ca626f3f2b2a53ee18ecb1e44b465258dec99938a0c703463bd621683102616.png
16:20:46.487 [Darkroom Processing Line] DEBUG net.serenitybdd.core.photography.DarkroomProcessingLine - Processing screenshot image in /var/screenshots/screenshot-6375314270132598623
16:20:46.487 [Darkroom Processing Line] DEBUG net.serenitybdd.core.photography.DarkroomProcessingLine - Saving screenshot to C:\SanitySemilla4\target\site\serenity\0ca626f3f2b2a53ee18ecb1e44b465258dec99938a0c703463bd621683102616.png
16:20:47.808 [Test worker] DEBUG net.serenitybdd.core.photography.Darkroom - Send negative for processing for C:\SanitySemilla4\target\site\serenity\c666de47c228d7b445eed96fbb5c234b455ee51f6be24ccada035467a97cd259.png
16:20:47.808 [Darkroom Processing Line] DEBUG net.serenitybdd.core.photography.DarkroomProcessingLine - Processing screenshot image in /var/screenshots/screenshot-2700162596258615843
16:20:47.808 [Darkroom Processing Line] DEBUG net.serenitybdd.core.photography.DarkroomProcessingLine - Saving screenshot to C:\SanitySemilla4\target\site\serenity\c666de47c228d7b445eed96fbb5c234b455ee51f6be24ccada035467a97cd259.png
16:20:48.944 [Test worker] DEBUG net.serenitybdd.core.photography.Darkroom - Send negative for processing for C:\SanitySemilla4\target\site\serenity\a4c1156ba73e9ab12cbcfea1853b4ffd5f6f4245953fe5eb519fe6e8ac70d4db.png
16:20:48.960 [Darkroom Processing Line] DEBUG net.serenitybdd.core.photography.DarkroomProcessingLine - Processing screenshot image in /var/screenshots/screenshot-5923703330434391212
16:20:48.960 [Darkroom Processing Line] DEBUG net.serenitybdd.core.photography.DarkroomProcessingLine - Saving screenshot to C:\SanitySemilla4\target\site\serenity\a4c1156ba73e9ab12cbcfea1853b4ffd5f6f4245953fe5eb519fe6e8ac70d4db.png
16:20:50.308 [Test worker] DEBUG net.serenitybdd.core.photography.Darkroom - Send negative for processing for C:\SanitySemilla4\target\site\serenity\e3331e4ccc829c42581783b8c194375d4ba1da2e005064b2dee7963ba420bd6f.png
16:20:50.309 [Darkroom Processing Line] DEBUG net.serenitybdd.core.photography.DarkroomProcessingLine - Processing screenshot image in /var/screenshots/screenshot-1216224651195480500
16:20:50.309 [Darkroom Processing Line] DEBUG net.serenitybdd.core.photography.DarkroomProcessingLine - Saving screenshot to C:\SanitySemilla4\target\site\serenity\e3331e4ccc829c42581783b8c194375d4ba1da2e005064b2dee7963ba420bd6f.png
16:20:53.387 [Test worker] DEBUG net.serenitybdd.core.photography.Darkroom - Send negative for processing for C:\SanitySemilla4\target\site\serenity\fd0798e88f6d24df5aeff8ae6f4ff5bb615bdb0f31c07420d35e08aa3cc20686.png
16:20:53.389 [Darkroom Processing Line] DEBUG net.serenitybdd.core.photography.DarkroomProcessingLine - Processing screenshot image in /var/screenshots/screenshot-7682687159318719381
16:20:53.389 [Darkroom Processing Line] DEBUG net.serenitybdd.core.photography.DarkroomProcessingLine - Saving screenshot to C:\SanitySemilla4\target\site\serenity\fd0798e88f6d24df5aeff8ae6f4ff5bb615bdb0f31c07420d35e08aa3cc20686.png
16:20:54.505 [Test worker] DEBUG net.serenitybdd.core.photography.Darkroom - Send negative for processing for C:\SanitySemilla4\target\site\serenity\89a98fc399c74ef5e676c71a94cd265c9d8dc6918b753b8239fa766b3b249fd4.png
16:20:54.509 [Darkroom Processing Line] DEBUG net.serenitybdd.core.photography.DarkroomProcessingLine - Processing screenshot image in /var/screenshots/screenshot-5822048934023646664
16:20:54.509 [Darkroom Processing Line] DEBUG net.serenitybdd.core.photography.DarkroomProcessingLine - Saving screenshot to C:\SanitySemilla4\target\site\serenity\89a98fc399c74ef5e676c71a94cd265c9d8dc6918b753b8239fa766b3b249fd4.png
16:20:57.462 [Test worker] DEBUG net.serenitybdd.core.photography.Darkroom - Send negative for processing for C:\SanitySemilla4\target\site\serenity\7e2317056def684539d369f14f11e2d1cb0cccc3d2e8078d6fd96e35d1298311.png
16:20:57.467 [Darkroom Processing Line] DEBUG net.serenitybdd.core.photography.DarkroomProcessingLine - Processing screenshot image in /var/screenshots/screenshot-6946232236644573919
16:20:57.467 [Darkroom Processing Line] DEBUG net.serenitybdd.core.photography.DarkroomProcessingLine - Saving screenshot to C:\SanitySemilla4\target\site\serenity\7e2317056def684539d369f14f11e2d1cb0cccc3d2e8078d6fd96e35d1298311.png
16:21:01.163 [Test worker] DEBUG net.serenitybdd.core.photography.Darkroom - Send negative for processing for C:\SanitySemilla4\target\site\serenity\3dd45122baf814df5f7e629f78f123d9edf6e3cb83cc84b6f51207de2443c88c.png
16:21:08.599 [Test worker] INFO net.thucydides.core.steps.ConsoleLoggingListener - ?[92m
        __    _____ _____ ____ _____   ____   _    ____  ____  _____ ____  
  _     \ \  |_   _| ____/ ___|_   _| |  _ \ / \  / ___|/ ___|| ____|  _ \ 
 (_)_____| |   | | |  _| \___ \ | |   | |_) / _ \ \___ \\___ \|  _| | | | |
  _|_____| |   | | | |___ ___) || |   |  __/ ___ \ ___) |___) | |___| |_| |
 (_)     | |   |_| |_____|____/ |_|   |_| /_/   \_\____/|____/|_____|____/ 
        /_/                                                                

TEST PASSED: se quiere ingresar a la plataforma epos
----------------------------------------------------------------------------?[0m
16:21:09.119 [Test worker] INFO net.serenitybdd.core.webdriver.driverproviders.ProvideNewDriver - Instantiating driver
16:21:09.119 [Test worker] INFO net.serenitybdd.core.webdriver.driverproviders.ProvideNewDriver - Driver capabilities: Capabilities {acceptInsecureCerts: true, browserName: firefox, firefox_profile: org.openqa.selenium.firefox..., headless: false, loggingPrefs: org.openqa.selenium.logging..., marionette: true, moz:firefoxOptions: {}, platform: ANY, version: }
16:21:17.351 [Test worker] DEBUG net.serenitybdd.core.photography.Darkroom - Send negative for processing for C:\SanitySemilla4\target\site\serenity\87f2b6d80cb2d87917aca92b54c140ffa303f778235449a33cdaf2d27ee45ceb.png
16:21:17.905 [Test worker] DEBUG net.serenitybdd.core.photography.Darkroom - Send negative for processing for C:\SanitySemilla4\target\site\serenity\9fe5a010175c70b43d28f6b0229e10683c99d53dee18cfcee17e442ee1425451.png
16:21:21.329 [Test worker] DEBUG net.serenitybdd.core.photography.Darkroom - Send negative for processing for C:\SanitySemilla4\target\site\serenity\6eed29ca6cfaa7afcc2f696477bded799dcf3f778f3986ce3b9f3ad0d58da578.png
16:21:21.331 [Darkroom Processing Line] DEBUG net.serenitybdd.core.photography.DarkroomProcessingLine - Processing screenshot image in /var/screenshots/screenshot-3691189601679343252
16:21:21.332 [Darkroom Processing Line] DEBUG net.serenitybdd.core.photography.DarkroomProcessingLine - Saving screenshot to C:\SanitySemilla4\target\site\serenity\6eed29ca6cfaa7afcc2f696477bded799dcf3f778f3986ce3b9f3ad0d58da578.png
16:21:21.613 [Test worker] DEBUG net.serenitybdd.core.photography.Darkroom - Send negative for processing for C:\SanitySemilla4\target\site\serenity\6eed29ca6cfaa7afcc2f696477bded799dcf3f778f3986ce3b9f3ad0d58da578.png
16:21:26.166 [Test worker] DEBUG net.serenitybdd.core.photography.Darkroom - Send negative for processing for C:\SanitySemilla4\target\site\serenity\94bad21a934f5078026be4daa662228af90b50001b6f1208f39e00d3d66fd78a.png
16:21:26.169 [Darkroom Processing Line] DEBUG net.serenitybdd.core.photography.DarkroomProcessingLine - Processing screenshot image in /var/screenshots/screenshot-5950149523826124092
16:21:26.170 [Darkroom Processing Line] DEBUG net.serenitybdd.core.photography.DarkroomProcessingLine - Saving screenshot to C:\SanitySemilla4\target\site\serenity\94bad21a934f5078026be4daa662228af90b50001b6f1208f39e00d3d66fd78a.png
16:21:30.695 [Test worker] DEBUG net.serenitybdd.core.photography.Darkroom - Send negative for processing for C:\SanitySemilla4\target\site\serenity\c982c8977380dfa2fed76ec3bdf92b7205aeb94fd8903bcb7b1d04058cc3bdee.png
16:21:30.698 [Darkroom Processing Line] DEBUG net.serenitybdd.core.photography.DarkroomProcessingLine - Processing screenshot image in /var/screenshots/screenshot-4137276934381815467
16:21:30.698 [Darkroom Processing Line] DEBUG net.serenitybdd.core.photography.DarkroomProcessingLine - Saving screenshot to C:\SanitySemilla4\target\site\serenity\c982c8977380dfa2fed76ec3bdf92b7205aeb94fd8903bcb7b1d04058cc3bdee.png
16:21:35.004 [Test worker] DEBUG net.serenitybdd.core.photography.Darkroom - Send negative for processing for C:\SanitySemilla4\target\site\serenity\4516fe0b6503d8d08ec605685f14e3a1f2476ca4c2e787a6137a6b59cc1c1737.png
16:21:35.009 [Darkroom Processing Line] DEBUG net.serenitybdd.core.photography.DarkroomProcessingLine - Processing screenshot image in /var/screenshots/screenshot-1997642491208685895
16:21:35.009 [Darkroom Processing Line] DEBUG net.serenitybdd.core.photography.DarkroomProcessingLine - Saving screenshot to C:\SanitySemilla4\target\site\serenity\4516fe0b6503d8d08ec605685f14e3a1f2476ca4c2e787a6137a6b59cc1c1737.png
16:21:36.530 [Test worker] DEBUG net.serenitybdd.core.photography.Darkroom - Send negative for processing for C:\SanitySemilla4\target\site\serenity\54930521493b959d168b77f8bcf6716007ce3afabe6707dea4678258c084b3da.png
16:21:36.535 [Darkroom Processing Line] DEBUG net.serenitybdd.core.photography.DarkroomProcessingLine - Processing screenshot image in /var/screenshots/screenshot-4981998544229251289
16:21:36.535 [Darkroom Processing Line] DEBUG net.serenitybdd.core.photography.DarkroomProcessingLine - Saving screenshot to C:\SanitySemilla4\target\site\serenity\54930521493b959d168b77f8bcf6716007ce3afabe6707dea4678258c084b3da.png
16:21:37.682 [Test worker] DEBUG net.serenitybdd.core.photography.Darkroom - Send negative for processing for C:\SanitySemilla4\target\site\serenity\726aacdbb2a0e8e8dea53958a71f888bf4d13b582408cbd911f5248f6897653d.png
16:21:37.691 [Darkroom Processing Line] DEBUG net.serenitybdd.core.photography.DarkroomProcessingLine - Processing screenshot image in /var/screenshots/screenshot-2743701170467442728
16:21:37.691 [Darkroom Processing Line] DEBUG net.serenitybdd.core.photography.DarkroomProcessingLine - Saving screenshot to C:\SanitySemilla4\target\site\serenity\726aacdbb2a0e8e8dea53958a71f888bf4d13b582408cbd911f5248f6897653d.png
16:21:39.544 [Test worker] DEBUG net.serenitybdd.core.photography.Darkroom - Send negative for processing for C:\SanitySemilla4\target\site\serenity\c04f1e15921b0c759ce2187025c8dc8e3242b14ab8c178a1a82dd2d802070c63.png
16:21:39.546 [Darkroom Processing Line] DEBUG net.serenitybdd.core.photography.DarkroomProcessingLine - Processing screenshot image in /var/screenshots/screenshot-9102729370692219217
16:21:39.547 [Darkroom Processing Line] DEBUG net.serenitybdd.core.photography.DarkroomProcessingLine - Saving screenshot to C:\SanitySemilla4\target\site\serenity\c04f1e15921b0c759ce2187025c8dc8e3242b14ab8c178a1a82dd2d802070c63.png
16:21:40.842 [Test worker] DEBUG net.serenitybdd.core.photography.Darkroom - Send negative for processing for C:\SanitySemilla4\target\site\serenity\9d9892d54c1e7528a98a98a52f09ecdc7f0408563c4cdaa1866fd0f576ce850f.png
16:21:44.972 [Test worker] DEBUG net.serenitybdd.core.photography.Darkroom - Send negative for processing for C:\SanitySemilla4\target\site\serenity\081daefc90d87c2c7f413ce872e9af1a8d32ad86b2c356db18a9ecc2707cdb63.png
16:21:44.976 [Darkroom Processing Line] DEBUG net.serenitybdd.core.photography.DarkroomProcessingLine - Processing screenshot image in /var/screenshots/screenshot-797776572200429681
16:21:44.976 [Darkroom Processing Line] DEBUG net.serenitybdd.core.photography.DarkroomProcessingLine - Saving screenshot to C:\SanitySemilla4\target\site\serenity\081daefc90d87c2c7f413ce872e9af1a8d32ad86b2c356db18a9ecc2707cdb63.png
16:21:45.966 [Test worker] DEBUG net.serenitybdd.core.photography.Darkroom - Send negative for processing for C:\SanitySemilla4\target\site\serenity\a76cf54f2c9a9fd6bab6f9f704dcabb889b117d20cc003a554b9cdc09eb54e89.png
16:21:45.969 [Darkroom Processing Line] DEBUG net.serenitybdd.core.photography.DarkroomProcessingLine - Processing screenshot image in /var/screenshots/screenshot-6529222758347748733
16:21:45.969 [Darkroom Processing Line] DEBUG net.serenitybdd.core.photography.DarkroomProcessingLine - Saving screenshot to C:\SanitySemilla4\target\site\serenity\a76cf54f2c9a9fd6bab6f9f704dcabb889b117d20cc003a554b9cdc09eb54e89.png
16:21:50.518 [Test worker] DEBUG net.serenitybdd.core.photography.Darkroom - Send negative for processing for C:\SanitySemilla4\target\site\serenity\3dd45122baf814df5f7e629f78f123d9edf6e3cb83cc84b6f51207de2443c88c.png
16:21:50.662 [Test worker] DEBUG net.serenitybdd.core.photography.Darkroom - Send negative for processing for C:\SanitySemilla4\target\site\serenity\3dd45122baf814df5f7e629f78f123d9edf6e3cb83cc84b6f51207de2443c88c.png
16:21:57.123 [Test worker] INFO net.thucydides.core.steps.ConsoleLoggingListener - ?[92m
        __    _____ _____ ____ _____   ____   _    ____  ____  _____ ____  
  _     \ \  |_   _| ____/ ___|_   _| |  _ \ / \  / ___|/ ___|| ____|  _ \ 
 (_)_____| |   | | |  _| \___ \ | |   | |_) / _ \ \___ \\___ \|  _| | | | |
  _|_____| |   | | | |___ ___) || |   |  __/ ___ \ ___) |___) | |___| |_| |
 (_)     | |   |_| |_____|____/ |_|   |_| /_/   \_\____/|____/|_____|____/ 
        /_/                                                                

TEST PASSED: realizar el cargue de inventario
----------------------------------------------------------------------------?[0m
16:22:18.690 [Test worker] INFO net.thucydides.core.steps.ConsoleLoggingListener - ?[92m
        __    _____ _____ ____ _____   ____   _    ____  ____  _____ ____  
  _     \ \  |_   _| ____/ ___|_   _| |  _ \ / \  / ___|/ ___|| ____|  _ \ 
 (_)_____| |   | | |  _| \___ \ | |   | |_) / _ \ \___ \\___ \|  _| | | | |
  _|_____| |   | | | |___ ___) || |   |  __/ ___ \ ___) |___) | |___| |_| |
 (_)     | |   |_| |_____|____/ |_|   |_| /_/   \_\____/|____/|_____|____/ 
        /_/                                                                

TEST PASSED: realizar la confirmacion de inventario
----------------------------------------------------------------------------?[0m
16:22:19.150 [Test worker] INFO net.serenitybdd.core.webdriver.driverproviders.ProvideNewDriver - Instantiating driver
16:22:19.150 [Test worker] INFO net.serenitybdd.core.webdriver.driverproviders.ProvideNewDriver - Driver capabilities: Capabilities {acceptInsecureCerts: true, browserName: firefox, firefox_profile: org.openqa.selenium.firefox..., headless: false, loggingPrefs: org.openqa.selenium.logging..., marionette: true, moz:firefoxOptions: {}, platform: ANY, version: }
16:22:27.086 [Test worker] DEBUG net.serenitybdd.core.photography.Darkroom - Send negative for processing for C:\SanitySemilla4\target\site\serenity\17cc1deb5f2370cb59e9a23dca92c005e564c07828f8dfd6cdb5ac1d1c824d98.png
16:22:27.817 [Test worker] DEBUG net.serenitybdd.core.photography.Darkroom - Send negative for processing for C:\SanitySemilla4\target\site\serenity\1766cfc1bff542defe235d3fbf58bee4cc5ba2ee8a8f9a6091bf33fd1d738902.png
16:22:32.198 [Test worker] DEBUG net.serenitybdd.core.photography.Darkroom - Send negative for processing for C:\SanitySemilla4\target\site\serenity\50ba390cc9c52495f731c65f736e90d00d01cda4eb9d25814933b6e8d100f689.png
16:22:34.403 [Test worker] DEBUG net.serenitybdd.core.photography.Darkroom - Send negative for processing for C:\SanitySemilla4\target\site\serenity\c7da859225b7209729e7c2be5cbbd731e093f138c09d0a1c15ffb7a21bd35b99.png
16:22:35.381 [Test worker] DEBUG net.serenitybdd.core.photography.Darkroom - Send negative for processing for C:\SanitySemilla4\target\site\serenity\ece6f162e43806cee247868e54ed9793122996f36694bd6017829132dc9a13b0.png
16:22:36.315 [Test worker] DEBUG net.serenitybdd.core.photography.Darkroom - Send negative for processing for C:\SanitySemilla4\target\site\serenity\eb7b632275e18a172a9d26dbcb64289952c46c778d1dcef582d31b4eeb1fdec4.png
16:22:36.322 [Darkroom Processing Line] DEBUG net.serenitybdd.core.photography.DarkroomProcessingLine - Processing screenshot image in /var/screenshots/screenshot-8156202866712663989
16:22:36.322 [Darkroom Processing Line] DEBUG net.serenitybdd.core.photography.DarkroomProcessingLine - Saving screenshot to C:\SanitySemilla4\target\site\serenity\eb7b632275e18a172a9d26dbcb64289952c46c778d1dcef582d31b4eeb1fdec4.png
16:22:37.225 [Test worker] DEBUG net.serenitybdd.core.photography.Darkroom - Send negative for processing for C:\SanitySemilla4\target\site\serenity\efdaab4c68c274828e42df12504aa4407cb6422ded4006ac61f9ce079ac99fa5.png
16:22:40.696 [Test worker] DEBUG net.serenitybdd.core.photography.Darkroom - Send negative for processing for C:\SanitySemilla4\target\site\serenity\46a6efc7c6e3ccc314f24f930e9b2656994f03ec735919b86360c504521a6859.png
16:22:42.816 [Test worker] DEBUG net.serenitybdd.core.photography.Darkroom - Send negative for processing for C:\SanitySemilla4\target\site\serenity\fd678139ea5c44fa956d655c1c00a7e7810fa39419abd74ad76a7f8524a6bd86.png
16:22:43.642 [Test worker] DEBUG net.serenitybdd.core.photography.Darkroom - Send negative for processing for C:\SanitySemilla4\target\site\serenity\8adab9356d852e21c0138fb85f85c24c06d36e5e4e6332fe0602e01d35e780c1.png
16:22:44.463 [Test worker] DEBUG net.serenitybdd.core.photography.Darkroom - Send negative for processing for C:\SanitySemilla4\target\site\serenity\583cb6be6ad459b53fbfdddf6dd025bfb7c24dfd13475fbb327cc908fcfc7359.png
16:22:45.322 [Test worker] DEBUG net.serenitybdd.core.photography.Darkroom - Send negative for processing for C:\SanitySemilla4\target\site\serenity\14d4c2becafe97a2e6c30572d9f8e5ff51748ff19dc35b1ba0adaa23ac3c815f.png
16:22:46.068 [Test worker] DEBUG net.serenitybdd.core.photography.Darkroom - Send negative for processing for C:\SanitySemilla4\target\site\serenity\14d4c2becafe97a2e6c30572d9f8e5ff51748ff19dc35b1ba0adaa23ac3c815f.png
16:22:46.815 [Test worker] DEBUG net.serenitybdd.core.photography.Darkroom - Send negative for processing for C:\SanitySemilla4\target\site\serenity\49a7b06a52ea1cdbf5460ddfa509d31d895b687725819faaf4663f7cf219b551.png
16:22:47.758 [Test worker] DEBUG net.serenitybdd.core.photography.Darkroom - Send negative for processing for C:\SanitySemilla4\target\site\serenity\1da25badb89789a49a38343167f8ea1bfc4b58072879638670fe34da3dfb126c.png
16:22:47.765 [Darkroom Processing Line] DEBUG net.serenitybdd.core.photography.DarkroomProcessingLine - Processing screenshot image in /var/screenshots/screenshot-6985232605717397753
16:22:47.765 [Darkroom Processing Line] DEBUG net.serenitybdd.core.photography.DarkroomProcessingLine - Saving screenshot to C:\SanitySemilla4\target\site\serenity\1da25badb89789a49a38343167f8ea1bfc4b58072879638670fe34da3dfb126c.png
16:22:48.856 [Test worker] DEBUG net.serenitybdd.core.photography.Darkroom - Send negative for processing for C:\SanitySemilla4\target\site\serenity\db0fcd9deab49c6c74e9f2562de26f77f5370aebe10be2104aa607765125d28a.png
16:22:49.636 [Test worker] DEBUG net.serenitybdd.core.photography.Darkroom - Send negative for processing for C:\SanitySemilla4\target\site\serenity\8fc4bd2ea4b58eb2280ffd1955d71eab15684613471e421ebdae0e7b1362baa9.png
16:22:50.426 [Test worker] DEBUG net.serenitybdd.core.photography.Darkroom - Send negative for processing for C:\SanitySemilla4\target\site\serenity\d8e76833f662fba26268a13e517e7b0e68da51607154db3f0e85e758450c5ed5.png
16:22:51.253 [Test worker] DEBUG net.serenitybdd.core.photography.Darkroom - Send negative for processing for C:\SanitySemilla4\target\site\serenity\d8e76833f662fba26268a13e517e7b0e68da51607154db3f0e85e758450c5ed5.png
16:22:57.566 [Test worker] DEBUG net.serenitybdd.core.photography.Darkroom - Send negative for processing for C:\SanitySemilla4\target\site\serenity\f5016e48ce2c5d11aab1abe4ba7e8631f3d3bdcceb2e6af3631c236a189430dd.png
16:22:57.566 [Darkroom Processing Line] DEBUG net.serenitybdd.core.photography.DarkroomProcessingLine - Processing screenshot image in /var/screenshots/screenshot-6703899294973201005
16:22:57.566 [Darkroom Processing Line] DEBUG net.serenitybdd.core.photography.DarkroomProcessingLine - Saving screenshot to C:\SanitySemilla4\target\site\serenity\f5016e48ce2c5d11aab1abe4ba7e8631f3d3bdcceb2e6af3631c236a189430dd.png
16:23:01.496 [Test worker] DEBUG net.serenitybdd.core.photography.Darkroom - Send negative for processing for C:\SanitySemilla4\target\site\serenity\cf2614c1aa80cc18c2b53052400b66ec10ea46fc3a298720751718e754355daf.png
16:23:02.298 [Test worker] DEBUG net.serenitybdd.core.photography.Darkroom - Send negative for processing for C:\SanitySemilla4\target\site\serenity\8da90c213b072e94c400bf22c75ce885051e80e8142a36f5a19e5ba47b5e20c7.png
16:23:03.146 [Test worker] DEBUG net.serenitybdd.core.photography.Darkroom - Send negative for processing for C:\SanitySemilla4\target\site\serenity\8da90c213b072e94c400bf22c75ce885051e80e8142a36f5a19e5ba47b5e20c7.png
16:23:03.932 [Test worker] DEBUG net.serenitybdd.core.photography.Darkroom - Send negative for processing for C:\SanitySemilla4\target\site\serenity\8da90c213b072e94c400bf22c75ce885051e80e8142a36f5a19e5ba47b5e20c7.png
16:23:04.867 [Test worker] DEBUG net.serenitybdd.core.photography.Darkroom - Send negative for processing for C:\SanitySemilla4\target\site\serenity\b16ebbebebe81ae42c1171fd78fc3b7716752a2b3ee7f400782ecc4c6ac60a99.png
16:23:04.867 [Darkroom Processing Line] DEBUG net.serenitybdd.core.photography.DarkroomProcessingLine - Processing screenshot image in /var/screenshots/screenshot-3710481211122365509
16:23:04.867 [Darkroom Processing Line] DEBUG net.serenitybdd.core.photography.DarkroomProcessingLine - Saving screenshot to C:\SanitySemilla4\target\site\serenity\b16ebbebebe81ae42c1171fd78fc3b7716752a2b3ee7f400782ecc4c6ac60a99.png
16:23:05.719 [Test worker] DEBUG net.serenitybdd.core.photography.Darkroom - Send negative for processing for C:\SanitySemilla4\target\site\serenity\8da90c213b072e94c400bf22c75ce885051e80e8142a36f5a19e5ba47b5e20c7.png
16:23:06.620 [Test worker] DEBUG net.serenitybdd.core.photography.Darkroom - Send negative for processing for C:\SanitySemilla4\target\site\serenity\25251c40c0f09b07423c48fbf79539f8f1b99b5a0c7b8546f6a146ee1eebf371.png
16:23:07.568 [Test worker] DEBUG net.serenitybdd.core.photography.Darkroom - Send negative for processing for C:\SanitySemilla4\target\site\serenity\072c7a7af4226fa8b68e140e425c08f363c30dffd4133997302cb1ff178028f7.png
16:23:07.568 [Darkroom Processing Line] DEBUG net.serenitybdd.core.photography.DarkroomProcessingLine - Processing screenshot image in /var/screenshots/screenshot-3568166076405259390
16:23:07.568 [Darkroom Processing Line] DEBUG net.serenitybdd.core.photography.DarkroomProcessingLine - Saving screenshot to C:\SanitySemilla4\target\site\serenity\072c7a7af4226fa8b68e140e425c08f363c30dffd4133997302cb1ff178028f7.png
16:23:33.039 [Test worker] DEBUG net.serenitybdd.core.photography.Darkroom - Send negative for processing for C:\SanitySemilla4\target\site\serenity\9a787c49a0eafbdb00ad0f4667d89d012b32bd623e72a9862881e01f2f6c9d72.png
16:23:34.943 [Test worker] DEBUG net.serenitybdd.core.photography.Darkroom - Send negative for processing for C:\SanitySemilla4\target\site\serenity\50ba390cc9c52495f731c65f736e90d00d01cda4eb9d25814933b6e8d100f689.png
16:23:35.796 [Test worker] DEBUG net.serenitybdd.core.photography.Darkroom - Send negative for processing for C:\SanitySemilla4\target\site\serenity\64f95b64b3ef0035d04ff4659744eaf88d6dec7317ff111eea459d94c7dd1cd8.png
16:23:35.796 [Darkroom Processing Line] DEBUG net.serenitybdd.core.photography.DarkroomProcessingLine - Processing screenshot image in /var/screenshots/screenshot-9143864861793636816
16:23:35.796 [Darkroom Processing Line] DEBUG net.serenitybdd.core.photography.DarkroomProcessingLine - Saving screenshot to C:\SanitySemilla4\target\site\serenity\64f95b64b3ef0035d04ff4659744eaf88d6dec7317ff111eea459d94c7dd1cd8.png
16:23:36.630 [Test worker] DEBUG net.serenitybdd.core.photography.Darkroom - Send negative for processing for C:\SanitySemilla4\target\site\serenity\0eebec857ba878863c7bb7e404911ee7e571eaf2c0f8e26322b15be28965e1e4.png
16:23:37.561 [Test worker] DEBUG net.serenitybdd.core.photography.Darkroom - Send negative for processing for C:\SanitySemilla4\target\site\serenity\59730a9af1f425a097cf58a143cbd06c35c6bcc05c9c98ee7780e6b9b7d8bd5a.png
16:23:39.435 [Test worker] DEBUG net.serenitybdd.core.photography.Darkroom - Send negative for processing for C:\SanitySemilla4\target\site\serenity\fb5d8a4828f8b9e84a8c0bb2468eca02a87f6848f59ee77bb0c984a543adee54.png
16:23:40.305 [Test worker] DEBUG net.serenitybdd.core.photography.Darkroom - Send negative for processing for C:\SanitySemilla4\target\site\serenity\96af73745ea31bc2d74980ada07793ad55fe91f679b533a252bd59bd6cb40351.png
16:23:40.319 [Darkroom Processing Line] DEBUG net.serenitybdd.core.photography.DarkroomProcessingLine - Processing screenshot image in /var/screenshots/screenshot-8849333685054726831
16:23:40.319 [Darkroom Processing Line] DEBUG net.serenitybdd.core.photography.DarkroomProcessingLine - Saving screenshot to C:\SanitySemilla4\target\site\serenity\96af73745ea31bc2d74980ada07793ad55fe91f679b533a252bd59bd6cb40351.png
16:23:41.064 [Test worker] DEBUG net.serenitybdd.core.photography.Darkroom - Send negative for processing for C:\SanitySemilla4\target\site\serenity\f592491b075d8ff592c7b4604d70d296e63887fe05297ee8f36413ada8bbf3a9.png
16:23:41.064 [Darkroom Processing Line] DEBUG net.serenitybdd.core.photography.DarkroomProcessingLine - Processing screenshot image in /var/screenshots/screenshot-5195397836758484515
16:23:41.064 [Darkroom Processing Line] DEBUG net.serenitybdd.core.photography.DarkroomProcessingLine - Saving screenshot to C:\SanitySemilla4\target\site\serenity\f592491b075d8ff592c7b4604d70d296e63887fe05297ee8f36413ada8bbf3a9.png
16:23:48.533 [Test worker] INFO net.thucydides.core.steps.ConsoleLoggingListener - ?[92m
        __    _____ _____ ____ _____   ____   _    ____  ____  _____ ____  
  _     \ \  |_   _| ____/ ___|_   _| |  _ \ / \  / ___|/ ___|| ____|  _ \ 
 (_)_____| |   | | |  _| \___ \ | |   | |_) / _ \ \___ \\___ \|  _| | | | |
  _|_____| |   | | | |___ ___) || |   |  __/ ___ \ ___) |___) | |___| |_| |
 (_)     | |   |_| |_____|____/ |_|   |_| /_/   \_\____/|____/|_____|____/ 
        /_/                                                                

TEST PASSED: se requiere realizar una activacion de una linea en prepago
----------------------------------------------------------------------------?[0m
16:23:48.917 [Test worker] INFO net.serenitybdd.core.webdriver.driverproviders.ProvideNewDriver - Instantiating driver
16:23:48.917 [Test worker] INFO net.serenitybdd.core.webdriver.driverproviders.ProvideNewDriver - Driver capabilities: Capabilities {acceptInsecureCerts: true, browserName: firefox, firefox_profile: org.openqa.selenium.firefox..., headless: false, loggingPrefs: org.openqa.selenium.logging..., marionette: true, moz:firefoxOptions: {}, platform: ANY, version: }
16:23:56.808 [Test worker] DEBUG net.serenitybdd.core.photography.Darkroom - Send negative for processing for C:\SanitySemilla4\target\site\serenity\17cc1deb5f2370cb59e9a23dca92c005e564c07828f8dfd6cdb5ac1d1c824d98.png
16:23:57.593 [Test worker] DEBUG net.serenitybdd.core.photography.Darkroom - Send negative for processing for C:\SanitySemilla4\target\site\serenity\1766cfc1bff542defe235d3fbf58bee4cc5ba2ee8a8f9a6091bf33fd1d738902.png
16:24:08.949 [Test worker] DEBUG net.serenitybdd.core.photography.Darkroom - Send negative for processing for C:\SanitySemilla4\target\site\serenity\50ba390cc9c52495f731c65f736e90d00d01cda4eb9d25814933b6e8d100f689.png
16:24:11.179 [Test worker] DEBUG net.serenitybdd.core.photography.Darkroom - Send negative for processing for C:\SanitySemilla4\target\site\serenity\c7da859225b7209729e7c2be5cbbd731e093f138c09d0a1c15ffb7a21bd35b99.png
16:24:12.055 [Test worker] DEBUG net.serenitybdd.core.photography.Darkroom - Send negative for processing for C:\SanitySemilla4\target\site\serenity\ece6f162e43806cee247868e54ed9793122996f36694bd6017829132dc9a13b0.png
16:24:12.959 [Test worker] DEBUG net.serenitybdd.core.photography.Darkroom - Send negative for processing for C:\SanitySemilla4\target\site\serenity\cc821c456bfd4d022c8aed9eda81fc80e22b6e44b6cedaa5edbd1a0564c76cb2.png
16:24:13.812 [Test worker] DEBUG net.serenitybdd.core.photography.Darkroom - Send negative for processing for C:\SanitySemilla4\target\site\serenity\efdaab4c68c274828e42df12504aa4407cb6422ded4006ac61f9ce079ac99fa5.png
16:24:17.702 [Test worker] DEBUG net.serenitybdd.core.photography.Darkroom - Send negative for processing for C:\SanitySemilla4\target\site\serenity\46a6efc7c6e3ccc314f24f930e9b2656994f03ec735919b86360c504521a6859.png
16:24:20.754 [Test worker] DEBUG net.serenitybdd.core.photography.Darkroom - Send negative for processing for C:\SanitySemilla4\target\site\serenity\7a49613d670b18067ae7061fd2d8f119bbd4848a007e6e6f3d40569dd7cd5ca1.png
16:24:21.644 [Test worker] DEBUG net.serenitybdd.core.photography.Darkroom - Send negative for processing for C:\SanitySemilla4\target\site\serenity\59786190b9327de30dc6272378cca09a7a6bbf88d2051efe537ad79e390b1bfa.png
16:24:22.946 [Test worker] DEBUG net.serenitybdd.core.photography.Darkroom - Send negative for processing for C:\SanitySemilla4\target\site\serenity\04449530b4570f2b107334c69be7d63fc53f1d0d8752f1eb72e34827d8361162.png
16:24:23.737 [Test worker] DEBUG net.serenitybdd.core.photography.Darkroom - Send negative for processing for C:\SanitySemilla4\target\site\serenity\b76061a604f7f110450e86fe013d0c82103d2140015c9ab81f67dcf61ff56229.png
16:24:24.585 [Test worker] DEBUG net.serenitybdd.core.photography.Darkroom - Send negative for processing for C:\SanitySemilla4\target\site\serenity\b76061a604f7f110450e86fe013d0c82103d2140015c9ab81f67dcf61ff56229.png
16:24:25.489 [Test worker] DEBUG net.serenitybdd.core.photography.Darkroom - Send negative for processing for C:\SanitySemilla4\target\site\serenity\98b7884982f6521e539f85bf277705ffaba49e04b88068b1425eff8bd07ec6d7.png
16:24:26.391 [Test worker] DEBUG net.serenitybdd.core.photography.Darkroom - Send negative for processing for C:\SanitySemilla4\target\site\serenity\ddba13ad7af7c195c0b076a2a993392c32ae26760fd7341478ab93c17a013297.png
16:24:26.400 [Darkroom Processing Line] DEBUG net.serenitybdd.core.photography.DarkroomProcessingLine - Processing screenshot image in /var/screenshots/screenshot-5993837220652032791
16:24:26.400 [Darkroom Processing Line] DEBUG net.serenitybdd.core.photography.DarkroomProcessingLine - Saving screenshot to C:\SanitySemilla4\target\site\serenity\ddba13ad7af7c195c0b076a2a993392c32ae26760fd7341478ab93c17a013297.png
16:24:28.300 [Test worker] DEBUG net.serenitybdd.core.photography.Darkroom - Send negative for processing for C:\SanitySemilla4\target\site\serenity\b401ff41fe5615133a01d128cebfbbea1f752537f7ee2c8b7dbdb8d32fdb886a.png
16:24:28.300 [Darkroom Processing Line] DEBUG net.serenitybdd.core.photography.DarkroomProcessingLine - Processing screenshot image in /var/screenshots/screenshot-2708123348031777851
16:24:28.300 [Darkroom Processing Line] DEBUG net.serenitybdd.core.photography.DarkroomProcessingLine - Saving screenshot to C:\SanitySemilla4\target\site\serenity\b401ff41fe5615133a01d128cebfbbea1f752537f7ee2c8b7dbdb8d32fdb886a.png
16:24:29.182 [Test worker] DEBUG net.serenitybdd.core.photography.Darkroom - Send negative for processing for C:\SanitySemilla4\target\site\serenity\f98fbdefa4b5c913727724ce3b99715ca84671d52a7d8580194ac59767db1974.png
16:24:29.915 [Test worker] DEBUG net.serenitybdd.core.photography.Darkroom - Send negative for processing for C:\SanitySemilla4\target\site\serenity\bf1edcc204cb5b7fada147a656ffcc1e87f16892603d4ffbb19282076cbfcb6b.png
16:24:30.735 [Test worker] DEBUG net.serenitybdd.core.photography.Darkroom - Send negative for processing for C:\SanitySemilla4\target\site\serenity\5dd4aa3607f7cd102a63f9689841110a0bccf5b8b9ae0217f6ce9a845b6f1473.png
16:24:31.483 [Test worker] DEBUG net.serenitybdd.core.photography.Darkroom - Send negative for processing for C:\SanitySemilla4\target\site\serenity\ce6ed2827c4c197be255ef1e1fc1acda95a0d889a9af62bef84769785b1910ec.png
16:24:32.269 [Test worker] DEBUG net.serenitybdd.core.photography.Darkroom - Send negative for processing for C:\SanitySemilla4\target\site\serenity\ce6ed2827c4c197be255ef1e1fc1acda95a0d889a9af62bef84769785b1910ec.png
16:24:33.303 [Test worker] DEBUG net.serenitybdd.core.photography.Darkroom - Send negative for processing for C:\SanitySemilla4\target\site\serenity\ce6ed2827c4c197be255ef1e1fc1acda95a0d889a9af62bef84769785b1910ec.png
16:24:34.343 [Test worker] DEBUG net.serenitybdd.core.photography.Darkroom - Send negative for processing for C:\SanitySemilla4\target\site\serenity\eca11ca22d6e538d7e1869bd44d8eec3c042c9ee9e4ad70840fc1b8bc279c792.png
16:24:34.350 [Darkroom Processing Line] DEBUG net.serenitybdd.core.photography.DarkroomProcessingLine - Processing screenshot image in /var/screenshots/screenshot-7699876051076903808
16:24:34.350 [Darkroom Processing Line] DEBUG net.serenitybdd.core.photography.DarkroomProcessingLine - Saving screenshot to C:\SanitySemilla4\target\site\serenity\eca11ca22d6e538d7e1869bd44d8eec3c042c9ee9e4ad70840fc1b8bc279c792.png
16:24:45.359 [Test worker] DEBUG net.serenitybdd.core.photography.Darkroom - Send negative for processing for C:\SanitySemilla4\target\site\serenity\ba6cae00bd72c50b047398afffbbf8615ec45d3a02c4b015be4fd2e7dab20ab6.png
16:24:46.189 [Test worker] DEBUG net.serenitybdd.core.photography.Darkroom - Send negative for processing for C:\SanitySemilla4\target\site\serenity\ba6cae00bd72c50b047398afffbbf8615ec45d3a02c4b015be4fd2e7dab20ab6.png
16:24:47.020 [Test worker] DEBUG net.serenitybdd.core.photography.Darkroom - Send negative for processing for C:\SanitySemilla4\target\site\serenity\6bfa97a2439add0ad1efbd7cde2d2fb83d6c971400f5983126f03e33c1fca706.png
16:24:47.790 [Test worker] DEBUG net.serenitybdd.core.photography.Darkroom - Send negative for processing for C:\SanitySemilla4\target\site\serenity\6bfa97a2439add0ad1efbd7cde2d2fb83d6c971400f5983126f03e33c1fca706.png
16:24:48.543 [Test worker] DEBUG net.serenitybdd.core.photography.Darkroom - Send negative for processing for C:\SanitySemilla4\target\site\serenity\9f777bb4c0f25a9689ef87bd7fc9f2559a3a1aed882ba883f07340b4b08c3ea7.png
16:24:49.406 [Test worker] DEBUG net.serenitybdd.core.photography.Darkroom - Send negative for processing for C:\SanitySemilla4\target\site\serenity\9f777bb4c0f25a9689ef87bd7fc9f2559a3a1aed882ba883f07340b4b08c3ea7.png
16:24:50.298 [Test worker] DEBUG net.serenitybdd.core.photography.Darkroom - Send negative for processing for C:\SanitySemilla4\target\site\serenity\9f777bb4c0f25a9689ef87bd7fc9f2559a3a1aed882ba883f07340b4b08c3ea7.png
16:24:51.204 [Test worker] DEBUG net.serenitybdd.core.photography.Darkroom - Send negative for processing for C:\SanitySemilla4\target\site\serenity\4495bb5b5090b122cbdc7d642c7ca50aadb700dd1fa8f1d44704db576dc04816.png
16:24:52.057 [Test worker] DEBUG net.serenitybdd.core.photography.Darkroom - Send negative for processing for C:\SanitySemilla4\target\site\serenity\301e59e19ff37c99887e7b3dccc2a340191e4e1750e2bf76a51ea4aeb58976b0.png
16:24:52.843 [Test worker] DEBUG net.serenitybdd.core.photography.Darkroom - Send negative for processing for C:\SanitySemilla4\target\site\serenity\99ef41997c17c5840c03001706e993d9011c97c6a3abbb04778d2a04a996e013.png
16:24:53.597 [Test worker] DEBUG net.serenitybdd.core.photography.Darkroom - Send negative for processing for C:\SanitySemilla4\target\site\serenity\99ef41997c17c5840c03001706e993d9011c97c6a3abbb04778d2a04a996e013.png
16:24:54.411 [Test worker] DEBUG net.serenitybdd.core.photography.Darkroom - Send negative for processing for C:\SanitySemilla4\target\site\serenity\99ef41997c17c5840c03001706e993d9011c97c6a3abbb04778d2a04a996e013.png
16:24:55.221 [Test worker] DEBUG net.serenitybdd.core.photography.Darkroom - Send negative for processing for C:\SanitySemilla4\target\site\serenity\99ef41997c17c5840c03001706e993d9011c97c6a3abbb04778d2a04a996e013.png
16:24:56.026 [Test worker] DEBUG net.serenitybdd.core.photography.Darkroom - Send negative for processing for C:\SanitySemilla4\target\site\serenity\99ef41997c17c5840c03001706e993d9011c97c6a3abbb04778d2a04a996e013.png
16:24:56.843 [Test worker] DEBUG net.serenitybdd.core.photography.Darkroom - Send negative for processing for C:\SanitySemilla4\target\site\serenity\6fd986b94b039ea8c886afc38c4b6a8dcee2f690ed75ddf7e97be60125cc0987.png
16:24:57.677 [Test worker] DEBUG net.serenitybdd.core.photography.Darkroom - Send negative for processing for C:\SanitySemilla4\target\site\serenity\4495bb5b5090b122cbdc7d642c7ca50aadb700dd1fa8f1d44704db576dc04816.png
16:24:58.597 [Test worker] DEBUG net.serenitybdd.core.photography.Darkroom - Send negative for processing for C:\SanitySemilla4\target\site\serenity\b446fc4a92da3d04fc4169681311e1b60a38f9254a54b8625e916a636509c347.png
16:24:59.603 [Test worker] DEBUG net.serenitybdd.core.photography.Darkroom - Send negative for processing for C:\SanitySemilla4\target\site\serenity\faa596954f59fea438d1604e15bc57c9e0d949868bece5e81b845631585458f1.png
16:24:59.607 [Darkroom Processing Line] DEBUG net.serenitybdd.core.photography.DarkroomProcessingLine - Processing screenshot image in /var/screenshots/screenshot-1190784571228879003
16:24:59.607 [Darkroom Processing Line] DEBUG net.serenitybdd.core.photography.DarkroomProcessingLine - Saving screenshot to C:\SanitySemilla4\target\site\serenity\faa596954f59fea438d1604e15bc57c9e0d949868bece5e81b845631585458f1.png
16:25:04.251 [Test worker] DEBUG net.serenitybdd.core.photography.Darkroom - Send negative for processing for C:\SanitySemilla4\target\site\serenity\57d7211922b58d38397d91c646e71a86b245cbcf4a9d4c5e6d8f2d2929f36a67.png
16:25:07.171 [Test worker] DEBUG net.serenitybdd.core.photography.Darkroom - Send negative for processing for C:\SanitySemilla4\target\site\serenity\9b4fa0a0968302665d40589454a005518a8242098d094bfe20bf0e086cfb7c63.png
16:25:07.171 [Darkroom Processing Line] DEBUG net.serenitybdd.core.photography.DarkroomProcessingLine - Processing screenshot image in /var/screenshots/screenshot-8396255471151609752
16:25:07.171 [Darkroom Processing Line] DEBUG net.serenitybdd.core.photography.DarkroomProcessingLine - Saving screenshot to C:\SanitySemilla4\target\site\serenity\9b4fa0a0968302665d40589454a005518a8242098d094bfe20bf0e086cfb7c63.png
16:25:32.766 [Test worker] DEBUG net.serenitybdd.core.photography.Darkroom - Send negative for processing for C:\SanitySemilla4\target\site\serenity\3b5c03f36da00bb7171bb14e32de8c05d2bef9e914a9e52825abe1b01c9bae13.png
16:25:32.766 [Darkroom Processing Line] DEBUG net.serenitybdd.core.photography.DarkroomProcessingLine - Processing screenshot image in /var/screenshots/screenshot-2016432757282553149
16:25:32.766 [Darkroom Processing Line] DEBUG net.serenitybdd.core.photography.DarkroomProcessingLine - Saving screenshot to C:\SanitySemilla4\target\site\serenity\3b5c03f36da00bb7171bb14e32de8c05d2bef9e914a9e52825abe1b01c9bae13.png
16:25:34.937 [Test worker] DEBUG net.serenitybdd.core.photography.Darkroom - Send negative for processing for C:\SanitySemilla4\target\site\serenity\50ba390cc9c52495f731c65f736e90d00d01cda4eb9d25814933b6e8d100f689.png
16:25:35.811 [Test worker] DEBUG net.serenitybdd.core.photography.Darkroom - Send negative for processing for C:\SanitySemilla4\target\site\serenity\64f95b64b3ef0035d04ff4659744eaf88d6dec7317ff111eea459d94c7dd1cd8.png
16:25:36.645 [Test worker] DEBUG net.serenitybdd.core.photography.Darkroom - Send negative for processing for C:\SanitySemilla4\target\site\serenity\0eebec857ba878863c7bb7e404911ee7e571eaf2c0f8e26322b15be28965e1e4.png
16:25:37.566 [Test worker] DEBUG net.serenitybdd.core.photography.Darkroom - Send negative for processing for C:\SanitySemilla4\target\site\serenity\59730a9af1f425a097cf58a143cbd06c35c6bcc05c9c98ee7780e6b9b7d8bd5a.png
16:25:39.675 [Test worker] DEBUG net.serenitybdd.core.photography.Darkroom - Send negative for processing for C:\SanitySemilla4\target\site\serenity\1bbbae5b1f1041f97f5678601b6d4e7cccd121b0c6b097a04d2c4117b3fd76c7.png
16:25:39.683 [Darkroom Processing Line] DEBUG net.serenitybdd.core.photography.DarkroomProcessingLine - Processing screenshot image in /var/screenshots/screenshot-3721971829851437534
16:25:39.683 [Darkroom Processing Line] DEBUG net.serenitybdd.core.photography.DarkroomProcessingLine - Saving screenshot to C:\SanitySemilla4\target\site\serenity\1bbbae5b1f1041f97f5678601b6d4e7cccd121b0c6b097a04d2c4117b3fd76c7.png
16:25:40.648 [Test worker] DEBUG net.serenitybdd.core.photography.Darkroom - Send negative for processing for C:\SanitySemilla4\target\site\serenity\5d47fc828263bd14b241d3eedd497316f9f6245f263dfee559dc88a7681faeec.png
16:25:41.936 [Test worker] DEBUG net.serenitybdd.core.photography.Darkroom - Send negative for processing for C:\SanitySemilla4\target\site\serenity\0c99b99604212ddf4a616b6bc9c0be288f620b64ca414a1c5553e2223150ce7e.png
16:25:41.946 [Darkroom Processing Line] DEBUG net.serenitybdd.core.photography.DarkroomProcessingLine - Processing screenshot image in /var/screenshots/screenshot-6821466375849076248
16:25:41.946 [Darkroom Processing Line] DEBUG net.serenitybdd.core.photography.DarkroomProcessingLine - Saving screenshot to C:\SanitySemilla4\target\site\serenity\0c99b99604212ddf4a616b6bc9c0be288f620b64ca414a1c5553e2223150ce7e.png
16:25:50.954 [Test worker] INFO net.thucydides.core.steps.ConsoleLoggingListener - ?[92m
        __    _____ _____ ____ _____   ____   _    ____  ____  _____ ____  
  _     \ \  |_   _| ____/ ___|_   _| |  _ \ / \  / ___|/ ___|| ____|  _ \ 
 (_)_____| |   | | |  _| \___ \ | |   | |_) / _ \ \___ \\___ \|  _| | | | |
  _|_____| |   | | | |___ ___) || |   |  __/ ___ \ ___) |___) | |___| |_| |
 (_)     | |   |_| |_____|____/ |_|   |_| /_/   \_\____/|____/|_____|____/ 
        /_/                                                                

TEST PASSED: se requiere realizar una activacion de una linea en control
----------------------------------------------------------------------------?[0m
16:25:51.370 [Test worker] INFO net.serenitybdd.core.webdriver.driverproviders.ProvideNewDriver - Instantiating driver
16:25:51.370 [Test worker] INFO net.serenitybdd.core.webdriver.driverproviders.ProvideNewDriver - Driver capabilities: Capabilities {acceptInsecureCerts: true, browserName: firefox, firefox_profile: org.openqa.selenium.firefox..., headless: false, loggingPrefs: org.openqa.selenium.logging..., marionette: true, moz:firefoxOptions: {}, platform: ANY, version: }
16:25:59.500 [Test worker] DEBUG net.serenitybdd.core.photography.Darkroom - Send negative for processing for C:\SanitySemilla4\target\site\serenity\17cc1deb5f2370cb59e9a23dca92c005e564c07828f8dfd6cdb5ac1d1c824d98.png
16:26:00.169 [Test worker] DEBUG net.serenitybdd.core.photography.Darkroom - Send negative for processing for C:\SanitySemilla4\target\site\serenity\1766cfc1bff542defe235d3fbf58bee4cc5ba2ee8a8f9a6091bf33fd1d738902.png
16:26:06.855 [Test worker] DEBUG net.serenitybdd.core.photography.Darkroom - Send negative for processing for C:\SanitySemilla4\target\site\serenity\50ba390cc9c52495f731c65f736e90d00d01cda4eb9d25814933b6e8d100f689.png
16:26:09.415 [Test worker] DEBUG net.serenitybdd.core.photography.Darkroom - Send negative for processing for C:\SanitySemilla4\target\site\serenity\3ced78df60753f5f768a3757dad2145d30783cdf0897af3f29c028379e17a801.png
16:26:10.333 [Test worker] DEBUG net.serenitybdd.core.photography.Darkroom - Send negative for processing for C:\SanitySemilla4\target\site\serenity\e28c23cd549fa10764d1dba239e185fec57193fe3bba8938724bfb737b2cc9ea.png
16:26:11.217 [Test worker] DEBUG net.serenitybdd.core.photography.Darkroom - Send negative for processing for C:\SanitySemilla4\target\site\serenity\bbce088c3967068f59691de8cbb6ddf55be41067b30617a491777339e8a43e65.png
16:26:12.066 [Test worker] DEBUG net.serenitybdd.core.photography.Darkroom - Send negative for processing for C:\SanitySemilla4\target\site\serenity\7377cc9b1f4b07f1c79d419f67a46deb8902d3e39af8d81533d463018ca079b4.png
16:26:15.895 [Test worker] DEBUG net.serenitybdd.core.photography.Darkroom - Send negative for processing for C:\SanitySemilla4\target\site\serenity\c9bc4da9dc96ed783c2f51c5dfbe90a7a4d21882250c73558af7f480e62932ab.png
16:26:18.387 [Test worker] DEBUG net.serenitybdd.core.photography.Darkroom - Send negative for processing for C:\SanitySemilla4\target\site\serenity\910247f9094772212d7c4af2d61a969a067a7d3360fe355c4c700652c2b50b2c.png
16:26:22.894 [Test worker] DEBUG net.serenitybdd.core.photography.Darkroom - Send negative for processing for C:\SanitySemilla4\target\site\serenity\3afd5f06c8aad86cd7d33c81dfb46dd439d62533384479c603947d2d72c55b77.png
16:26:23.867 [Test worker] DEBUG net.serenitybdd.core.photography.Darkroom - Send negative for processing for C:\SanitySemilla4\target\site\serenity\5ce6beafb6abab09585adaacb92502c0f3e214aa68f731f201a5bb013adc3f3f.png
16:26:24.637 [Test worker] DEBUG net.serenitybdd.core.photography.Darkroom - Send negative for processing for C:\SanitySemilla4\target\site\serenity\039219cb5e4a5d4af08ac8379ad4d2a24fa38f333a50950424d963c0f9cdce47.png
16:26:25.437 [Test worker] DEBUG net.serenitybdd.core.photography.Darkroom - Send negative for processing for C:\SanitySemilla4\target\site\serenity\039219cb5e4a5d4af08ac8379ad4d2a24fa38f333a50950424d963c0f9cdce47.png
16:26:28.050 [Test worker] DEBUG net.serenitybdd.core.photography.Darkroom - Send negative for processing for C:\SanitySemilla4\target\site\serenity\c5b9b3de888a29f4f94b4fe13f13c748e7315a007941be874ebf161feb4c8848.png
16:26:29.181 [Test worker] DEBUG net.serenitybdd.core.photography.Darkroom - Send negative for processing for C:\SanitySemilla4\target\site\serenity\c49d7fc6f782960bf8fe03aec364163d5a68acac57d98fc8c572cd190d88eb16.png
16:26:29.968 [Test worker] DEBUG net.serenitybdd.core.photography.Darkroom - Send negative for processing for C:\SanitySemilla4\target\site\serenity\43442ab65e7e3183b8510f19003464dc8c46e61186a126faa9c480a08f52f3b9.png
16:26:30.759 [Test worker] DEBUG net.serenitybdd.core.photography.Darkroom - Send negative for processing for C:\SanitySemilla4\target\site\serenity\43442ab65e7e3183b8510f19003464dc8c46e61186a126faa9c480a08f52f3b9.png
16:26:31.538 [Test worker] DEBUG net.serenitybdd.core.photography.Darkroom - Send negative for processing for C:\SanitySemilla4\target\site\serenity\039219cb5e4a5d4af08ac8379ad4d2a24fa38f333a50950424d963c0f9cdce47.png
16:26:32.274 [Test worker] DEBUG net.serenitybdd.core.photography.Darkroom - Send negative for processing for C:\SanitySemilla4\target\site\serenity\039219cb5e4a5d4af08ac8379ad4d2a24fa38f333a50950424d963c0f9cdce47.png
linea no migrada siebel -->BLOCKPOSTSALE
16:26:51.657 [Test worker] DEBUG net.serenitybdd.core.photography.Darkroom - Send negative for processing for C:\SanitySemilla4\target\site\serenity\039219cb5e4a5d4af08ac8379ad4d2a24fa38f333a50950424d963c0f9cdce47.png
16:26:54.373 [Test worker] DEBUG net.serenitybdd.core.photography.Darkroom - Send negative for processing for C:\SanitySemilla4\target\site\serenity\50ba390cc9c52495f731c65f736e90d00d01cda4eb9d25814933b6e8d100f689.png
16:26:55.228 [Test worker] DEBUG net.serenitybdd.core.photography.Darkroom - Send negative for processing for C:\SanitySemilla4\target\site\serenity\0ef1a473d40435b7f58e513b3c56da75ba705f8a8031b3ec418b2a966055117e.png
16:26:56.096 [Test worker] DEBUG net.serenitybdd.core.photography.Darkroom - Send negative for processing for C:\SanitySemilla4\target\site\serenity\0eebec857ba878863c7bb7e404911ee7e571eaf2c0f8e26322b15be28965e1e4.png
16:26:56.968 [Test worker] DEBUG net.serenitybdd.core.photography.Darkroom - Send negative for processing for C:\SanitySemilla4\target\site\serenity\59730a9af1f425a097cf58a143cbd06c35c6bcc05c9c98ee7780e6b9b7d8bd5a.png
16:26:58.678 [Test worker] DEBUG net.serenitybdd.core.photography.Darkroom - Send negative for processing for C:\SanitySemilla4\target\site\serenity\a7b1b8f3beca0604a3b943535d7fa24306cb2584b49f05638478966598c28d4a.png
16:26:58.680 [Darkroom Processing Line] DEBUG net.serenitybdd.core.photography.DarkroomProcessingLine - Processing screenshot image in /var/screenshots/screenshot-7562201981069318796
16:26:58.680 [Darkroom Processing Line] DEBUG net.serenitybdd.core.photography.DarkroomProcessingLine - Saving screenshot to C:\SanitySemilla4\target\site\serenity\a7b1b8f3beca0604a3b943535d7fa24306cb2584b49f05638478966598c28d4a.png
16:26:59.618 [Test worker] DEBUG net.serenitybdd.core.photography.Darkroom - Send negative for processing for C:\SanitySemilla4\target\site\serenity\c221491d14f4f1fce8c96ee4e8481134a1f5240630329a5948d5379dc1b6d757.png
16:27:02.650 [Test worker] DEBUG net.serenitybdd.core.photography.Darkroom - Send negative for processing for C:\SanitySemilla4\target\site\serenity\0538ce1e7fde77b4db50bc13e326c79f5bcf59e3f3fdb5777f1fc499d7654efe.png
16:27:02.654 [Darkroom Processing Line] DEBUG net.serenitybdd.core.photography.DarkroomProcessingLine - Processing screenshot image in /var/screenshots/screenshot-1441010008848829039
16:27:02.654 [Darkroom Processing Line] DEBUG net.serenitybdd.core.photography.DarkroomProcessingLine - Saving screenshot to C:\SanitySemilla4\target\site\serenity\0538ce1e7fde77b4db50bc13e326c79f5bcf59e3f3fdb5777f1fc499d7654efe.png
16:27:08.815 [Test worker] INFO net.thucydides.core.steps.ConsoleLoggingListener - ?[92m
        __    _____ _____ ____ _____   ____   _    ____  ____  _____ ____  
  _     \ \  |_   _| ____/ ___|_   _| |  _ \ / \  / ___|/ ___|| ____|  _ \ 
 (_)_____| |   | | |  _| \___ \ | |   | |_) / _ \ \___ \\___ \|  _| | | | |
  _|_____| |   | | | |___ ___) || |   |  __/ ___ \ ___) |___) | |___| |_| |
 (_)     | |   |_| |_____|____/ |_|   |_| /_/   \_\____/|____/|_____|____/ 
        /_/                                                                

TEST PASSED: se requiere realizar una activacion de una linea en prepago
----------------------------------------------------------------------------?[0m
16:27:09.243 [Test worker] INFO net.serenitybdd.core.webdriver.driverproviders.ProvideNewDriver - Instantiating driver
16:27:09.243 [Test worker] INFO net.serenitybdd.core.webdriver.driverproviders.ProvideNewDriver - Driver capabilities: Capabilities {acceptInsecureCerts: true, browserName: firefox, firefox_profile: org.openqa.selenium.firefox..., headless: false, loggingPrefs: org.openqa.selenium.logging..., marionette: true, moz:firefoxOptions: {}, platform: ANY, version: }
16:27:17.062 [Test worker] DEBUG net.serenitybdd.core.photography.Darkroom - Send negative for processing for C:\SanitySemilla4\target\site\serenity\17cc1deb5f2370cb59e9a23dca92c005e564c07828f8dfd6cdb5ac1d1c824d98.png
16:27:17.800 [Test worker] DEBUG net.serenitybdd.core.photography.Darkroom - Send negative for processing for C:\SanitySemilla4\target\site\serenity\1766cfc1bff542defe235d3fbf58bee4cc5ba2ee8a8f9a6091bf33fd1d738902.png
16:27:22.736 [Test worker] DEBUG net.serenitybdd.core.photography.Darkroom - Send negative for processing for C:\SanitySemilla4\target\site\serenity\50ba390cc9c52495f731c65f736e90d00d01cda4eb9d25814933b6e8d100f689.png
16:27:25.222 [Test worker] DEBUG net.serenitybdd.core.photography.Darkroom - Send negative for processing for C:\SanitySemilla4\target\site\serenity\3ced78df60753f5f768a3757dad2145d30783cdf0897af3f29c028379e17a801.png
16:27:26.187 [Test worker] DEBUG net.serenitybdd.core.photography.Darkroom - Send negative for processing for C:\SanitySemilla4\target\site\serenity\e28c23cd549fa10764d1dba239e185fec57193fe3bba8938724bfb737b2cc9ea.png
16:27:27.040 [Test worker] DEBUG net.serenitybdd.core.photography.Darkroom - Send negative for processing for C:\SanitySemilla4\target\site\serenity\bbce088c3967068f59691de8cbb6ddf55be41067b30617a491777339e8a43e65.png
16:27:27.893 [Test worker] DEBUG net.serenitybdd.core.photography.Darkroom - Send negative for processing for C:\SanitySemilla4\target\site\serenity\7377cc9b1f4b07f1c79d419f67a46deb8902d3e39af8d81533d463018ca079b4.png
16:27:32.006 [Test worker] DEBUG net.serenitybdd.core.photography.Darkroom - Send negative for processing for C:\SanitySemilla4\target\site\serenity\9ee33e355c6d28023b976f096e9239802fe6747139538923dd2f715909b5a8fb.png
16:27:34.195 [Test worker] DEBUG net.serenitybdd.core.photography.Darkroom - Send negative for processing for C:\SanitySemilla4\target\site\serenity\a9a376b0d5acc1cc256f3b1dc696544185c704d2d5ff6b642ffc8020fa36a8f0.png
16:27:38.193 [Test worker] DEBUG net.serenitybdd.core.photography.Darkroom - Send negative for processing for C:\SanitySemilla4\target\site\serenity\b6d6ceb0ac1772d692f57adc9636c2e552481d008346aa4e42c42a75bc0a9c66.png
16:27:38.193 [Darkroom Processing Line] DEBUG net.serenitybdd.core.photography.DarkroomProcessingLine - Processing screenshot image in /var/screenshots/screenshot-3230571736414964541
16:27:38.193 [Darkroom Processing Line] DEBUG net.serenitybdd.core.photography.DarkroomProcessingLine - Saving screenshot to C:\SanitySemilla4\target\site\serenity\b6d6ceb0ac1772d692f57adc9636c2e552481d008346aa4e42c42a75bc0a9c66.png
16:27:39.197 [Test worker] DEBUG net.serenitybdd.core.photography.Darkroom - Send negative for processing for C:\SanitySemilla4\target\site\serenity\15641c8c644ef91110874a9dd3cb33bf4f0ea49f27f589bf9a0ac23be17d53f8.png
16:27:39.997 [Test worker] DEBUG net.serenitybdd.core.photography.Darkroom - Send negative for processing for C:\SanitySemilla4\target\site\serenity\688fb1ef5ea308e5e24d5782c8ec53b8135228f0691d39890831d63930b3051e.png
16:27:40.797 [Test worker] DEBUG net.serenitybdd.core.photography.Darkroom - Send negative for processing for C:\SanitySemilla4\target\site\serenity\688fb1ef5ea308e5e24d5782c8ec53b8135228f0691d39890831d63930b3051e.png
16:27:43.349 [Test worker] DEBUG net.serenitybdd.core.photography.Darkroom - Send negative for processing for C:\SanitySemilla4\target\site\serenity\c5b9b3de888a29f4f94b4fe13f13c748e7315a007941be874ebf161feb4c8848.png
16:27:44.405 [Test worker] DEBUG net.serenitybdd.core.photography.Darkroom - Send negative for processing for C:\SanitySemilla4\target\site\serenity\c49d7fc6f782960bf8fe03aec364163d5a68acac57d98fc8c572cd190d88eb16.png
16:27:45.236 [Test worker] DEBUG net.serenitybdd.core.photography.Darkroom - Send negative for processing for C:\SanitySemilla4\target\site\serenity\43442ab65e7e3183b8510f19003464dc8c46e61186a126faa9c480a08f52f3b9.png
16:27:46.062 [Test worker] DEBUG net.serenitybdd.core.photography.Darkroom - Send negative for processing for C:\SanitySemilla4\target\site\serenity\43442ab65e7e3183b8510f19003464dc8c46e61186a126faa9c480a08f52f3b9.png
16:27:46.932 [Test worker] DEBUG net.serenitybdd.core.photography.Darkroom - Send negative for processing for C:\SanitySemilla4\target\site\serenity\688fb1ef5ea308e5e24d5782c8ec53b8135228f0691d39890831d63930b3051e.png
16:27:47.709 [Test worker] DEBUG net.serenitybdd.core.photography.Darkroom - Send negative for processing for C:\SanitySemilla4\target\site\serenity\688fb1ef5ea308e5e24d5782c8ec53b8135228f0691d39890831d63930b3051e.png
linea no migrada siebel -->BLOCKPOSTSALE
16:28:02.197 [Test worker] DEBUG net.serenitybdd.core.photography.Darkroom - Send negative for processing for C:\SanitySemilla4\target\site\serenity\688fb1ef5ea308e5e24d5782c8ec53b8135228f0691d39890831d63930b3051e.png
16:28:03.948 [Test worker] DEBUG net.serenitybdd.core.photography.Darkroom - Send negative for processing for C:\SanitySemilla4\target\site\serenity\50ba390cc9c52495f731c65f736e90d00d01cda4eb9d25814933b6e8d100f689.png
16:28:04.816 [Test worker] DEBUG net.serenitybdd.core.photography.Darkroom - Send negative for processing for C:\SanitySemilla4\target\site\serenity\0ef1a473d40435b7f58e513b3c56da75ba705f8a8031b3ec418b2a966055117e.png
16:28:05.601 [Test worker] DEBUG net.serenitybdd.core.photography.Darkroom - Send negative for processing for C:\SanitySemilla4\target\site\serenity\0eebec857ba878863c7bb7e404911ee7e571eaf2c0f8e26322b15be28965e1e4.png
16:28:06.540 [Test worker] DEBUG net.serenitybdd.core.photography.Darkroom - Send negative for processing for C:\SanitySemilla4\target\site\serenity\59730a9af1f425a097cf58a143cbd06c35c6bcc05c9c98ee7780e6b9b7d8bd5a.png
16:28:08.276 [Test worker] DEBUG net.serenitybdd.core.photography.Darkroom - Send negative for processing for C:\SanitySemilla4\target\site\serenity\1bbbae5b1f1041f97f5678601b6d4e7cccd121b0c6b097a04d2c4117b3fd76c7.png
16:28:09.244 [Test worker] DEBUG net.serenitybdd.core.photography.Darkroom - Send negative for processing for C:\SanitySemilla4\target\site\serenity\5d47fc828263bd14b241d3eedd497316f9f6245f263dfee559dc88a7681faeec.png
16:28:10.546 [Test worker] DEBUG net.serenitybdd.core.photography.Darkroom - Send negative for processing for C:\SanitySemilla4\target\site\serenity\0c99b99604212ddf4a616b6bc9c0be288f620b64ca414a1c5553e2223150ce7e.png
16:28:17.117 [Test worker] INFO net.thucydides.core.steps.ConsoleLoggingListener - ?[92m
        __    _____ _____ ____ _____   ____   _    ____  ____  _____ ____  
  _     \ \  |_   _| ____/ ___|_   _| |  _ \ / \  / ___|/ ___|| ____|  _ \ 
 (_)_____| |   | | |  _| \___ \ | |   | |_) / _ \ \___ \\___ \|  _| | | | |
  _|_____| |   | | | |___ ___) || |   |  __/ ___ \ ___) |___) | |___| |_| |
 (_)     | |   |_| |_____|____/ |_|   |_| /_/   \_\____/|____/|_____|____/ 
        /_/                                                                

TEST PASSED: se requiere realizar una activacion de una linea en prepago
----------------------------------------------------------------------------?[0m
16:28:17.486 [Test worker] INFO net.serenitybdd.core.webdriver.driverproviders.ProvideNewDriver - Instantiating driver
16:28:17.486 [Test worker] INFO net.serenitybdd.core.webdriver.driverproviders.ProvideNewDriver - Driver capabilities: Capabilities {acceptInsecureCerts: true, browserName: firefox, firefox_profile: org.openqa.selenium.firefox..., headless: false, loggingPrefs: org.openqa.selenium.logging..., marionette: true, moz:firefoxOptions: {}, platform: ANY, version: }
16:28:25.554 [Test worker] DEBUG net.serenitybdd.core.photography.Darkroom - Send negative for processing for C:\SanitySemilla4\target\site\serenity\17cc1deb5f2370cb59e9a23dca92c005e564c07828f8dfd6cdb5ac1d1c824d98.png
16:28:26.512 [Test worker] DEBUG net.serenitybdd.core.photography.Darkroom - Send negative for processing for C:\SanitySemilla4\target\site\serenity\1766cfc1bff542defe235d3fbf58bee4cc5ba2ee8a8f9a6091bf33fd1d738902.png
16:28:30.695 [Test worker] DEBUG net.serenitybdd.core.photography.Darkroom - Send negative for processing for C:\SanitySemilla4\target\site\serenity\50ba390cc9c52495f731c65f736e90d00d01cda4eb9d25814933b6e8d100f689.png
16:28:30.938 [Test worker] DEBUG net.serenitybdd.core.photography.Darkroom - Send negative for processing for C:\SanitySemilla4\target\site\serenity\50ba390cc9c52495f731c65f736e90d00d01cda4eb9d25814933b6e8d100f689.png
16:28:33.133 [Test worker] DEBUG net.serenitybdd.core.photography.Darkroom - Send negative for processing for C:\SanitySemilla4\target\site\serenity\c7da859225b7209729e7c2be5cbbd731e093f138c09d0a1c15ffb7a21bd35b99.png
16:28:34.097 [Test worker] DEBUG net.serenitybdd.core.photography.Darkroom - Send negative for processing for C:\SanitySemilla4\target\site\serenity\ece6f162e43806cee247868e54ed9793122996f36694bd6017829132dc9a13b0.png
16:28:34.982 [Test worker] DEBUG net.serenitybdd.core.photography.Darkroom - Send negative for processing for C:\SanitySemilla4\target\site\serenity\eb7b632275e18a172a9d26dbcb64289952c46c778d1dcef582d31b4eeb1fdec4.png
16:28:35.900 [Test worker] DEBUG net.serenitybdd.core.photography.Darkroom - Send negative for processing for C:\SanitySemilla4\target\site\serenity\c1367507144af0e3852ca73604d5ea143809a68a6b26373e012d59bffb2e53f0.png
16:28:39.819 [Test worker] DEBUG net.serenitybdd.core.photography.Darkroom - Send negative for processing for C:\SanitySemilla4\target\site\serenity\46a6efc7c6e3ccc314f24f930e9b2656994f03ec735919b86360c504521a6859.png
16:28:42.308 [Test worker] DEBUG net.serenitybdd.core.photography.Darkroom - Send negative for processing for C:\SanitySemilla4\target\site\serenity\7a49613d670b18067ae7061fd2d8f119bbd4848a007e6e6f3d40569dd7cd5ca1.png
16:28:43.127 [Test worker] DEBUG net.serenitybdd.core.photography.Darkroom - Send negative for processing for C:\SanitySemilla4\target\site\serenity\59786190b9327de30dc6272378cca09a7a6bbf88d2051efe537ad79e390b1bfa.png
16:28:44.448 [Test worker] DEBUG net.serenitybdd.core.photography.Darkroom - Send negative for processing for C:\SanitySemilla4\target\site\serenity\04449530b4570f2b107334c69be7d63fc53f1d0d8752f1eb72e34827d8361162.png
16:28:45.273 [Test worker] DEBUG net.serenitybdd.core.photography.Darkroom - Send negative for processing for C:\SanitySemilla4\target\site\serenity\b76061a604f7f110450e86fe013d0c82103d2140015c9ab81f67dcf61ff56229.png
16:28:46.219 [Test worker] DEBUG net.serenitybdd.core.photography.Darkroom - Send negative for processing for C:\SanitySemilla4\target\site\serenity\b76061a604f7f110450e86fe013d0c82103d2140015c9ab81f67dcf61ff56229.png
16:28:47.039 [Test worker] DEBUG net.serenitybdd.core.photography.Darkroom - Send negative for processing for C:\SanitySemilla4\target\site\serenity\98b7884982f6521e539f85bf277705ffaba49e04b88068b1425eff8bd07ec6d7.png
16:28:47.924 [Test worker] DEBUG net.serenitybdd.core.photography.Darkroom - Send negative for processing for C:\SanitySemilla4\target\site\serenity\c15b65a1f4666da56b02f03ab1bc01a2bc4ee2f935960b21edacfc748e2dc8a7.png
16:28:47.924 [Darkroom Processing Line] DEBUG net.serenitybdd.core.photography.DarkroomProcessingLine - Processing screenshot image in /var/screenshots/screenshot-8204412435889364747
16:28:47.924 [Darkroom Processing Line] DEBUG net.serenitybdd.core.photography.DarkroomProcessingLine - Saving screenshot to C:\SanitySemilla4\target\site\serenity\c15b65a1f4666da56b02f03ab1bc01a2bc4ee2f935960b21edacfc748e2dc8a7.png
16:28:49.907 [Test worker] DEBUG net.serenitybdd.core.photography.Darkroom - Send negative for processing for C:\SanitySemilla4\target\site\serenity\b401ff41fe5615133a01d128cebfbbea1f752537f7ee2c8b7dbdb8d32fdb886a.png
16:28:50.758 [Test worker] DEBUG net.serenitybdd.core.photography.Darkroom - Send negative for processing for C:\SanitySemilla4\target\site\serenity\2beb91e6df10728b4af46390edea4dab96151bef7f8bc4702092bd24d02f6e49.png
16:28:51.531 [Test worker] DEBUG net.serenitybdd.core.photography.Darkroom - Send negative for processing for C:\SanitySemilla4\target\site\serenity\caeb389377cd3ce46009e40f54eba9a19f871eb05ca9055a782fbfa3d9b6fec8.png
16:28:51.547 [Darkroom Processing Line] DEBUG net.serenitybdd.core.photography.DarkroomProcessingLine - Processing screenshot image in /var/screenshots/screenshot-2973631718523960807
16:28:51.547 [Darkroom Processing Line] DEBUG net.serenitybdd.core.photography.DarkroomProcessingLine - Saving screenshot to C:\SanitySemilla4\target\site\serenity\caeb389377cd3ce46009e40f54eba9a19f871eb05ca9055a782fbfa3d9b6fec8.png
16:28:52.324 [Test worker] DEBUG net.serenitybdd.core.photography.Darkroom - Send negative for processing for C:\SanitySemilla4\target\site\serenity\7beb55f14a8cddf47342d8c8412a46bf082e7ebb8598db6cea19849a27026e44.png
16:28:52.326 [Darkroom Processing Line] DEBUG net.serenitybdd.core.photography.DarkroomProcessingLine - Processing screenshot image in /var/screenshots/screenshot-3995660916088329804
16:28:52.326 [Darkroom Processing Line] DEBUG net.serenitybdd.core.photography.DarkroomProcessingLine - Saving screenshot to C:\SanitySemilla4\target\site\serenity\7beb55f14a8cddf47342d8c8412a46bf082e7ebb8598db6cea19849a27026e44.png
16:28:53.148 [Test worker] DEBUG net.serenitybdd.core.photography.Darkroom - Send negative for processing for C:\SanitySemilla4\target\site\serenity\8b480be77b140ae810624471537518424e12b39ef70ae3aad0d9da835e545161.png
16:28:53.148 [Darkroom Processing Line] DEBUG net.serenitybdd.core.photography.DarkroomProcessingLine - Processing screenshot image in /var/screenshots/screenshot-6973239069021751274
16:28:53.148 [Darkroom Processing Line] DEBUG net.serenitybdd.core.photography.DarkroomProcessingLine - Saving screenshot to C:\SanitySemilla4\target\site\serenity\8b480be77b140ae810624471537518424e12b39ef70ae3aad0d9da835e545161.png
16:28:53.949 [Test worker] DEBUG net.serenitybdd.core.photography.Darkroom - Send negative for processing for C:\SanitySemilla4\target\site\serenity\8b480be77b140ae810624471537518424e12b39ef70ae3aad0d9da835e545161.png
16:28:54.954 [Test worker] DEBUG net.serenitybdd.core.photography.Darkroom - Send negative for processing for C:\SanitySemilla4\target\site\serenity\8b480be77b140ae810624471537518424e12b39ef70ae3aad0d9da835e545161.png
16:28:55.755 [Test worker] DEBUG net.serenitybdd.core.photography.Darkroom - Send negative for processing for C:\SanitySemilla4\target\site\serenity\2541587c9a56496317dcfcc7f56d24a1468c79a8b66cd2f261daedd26b2a82d2.png
16:28:55.772 [Darkroom Processing Line] DEBUG net.serenitybdd.core.photography.DarkroomProcessingLine - Processing screenshot image in /var/screenshots/screenshot-4524108373238124968
16:28:55.772 [Darkroom Processing Line] DEBUG net.serenitybdd.core.photography.DarkroomProcessingLine - Saving screenshot to C:\SanitySemilla4\target\site\serenity\2541587c9a56496317dcfcc7f56d24a1468c79a8b66cd2f261daedd26b2a82d2.png
16:29:08.650 [Test worker] DEBUG net.serenitybdd.core.photography.Darkroom - Send negative for processing for C:\SanitySemilla4\target\site\serenity\ba6cae00bd72c50b047398afffbbf8615ec45d3a02c4b015be4fd2e7dab20ab6.png
16:29:09.444 [Test worker] DEBUG net.serenitybdd.core.photography.Darkroom - Send negative for processing for C:\SanitySemilla4\target\site\serenity\ba6cae00bd72c50b047398afffbbf8615ec45d3a02c4b015be4fd2e7dab20ab6.png
16:29:10.314 [Test worker] DEBUG net.serenitybdd.core.photography.Darkroom - Send negative for processing for C:\SanitySemilla4\target\site\serenity\6bfa97a2439add0ad1efbd7cde2d2fb83d6c971400f5983126f03e33c1fca706.png
16:29:11.130 [Test worker] DEBUG net.serenitybdd.core.photography.Darkroom - Send negative for processing for C:\SanitySemilla4\target\site\serenity\6bfa97a2439add0ad1efbd7cde2d2fb83d6c971400f5983126f03e33c1fca706.png
16:29:11.986 [Test worker] DEBUG net.serenitybdd.core.photography.Darkroom - Send negative for processing for C:\SanitySemilla4\target\site\serenity\9f777bb4c0f25a9689ef87bd7fc9f2559a3a1aed882ba883f07340b4b08c3ea7.png
16:29:12.767 [Test worker] DEBUG net.serenitybdd.core.photography.Darkroom - Send negative for processing for C:\SanitySemilla4\target\site\serenity\9f777bb4c0f25a9689ef87bd7fc9f2559a3a1aed882ba883f07340b4b08c3ea7.png
16:29:13.675 [Test worker] DEBUG net.serenitybdd.core.photography.Darkroom - Send negative for processing for C:\SanitySemilla4\target\site\serenity\9f777bb4c0f25a9689ef87bd7fc9f2559a3a1aed882ba883f07340b4b08c3ea7.png
16:29:14.523 [Test worker] DEBUG net.serenitybdd.core.photography.Darkroom - Send negative for processing for C:\SanitySemilla4\target\site\serenity\4495bb5b5090b122cbdc7d642c7ca50aadb700dd1fa8f1d44704db576dc04816.png
16:29:15.377 [Test worker] DEBUG net.serenitybdd.core.photography.Darkroom - Send negative for processing for C:\SanitySemilla4\target\site\serenity\301e59e19ff37c99887e7b3dccc2a340191e4e1750e2bf76a51ea4aeb58976b0.png
16:29:16.194 [Test worker] DEBUG net.serenitybdd.core.photography.Darkroom - Send negative for processing for C:\SanitySemilla4\target\site\serenity\99ef41997c17c5840c03001706e993d9011c97c6a3abbb04778d2a04a996e013.png
16:29:16.963 [Test worker] DEBUG net.serenitybdd.core.photography.Darkroom - Send negative for processing for C:\SanitySemilla4\target\site\serenity\99ef41997c17c5840c03001706e993d9011c97c6a3abbb04778d2a04a996e013.png
16:29:17.765 [Test worker] DEBUG net.serenitybdd.core.photography.Darkroom - Send negative for processing for C:\SanitySemilla4\target\site\serenity\99ef41997c17c5840c03001706e993d9011c97c6a3abbb04778d2a04a996e013.png
16:29:18.530 [Test worker] DEBUG net.serenitybdd.core.photography.Darkroom - Send negative for processing for C:\SanitySemilla4\target\site\serenity\99ef41997c17c5840c03001706e993d9011c97c6a3abbb04778d2a04a996e013.png
16:29:19.284 [Test worker] DEBUG net.serenitybdd.core.photography.Darkroom - Send negative for processing for C:\SanitySemilla4\target\site\serenity\99ef41997c17c5840c03001706e993d9011c97c6a3abbb04778d2a04a996e013.png
16:29:20.057 [Test worker] DEBUG net.serenitybdd.core.photography.Darkroom - Send negative for processing for C:\SanitySemilla4\target\site\serenity\6fd986b94b039ea8c886afc38c4b6a8dcee2f690ed75ddf7e97be60125cc0987.png
16:29:20.870 [Test worker] DEBUG net.serenitybdd.core.photography.Darkroom - Send negative for processing for C:\SanitySemilla4\target\site\serenity\4495bb5b5090b122cbdc7d642c7ca50aadb700dd1fa8f1d44704db576dc04816.png
16:29:21.734 [Test worker] DEBUG net.serenitybdd.core.photography.Darkroom - Send negative for processing for C:\SanitySemilla4\target\site\serenity\b446fc4a92da3d04fc4169681311e1b60a38f9254a54b8625e916a636509c347.png
16:29:22.650 [Test worker] DEBUG net.serenitybdd.core.photography.Darkroom - Send negative for processing for C:\SanitySemilla4\target\site\serenity\f977b209525732b7eec3506c08d692867e392a32d2aad4fcf44ab71bf5c57fb0.png
16:29:22.650 [Darkroom Processing Line] DEBUG net.serenitybdd.core.photography.DarkroomProcessingLine - Processing screenshot image in /var/screenshots/screenshot-5659303262598706285
16:29:22.650 [Darkroom Processing Line] DEBUG net.serenitybdd.core.photography.DarkroomProcessingLine - Saving screenshot to C:\SanitySemilla4\target\site\serenity\f977b209525732b7eec3506c08d692867e392a32d2aad4fcf44ab71bf5c57fb0.png
16:29:27.746 [Test worker] DEBUG net.serenitybdd.core.photography.Darkroom - Send negative for processing for C:\SanitySemilla4\target\site\serenity\98b4a1a80da97351b7611fac10ee2f27298af67b38b841faa9416b95b270270e.png
16:29:27.748 [Darkroom Processing Line] DEBUG net.serenitybdd.core.photography.DarkroomProcessingLine - Processing screenshot image in /var/screenshots/screenshot-6141298142098206019
16:29:27.750 [Darkroom Processing Line] DEBUG net.serenitybdd.core.photography.DarkroomProcessingLine - Saving screenshot to C:\SanitySemilla4\target\site\serenity\98b4a1a80da97351b7611fac10ee2f27298af67b38b841faa9416b95b270270e.png
16:29:30.630 [Test worker] DEBUG net.serenitybdd.core.photography.Darkroom - Send negative for processing for C:\SanitySemilla4\target\site\serenity\fefa1103e5d241e4bfb230175f62b78b8afe1c6e53308bbc124aa17874ca5b6f.png
16:29:30.646 [Darkroom Processing Line] DEBUG net.serenitybdd.core.photography.DarkroomProcessingLine - Processing screenshot image in /var/screenshots/screenshot-1428854718910349615
16:29:30.646 [Darkroom Processing Line] DEBUG net.serenitybdd.core.photography.DarkroomProcessingLine - Saving screenshot to C:\SanitySemilla4\target\site\serenity\fefa1103e5d241e4bfb230175f62b78b8afe1c6e53308bbc124aa17874ca5b6f.png
16:29:56.181 [Test worker] DEBUG net.serenitybdd.core.photography.Darkroom - Send negative for processing for C:\SanitySemilla4\target\site\serenity\cda8d3f4b37a9cf33981767bcaa9e0937d124b9c72470cf4df0a2f3b3e47e927.png
16:29:56.181 [Darkroom Processing Line] DEBUG net.serenitybdd.core.photography.DarkroomProcessingLine - Processing screenshot image in /var/screenshots/screenshot-1305718421846979536
16:29:56.181 [Darkroom Processing Line] DEBUG net.serenitybdd.core.photography.DarkroomProcessingLine - Saving screenshot to C:\SanitySemilla4\target\site\serenity\cda8d3f4b37a9cf33981767bcaa9e0937d124b9c72470cf4df0a2f3b3e47e927.png
16:29:58.512 [Test worker] DEBUG net.serenitybdd.core.photography.Darkroom - Send negative for processing for C:\SanitySemilla4\target\site\serenity\50ba390cc9c52495f731c65f736e90d00d01cda4eb9d25814933b6e8d100f689.png
16:29:59.351 [Test worker] DEBUG net.serenitybdd.core.photography.Darkroom - Send negative for processing for C:\SanitySemilla4\target\site\serenity\0ef1a473d40435b7f58e513b3c56da75ba705f8a8031b3ec418b2a966055117e.png
16:30:00.227 [Test worker] DEBUG net.serenitybdd.core.photography.Darkroom - Send negative for processing for C:\SanitySemilla4\target\site\serenity\5fffa021fa57db8c3769ab969eb13b130092701880b7cb172fdd31bafcb2434c.png
16:30:00.239 [Darkroom Processing Line] DEBUG net.serenitybdd.core.photography.DarkroomProcessingLine - Processing screenshot image in /var/screenshots/screenshot-334587517133628506
16:30:00.239 [Darkroom Processing Line] DEBUG net.serenitybdd.core.photography.DarkroomProcessingLine - Saving screenshot to C:\SanitySemilla4\target\site\serenity\5fffa021fa57db8c3769ab969eb13b130092701880b7cb172fdd31bafcb2434c.png
16:30:01.130 [Test worker] DEBUG net.serenitybdd.core.photography.Darkroom - Send negative for processing for C:\SanitySemilla4\target\site\serenity\821c78a0ba2c5ff27d153026775b9704cd6cb0fc24045ff91d651ae663243343.png
16:30:01.144 [Darkroom Processing Line] DEBUG net.serenitybdd.core.photography.DarkroomProcessingLine - Processing screenshot image in /var/screenshots/screenshot-8798775007844638447
16:30:01.145 [Darkroom Processing Line] DEBUG net.serenitybdd.core.photography.DarkroomProcessingLine - Saving screenshot to C:\SanitySemilla4\target\site\serenity\821c78a0ba2c5ff27d153026775b9704cd6cb0fc24045ff91d651ae663243343.png
16:30:03.399 [Test worker] DEBUG net.serenitybdd.core.photography.Darkroom - Send negative for processing for C:\SanitySemilla4\target\site\serenity\571e7b40aea9713124f491c10ec4f27db669c50f233b2ac19a316e0a07d5b59f.png
16:30:03.399 [Darkroom Processing Line] DEBUG net.serenitybdd.core.photography.DarkroomProcessingLine - Processing screenshot image in /var/screenshots/screenshot-5646617196502815497
16:30:03.399 [Darkroom Processing Line] DEBUG net.serenitybdd.core.photography.DarkroomProcessingLine - Saving screenshot to C:\SanitySemilla4\target\site\serenity\571e7b40aea9713124f491c10ec4f27db669c50f233b2ac19a316e0a07d5b59f.png
16:30:04.472 [Test worker] DEBUG net.serenitybdd.core.photography.Darkroom - Send negative for processing for C:\SanitySemilla4\target\site\serenity\9e18b95743e639b4c422b66277d493478191277a212f3de945d04e45ce4deefa.png
16:30:04.483 [Darkroom Processing Line] DEBUG net.serenitybdd.core.photography.DarkroomProcessingLine - Processing screenshot image in /var/screenshots/screenshot-8584409795719755364
16:30:04.483 [Darkroom Processing Line] DEBUG net.serenitybdd.core.photography.DarkroomProcessingLine - Saving screenshot to C:\SanitySemilla4\target\site\serenity\9e18b95743e639b4c422b66277d493478191277a212f3de945d04e45ce4deefa.png
16:30:05.776 [Test worker] DEBUG net.serenitybdd.core.photography.Darkroom - Send negative for processing for C:\SanitySemilla4\target\site\serenity\d940a976ca8c6bb4625619e6819875b79f2a7ac9213bde16fcb1cf674f989e39.png
16:30:05.793 [Darkroom Processing Line] DEBUG net.serenitybdd.core.photography.DarkroomProcessingLine - Processing screenshot image in /var/screenshots/screenshot-7588319793623520419
16:30:05.793 [Darkroom Processing Line] DEBUG net.serenitybdd.core.photography.DarkroomProcessingLine - Saving screenshot to C:\SanitySemilla4\target\site\serenity\d940a976ca8c6bb4625619e6819875b79f2a7ac9213bde16fcb1cf674f989e39.png
16:30:13.172 [Test worker] INFO net.thucydides.core.steps.ConsoleLoggingListener - ?[92m
        __    _____ _____ ____ _____   ____   _    ____  ____  _____ ____  
  _     \ \  |_   _| ____/ ___|_   _| |  _ \ / \  / ___|/ ___|| ____|  _ \ 
 (_)_____| |   | | |  _| \___ \ | |   | |_) / _ \ \___ \\___ \|  _| | | | |
  _|_____| |   | | | |___ ___) || |   |  __/ ___ \ ___) |___) | |___| |_| |
 (_)     | |   |_| |_____|____/ |_|   |_| /_/   \_\____/|____/|_____|____/ 
        /_/                                                                

TEST PASSED: se requiere realizar una activacion de una linea en control
----------------------------------------------------------------------------?[0m
]]></system-out>
  <system-err><![CDATA[feb 15, 2022 4:20:23 PM org.openqa.selenium.remote.DesiredCapabilities firefox
INFORMACIÓN: Using `new FirefoxOptions()` is preferred to `DesiredCapabilities.firefox()`
feb 15, 2022 4:20:23 PM org.openqa.selenium.remote.DesiredCapabilities firefox
INFORMACIÓN: Using `new FirefoxOptions()` is preferred to `DesiredCapabilities.firefox()`
1644960025161	geckodriver	INFO	Listening on 127.0.0.1:40544
1644960026018	mozrunner::runner	INFO	Running command: "C:\\Program Files\\Mozilla Firefox\\firefox.exe" "--marionette" "-foreground" "-no-remote" "-profile" "C:\\Users\\nriosa\\AppData\\Local\\Temp\\rust_mozprofileK36SYJ"
1644960028693	addons.webextension.doh-rollout@mozilla.org	WARN	Loading extension 'doh-rollout@mozilla.org': Reading manifest: Invalid extension permission: networkStatus
1644960028827	addons.webextension.screenshots@mozilla.org	WARN	Loading extension 'screenshots@mozilla.org': Reading manifest: Invalid extension permission: mozillaAddons
1644960028828	addons.webextension.screenshots@mozilla.org	WARN	Loading extension 'screenshots@mozilla.org': Reading manifest: Invalid extension permission: telemetry
1644960028828	addons.webextension.screenshots@mozilla.org	WARN	Loading extension 'screenshots@mozilla.org': Reading manifest: Invalid extension permission: resource://pdf.js/
1644960028828	addons.webextension.screenshots@mozilla.org	WARN	Loading extension 'screenshots@mozilla.org': Reading manifest: Invalid extension permission: about:reader*
JavaScript error: resource://gre/modules/XULStore.jsm, line 66: Error: Can't find profile directory.
1644960033720	Marionette	INFO	Listening on port 52308
1644960034022	Marionette	WARN	TLS certificate errors will be ignored for this session
feb 15, 2022 4:20:34 PM org.openqa.selenium.remote.ProtocolHandshake createSession
INFORMACIÓN: Detected dialect: W3C
1644960036777	addons.xpi	WARN	failed to set lastModifiedTime on C:\Users\nriosa\AppData\Local\Temp\rust_mozprofileK36SYJ\extensions\firefoxhpsureclicksecurebrowsing@bromium.com.xpi: [Exception... "Component returned failure code: 0x8052000e (NS_ERROR_FILE_IS_LOCKED) [nsIFile.lastModifiedTime]"  nsresult: "0x8052000e (NS_ERROR_FILE_IS_LOCKED)"  location: "JS frame :: resource://gre/modules/addons/XPIInstall.jsm :: installAddon :: line 3239"  data: no] Stack trace: installAddon()@resource://gre/modules/addons/XPIInstall.jsm:3239
install()@resource://gre/modules/addons/XPIInstall.jsm:1767
startInstall/this._startupPromise<()@resource://gre/modules/addons/XPIInstall.jsm:1833
startInstall()@resource://gre/modules/addons/XPIInstall.jsm:1839
1644960061498	Marionette	INFO	Stopped listening on port 52308

###!!! [Child][RunMessage] Error: Channel closing: too late to send/recv, messages will be lost


###!!! [Child][MessageChannel::SendAndWait] Error: Channel error: cannot send/recv

feb 15, 2022 4:21:08 PM org.openqa.selenium.remote.DesiredCapabilities firefox
INFORMACIÓN: Using `new FirefoxOptions()` is preferred to `DesiredCapabilities.firefox()`
feb 15, 2022 4:21:08 PM org.openqa.selenium.remote.DesiredCapabilities firefox
INFORMACIÓN: Using `new FirefoxOptions()` is preferred to `DesiredCapabilities.firefox()`
1644960069518	geckodriver	INFO	Listening on 127.0.0.1:6127
1644960069813	mozrunner::runner	INFO	Running command: "C:\\Program Files\\Mozilla Firefox\\firefox.exe" "--marionette" "-foreground" "-no-remote" "-profile" "C:\\Users\\nriosa\\AppData\\Local\\Temp\\rust_mozprofile8EKy6r"
1644960071431	addons.webextension.doh-rollout@mozilla.org	WARN	Loading extension 'doh-rollout@mozilla.org': Reading manifest: Invalid extension permission: networkStatus
1644960071487	addons.webextension.screenshots@mozilla.org	WARN	Loading extension 'screenshots@mozilla.org': Reading manifest: Invalid extension permission: mozillaAddons
1644960071488	addons.webextension.screenshots@mozilla.org	WARN	Loading extension 'screenshots@mozilla.org': Reading manifest: Invalid extension permission: telemetry
1644960071488	addons.webextension.screenshots@mozilla.org	WARN	Loading extension 'screenshots@mozilla.org': Reading manifest: Invalid extension permission: resource://pdf.js/
1644960071488	addons.webextension.screenshots@mozilla.org	WARN	Loading extension 'screenshots@mozilla.org': Reading manifest: Invalid extension permission: about:reader*
JavaScript error: resource://gre/modules/XULStore.jsm, line 66: Error: Can't find profile directory.
1644960075637	Marionette	INFO	Listening on port 52354
1644960075665	Marionette	WARN	TLS certificate errors will be ignored for this session
feb 15, 2022 4:21:15 PM org.openqa.selenium.remote.ProtocolHandshake createSession
INFORMACIÓN: Detected dialect: W3C
1644960079230	addons.xpi	WARN	failed to set lastModifiedTime on C:\Users\nriosa\AppData\Local\Temp\rust_mozprofile8EKy6r\extensions\firefoxhpsureclicksecurebrowsing@bromium.com.xpi: [Exception... "Component returned failure code: 0x8052000e (NS_ERROR_FILE_IS_LOCKED) [nsIFile.lastModifiedTime]"  nsresult: "0x8052000e (NS_ERROR_FILE_IS_LOCKED)"  location: "JS frame :: resource://gre/modules/addons/XPIInstall.jsm :: installAddon :: line 3239"  data: no] Stack trace: installAddon()@resource://gre/modules/addons/XPIInstall.jsm:3239
install()@resource://gre/modules/addons/XPIInstall.jsm:1767
startInstall/this._startupPromise<()@resource://gre/modules/addons/XPIInstall.jsm:1833
startInstall()@resource://gre/modules/addons/XPIInstall.jsm:1839
JavaScript error: http://10.69.60.77:8180/tigo-pos-web-ii/a4j_3_2_0.SR1-SNAPSHOTorg/ajax4jsf/javascript/scripts/form.js.jsf, line 11: TypeError: element is null
JavaScript error: http://10.69.60.77:8180/tigo-pos-web-ii/a4j_3_2_0.SR1-SNAPSHOTorg/ajax4jsf/javascript/scripts/form.js.jsf, line 11: TypeError: element is null
1644960110931	Marionette	INFO	Stopped listening on port 52354

###!!! [Child][MessageChannel] Error: (msgtype=0x370128,name=PContent::Msg_AsyncMessage) Channel closing: too late to send/recv, messages will be lost


###!!! [Child][RunMessage] Error: Channel closing: too late to send/recv, messages will be lost


###!!! [Child][RunMessage] Error: Channel closing: too late to send/recv, messages will be lost


###!!! [Child][RunMessage] Error: Channel closing: too late to send/recv, messages will be lost


###!!! [Child][RunMessage] Error: Channel closing: too late to send/recv, messages will be lost


###!!! [Child][RunMessage] Error: Channel closing: too late to send/recv, messages will be lost


###!!! [Child][RunMessage] Error: Channel closing: too late to send/recv, messages will be lost


###!!! [Child][MessageChannel::SendAndWait] Error: Channel error: cannot send/recv

feb 15, 2022 4:22:18 PM org.openqa.selenium.remote.DesiredCapabilities firefox
INFORMACIÓN: Using `new FirefoxOptions()` is preferred to `DesiredCapabilities.firefox()`
feb 15, 2022 4:22:18 PM org.openqa.selenium.remote.DesiredCapabilities firefox
INFORMACIÓN: Using `new FirefoxOptions()` is preferred to `DesiredCapabilities.firefox()`
1644960139501	geckodriver	INFO	Listening on 127.0.0.1:33194
1644960139824	mozrunner::runner	INFO	Running command: "C:\\Program Files\\Mozilla Firefox\\firefox.exe" "--marionette" "-foreground" "-no-remote" "-profile" "C:\\Users\\nriosa\\AppData\\Local\\Temp\\rust_mozprofileNMJd77"
1644960141212	addons.webextension.doh-rollout@mozilla.org	WARN	Loading extension 'doh-rollout@mozilla.org': Reading manifest: Invalid extension permission: networkStatus
1644960141249	addons.webextension.screenshots@mozilla.org	WARN	Loading extension 'screenshots@mozilla.org': Reading manifest: Invalid extension permission: mozillaAddons
1644960141249	addons.webextension.screenshots@mozilla.org	WARN	Loading extension 'screenshots@mozilla.org': Reading manifest: Invalid extension permission: telemetry
1644960141249	addons.webextension.screenshots@mozilla.org	WARN	Loading extension 'screenshots@mozilla.org': Reading manifest: Invalid extension permission: resource://pdf.js/
1644960141249	addons.webextension.screenshots@mozilla.org	WARN	Loading extension 'screenshots@mozilla.org': Reading manifest: Invalid extension permission: about:reader*
JavaScript error: resource://gre/modules/XULStore.jsm, line 66: Error: Can't find profile directory.
1644960145090	Marionette	INFO	Listening on port 52409
1644960145183	Marionette	WARN	TLS certificate errors will be ignored for this session
feb 15, 2022 4:22:25 PM org.openqa.selenium.remote.ProtocolHandshake createSession
INFORMACIÓN: Detected dialect: W3C
JavaScript warning: http://10.69.60.85:8280/portal/CRMPortal/Consultas?portal:windowState=normal&portal:componentId=gtnc323725e-6efe-4037-9f93-1bc06edfa941&portal:resourceID=/org.rf.res/org/richfaces/ui.pack.js&portal:cacheLevel=PAGE&portal:type=resource&portal:portletMode=view, line 10431: unreachable code after return statement
JavaScript warning: http://10.69.60.85:8280/portal/CRMPortal/Consultas?portal:windowState=normal&portal:componentId=gtnc323725e-6efe-4037-9f93-1bc06edfa941&portal:resourceID=/org.rf.res/org/richfaces/ui.pack.js&portal:cacheLevel=PAGE&portal:type=resource&portal:portletMode=view, line 10431: unreachable code after return statement
JavaScript error: http://10.69.60.85:8280/portal/CRMPortal/Consultas, line 1: ReferenceError: setIframeListeners is not defined
JavaScript warning: http://10.69.60.85:8280/portal/CRMPortal/Venta?portal:windowState=normal&portal:componentId=gtn1dfca009-52ed-45cd-a543-6660573bef81&portal:resourceID=/org.rf.res/org/richfaces/ui.pack.js&portal:cacheLevel=PAGE&portal:type=resource&portal:portletMode=view, line 10431: unreachable code after return statement
JavaScript warning: http://10.69.60.85:8280/portal/CRMPortal/Venta?portal:windowState=normal&portal:componentId=gtn1dfca009-52ed-45cd-a543-6660573bef81&portal:resourceID=/org.rf.res/org/richfaces/ui.pack.js&portal:cacheLevel=PAGE&portal:type=resource&portal:portletMode=view, line 10431: unreachable code after return statement
JavaScript error: http://10.69.60.85:8280/portal/CRMPortal/Venta, line 1: ReferenceError: setIframeListeners is not defined
JavaScript error: http://10.69.60.85:8280/portal/CRMPortal/Venta, line 1: ReferenceError: setIframeListeners is not defined
JavaScript error: http://10.69.60.85:8280/portal/CRMPortal/Venta, line 1: ReferenceError: setIframeListeners is not defined
JavaScript error: http://10.69.60.85:8280/portal/CRMPortal/Venta, line 1: ReferenceError: setIframeListeners is not defined
JavaScript warning: http://10.69.60.85:8280/portal/CRMPortal/Consultas?portal:windowState=normal&portal:componentId=gtnc323725e-6efe-4037-9f93-1bc06edfa941&portal:resourceID=/org.rf.res/org/richfaces/ui.pack.js&portal:cacheLevel=PAGE&portal:type=resource&portal:portletMode=view, line 10431: unreachable code after return statement
JavaScript warning: http://10.69.60.85:8280/portal/CRMPortal/Consultas?portal:windowState=normal&portal:componentId=gtnc323725e-6efe-4037-9f93-1bc06edfa941&portal:resourceID=/org.rf.res/org/richfaces/ui.pack.js&portal:cacheLevel=PAGE&portal:type=resource&portal:portletMode=view, line 10431: unreachable code after return statement
JavaScript error: http://10.69.60.85:8280/portal/CRMPortal/Consultas, line 1: ReferenceError: setIframeListeners is not defined
JavaScript error: http://10.69.60.85:8280/portal/CRMPortal/Consultas, line 1: ReferenceError: setIframeListeners is not defined
1644960221342	Marionette	INFO	Stopped listening on port 52409
Extension error: [Exception... "Component not initialized"  nsresult: "0xc1f30001 (NS_ERROR_NOT_INITIALIZED)"  location: "JS frame :: moz-extension://28cfb8de-acfa-4c1d-9a7b-46b1b1eb5b89/main.js :: connect :: line 12066"  data: no] undefined 12066
[[Exception stack
connect@moz-extension://28cfb8de-acfa-4c1d-9a7b-46b1b1eb5b89/main.js:12066:23
onPortDisconnected@moz-extension://28cfb8de-acfa-4c1d-9a7b-46b1b1eb5b89/main.js:20316:30
makeConnection/channel<@moz-extension://28cfb8de-acfa-4c1d-9a7b-46b1b1eb5b89/main.js:20289:136
handleDisconnect@moz-extension://28cfb8de-acfa-4c1d-9a7b-46b1b1eb5b89/main.js:12172:14
connect/</<@moz-extension://28cfb8de-acfa-4c1d-9a7b-46b1b1eb5b89/main.js:12052:63
Current stack
applySafeWithoutClone@resource://gre/modules/ExtensionCommon.jsm:606:13
addListener/asyncWithoutClone/<@resource://gre/modules/ExtensionCommon.jsm:2443:39
]]

###!!! [Child][RunMessage] Error: Channel closing: too late to send/recv, messages will be lost


###!!! [Child][MessageChannel::SendAndWait] Error: Channel error: cannot send/recv

feb 15, 2022 4:23:48 PM org.openqa.selenium.remote.DesiredCapabilities firefox
INFORMACIÓN: Using `new FirefoxOptions()` is preferred to `DesiredCapabilities.firefox()`
feb 15, 2022 4:23:48 PM org.openqa.selenium.remote.DesiredCapabilities firefox
INFORMACIÓN: Using `new FirefoxOptions()` is preferred to `DesiredCapabilities.firefox()`
1644960229270	geckodriver	INFO	Listening on 127.0.0.1:9504
1644960229598	mozrunner::runner	INFO	Running command: "C:\\Program Files\\Mozilla Firefox\\firefox.exe" "--marionette" "-foreground" "-no-remote" "-profile" "C:\\Users\\nriosa\\AppData\\Local\\Temp\\rust_mozprofilezegpAP"
1644960230878	addons.webextension.doh-rollout@mozilla.org	WARN	Loading extension 'doh-rollout@mozilla.org': Reading manifest: Invalid extension permission: networkStatus
1644960230925	addons.webextension.screenshots@mozilla.org	WARN	Loading extension 'screenshots@mozilla.org': Reading manifest: Invalid extension permission: mozillaAddons
1644960230925	addons.webextension.screenshots@mozilla.org	WARN	Loading extension 'screenshots@mozilla.org': Reading manifest: Invalid extension permission: telemetry
1644960230926	addons.webextension.screenshots@mozilla.org	WARN	Loading extension 'screenshots@mozilla.org': Reading manifest: Invalid extension permission: resource://pdf.js/
1644960230926	addons.webextension.screenshots@mozilla.org	WARN	Loading extension 'screenshots@mozilla.org': Reading manifest: Invalid extension permission: about:reader*
JavaScript error: resource://gre/modules/XULStore.jsm, line 66: Error: Can't find profile directory.
1644960234683	Marionette	INFO	Listening on port 52488
1644960234973	Marionette	WARN	TLS certificate errors will be ignored for this session
feb 15, 2022 4:23:55 PM org.openqa.selenium.remote.ProtocolHandshake createSession
INFORMACIÓN: Detected dialect: W3C
1644960236009	addons.xpi	WARN	failed to set lastModifiedTime on C:\Users\nriosa\AppData\Local\Temp\rust_mozprofilezegpAP\extensions\firefoxhpsureclicksecurebrowsing@bromium.com.xpi: [Exception... "Component returned failure code: 0x8052000e (NS_ERROR_FILE_IS_LOCKED) [nsIFile.lastModifiedTime]"  nsresult: "0x8052000e (NS_ERROR_FILE_IS_LOCKED)"  location: "JS frame :: resource://gre/modules/addons/XPIInstall.jsm :: installAddon :: line 3239"  data: no] Stack trace: installAddon()@resource://gre/modules/addons/XPIInstall.jsm:3239
install()@resource://gre/modules/addons/XPIInstall.jsm:1767
startInstall/this._startupPromise<()@resource://gre/modules/addons/XPIInstall.jsm:1833
startInstall()@resource://gre/modules/addons/XPIInstall.jsm:1839
JavaScript error: http://10.69.60.85:8280/portal/scripts/3.8.16.Final-redhat-1/SHARED/bootstrap-min.js, line 7: Error: Script error for: SHARED/base
http://requirejs.org/docs/errors.html#scripterror
JavaScript error: http://10.69.60.85:8280/portal/scripts/3.8.16.Final-redhat-1/SHARED/bootstrap-min.js, line 7: Error: Script error for: SHARED/navigation
http://requirejs.org/docs/errors.html#scripterror
JavaScript error: http://10.69.60.85:8280/portal/scripts/3.8.16.Final-redhat-1/SHARED/bootstrap-min.js, line 7: Error: Script error for: SHARED/jquery
http://requirejs.org/docs/errors.html#scripterror
JavaScript warning: http://10.69.60.85:8280/portal/CRMPortal/Consultas?portal:windowState=normal&portal:componentId=gtnc323725e-6efe-4037-9f93-1bc06edfa941&portal:resourceID=/org.rf.res/org/richfaces/ui.pack.js&portal:cacheLevel=PAGE&portal:type=resource&portal:portletMode=view, line 10431: unreachable code after return statement
JavaScript warning: http://10.69.60.85:8280/portal/CRMPortal/Consultas?portal:windowState=normal&portal:componentId=gtnc323725e-6efe-4037-9f93-1bc06edfa941&portal:resourceID=/org.rf.res/org/richfaces/ui.pack.js&portal:cacheLevel=PAGE&portal:type=resource&portal:portletMode=view, line 10431: unreachable code after return statement
JavaScript error: http://10.69.60.85:8280/portal/CRMPortal/Consultas, line 1: ReferenceError: setIframeListeners is not defined
JavaScript warning: http://10.69.60.85:8280/portal/CRMPortal/Venta?portal:windowState=normal&portal:componentId=gtn1dfca009-52ed-45cd-a543-6660573bef81&portal:resourceID=/org.rf.res/org/richfaces/ui.pack.js&portal:cacheLevel=PAGE&portal:type=resource&portal:portletMode=view, line 10431: unreachable code after return statement
JavaScript warning: http://10.69.60.85:8280/portal/CRMPortal/Venta?portal:windowState=normal&portal:componentId=gtn1dfca009-52ed-45cd-a543-6660573bef81&portal:resourceID=/org.rf.res/org/richfaces/ui.pack.js&portal:cacheLevel=PAGE&portal:type=resource&portal:portletMode=view, line 10431: unreachable code after return statement
JavaScript error: http://10.69.60.85:8280/portal/CRMPortal/Venta, line 1: ReferenceError: setIframeListeners is not defined
JavaScript error: http://10.69.60.85:8280/portal/CRMPortal/Venta, line 1: ReferenceError: setIframeListeners is not defined
JavaScript error: http://10.69.60.85:8280/portal/CRMPortal/Venta, line 1: ReferenceError: setIframeListeners is not defined
1644960262517	Marionette	WARN	TimedPromise timed out after 500 ms: stacktrace:
bail@chrome://marionette/content/sync.js:237:64
JavaScript error: http://10.69.60.85:8280/portal/CRMPortal/Venta, line 1: ReferenceError: setIframeListeners is not defined
JavaScript warning: http://10.69.60.85:8280/portal/CRMPortal/Consultas?portal:windowState=normal&portal:componentId=gtnc323725e-6efe-4037-9f93-1bc06edfa941&portal:resourceID=/org.rf.res/org/richfaces/ui.pack.js&portal:cacheLevel=PAGE&portal:type=resource&portal:portletMode=view, line 10431: unreachable code after return statement
JavaScript warning: http://10.69.60.85:8280/portal/CRMPortal/Consultas?portal:windowState=normal&portal:componentId=gtnc323725e-6efe-4037-9f93-1bc06edfa941&portal:resourceID=/org.rf.res/org/richfaces/ui.pack.js&portal:cacheLevel=PAGE&portal:type=resource&portal:portletMode=view, line 10431: unreachable code after return statement
JavaScript error: http://10.69.60.85:8280/portal/CRMPortal/Consultas, line 1: ReferenceError: setIframeListeners is not defined
JavaScript error: http://10.69.60.85:8280/portal/CRMPortal/Consultas, line 1: ReferenceError: setIframeListeners is not defined
1644960342267	Marionette	INFO	Stopped listening on port 52488

###!!! [Child][RunMessage] Error: Channel closing: too late to send/recv, messages will be lost


###!!! [Child][MessageChannel::SendAndWait] Error: Channel error: cannot send/recv

feb 15, 2022 4:25:51 PM org.openqa.selenium.remote.DesiredCapabilities firefox
INFORMACIÓN: Using `new FirefoxOptions()` is preferred to `DesiredCapabilities.firefox()`
feb 15, 2022 4:25:51 PM org.openqa.selenium.remote.DesiredCapabilities firefox
INFORMACIÓN: Using `new FirefoxOptions()` is preferred to `DesiredCapabilities.firefox()`
1644960351719	geckodriver	INFO	Listening on 127.0.0.1:26544
1644960352069	mozrunner::runner	INFO	Running command: "C:\\Program Files\\Mozilla Firefox\\firefox.exe" "--marionette" "-foreground" "-no-remote" "-profile" "C:\\Users\\nriosa\\AppData\\Local\\Temp\\rust_mozprofilefJgbc8"
1644960353526	addons.webextension.doh-rollout@mozilla.org	WARN	Loading extension 'doh-rollout@mozilla.org': Reading manifest: Invalid extension permission: networkStatus
1644960353575	addons.webextension.screenshots@mozilla.org	WARN	Loading extension 'screenshots@mozilla.org': Reading manifest: Invalid extension permission: mozillaAddons
1644960353575	addons.webextension.screenshots@mozilla.org	WARN	Loading extension 'screenshots@mozilla.org': Reading manifest: Invalid extension permission: telemetry
1644960353575	addons.webextension.screenshots@mozilla.org	WARN	Loading extension 'screenshots@mozilla.org': Reading manifest: Invalid extension permission: resource://pdf.js/
1644960353575	addons.webextension.screenshots@mozilla.org	WARN	Loading extension 'screenshots@mozilla.org': Reading manifest: Invalid extension permission: about:reader*
JavaScript error: resource://gre/modules/XULStore.jsm, line 66: Error: Can't find profile directory.
1644960357434	Marionette	INFO	Listening on port 52569
1644960357942	Marionette	WARN	TLS certificate errors will be ignored for this session
feb 15, 2022 4:25:57 PM org.openqa.selenium.remote.ProtocolHandshake createSession
INFORMACIÓN: Detected dialect: W3C
1644960360300	addons.xpi	WARN	failed to set lastModifiedTime on C:\Users\nriosa\AppData\Local\Temp\rust_mozprofilefJgbc8\extensions\firefoxhpsureclicksecurebrowsing@bromium.com.xpi: [Exception... "Component returned failure code: 0x8052000e (NS_ERROR_FILE_IS_LOCKED) [nsIFile.lastModifiedTime]"  nsresult: "0x8052000e (NS_ERROR_FILE_IS_LOCKED)"  location: "JS frame :: resource://gre/modules/addons/XPIInstall.jsm :: installAddon :: line 3239"  data: no] Stack trace: installAddon()@resource://gre/modules/addons/XPIInstall.jsm:3239
install()@resource://gre/modules/addons/XPIInstall.jsm:1767
startInstall/this._startupPromise<()@resource://gre/modules/addons/XPIInstall.jsm:1833
startInstall()@resource://gre/modules/addons/XPIInstall.jsm:1839
JavaScript error: http://10.69.60.85:8280/portal/scripts/3.8.16.Final-redhat-1/SHARED/bootstrap-min.js, line 7: Error: Script error for: SHARED/jquery
http://requirejs.org/docs/errors.html#scripterror
JavaScript error: http://10.69.60.85:8280/portal/scripts/3.8.16.Final-redhat-1/SHARED/bootstrap-min.js, line 7: Error: Script error for: SHARED/base
http://requirejs.org/docs/errors.html#scripterror
JavaScript error: http://10.69.60.85:8280/portal/scripts/3.8.16.Final-redhat-1/SHARED/bootstrap-min.js, line 7: Error: Script error for: SHARED/navigation
http://requirejs.org/docs/errors.html#scripterror
JavaScript warning: http://10.69.60.85:8280/portal/CRMPortal/Consultas?portal:windowState=normal&portal:componentId=gtnc323725e-6efe-4037-9f93-1bc06edfa941&portal:resourceID=/org.rf.res/org/richfaces/ui.pack.js&portal:cacheLevel=PAGE&portal:type=resource&portal:portletMode=view, line 10431: unreachable code after return statement
JavaScript warning: http://10.69.60.85:8280/portal/CRMPortal/Consultas?portal:windowState=normal&portal:componentId=gtnc323725e-6efe-4037-9f93-1bc06edfa941&portal:resourceID=/org.rf.res/org/richfaces/ui.pack.js&portal:cacheLevel=PAGE&portal:type=resource&portal:portletMode=view, line 10431: unreachable code after return statement
JavaScript error: http://10.69.60.85:8280/portal/CRMPortal/Consultas, line 1: ReferenceError: setIframeListeners is not defined
JavaScript warning: http://10.69.60.85:8280/portal/CRMPortal/Postventa?portal:windowState=normal&portal:componentId=gtnf5a1f4f3-5ecc-4e4a-8654-6459a01c3953&portal:resourceID=/org.rf.res/org/richfaces/ui.pack.js&portal:cacheLevel=PAGE&portal:type=resource&portal:portletMode=view, line 10431: unreachable code after return statement
JavaScript warning: http://10.69.60.85:8280/portal/CRMPortal/Postventa?portal:windowState=normal&portal:componentId=gtnf5a1f4f3-5ecc-4e4a-8654-6459a01c3953&portal:resourceID=/org.rf.res/org/richfaces/ui.pack.js&portal:cacheLevel=PAGE&portal:type=resource&portal:portletMode=view, line 10431: unreachable code after return statement
JavaScript error: http://10.69.60.85:8280/portal/CRMPortal/Postventa, line 1: ReferenceError: setIframeListeners is not defined
JavaScript warning: http://10.69.60.76:8080/PostSale/a4j/g/3_3_3.Final/org/ajax4jsf/framework.pack.js, line 5514: unreachable code after return statement
JavaScript warning: http://10.69.60.76:8080/PostSale/a4j/g/3_3_3.Final/org/richfaces/ui.pack.js, line 12786: unreachable code after return statement
JavaScript warning: http://10.69.60.76:8080/PostSale/a4j/g/3_3_3.Final/org/richfaces/ui.pack.js, line 12786: unreachable code after return statement
JavaScript error: http://10.69.60.85:8280/portal/CRMPortal/Postventa, line 1: ReferenceError: setIframeListeners is not defined
JavaScript warning: http://10.69.60.76:8080/PostSale/a4j/g/3_3_3.Final/org/ajax4jsf/framework.pack.js, line 5514: unreachable code after return statement
JavaScript warning: http://10.69.60.76:8080/PostSale/a4j/g/3_3_3.Final/org/richfaces/ui.pack.js, line 12786: unreachable code after return statement
JavaScript warning: http://10.69.60.76:8080/PostSale/a4j/g/3_3_3.Final/org/richfaces/ui.pack.js, line 12786: unreachable code after return statement
JavaScript error: http://10.69.60.85:8280/portal/CRMPortal/Postventa, line 1: ReferenceError: setIframeListeners is not defined
JavaScript warning: http://10.69.60.76:8080/PostSale/a4j/g/3_3_3.Final/org/ajax4jsf/framework.pack.js, line 5514: unreachable code after return statement
JavaScript warning: http://10.69.60.76:8080/PostSale/a4j/g/3_3_3.Final/org/richfaces/ui.pack.js, line 12786: unreachable code after return statement
JavaScript warning: http://10.69.60.76:8080/PostSale/a4j/g/3_3_3.Final/org/richfaces/ui.pack.js, line 12786: unreachable code after return statement
JavaScript error: http://10.69.60.85:8280/portal/CRMPortal/Postventa, line 1: ReferenceError: setIframeListeners is not defined
JavaScript warning: http://10.69.60.85:8280/portal/CRMPortal/Consultas?portal:windowState=normal&portal:componentId=gtnc323725e-6efe-4037-9f93-1bc06edfa941&portal:resourceID=/org.rf.res/org/richfaces/ui.pack.js&portal:cacheLevel=PAGE&portal:type=resource&portal:portletMode=view, line 10431: unreachable code after return statement
JavaScript warning: http://10.69.60.85:8280/portal/CRMPortal/Consultas?portal:windowState=normal&portal:componentId=gtnc323725e-6efe-4037-9f93-1bc06edfa941&portal:resourceID=/org.rf.res/org/richfaces/ui.pack.js&portal:cacheLevel=PAGE&portal:type=resource&portal:portletMode=view, line 10431: unreachable code after return statement
JavaScript error: http://10.69.60.85:8280/portal/CRMPortal/Consultas, line 1: ReferenceError: setIframeListeners is not defined
JavaScript error: http://10.69.60.85:8280/portal/CRMPortal/Consultas, line 1: ReferenceError: setIframeListeners is not defined
1644960422942	Marionette	INFO	Stopped listening on port 52569
Extension error: [Exception... "Component not initialized"  nsresult: "0xc1f30001 (NS_ERROR_NOT_INITIALIZED)"  location: "JS frame :: moz-extension://e1d6736b-34e3-453a-a822-298f03a84e4f/main.js :: connect :: line 12066"  data: no] undefined 12066
[[Exception stack
connect@moz-extension://e1d6736b-34e3-453a-a822-298f03a84e4f/main.js:12066:23
onPortDisconnected@moz-extension://e1d6736b-34e3-453a-a822-298f03a84e4f/main.js:20316:30
makeConnection/channel<@moz-extension://e1d6736b-34e3-453a-a822-298f03a84e4f/main.js:20289:136
handleDisconnect@moz-extension://e1d6736b-34e3-453a-a822-298f03a84e4f/main.js:12172:14
connect/</<@moz-extension://e1d6736b-34e3-453a-a822-298f03a84e4f/main.js:12052:63
Current stack
applySafeWithoutClone@resource://gre/modules/ExtensionCommon.jsm:606:13
addListener/asyncWithoutClone/<@resource://gre/modules/ExtensionCommon.jsm:2443:39
]]

###!!! [Child][RunMessage] Error: Channel closing: too late to send/recv, messages will be lost


###!!! [Child][MessageChannel::SendAndWait] Error: Channel error: cannot send/recv

feb 15, 2022 4:27:08 PM org.openqa.selenium.remote.DesiredCapabilities firefox
INFORMACIÓN: Using `new FirefoxOptions()` is preferred to `DesiredCapabilities.firefox()`
feb 15, 2022 4:27:08 PM org.openqa.selenium.remote.DesiredCapabilities firefox
INFORMACIÓN: Using `new FirefoxOptions()` is preferred to `DesiredCapabilities.firefox()`
1644960429565	geckodriver	INFO	Listening on 127.0.0.1:39577
1644960429933	mozrunner::runner	INFO	Running command: "C:\\Program Files\\Mozilla Firefox\\firefox.exe" "--marionette" "-foreground" "-no-remote" "-profile" "C:\\Users\\nriosa\\AppData\\Local\\Temp\\rust_mozprofile2pIetM"
1644960431241	addons.webextension.doh-rollout@mozilla.org	WARN	Loading extension 'doh-rollout@mozilla.org': Reading manifest: Invalid extension permission: networkStatus
1644960431272	addons.webextension.screenshots@mozilla.org	WARN	Loading extension 'screenshots@mozilla.org': Reading manifest: Invalid extension permission: mozillaAddons
1644960431272	addons.webextension.screenshots@mozilla.org	WARN	Loading extension 'screenshots@mozilla.org': Reading manifest: Invalid extension permission: telemetry
1644960431272	addons.webextension.screenshots@mozilla.org	WARN	Loading extension 'screenshots@mozilla.org': Reading manifest: Invalid extension permission: resource://pdf.js/
1644960431272	addons.webextension.screenshots@mozilla.org	WARN	Loading extension 'screenshots@mozilla.org': Reading manifest: Invalid extension permission: about:reader*
JavaScript error: resource://gre/modules/XULStore.jsm, line 66: Error: Can't find profile directory.
1644960435202	Marionette	INFO	Listening on port 52629
1644960435288	Marionette	WARN	TLS certificate errors will be ignored for this session
feb 15, 2022 4:27:15 PM org.openqa.selenium.remote.ProtocolHandshake createSession
INFORMACIÓN: Detected dialect: W3C
1644960436089	addons.xpi	WARN	failed to set lastModifiedTime on C:\Users\nriosa\AppData\Local\Temp\rust_mozprofile2pIetM\extensions\firefoxhpsureclicksecurebrowsing@bromium.com.xpi: [Exception... "Component returned failure code: 0x8052000e (NS_ERROR_FILE_IS_LOCKED) [nsIFile.lastModifiedTime]"  nsresult: "0x8052000e (NS_ERROR_FILE_IS_LOCKED)"  location: "JS frame :: resource://gre/modules/addons/XPIInstall.jsm :: installAddon :: line 3239"  data: no] Stack trace: installAddon()@resource://gre/modules/addons/XPIInstall.jsm:3239
install()@resource://gre/modules/addons/XPIInstall.jsm:1767
startInstall/this._startupPromise<()@resource://gre/modules/addons/XPIInstall.jsm:1833
startInstall()@resource://gre/modules/addons/XPIInstall.jsm:1839
JavaScript error: http://10.69.60.85:8280/portal/scripts/3.8.16.Final-redhat-1/SHARED/bootstrap-min.js, line 7: Error: Script error for: SHARED/base
http://requirejs.org/docs/errors.html#scripterror
JavaScript error: http://10.69.60.85:8280/portal/scripts/3.8.16.Final-redhat-1/SHARED/bootstrap-min.js, line 7: Error: Script error for: SHARED/navigation
http://requirejs.org/docs/errors.html#scripterror
JavaScript error: http://10.69.60.85:8280/portal/scripts/3.8.16.Final-redhat-1/SHARED/bootstrap-min.js, line 7: Error: Script error for: SHARED/jquery
http://requirejs.org/docs/errors.html#scripterror
JavaScript warning: http://10.69.60.85:8280/portal/CRMPortal/Consultas?portal:windowState=normal&portal:componentId=gtnc323725e-6efe-4037-9f93-1bc06edfa941&portal:resourceID=/org.rf.res/org/richfaces/ui.pack.js&portal:cacheLevel=PAGE&portal:type=resource&portal:portletMode=view, line 10431: unreachable code after return statement
JavaScript warning: http://10.69.60.85:8280/portal/CRMPortal/Consultas?portal:windowState=normal&portal:componentId=gtnc323725e-6efe-4037-9f93-1bc06edfa941&portal:resourceID=/org.rf.res/org/richfaces/ui.pack.js&portal:cacheLevel=PAGE&portal:type=resource&portal:portletMode=view, line 10431: unreachable code after return statement
JavaScript error: http://10.69.60.85:8280/portal/CRMPortal/Consultas, line 1: ReferenceError: setIframeListeners is not defined
JavaScript warning: http://10.69.60.85:8280/portal/CRMPortal/Postventa?portal:windowState=normal&portal:componentId=gtnf5a1f4f3-5ecc-4e4a-8654-6459a01c3953&portal:resourceID=/org.rf.res/org/richfaces/ui.pack.js&portal:cacheLevel=PAGE&portal:type=resource&portal:portletMode=view, line 10431: unreachable code after return statement
JavaScript warning: http://10.69.60.85:8280/portal/CRMPortal/Postventa?portal:windowState=normal&portal:componentId=gtnf5a1f4f3-5ecc-4e4a-8654-6459a01c3953&portal:resourceID=/org.rf.res/org/richfaces/ui.pack.js&portal:cacheLevel=PAGE&portal:type=resource&portal:portletMode=view, line 10431: unreachable code after return statement
JavaScript error: http://10.69.60.85:8280/portal/CRMPortal/Postventa, line 1: ReferenceError: setIframeListeners is not defined
JavaScript warning: http://10.69.60.76:8080/PostSale/a4j/g/3_3_3.Final/org/ajax4jsf/framework.pack.js, line 5514: unreachable code after return statement
JavaScript warning: http://10.69.60.76:8080/PostSale/a4j/g/3_3_3.Final/org/richfaces/ui.pack.js, line 12786: unreachable code after return statement
JavaScript warning: http://10.69.60.76:8080/PostSale/a4j/g/3_3_3.Final/org/richfaces/ui.pack.js, line 12786: unreachable code after return statement
JavaScript error: http://10.69.60.85:8280/portal/CRMPortal/Postventa, line 1: ReferenceError: setIframeListeners is not defined
JavaScript warning: http://10.69.60.76:8080/PostSale/a4j/g/3_3_3.Final/org/ajax4jsf/framework.pack.js, line 5514: unreachable code after return statement
JavaScript warning: http://10.69.60.76:8080/PostSale/a4j/g/3_3_3.Final/org/richfaces/ui.pack.js, line 12786: unreachable code after return statement
JavaScript warning: http://10.69.60.76:8080/PostSale/a4j/g/3_3_3.Final/org/richfaces/ui.pack.js, line 12786: unreachable code after return statement
JavaScript error: http://10.69.60.85:8280/portal/CRMPortal/Postventa, line 1: ReferenceError: setIframeListeners is not defined
JavaScript warning: http://10.69.60.76:8080/PostSale/a4j/g/3_3_3.Final/org/ajax4jsf/framework.pack.js, line 5514: unreachable code after return statement
JavaScript warning: http://10.69.60.76:8080/PostSale/a4j/g/3_3_3.Final/org/richfaces/ui.pack.js, line 12786: unreachable code after return statement
JavaScript warning: http://10.69.60.76:8080/PostSale/a4j/g/3_3_3.Final/org/richfaces/ui.pack.js, line 12786: unreachable code after return statement
JavaScript error: http://10.69.60.85:8280/portal/CRMPortal/Postventa, line 1: ReferenceError: setIframeListeners is not defined
JavaScript warning: http://10.69.60.85:8280/portal/CRMPortal/Consultas?portal:windowState=normal&portal:componentId=gtnc323725e-6efe-4037-9f93-1bc06edfa941&portal:resourceID=/org.rf.res/org/richfaces/ui.pack.js&portal:cacheLevel=PAGE&portal:type=resource&portal:portletMode=view, line 10431: unreachable code after return statement
JavaScript warning: http://10.69.60.85:8280/portal/CRMPortal/Consultas?portal:windowState=normal&portal:componentId=gtnc323725e-6efe-4037-9f93-1bc06edfa941&portal:resourceID=/org.rf.res/org/richfaces/ui.pack.js&portal:cacheLevel=PAGE&portal:type=resource&portal:portletMode=view, line 10431: unreachable code after return statement
JavaScript error: http://10.69.60.85:8280/portal/CRMPortal/Consultas, line 1: ReferenceError: setIframeListeners is not defined
JavaScript error: http://10.69.60.85:8280/portal/CRMPortal/Consultas, line 1: ReferenceError: setIframeListeners is not defined
1644960490848	Marionette	INFO	Stopped listening on port 52629

###!!! [Child][RunMessage] Error: Channel closing: too late to send/recv, messages will be lost


###!!! [Child][RunMessage] Error: Channel closing: too late to send/recv, messages will be lost


###!!! [Child][MessageChannel::SendAndWait] Error: Channel error: cannot send/recv

feb 15, 2022 4:28:17 PM org.openqa.selenium.remote.DesiredCapabilities firefox
INFORMACIÓN: Using `new FirefoxOptions()` is preferred to `DesiredCapabilities.firefox()`
feb 15, 2022 4:28:17 PM org.openqa.selenium.remote.DesiredCapabilities firefox
INFORMACIÓN: Using `new FirefoxOptions()` is preferred to `DesiredCapabilities.firefox()`
1644960497823	geckodriver	INFO	Listening on 127.0.0.1:25390
1644960498152	mozrunner::runner	INFO	Running command: "C:\\Program Files\\Mozilla Firefox\\firefox.exe" "--marionette" "-foreground" "-no-remote" "-profile" "C:\\Users\\nriosa\\AppData\\Local\\Temp\\rust_mozprofilemvefqh"
1644960499458	addons.webextension.doh-rollout@mozilla.org	WARN	Loading extension 'doh-rollout@mozilla.org': Reading manifest: Invalid extension permission: networkStatus
1644960499489	addons.webextension.screenshots@mozilla.org	WARN	Loading extension 'screenshots@mozilla.org': Reading manifest: Invalid extension permission: mozillaAddons
1644960499489	addons.webextension.screenshots@mozilla.org	WARN	Loading extension 'screenshots@mozilla.org': Reading manifest: Invalid extension permission: telemetry
1644960499489	addons.webextension.screenshots@mozilla.org	WARN	Loading extension 'screenshots@mozilla.org': Reading manifest: Invalid extension permission: resource://pdf.js/
1644960499489	addons.webextension.screenshots@mozilla.org	WARN	Loading extension 'screenshots@mozilla.org': Reading manifest: Invalid extension permission: about:reader*
JavaScript error: resource://gre/modules/XULStore.jsm, line 66: Error: Can't find profile directory.
1644960503566	Marionette	INFO	Listening on port 52688
1644960503991	Marionette	WARN	TLS certificate errors will be ignored for this session
feb 15, 2022 4:28:24 PM org.openqa.selenium.remote.ProtocolHandshake createSession
INFORMACIÓN: Detected dialect: W3C
1644960505741	addons.xpi	WARN	failed to set lastModifiedTime on C:\Users\nriosa\AppData\Local\Temp\rust_mozprofilemvefqh\extensions\firefoxhpsureclicksecurebrowsing@bromium.com.xpi: [Exception... "Component returned failure code: 0x8052000e (NS_ERROR_FILE_IS_LOCKED) [nsIFile.lastModifiedTime]"  nsresult: "0x8052000e (NS_ERROR_FILE_IS_LOCKED)"  location: "JS frame :: resource://gre/modules/addons/XPIInstall.jsm :: installAddon :: line 3239"  data: no] Stack trace: installAddon()@resource://gre/modules/addons/XPIInstall.jsm:3239
install()@resource://gre/modules/addons/XPIInstall.jsm:1767
startInstall/this._startupPromise<()@resource://gre/modules/addons/XPIInstall.jsm:1833
startInstall()@resource://gre/modules/addons/XPIInstall.jsm:1839
JavaScript warning: http://10.69.60.85:8280/portal/CRMPortal/Consultas?portal:windowState=normal&portal:componentId=gtnc323725e-6efe-4037-9f93-1bc06edfa941&portal:resourceID=/org.rf.res/org/richfaces/ui.pack.js&portal:cacheLevel=PAGE&portal:type=resource&portal:portletMode=view, line 10431: unreachable code after return statement
JavaScript warning: http://10.69.60.85:8280/portal/CRMPortal/Consultas?portal:windowState=normal&portal:componentId=gtnc323725e-6efe-4037-9f93-1bc06edfa941&portal:resourceID=/org.rf.res/org/richfaces/ui.pack.js&portal:cacheLevel=PAGE&portal:type=resource&portal:portletMode=view, line 10431: unreachable code after return statement
JavaScript error: http://10.69.60.85:8280/portal/CRMPortal/Consultas, line 1: ReferenceError: setIframeListeners is not defined
JavaScript warning: http://10.69.60.85:8280/portal/CRMPortal/Venta?portal:windowState=normal&portal:componentId=gtn1dfca009-52ed-45cd-a543-6660573bef81&portal:resourceID=/org.rf.res/org/richfaces/ui.pack.js&portal:cacheLevel=PAGE&portal:type=resource&portal:portletMode=view, line 10431: unreachable code after return statement
JavaScript warning: http://10.69.60.85:8280/portal/CRMPortal/Venta?portal:windowState=normal&portal:componentId=gtn1dfca009-52ed-45cd-a543-6660573bef81&portal:resourceID=/org.rf.res/org/richfaces/ui.pack.js&portal:cacheLevel=PAGE&portal:type=resource&portal:portletMode=view, line 10431: unreachable code after return statement
JavaScript error: http://10.69.60.85:8280/portal/CRMPortal/Venta, line 1: ReferenceError: setIframeListeners is not defined
JavaScript error: http://10.69.60.85:8280/portal/CRMPortal/Venta, line 1: ReferenceError: setIframeListeners is not defined
JavaScript error: http://10.69.60.85:8280/portal/CRMPortal/Venta, line 1: ReferenceError: setIframeListeners is not defined
1644960524020	Marionette	WARN	TimedPromise timed out after 500 ms: stacktrace:
bail@chrome://marionette/content/sync.js:237:64
JavaScript error: http://10.69.60.85:8280/portal/CRMPortal/Venta, line 1: ReferenceError: setIframeListeners is not defined
JavaScript warning: http://10.69.60.85:8280/portal/CRMPortal/Consultas?portal:windowState=normal&portal:componentId=gtnc323725e-6efe-4037-9f93-1bc06edfa941&portal:resourceID=/org.rf.res/org/richfaces/ui.pack.js&portal:cacheLevel=PAGE&portal:type=resource&portal:portletMode=view, line 10431: unreachable code after return statement
JavaScript warning: http://10.69.60.85:8280/portal/CRMPortal/Consultas?portal:windowState=normal&portal:componentId=gtnc323725e-6efe-4037-9f93-1bc06edfa941&portal:resourceID=/org.rf.res/org/richfaces/ui.pack.js&portal:cacheLevel=PAGE&portal:type=resource&portal:portletMode=view, line 10431: unreachable code after return statement
JavaScript error: http://10.69.60.85:8280/portal/CRMPortal/Consultas, line 1: ReferenceError: setIframeListeners is not defined
JavaScript error: http://10.69.60.85:8280/portal/CRMPortal/Consultas, line 1: ReferenceError: setIframeListeners is not defined
1644960606079	Marionette	INFO	Stopped listening on port 52688
Extension error: [Exception... "Component not initialized"  nsresult: "0xc1f30001 (NS_ERROR_NOT_INITIALIZED)"  location: "JS frame :: moz-extension://fd04210a-a261-4e8a-8e88-66e1cac0eb9e/main.js :: connect :: line 12066"  data: no] undefined 12066
[[Exception stack
connect@moz-extension://fd04210a-a261-4e8a-8e88-66e1cac0eb9e/main.js:12066:23
onPortDisconnected@moz-extension://fd04210a-a261-4e8a-8e88-66e1cac0eb9e/main.js:20316:30
makeConnection/channel<@moz-extension://fd04210a-a261-4e8a-8e88-66e1cac0eb9e/main.js:20289:136
handleDisconnect@moz-extension://fd04210a-a261-4e8a-8e88-66e1cac0eb9e/main.js:12172:14
connect/</<@moz-extension://fd04210a-a261-4e8a-8e88-66e1cac0eb9e/main.js:12052:63
Current stack
applySafeWithoutClone@resource://gre/modules/ExtensionCommon.jsm:606:13
addListener/asyncWithoutClone/<@resource://gre/modules/ExtensionCommon.jsm:2443:39
]]

###!!! [Child][RunMessage] Error: Channel closing: too late to send/recv, messages will be lost


###!!! [Child][MessageChannel::SendAndWait] Error: Channel error: cannot send/recv

]]></system-err>
</testsuite>
