<?xml version="1.0" encoding="UTF-8"?>
<testsuite name="Sanity limpieza y aprovisionamiento de recursos" tests="1" skipped="0" failures="1" errors="0" timestamp="2022-02-25T14:48:32" hostname="22LAP5CG0525FBR" time="107.975">
  <properties/>
  <testcase name="se requiere realizar una activacion de una linea en prepago" classname="Sanity limpieza y aprovisionamiento de recursos" time="107.975">
    <failure message="java.lang.AssertionError: La activacion fue exitosa&#10;Expected: &quot;ACTIVACION EXITOSA&quot;&#10;     but: was &quot;ACTIVACIÓN PREPAGO - intcg08&quot;" type="java.lang.AssertionError">java.lang.AssertionError: La activacion fue exitosa
Expected: &quot;ACTIVACION EXITOSA&quot;
     but: was &quot;ACTIVACIÓN PREPAGO - intcg08&quot;
	at org.hamcrest.MatcherAssert.assertThat(MatcherAssert.java:20)
	at com.indra.actions.PrepaidActivationActions.demographicInformation(PrepaidActivationActions.java:72)
	at com.indra.steps_definitions.SanitySteps.seHaceActivacionDeUnaLineaEnPrepago(SanitySteps.java:105)
	at ✽.Se hace activacion de una linea en prepago(src/test/resources/features/execute.feature:28)
</failure>
  </testcase>
  <system-out><![CDATA[09:48:34.406 [Test worker] INFO net.serenitybdd.core.webdriver.driverproviders.ProvideNewDriver - Instantiating driver
09:48:34.408 [Test worker] INFO net.serenitybdd.core.webdriver.driverproviders.ProvideNewDriver - Driver capabilities: Capabilities {acceptInsecureCerts: true, browserName: firefox, firefox_profile: org.openqa.selenium.firefox..., headless: false, loggingPrefs: org.openqa.selenium.logging..., marionette: true, moz:firefoxOptions: {}, platform: ANY, version: }
09:48:44.052 [Test worker] DEBUG net.serenitybdd.core.photography.Darkroom - Opening darkroom
09:48:44.060 [Darkroom Processing Line] DEBUG net.serenitybdd.core.photography.DarkroomProcessingLine - Darkroom processing line starting up
09:48:44.341 [Test worker] DEBUG net.serenitybdd.core.photography.Darkroom - Send negative for processing for C:\SanitySemilla8\target\site\serenity\5bf4c11b5d8e75a58cb69ca9319669a9f83aab32741a794292fee75f917dacde.png
09:48:45.108 [Test worker] DEBUG net.serenitybdd.core.photography.Darkroom - Send negative for processing for C:\SanitySemilla8\target\site\serenity\9e075f75088cc8be698270e4eba3a4acd10bc444f09e435fe7a5b64c5b7be9ca.png
09:48:54.873 [Test worker] DEBUG net.serenitybdd.core.photography.Darkroom - Send negative for processing for C:\SanitySemilla8\target\site\serenity\9c04c097a33dc85d7b866a6fb73d81233bf45fdaf33481941ba6db7596622527.png
09:48:59.405 [Test worker] DEBUG net.serenitybdd.core.photography.Darkroom - Send negative for processing for C:\SanitySemilla8\target\site\serenity\120d122b4dd4ab15e2b471bad23c8887191db9e743c43e7ca81d33a5f5d0bc0f.png
09:49:00.284 [Test worker] DEBUG net.serenitybdd.core.photography.Darkroom - Send negative for processing for C:\SanitySemilla8\target\site\serenity\657cd2aafc910227ae70c70a7443182f675a8044c9a017b5759a825b0c85879e.png
09:49:01.160 [Test worker] DEBUG net.serenitybdd.core.photography.Darkroom - Send negative for processing for C:\SanitySemilla8\target\site\serenity\5aa43eae12c701e340165828caa769b4c455aaace982190306c41589e6bf392c.png
09:49:01.978 [Test worker] DEBUG net.serenitybdd.core.photography.Darkroom - Send negative for processing for C:\SanitySemilla8\target\site\serenity\82d93d75468c045a26eda4d9a1aafa0e30cb80ae63fc4e2d1aa35866537d303f.png
09:49:01.979 [Darkroom Processing Line] DEBUG net.serenitybdd.core.photography.DarkroomProcessingLine - Processing screenshot image in /var/screenshots/screenshot-7148150733321222610
09:49:01.979 [Darkroom Processing Line] DEBUG net.serenitybdd.core.photography.DarkroomProcessingLine - Saving screenshot to C:\SanitySemilla8\target\site\serenity\82d93d75468c045a26eda4d9a1aafa0e30cb80ae63fc4e2d1aa35866537d303f.png
09:49:06.147 [Test worker] DEBUG net.serenitybdd.core.photography.Darkroom - Send negative for processing for C:\SanitySemilla8\target\site\serenity\c051b2cc61421aef6a4060e4f6cfe62ed9a9368512f011009591ac91d21bb52a.png
09:49:10.206 [Test worker] DEBUG net.serenitybdd.core.photography.Darkroom - Send negative for processing for C:\SanitySemilla8\target\site\serenity\16d64c84bfec1b58bc2e870fdd183bcd7d098dab74ea8445af2d6c5bf07a515c.png
09:49:11.145 [Test worker] DEBUG net.serenitybdd.core.photography.Darkroom - Send negative for processing for C:\SanitySemilla8\target\site\serenity\0b7038a0d0d6d5c403a4987150ab3c7254f39f0b5bb8ea57235d562e55700bf2.png
09:49:12.024 [Test worker] DEBUG net.serenitybdd.core.photography.Darkroom - Send negative for processing for C:\SanitySemilla8\target\site\serenity\54ae9d32dda0d3fa41a7cfc97b7388b07d8bf83642f8a63be36d8b42ed60a229.png
09:49:12.854 [Test worker] DEBUG net.serenitybdd.core.photography.Darkroom - Send negative for processing for C:\SanitySemilla8\target\site\serenity\ca41d12033d8908101eb8284944f687f0a8681e7ee3684175e4d6c7d911e864f.png
09:49:12.857 [Darkroom Processing Line] DEBUG net.serenitybdd.core.photography.DarkroomProcessingLine - Processing screenshot image in /var/screenshots/screenshot-2396153389079888720
09:49:12.857 [Darkroom Processing Line] DEBUG net.serenitybdd.core.photography.DarkroomProcessingLine - Saving screenshot to C:\SanitySemilla8\target\site\serenity\ca41d12033d8908101eb8284944f687f0a8681e7ee3684175e4d6c7d911e864f.png
09:49:13.636 [Test worker] DEBUG net.serenitybdd.core.photography.Darkroom - Send negative for processing for C:\SanitySemilla8\target\site\serenity\0008c6893d0231ea59a7155a91a237829c44789414723317611506631a82365f.png
09:49:14.393 [Test worker] DEBUG net.serenitybdd.core.photography.Darkroom - Send negative for processing for C:\SanitySemilla8\target\site\serenity\a241e49e4d51b0b24c17e18c8fdcfb30fcf5ef6f56c15a4a807747d5076d7ca7.png
09:49:15.334 [Test worker] DEBUG net.serenitybdd.core.photography.Darkroom - Send negative for processing for C:\SanitySemilla8\target\site\serenity\96b20710365183c7aa19495d74f60434ae5515715d9c7b8c9a2e5ad0d82a7347.png
09:49:15.334 [Darkroom Processing Line] DEBUG net.serenitybdd.core.photography.DarkroomProcessingLine - Processing screenshot image in /var/screenshots/screenshot-3623883822887675788
09:49:15.334 [Darkroom Processing Line] DEBUG net.serenitybdd.core.photography.DarkroomProcessingLine - Saving screenshot to C:\SanitySemilla8\target\site\serenity\96b20710365183c7aa19495d74f60434ae5515715d9c7b8c9a2e5ad0d82a7347.png
09:49:21.829 [Test worker] DEBUG net.serenitybdd.core.photography.Darkroom - Send negative for processing for C:\SanitySemilla8\target\site\serenity\781b15db21039ad0d3aa79eedf9b19954993fe2c97c38c1ad29da2f188776901.png
09:49:22.639 [Test worker] DEBUG net.serenitybdd.core.photography.Darkroom - Send negative for processing for C:\SanitySemilla8\target\site\serenity\bf5a68c5b9d04e3a998594bb671690e1cad353327373ba87fc9aad246c18c6fe.png
09:49:23.456 [Test worker] DEBUG net.serenitybdd.core.photography.Darkroom - Send negative for processing for C:\SanitySemilla8\target\site\serenity\5513fbf53d1f905849b2cf73e750d53d9b760d9fa9b211248cd6a5d920e2a4fd.png
09:49:24.302 [Test worker] DEBUG net.serenitybdd.core.photography.Darkroom - Send negative for processing for C:\SanitySemilla8\target\site\serenity\5513fbf53d1f905849b2cf73e750d53d9b760d9fa9b211248cd6a5d920e2a4fd.png
09:49:35.051 [Test worker] DEBUG net.serenitybdd.core.photography.Darkroom - Send negative for processing for C:\SanitySemilla8\target\site\serenity\46202ca97de9292cad1a5ded2cfe611e0483abf7f938d9f72ac5aa34c4ceab5b.png
09:49:35.064 [Darkroom Processing Line] DEBUG net.serenitybdd.core.photography.DarkroomProcessingLine - Processing screenshot image in /var/screenshots/screenshot-5114651763353802829
09:49:35.064 [Darkroom Processing Line] DEBUG net.serenitybdd.core.photography.DarkroomProcessingLine - Saving screenshot to C:\SanitySemilla8\target\site\serenity\46202ca97de9292cad1a5ded2cfe611e0483abf7f938d9f72ac5aa34c4ceab5b.png
09:49:39.917 [Test worker] DEBUG net.serenitybdd.core.photography.Darkroom - Send negative for processing for C:\SanitySemilla8\target\site\serenity\7e25093339971413b66b2aa1498acda97ed82cf0bfed5024c854f4999f3ba801.png
09:49:40.820 [Test worker] DEBUG net.serenitybdd.core.photography.Darkroom - Send negative for processing for C:\SanitySemilla8\target\site\serenity\adebaef57ecb057daa7249fe5a29637f3dd7baf266c3c1001036dca2fd7e86dd.png
09:49:40.820 [Darkroom Processing Line] DEBUG net.serenitybdd.core.photography.DarkroomProcessingLine - Processing screenshot image in /var/screenshots/screenshot-6816033869859145389
09:49:40.820 [Darkroom Processing Line] DEBUG net.serenitybdd.core.photography.DarkroomProcessingLine - Saving screenshot to C:\SanitySemilla8\target\site\serenity\adebaef57ecb057daa7249fe5a29637f3dd7baf266c3c1001036dca2fd7e86dd.png
09:49:41.638 [Test worker] DEBUG net.serenitybdd.core.photography.Darkroom - Send negative for processing for C:\SanitySemilla8\target\site\serenity\a5d364f3e230be2e907bd9e0267709a5f05f00f96b8b997c8808a7fb55aa2834.png
09:49:42.487 [Test worker] DEBUG net.serenitybdd.core.photography.Darkroom - Send negative for processing for C:\SanitySemilla8\target\site\serenity\a5d364f3e230be2e907bd9e0267709a5f05f00f96b8b997c8808a7fb55aa2834.png
09:49:43.417 [Test worker] DEBUG net.serenitybdd.core.photography.Darkroom - Send negative for processing for C:\SanitySemilla8\target\site\serenity\496fa8dd72719cf99ff18b33f9eb948737361eb1b88f225b4994109be36d72e1.png
09:49:43.425 [Darkroom Processing Line] DEBUG net.serenitybdd.core.photography.DarkroomProcessingLine - Processing screenshot image in /var/screenshots/screenshot-2412073236715464877
09:49:43.425 [Darkroom Processing Line] DEBUG net.serenitybdd.core.photography.DarkroomProcessingLine - Saving screenshot to C:\SanitySemilla8\target\site\serenity\496fa8dd72719cf99ff18b33f9eb948737361eb1b88f225b4994109be36d72e1.png
09:49:44.311 [Test worker] DEBUG net.serenitybdd.core.photography.Darkroom - Send negative for processing for C:\SanitySemilla8\target\site\serenity\9d12ae63b8b33952aacd3b0df5cb7c94dd6f19f488ee354ba89401534e43fb59.png
09:49:45.284 [Test worker] DEBUG net.serenitybdd.core.photography.Darkroom - Send negative for processing for C:\SanitySemilla8\target\site\serenity\8f2c5fa6096c30de0748bc979095e361fa6811ce026bdd55f0af418a5a9a82c1.png
09:49:46.215 [Test worker] DEBUG net.serenitybdd.core.photography.Darkroom - Send negative for processing for C:\SanitySemilla8\target\site\serenity\e59666528e3eab44a19121b83335783755dde193fb2313d5dd4bc3e19fbdeda8.png
09:49:46.215 [Darkroom Processing Line] DEBUG net.serenitybdd.core.photography.DarkroomProcessingLine - Processing screenshot image in /var/screenshots/screenshot-5383692544847640434
09:49:46.215 [Darkroom Processing Line] DEBUG net.serenitybdd.core.photography.DarkroomProcessingLine - Saving screenshot to C:\SanitySemilla8\target\site\serenity\e59666528e3eab44a19121b83335783755dde193fb2313d5dd4bc3e19fbdeda8.png
09:50:11.845 [Test worker] DEBUG net.serenitybdd.core.photography.Darkroom - Send negative for processing for C:\SanitySemilla8\target\site\serenity\60bf88a332e70419b0d0e0fed6949abdac30a9d46dcf2ef9d831acd01a826b5e.png
09:50:11.857 [Darkroom Processing Line] DEBUG net.serenitybdd.core.photography.DarkroomProcessingLine - Processing screenshot image in /var/screenshots/screenshot-632267259344064583
09:50:11.857 [Darkroom Processing Line] DEBUG net.serenitybdd.core.photography.DarkroomProcessingLine - Saving screenshot to C:\SanitySemilla8\target\site\serenity\60bf88a332e70419b0d0e0fed6949abdac30a9d46dcf2ef9d831acd01a826b5e.png
09:50:20.224 [Test worker] ERROR net.thucydides.core.steps.ConsoleLoggingListener - ?[91m
           __  _____ _____ ____ _____   _____ _    ___ _     _____ ____  
  _       / / |_   _| ____/ ___|_   _| |  ___/ \  |_ _| |   | ____|  _ \ 
 (_)_____| |    | | |  _| \___ \ | |   | |_ / _ \  | || |   |  _| | | | |
  _|_____| |    | | | |___ ___) || |   |  _/ ___ \ | || |___| |___| |_| |
 (_)     | |    |_| |_____|____/ |_|   |_|/_/   \_\___|_____|_____|____/ 
          \_\                                                            

TEST FAILED: se requiere realizar una activacion de una linea en prepago
--------------------------------------------------------------------------?[0m
09:50:20.224 [Test worker] DEBUG net.thucydides.core.steps.ConsoleLoggingListener - RELATED ISSUES: 
09:50:20.347 [Test worker] ERROR net.thucydides.core.steps.ConsoleLoggingListener - ?[91mTEST FAILED AT STEP When Se hace activacion de una linea en prepago?[0m
09:50:20.347 [Test worker] ERROR net.thucydides.core.steps.ConsoleLoggingListener - La activacion fue exitosaExpected: "ACTIVACION EXITOSA" but: was "ACTIVACIÓN PREPAGO - intcg08"
]]></system-out>
  <system-err><![CDATA[feb 25, 2022 9:48:33 AM org.openqa.selenium.remote.DesiredCapabilities firefox
INFORMACIÓN: Using `new FirefoxOptions()` is preferred to `DesiredCapabilities.firefox()`
feb 25, 2022 9:48:33 AM org.openqa.selenium.remote.DesiredCapabilities firefox
INFORMACIÓN: Using `new FirefoxOptions()` is preferred to `DesiredCapabilities.firefox()`
1645800515684	geckodriver	INFO	Listening on 127.0.0.1:48359
1645800516197	mozrunner::runner	INFO	Running command: "C:\\Program Files\\Mozilla Firefox\\firefox.exe" "--marionette" "-foreground" "-no-remote" "-profile" "C:\\Users\\nriosa\\AppData\\Local\\Temp\\rust_mozprofilePW7a86"
1645800517669	addons.webextension.doh-rollout@mozilla.org	WARN	Loading extension 'doh-rollout@mozilla.org': Reading manifest: Invalid extension permission: networkStatus
1645800517709	addons.webextension.screenshots@mozilla.org	WARN	Loading extension 'screenshots@mozilla.org': Reading manifest: Invalid extension permission: mozillaAddons
1645800517709	addons.webextension.screenshots@mozilla.org	WARN	Loading extension 'screenshots@mozilla.org': Reading manifest: Invalid extension permission: telemetry
1645800517710	addons.webextension.screenshots@mozilla.org	WARN	Loading extension 'screenshots@mozilla.org': Reading manifest: Invalid extension permission: resource://pdf.js/
1645800517710	addons.webextension.screenshots@mozilla.org	WARN	Loading extension 'screenshots@mozilla.org': Reading manifest: Invalid extension permission: about:reader*
JavaScript error: resource://gre/modules/XULStore.jsm, line 66: Error: Can't find profile directory.
1645800522003	Marionette	INFO	Listening on port 64311
1645800522097	Marionette	WARN	TLS certificate errors will be ignored for this session
feb 25, 2022 9:48:42 AM org.openqa.selenium.remote.ProtocolHandshake createSession
INFORMACIÓN: Detected dialect: W3C
1645800522361	addons.xpi	WARN	failed to set lastModifiedTime on C:\Users\nriosa\AppData\Local\Temp\rust_mozprofilePW7a86\extensions\firefoxhpsureclicksecurebrowsing@bromium.com.xpi: [Exception... "Component returned failure code: 0x8052000e (NS_ERROR_FILE_IS_LOCKED) [nsIFile.lastModifiedTime]"  nsresult: "0x8052000e (NS_ERROR_FILE_IS_LOCKED)"  location: "JS frame :: resource://gre/modules/addons/XPIInstall.jsm :: installAddon :: line 3239"  data: no] Stack trace: installAddon()@resource://gre/modules/addons/XPIInstall.jsm:3239
install()@resource://gre/modules/addons/XPIInstall.jsm:1767
startInstall/this._startupPromise<()@resource://gre/modules/addons/XPIInstall.jsm:1833
startInstall()@resource://gre/modules/addons/XPIInstall.jsm:1839
JavaScript error: http://10.69.60.123:8280/portal/scripts/3.8.16.Final-redhat-1/SHARED/bootstrap-min.js, line 7: Error: Script error for: SHARED/navigation
http://requirejs.org/docs/errors.html#scripterror
JavaScript error: http://10.69.60.123:8280/portal/scripts/3.8.16.Final-redhat-1/SHARED/bootstrap-min.js, line 7: Error: Script error for: SHARED/jquery
http://requirejs.org/docs/errors.html#scripterror
JavaScript error: http://10.69.60.123:8280/portal/scripts/3.8.16.Final-redhat-1/SHARED/bootstrap-min.js, line 7: Error: Script error for: SHARED/base
http://requirejs.org/docs/errors.html#scripterror
JavaScript warning: http://10.69.60.123:8280/portal/CRMPortal/Consultas?portal:windowState=normal&portal:componentId=gtnc323725e-6efe-4037-9f93-1bc06edfa941&portal:resourceID=/org.rf.res/org/richfaces/ui.pack.js&portal:cacheLevel=PAGE&portal:type=resource&portal:portletMode=view, line 10431: unreachable code after return statement
JavaScript warning: http://10.69.60.123:8280/portal/CRMPortal/Consultas?portal:windowState=normal&portal:componentId=gtnc323725e-6efe-4037-9f93-1bc06edfa941&portal:resourceID=/org.rf.res/org/richfaces/ui.pack.js&portal:cacheLevel=PAGE&portal:type=resource&portal:portletMode=view, line 10431: unreachable code after return statement
JavaScript error: http://10.69.60.123:8280/portal/CRMPortal/Consultas, line 1: ReferenceError: setIframeListeners is not defined
JavaScript warning: http://10.69.60.123:8280/portal/CRMPortal/Venta?portal:windowState=normal&portal:componentId=gtn1dfca009-52ed-45cd-a543-6660573bef81&portal:resourceID=/org.rf.res/org/richfaces/ui.pack.js&portal:cacheLevel=PAGE&portal:type=resource&portal:portletMode=view, line 10431: unreachable code after return statement
JavaScript warning: http://10.69.60.123:8280/portal/CRMPortal/Venta?portal:windowState=normal&portal:componentId=gtn1dfca009-52ed-45cd-a543-6660573bef81&portal:resourceID=/org.rf.res/org/richfaces/ui.pack.js&portal:cacheLevel=PAGE&portal:type=resource&portal:portletMode=view, line 10431: unreachable code after return statement
JavaScript error: http://10.69.60.123:8280/portal/CRMPortal/Venta, line 1: ReferenceError: setIframeListeners is not defined
JavaScript error: http://10.69.60.123:8280/portal/CRMPortal/Venta, line 1: ReferenceError: setIframeListeners is not defined
JavaScript error: http://10.69.60.123:8280/portal/CRMPortal/Venta, line 1: ReferenceError: setIframeListeners is not defined
1645800612221	Marionette	INFO	Stopped listening on port 64311
Extension error: [Exception... "Component not initialized"  nsresult: "0xc1f30001 (NS_ERROR_NOT_INITIALIZED)"  location: "JS frame :: moz-extension://afe24130-352f-4476-b54f-f1ea57ee535d/main.js :: connect :: line 12066"  data: no] undefined 12066
[[Exception stack
connect@moz-extension://afe24130-352f-4476-b54f-f1ea57ee535d/main.js:12066:23
onPortDisconnected@moz-extension://afe24130-352f-4476-b54f-f1ea57ee535d/main.js:20316:30
makeConnection/channel<@moz-extension://afe24130-352f-4476-b54f-f1ea57ee535d/main.js:20289:136
handleDisconnect@moz-extension://afe24130-352f-4476-b54f-f1ea57ee535d/main.js:12172:14
connect/</<@moz-extension://afe24130-352f-4476-b54f-f1ea57ee535d/main.js:12052:63
Current stack
applySafeWithoutClone@resource://gre/modules/ExtensionCommon.jsm:606:13
addListener/asyncWithoutClone/<@resource://gre/modules/ExtensionCommon.jsm:2443:39
]]

###!!! [Child][RunMessage] Error: Channel closing: too late to send/recv, messages will be lost


###!!! [Parent][RunMessage] Error: Channel closing: too late to send/recv, messages will be lost


###!!! [Child][MessageChannel::SendAndWait] Error: Channel error: cannot send/recv

]]></system-err>
</testsuite>
